E:\VISUAL2008PROJECTS\CTP\DADANSTRATEGYWITHCTPFINALONE\DEBUG\ADO_CONN.OBJ
E:\Visual2008Projects\CTP\DADANStrategyWithCTPFinalOne\Debug\cl.command.1.tlog
E:\Visual2008Projects\CTP\DADANStrategyWithCTPFinalOne\Debug\CL.read.1.tlog
E:\Visual2008Projects\CTP\DADANStrategyWithCTPFinalOne\Debug\CL.write.1.tlog
E:\VISUAL2008PROJECTS\CTP\DADANSTRATEGYWITHCTPFINALONE\DEBUG\CMDINSTMGRDLG.OBJ
E:\VISUAL2008PROJECTS\CTP\DADANSTRATEGYWITHCTPFINALONE\DEBUG\DADANSTRATEGYWITHCTPFINAL.PCH
E:\Visual2008Projects\CTP\DADANStrategyWithCTPFinalOne\Debug\DADANStrategyWithCTPFinal.write.1.tlog
E:\VISUAL2008PROJECTS\CTP\DADANSTRATEGYWITHCTPFINALONE\DEBUG\DISPATCHTDMSGTHREAD.OBJ
E:\VISUAL2008PROJECTS\CTP\DADANSTRATEGYWITHCTPFINALONE\DEBUG\ENTERCTPUSERDLG.OBJ
E:\VISUAL2008PROJECTS\CTP\DADANSTRATEGYWITHCTPFINALONE\DEBUG\ESUNMDSPI.OBJ
E:\VISUAL2008PROJECTS\CTP\DADANSTRATEGYWITHCTPFINALONE\DEBUG\ESUNTRADERSPI.OBJ
E:\VISUAL2008PROJECTS\CTP\DADANSTRATEGYWITHCTPFINALONE\DEBUG\GLOBALFUNC.OBJ
E:\VISUAL2008PROJECTS\CTP\DADANSTRATEGYWITHCTPFINALONE\DEBUG\HITTRADERAPI.OBJ
E:\VISUAL2008PROJECTS\CTP\DADANSTRATEGYWITHCTPFINALONE\DEBUG\HITTRADERAPIDLG.OBJ
E:\VISUAL2008PROJECTS\CTP\DADANSTRATEGYWITHCTPFINALONE\DEBUG\INSERTORDERDLG.OBJ
E:\VISUAL2008PROJECTS\CTP\DADANSTRATEGYWITHCTPFINALONE\DEBUG\INSTMGRDLG.OBJ
E:\VISUAL2008PROJECTS\CTP\DADANSTRATEGYWITHCTPFINALONE\DEBUG\LOCALCLMGRDLG.OBJ
E:\VISUAL2008PROJECTS\CTP\DADANSTRATEGYWITHCTPFINALONE\DEBUG\LOCKVARIABLE.OBJ
E:\VISUAL2008PROJECTS\CTP\DADANSTRATEGYWITHCTPFINALONE\DEBUG\LOGMSGTHREAD.OBJ
E:\VISUAL2008PROJECTS\CTP\DADANSTRATEGYWITHCTPFINALONE\DEBUG\MDDATADISPATCHTHREAD.OBJ
E:\VISUAL2008PROJECTS\CTP\DADANSTRATEGYWITHCTPFINALONE\DEBUG\MDDLG.OBJ
E:\VISUAL2008PROJECTS\CTP\DADANSTRATEGYWITHCTPFINALONE\DEBUG\MDSPI.OBJ
E:\VISUAL2008PROJECTS\CTP\DADANSTRATEGYWITHCTPFINALONE\DEBUG\MESSAGE.OBJ
E:\VISUAL2008PROJECTS\CTP\DADANSTRATEGYWITHCTPFINALONE\DEBUG\MESSAGELIST.OBJ
E:\VISUAL2008PROJECTS\CTP\DADANSTRATEGYWITHCTPFINALONE\DEBUG\MINDICATOR.OBJ
E:\Visual2008Projects\CTP\DADANStrategyWithCTPFinalOne\Debug\msado15.tlh
E:\Visual2008Projects\CTP\DADANStrategyWithCTPFinalOne\Debug\msado15.tli
E:\VISUAL2008PROJECTS\CTP\DADANSTRATEGYWITHCTPFINALONE\DEBUG\MYTHREAD.OBJ
E:\VISUAL2008PROJECTS\CTP\DADANSTRATEGYWITHCTPFINALONE\DEBUG\MYTIMER.OBJ
E:\VISUAL2008PROJECTS\CTP\DADANSTRATEGYWITHCTPFINALONE\DEBUG\ORDERDATALIST.OBJ
E:\VISUAL2008PROJECTS\CTP\DADANSTRATEGYWITHCTPFINALONE\DEBUG\ORDERSMGRDLG.OBJ
E:\VISUAL2008PROJECTS\CTP\DADANSTRATEGYWITHCTPFINALONE\DEBUG\PARAMSMGRDLG.OBJ
E:\VISUAL2008PROJECTS\CTP\DADANSTRATEGYWITHCTPFINALONE\DEBUG\POSITIONSMGRDLG.OBJ
E:\VISUAL2008PROJECTS\CTP\DADANSTRATEGYWITHCTPFINALONE\DEBUG\SCREENDISPLAYTHREAD.OBJ
E:\VISUAL2008PROJECTS\CTP\DADANSTRATEGYWITHCTPFINALONE\DEBUG\SGITMDSPI.OBJ
E:\VISUAL2008PROJECTS\CTP\DADANSTRATEGYWITHCTPFINALONE\DEBUG\SGITTRADERSPI.OBJ
E:\VISUAL2008PROJECTS\CTP\DADANSTRATEGYWITHCTPFINALONE\DEBUG\STDAFX.OBJ
E:\VISUAL2008PROJECTS\CTP\DADANSTRATEGYWITHCTPFINALONE\DEBUG\STRATEGY.OBJ
E:\VISUAL2008PROJECTS\CTP\DADANSTRATEGYWITHCTPFINALONE\DEBUG\STRATEGYBANDMOMNT.OBJ
E:\VISUAL2008PROJECTS\CTP\DADANSTRATEGYWITHCTPFINALONE\DEBUG\STRATEGYDADAN.OBJ
E:\VISUAL2008PROJECTS\CTP\DADANSTRATEGYWITHCTPFINALONE\DEBUG\STRATEGYGRIDOPEN.OBJ
E:\VISUAL2008PROJECTS\CTP\DADANSTRATEGYWITHCTPFINALONE\DEBUG\STRATEGYKDJ.OBJ
E:\VISUAL2008PROJECTS\CTP\DADANSTRATEGYWITHCTPFINALONE\DEBUG\STRATEGYLASTTTIMEOPEN.OBJ
E:\VISUAL2008PROJECTS\CTP\DADANSTRATEGYWITHCTPFINALONE\DEBUG\STRATEGYOPENPRICEOPENING.OBJ
E:\VISUAL2008PROJECTS\CTP\DADANSTRATEGYWITHCTPFINALONE\DEBUG\STRATEGYRECOVERDLG.OBJ
E:\VISUAL2008PROJECTS\CTP\DADANSTRATEGYWITHCTPFINALONE\DEBUG\THOSTMDSPI.OBJ
E:\VISUAL2008PROJECTS\CTP\DADANSTRATEGYWITHCTPFINALONE\DEBUG\TICKDATALIST.OBJ
E:\VISUAL2008PROJECTS\CTP\DADANSTRATEGYWITHCTPFINALONE\DEBUG\TRADESDISPLAYDLG.OBJ
E:\Visual2008Projects\CTP\DADANStrategyWithCTPFinalOne\Debug\vc100.idb
E:\VISUAL2008PROJECTS\CTP\DADANSTRATEGYWITHCTPFINALONE\DEBUG\VC100.PDB
