d:\strategywithctp\strategywithctpfinalmdtd_wxj_baoche_shipan\debug\strategywithctpfinalmdtd.pch
d:\strategywithctp\strategywithctpfinalmdtd_wxj_baoche_shipan\debug\vc142.pdb
d:\strategywithctp\strategywithctpfinalmdtd_wxj_baoche_shipan\debug\vc142.idb
d:\strategywithctp\strategywithctpfinalmdtd_wxj_baoche_shipan\debug\stdafx.obj
d:\strategywithctp\strategywithctpfinalmdtd_wxj_baoche_shipan\debug\dispatchtdmsgthread.obj
d:\strategywithctp\strategywithctpfinalmdtd_wxj_baoche_shipan\debug\screendisplaythread.obj
d:\strategywithctp\strategywithctpfinalmdtd_wxj_baoche_shipan\debug\strategy.obj
d:\strategywithctp\strategywithctpfinalmdtd_wxj_baoche_shipan\debug\localclmgrdlg.obj
d:\strategywithctp\strategywithctpfinalmdtd_wxj_baoche_shipan\debug\strategyopenpriceopeningasia.obj
d:\strategywithctp\strategywithctpfinalmdtd_wxj_baoche_shipan\debug\strategyopenpriceopeningnew.obj
d:\strategywithctp\strategywithctpfinalmdtd_wxj_baoche_shipan\debug\strategyopenpriceopeningnight.obj
d:\strategywithctp\strategywithctpfinalmdtd_wxj_baoche_shipan\debug\strategyrecoverdlg.obj
d:\strategywithctp\strategywithctpfinalmdtd_wxj_baoche_shipan\debug\strategyspeedbreak.obj
d:\strategywithctp\strategywithctpfinalmdtd_wxj_baoche_shipan\debug\strategythreek.obj
d:\strategywithctp\strategywithctpfinalmdtd_wxj_baoche_shipan\debug\strategyupdownr.obj
d:\strategywithctp\strategywithctpfinalmdtd_wxj_baoche_shipan\debug\strategywaveopen.obj
d:\strategywithctp\strategywithctpfinalmdtd_wxj_baoche_shipan\debug\strategywaveopenadd.obj
d:\strategywithctp\strategywithctpfinalmdtd_wxj_baoche_shipan\debug\thostmdspi.obj
d:\strategywithctp\strategywithctpfinalmdtd_wxj_baoche_shipan\debug\thosttraderspi.obj
d:\strategywithctp\strategywithctpfinalmdtd_wxj_baoche_shipan\debug\tickdatalist.obj
d:\strategywithctp\strategywithctpfinalmdtd_wxj_baoche_shipan\debug\esuntraderspi.obj
d:\strategywithctp\strategywithctpfinalmdtd_wxj_baoche_shipan\debug\strategyopenpriceopening.obj
d:\strategywithctp\strategywithctpfinalmdtd_wxj_baoche_shipan\debug\tradedatalist.obj
d:\strategywithctp\strategywithctpfinalmdtd_wxj_baoche_shipan\debug\tradesdisplaydlg.obj
d:\strategywithctp\strategywithctpfinalmdtd_wxj_baoche_shipan\debug\strategybasegridopencffex.obj
d:\strategywithctp\strategywithctpfinalmdtd_wxj_baoche_shipan\debug\strategydt.obj
d:\strategywithctp\strategywithctpfinalmdtd_wxj_baoche_shipan\debug\strategygridmastopgtcchop.obj
d:\strategywithctp\strategywithctpfinalmdtd_wxj_baoche_shipan\debug\strategygridopen.obj
d:\strategywithctp\strategywithctpfinalmdtd_wxj_baoche_shipan\debug\strategykdj.obj
d:\strategywithctp\strategywithctpfinalmdtd_wxj_baoche_shipan\debug\strategylastttimeopen.obj
d:\strategywithctp\strategywithctpfinalmdtd_wxj_baoche_shipan\debug\logmsgthread.obj
d:\strategywithctp\strategywithctpfinalmdtd_wxj_baoche_shipan\debug\messagelist.obj
d:\strategywithctp\strategywithctpfinalmdtd_wxj_baoche_shipan\debug\mythread.obj
d:\strategywithctp\strategywithctpfinalmdtd_wxj_baoche_shipan\debug\hittraderapi.obj
d:\strategywithctp\strategywithctpfinalmdtd_wxj_baoche_shipan\debug\hittraderapidlg.obj
d:\strategywithctp\strategywithctpfinalmdtd_wxj_baoche_shipan\debug\insertorderdlg.obj
d:\strategywithctp\strategywithctpfinalmdtd_wxj_baoche_shipan\debug\mdspi.obj
d:\strategywithctp\strategywithctpfinalmdtd_wxj_baoche_shipan\debug\message.obj
d:\strategywithctp\strategywithctpfinalmdtd_wxj_baoche_shipan\debug\mindicator.obj
d:\strategywithctp\strategywithctpfinalmdtd_wxj_baoche_shipan\debug\mytimer.obj
d:\strategywithctp\strategywithctpfinalmdtd_wxj_baoche_shipan\debug\orderdatalist.obj
d:\strategywithctp\strategywithctpfinalmdtd_wxj_baoche_shipan\debug\ordersmgrdlg.obj
d:\strategywithctp\strategywithctpfinalmdtd_wxj_baoche_shipan\debug\paramsmgrdlg.obj
d:\strategywithctp\strategywithctpfinalmdtd_wxj_baoche_shipan\debug\positionsmgrdlg.obj
d:\strategywithctp\strategywithctpfinalmdtd_wxj_baoche_shipan\debug\enterctpuserdlg.obj
d:\strategywithctp\strategywithctpfinalmdtd_wxj_baoche_shipan\debug\esunmdspi.obj
d:\strategywithctp\strategywithctpfinalmdtd_wxj_baoche_shipan\debug\globalfunc.obj
d:\strategywithctp\strategywithctpfinalmdtd_wxj_baoche_shipan\debug\instlistdlg.obj
d:\strategywithctp\strategywithctpfinalmdtd_wxj_baoche_shipan\debug\lockvariable.obj
d:\strategywithctp\strategywithctpfinalmdtd_wxj_baoche_shipan\debug\instmgrdlg.obj
d:\strategywithctp\strategywithctpfinalmdtd_wxj_baoche_shipan\debug\mddatadispatchthread.obj
d:\strategywithctp\strategywithctpfinalmdtd_wxj_baoche_shipan\debug\mddlg.obj
d:\strategywithctp\strategywithctpfinalmdtd_wxj_baoche_shipan\debug\riskmanagementtcp.obj
d:\strategywithctp\strategywithctpfinalmdtd_wxj_baoche_shipan\debug\rsmsglist.obj
d:\strategywithctp\strategywithctpfinalmdtd_wxj_baoche_shipan\debug\sgitmdspi.obj
d:\strategywithctp\strategywithctpfinalmdtd_wxj_baoche_shipan\debug\sgittraderspi.obj
d:\strategywithctp\strategywithctpfinalmdtd_wxj_baoche_shipan\debug\strategyavgdown.obj
d:\strategywithctp\strategywithctpfinalmdtd_wxj_baoche_shipan\debug\strategyavgline.obj
d:\strategywithctp\strategywithctpfinalmdtd_wxj_baoche_shipan\debug\strategybandmomnt.obj
d:\strategywithctp\strategywithctpfinalmdtd_wxj_baoche_shipan\debug\strategybaoche.obj
d:\strategywithctp\strategywithctpfinalmdtd_wxj_baoche_shipan\debug\strategybar.obj
d:\strategywithctp\strategywithctpfinalmdtd_wxj_baoche_shipan\debug\strategybasegridmastopopen.obj
d:\strategywithctp\strategywithctpfinalmdtd_wxj_baoche_shipan\debug\strategybasegridmastopopencffex.obj
d:\strategywithctp\strategywithctpfinalmdtd_wxj_baoche_shipan\debug\strategybasegridopen.obj
d:\strategywithctp\strategywithctpfinalmdtd_wxj_baoche_shipan\debug\ado_conn.obj
d:\strategywithctp\strategywithctpfinalmdtd_wxj_baoche_shipan\debug\cmdinstmgrdlg.obj
d:\strategywithctp\strategywithctpfinalmdtd_wxj_baoche_shipan\debug\database.obj
d:\strategywithctp\strategywithctpfinalmdtd_wxj_baoche_shipan\debug\strategybasegridopen_plus.obj
d:\strategywithctp\strategywithctpfinalmdtd_wxj_baoche_shipan\debug\strategywithctpfinalmdtd.exe
d:\strategywithctp\strategywithctpfinalmdtd_wxj_baoche_shipan\debug\strategywithctpfinalmdtd.ilk
d:\strategywithctp\strategywithctpfinalmdtd_wxj_baoche_shipan\debug\strategywithctpfinalmdtd.pdb
d:\strategywithctp\strategywithctpfinalmdtd_wxj_baoche_shipan\debug\testtraderapi.res
c:\work\strategywithctp_shipan\strategywithctp_shipan\debug\ado_conn.obj
c:\work\strategywithctp_shipan\strategywithctp_shipan\debug\cmdinstmgrdlg.obj
c:\work\strategywithctp_shipan\strategywithctp_shipan\debug\database.obj
c:\work\strategywithctp_shipan\strategywithctp_shipan\debug\dispatchtdmsgthread.obj
c:\work\strategywithctp_shipan\strategywithctp_shipan\debug\enterctpuserdlg.obj
c:\work\strategywithctp_shipan\strategywithctp_shipan\debug\esunmdspi.obj
c:\work\strategywithctp_shipan\strategywithctp_shipan\debug\esuntraderspi.obj
c:\work\strategywithctp_shipan\strategywithctp_shipan\debug\globalfunc.obj
c:\work\strategywithctp_shipan\strategywithctp_shipan\debug\hittraderapi.obj
c:\work\strategywithctp_shipan\strategywithctp_shipan\debug\hittraderapidlg.obj
c:\work\strategywithctp_shipan\strategywithctp_shipan\debug\insertorderdlg.obj
c:\work\strategywithctp_shipan\strategywithctp_shipan\debug\instlistdlg.obj
c:\work\strategywithctp_shipan\strategywithctp_shipan\debug\instmgrdlg.obj
c:\work\strategywithctp_shipan\strategywithctp_shipan\debug\localclmgrdlg.obj
c:\work\strategywithctp_shipan\strategywithctp_shipan\debug\lockvariable.obj
c:\work\strategywithctp_shipan\strategywithctp_shipan\debug\logmsgthread.obj
c:\work\strategywithctp_shipan\strategywithctp_shipan\debug\mddatadispatchthread.obj
c:\work\strategywithctp_shipan\strategywithctp_shipan\debug\mddlg.obj
c:\work\strategywithctp_shipan\strategywithctp_shipan\debug\mdspi.obj
c:\work\strategywithctp_shipan\strategywithctp_shipan\debug\message.obj
c:\work\strategywithctp_shipan\strategywithctp_shipan\debug\messagelist.obj
c:\work\strategywithctp_shipan\strategywithctp_shipan\debug\mindicator.obj
c:\work\strategywithctp_shipan\strategywithctp_shipan\debug\mythread.obj
c:\work\strategywithctp_shipan\strategywithctp_shipan\debug\mytimer.obj
c:\work\strategywithctp_shipan\strategywithctp_shipan\debug\orderdatalist.obj
c:\work\strategywithctp_shipan\strategywithctp_shipan\debug\ordersmgrdlg.obj
c:\work\strategywithctp_shipan\strategywithctp_shipan\debug\paramsmgrdlg.obj
c:\work\strategywithctp_shipan\strategywithctp_shipan\debug\positionsmgrdlg.obj
c:\work\strategywithctp_shipan\strategywithctp_shipan\debug\riskmanagementtcp.obj
c:\work\strategywithctp_shipan\strategywithctp_shipan\debug\rsmsglist.obj
c:\work\strategywithctp_shipan\strategywithctp_shipan\debug\screendisplaythread.obj
c:\work\strategywithctp_shipan\strategywithctp_shipan\debug\sgitmdspi.obj
c:\work\strategywithctp_shipan\strategywithctp_shipan\debug\sgittraderspi.obj
c:\work\strategywithctp_shipan\strategywithctp_shipan\debug\stdafx.obj
c:\work\strategywithctp_shipan\strategywithctp_shipan\debug\strategy.obj
c:\work\strategywithctp_shipan\strategywithctp_shipan\debug\strategyavgdown.obj
c:\work\strategywithctp_shipan\strategywithctp_shipan\debug\strategyavgline.obj
c:\work\strategywithctp_shipan\strategywithctp_shipan\debug\strategybandmomnt.obj
c:\work\strategywithctp_shipan\strategywithctp_shipan\debug\strategybaoche.obj
c:\work\strategywithctp_shipan\strategywithctp_shipan\debug\strategybar.obj
c:\work\strategywithctp_shipan\strategywithctp_shipan\debug\strategybasegridmastopopen.obj
c:\work\strategywithctp_shipan\strategywithctp_shipan\debug\strategybasegridmastopopencffex.obj
c:\work\strategywithctp_shipan\strategywithctp_shipan\debug\strategybasegridopen.obj
c:\work\strategywithctp_shipan\strategywithctp_shipan\debug\strategybasegridopencffex.obj
c:\work\strategywithctp_shipan\strategywithctp_shipan\debug\strategybasegridopen_plus.obj
c:\work\strategywithctp_shipan\strategywithctp_shipan\debug\strategydt.obj
c:\work\strategywithctp_shipan\strategywithctp_shipan\debug\strategygridmastopgtcchop.obj
c:\work\strategywithctp_shipan\strategywithctp_shipan\debug\strategygridopen.obj
c:\work\strategywithctp_shipan\strategywithctp_shipan\debug\strategykdj.obj
c:\work\strategywithctp_shipan\strategywithctp_shipan\debug\strategylastttimeopen.obj
c:\work\strategywithctp_shipan\strategywithctp_shipan\debug\strategyopenpriceopening.obj
c:\work\strategywithctp_shipan\strategywithctp_shipan\debug\strategyopenpriceopeningasia.obj
c:\work\strategywithctp_shipan\strategywithctp_shipan\debug\strategyopenpriceopeningnew.obj
c:\work\strategywithctp_shipan\strategywithctp_shipan\debug\strategyopenpriceopeningnight.obj
c:\work\strategywithctp_shipan\strategywithctp_shipan\debug\strategyrecoverdlg.obj
c:\work\strategywithctp_shipan\strategywithctp_shipan\debug\strategyspeedbreak.obj
c:\work\strategywithctp_shipan\strategywithctp_shipan\debug\strategythreek.obj
c:\work\strategywithctp_shipan\strategywithctp_shipan\debug\strategyupdownr.obj
c:\work\strategywithctp_shipan\strategywithctp_shipan\debug\strategywaveopen.obj
c:\work\strategywithctp_shipan\strategywithctp_shipan\debug\strategywaveopenadd.obj
c:\work\strategywithctp_shipan\strategywithctp_shipan\debug\thostmdspi.obj
c:\work\strategywithctp_shipan\strategywithctp_shipan\debug\thosttraderspi.obj
c:\work\strategywithctp_shipan\strategywithctp_shipan\debug\tickdatalist.obj
c:\work\strategywithctp_shipan\strategywithctp_shipan\debug\tradedatalist.obj
c:\work\strategywithctp_shipan\strategywithctp_shipan\debug\tradesdisplaydlg.obj
c:\work\strategywithctp_shipan\strategywithctp_shipan\debug\strategywithctpfinalmdtd.ilk
c:\work\strategywithctp_shipan\strategywithctp_shipan\debug\msado15.tli
c:\work\strategywithctp_shipan\strategywithctp_shipan\debug\msado15.tlh
c:\work\strategywithctp_shipan\strategywithctp_shipan\debug\testtraderapi.res
c:\work\strategywithctp_shipan\strategywithctp_shipan\debug\strategywithctpfinalmdtd.pch
c:\work\strategywithctp_shipan\strategywithctp_shipan\debug\vc142.idb
c:\work\strategywithctp_shipan\strategywithctp_shipan\debug\strategywithctpfinalmdtd.pdb
c:\work\strategywithctp_shipan\strategywithctp_shipan\debug\vc142.pdb
c:\work\strategywithctp_shipan\strategywithctp_shipan\debug\strategywithctpfinalmdtd.exe
c:\work\strategywithctp_shipan\strategywithctp_shipan\debug\strategy.18613c08.tlog\cl.command.1.tlog
c:\work\strategywithctp_shipan\strategywithctp_shipan\debug\strategy.18613c08.tlog\cl.read.1.tlog
c:\work\strategywithctp_shipan\strategywithctp_shipan\debug\strategy.18613c08.tlog\cl.write.1.tlog
c:\work\strategywithctp_shipan\strategywithctp_shipan\debug\strategy.18613c08.tlog\link.19380.delete.1.tlog
c:\work\strategywithctp_shipan\strategywithctp_shipan\debug\strategy.18613c08.tlog\link.command.1.tlog
c:\work\strategywithctp_shipan\strategywithctp_shipan\debug\strategy.18613c08.tlog\link.delete.1.tlog
c:\work\strategywithctp_shipan\strategywithctp_shipan\debug\strategy.18613c08.tlog\link.read.1.tlog
c:\work\strategywithctp_shipan\strategywithctp_shipan\debug\strategy.18613c08.tlog\link.write.1.tlog
c:\work\strategywithctp_shipan\strategywithctp_shipan\debug\strategy.18613c08.tlog\rc.command.1.tlog
c:\work\strategywithctp_shipan\strategywithctp_shipan\debug\strategy.18613c08.tlog\rc.read.1.tlog
c:\work\strategywithctp_shipan\strategywithctp_shipan\debug\strategy.18613c08.tlog\rc.write.1.tlog
