TA-GD-00006,instance1,CZCE TA TA001,20191106,09:00:01,1,631899,632364,-1,4860.00000,4860.00000,0.00000,       47311,20191106

MA-GD-00006,instance1,CZCE MA MA001,20191106,09:00:05,1,632115,632531,1,2115.00000,2115.00000,0.00000,       47505,20191106

MA-GD-00006,instance1,CZCE MA MA001,20191106,09:00:24,0,632847,-1,-1,2116.00000,2116.00000,0.00000,       47945,20191106

rb-GD-00006,instance1,SHFE rb rb2001,20191106,09:00:31,0,6130734,-1,1,3441.00000,3441.00000,0.00000,       48048,20191106

MA-GD-00006,instance1,CZCE MA MA001,20191106,09:00:33,1,632847,632919,1,2115.00000,2115.00000,0.00000,       48079,20191106

rb-GD-00006,instance1,SHFE rb rb2001,20191106,09:00:50,1,6130734,6130968,-1,3442.00000,3442.00000,0.00000,       48263,20191106

rb-GD-00006,instance1,SHFE rb rb2001,20191106,09:01:06,0,6131154,-1,1,3442.00000,3442.00000,0.00000,       48460,20191106

rb-GD-00006,instance1,SHFE rb rb2001,20191106,09:01:11,1,6131154,6131258,-1,3443.00000,3441.00000,0.00000,       48540,20191106

MA-GD-00006,instance1,CZCE MA MA001,20191106,09:01:27,0,633354,-1,-1,2117.00000,2117.00000,0.00000,       48678,20191106

rb-GD-00006,instance1,SHFE rb rb2001,20191106,09:01:43,0,6131489,-1,1,3441.00000,3441.00000,0.00000,       48806,20191106

rb-GD-00006,instance1,SHFE rb rb2001,20191106,09:01:58,1,6131489,6131600,-1,3442.00000,3439.00000,0.00000,       48880,20191106

MA-GD-00006,instance1,CZCE MA MA001,20191106,09:02:22,1,633354,633657,1,2116.00000,2119.00000,0.00000,       49115,20191106

TA-GD-00006,instance1,CZCE TA TA001,20191106,09:02:51,0,633808,-1,-1,4866.00000,4866.00000,0.00000,       49265,20191106

MA-GD-00006,instance1,CZCE MA MA001,20191106,09:03:20,0,633989,-1,-1,2119.00000,2119.00000,0.00000,       49456,20191106

TA-GD-00006,instance1,CZCE TA TA001,20191106,09:04:23,1,633808,634225,1,4864.00000,4862.00000,0.00000,       49873,20191106

MA-GD-00006,instance1,CZCE MA MA001,20191106,09:04:54,1,633989,634391,1,2118.00000,2118.00000,0.00000,       49988,20191106

MA-GD-00006,instance1,CZCE MA MA001,20191106,09:05:50,0,634711,-1,1,2118.00000,2118.00000,0.00000,       50607,20191106

rb-GD-00006,instance1,SHFE rb rb2001,20191106,09:05:58,0,6134146,-1,1,3438.00000,3438.00000,0.00000,       50641,20191106

rb-GD-00006,instance1,SHFE rb rb2001,20191106,09:06:12,1,6134146,6134369,-1,3439.00000,3436.00000,0.00000,       50778,20191106

MA-GD-00006,instance1,CZCE MA MA001,20191106,09:06:25,1,634711,634869,-1,2119.00000,2116.00000,0.00000,       50868,20191106

rb-GD-00006,instance1,SHFE rb rb2001,20191106,09:06:33,0,6134608,-1,1,3436.00000,3436.00000,0.00000,       50923,20191106

rb-GD-00006,instance1,SHFE rb rb2001,20191106,09:06:45,1,6134608,6134710,-1,3437.00000,3435.00000,0.00000,       50993,20191106

rb-GD-00006,instance1,SHFE rb rb2001,20191106,09:06:47,0,6134736,-1,1,3435.00000,3435.00000,0.00000,       50998,20191106

TA-GD-00006,instance1,CZCE TA TA001,20191106,09:07:19,0,635120,-1,1,4858.00000,4858.00000,0.00000,       51204,20191106

MA-GD-00006,instance1,CZCE MA MA001,20191106,09:07:26,0,635143,-1,1,2114.00000,2114.00000,0.00000,       51237,20191106

MA-GD-00006,instance1,CZCE MA MA001,20191106,09:07:32,1,635143,635179,-1,2115.00000,2112.00000,0.00000,       51265,20191106

MA-GD-00006,instance1,CZCE MA MA001,20191106,09:07:33,0,635204,-1,1,2111.00000,2111.00000,0.00000,       51288,20191106

TA-GD-00006,instance1,CZCE TA TA001,20191106,09:07:35,1,635120,635265,-1,4860.00000,4854.00000,0.00000,       51312,20191106

MA-GD-00006,instance1,CZCE MA MA001,20191106,09:07:35,1,635204,635278,-1,2112.00000,2107.00000,0.00000,       51322,20191106

MA-GD-00006,instance1,CZCE MA MA001,20191106,09:07:41,0,635315,-1,1,2107.00000,2107.00000,0.00000,       51368,20191106

MA-GD-00006,instance1,CZCE MA MA001,20191106,09:07:49,1,635315,635392,-1,2108.00000,2108.00000,0.00000,       51432,20191106

rb-GD-00006,instance1,SHFE rb rb2001,20191106,09:08:01,1,6134736,6136011,-1,3436.00000,3434.00000,0.00000,       51570,20191106

rb-GD-00006,instance1,SHFE rb rb2001,20191106,09:08:02,0,6136050,-1,1,3434.00000,3434.00000,0.00000,       51583,20191106

rb-GD-00006,instance1,SHFE rb rb2001,20191106,09:08:23,1,6136050,6136399,-1,3435.00000,3433.00000,0.00000,       51782,20191106

MA-GD-00006,instance1,CZCE MA MA001,20191106,09:08:23,0,635756,-1,1,2108.00000,2108.00000,0.00000,       51785,20191106

rb-GD-00006,instance1,SHFE rb rb2001,20191106,09:08:27,0,6136429,-1,1,3433.00000,3433.00000,0.00000,       51833,20191106

MA-GD-00006,instance1,CZCE MA MA001,20191106,09:08:32,1,635756,635816,-1,2109.00000,2109.00000,0.00000,       51852,20191106

MA-GD-00006,instance1,CZCE MA MA001,20191106,09:08:38,0,635839,-1,1,2108.00000,2108.00000,0.00000,       51882,20191106

MA-GD-00006,instance1,CZCE MA MA001,20191106,09:08:43,1,635839,635870,-1,2109.00000,2108.00000,0.00000,       51908,20191106

TA-GD-00006,instance1,CZCE TA TA001,20191106,09:08:56,0,635982,-1,1,4848.00000,4848.00000,0.00000,       51981,20191106

MA-GD-00006,instance1,CZCE MA MA001,20191106,09:08:56,0,635986,-1,1,2106.00000,2104.00000,0.00000,       51983,20191106

MA-GD-00006,instance1,CZCE MA MA001,20191106,09:12:53,1,635986,637295,-1,2107.00000,2102.00000,0.00000,       53598,20191106

rb-GD-00006,instance1,SHFE rb rb2001,20191106,09:13:50,1,6136429,6141435,-1,3434.00000,3435.00000,0.00000,       54032,20191106

MA-GD-00006,instance1,CZCE MA MA001,20191106,09:14:09,0,637772,-1,1,2103.00000,2103.00000,0.00000,       54197,20191106

MA-GD-00006,instance1,CZCE MA MA001,20191106,09:15:05,1,637772,638123,-1,2104.00000,2101.00000,0.00000,       54615,20191106

rb-GD-00006,instance1,SHFE rb rb2001,20191106,09:16:34,0,6143958,-1,-1,3436.00000,3436.00000,0.00000,       55178,20191106

rb-GD-00006,instance1,SHFE rb rb2001,20191106,09:17:28,1,6143958,6144841,1,3435.00000,3437.00000,0.00000,       55631,20191106

rb-GD-00006,instance1,SHFE rb rb2001,20191106,09:17:34,0,6145019,-1,-1,3438.00000,3438.00000,0.00000,       55693,20191106

MA-GD-00006,instance1,CZCE MA MA001,20191106,09:17:54,0,638558,-1,-1,2105.00000,2105.00000,0.00000,       55884,20191106

rb-GD-00006,instance1,SHFE rb rb2001,20191106,09:19:52,1,6145019,6147028,1,3437.00000,3436.00000,0.00000,       56600,20191106

rb-GD-00006,instance1,SHFE rb rb2001,20191106,09:20:32,0,6147709,-1,1,3435.00000,3435.00000,0.00000,       56908,20191106

rb-GD-00006,instance1,SHFE rb rb2001,20191106,09:21:25,1,6147709,6148352,-1,3436.00000,3436.00000,0.00000,       57219,20191106

MA-GD-00006,instance1,CZCE MA MA001,20191106,09:22:15,1,638558,639638,1,2104.00000,2106.00000,0.00000,       57509,20191106

MA-GD-00006,instance1,CZCE MA MA001,20191106,09:22:56,0,639756,-1,-1,2107.00000,2107.00000,0.00000,       57702,20191106

rb-GD-00006,instance1,SHFE rb rb2001,20191106,09:22:58,0,6149055,-1,-1,3437.00000,3437.00000,0.00000,       57716,20191106

MA-GD-00006,instance1,CZCE MA MA001,20191106,09:23:46,1,639756,639910,1,2106.00000,2106.00000,0.00000,       58007,20191106

rb-GD-00006,instance1,SHFE rb rb2001,20191106,09:25:08,1,6149055,6150653,1,3436.00000,3436.00000,0.00000,       58675,20191106

rb-GD-00006,instance1,SHFE rb rb2001,20191106,09:26:02,0,6151198,-1,1,3436.00000,3436.00000,0.00000,       58954,20191106

rb-GD-00006,instance1,SHFE rb rb2001,20191106,09:27:27,1,6151198,6151942,-1,3437.00000,3437.00000,0.00000,       59310,20191106

rb-GD-00006,instance1,SHFE rb rb2001,20191106,09:27:27,0,6151955,-1,-1,3437.00000,3437.00000,0.00000,       59318,20191106

rb-GD-00006,instance1,SHFE rb rb2001,20191106,09:27:32,1,6151955,6152001,1,3436.00000,3436.00000,0.00000,       59333,20191106

rb-GD-00006,instance1,SHFE rb rb2001,20191106,09:28:10,0,6152664,-1,-1,3437.00000,3437.00000,0.00000,       59596,20191106

rb-GD-00006,instance1,SHFE rb rb2001,20191106,09:28:46,1,6152664,6153058,1,3436.00000,3437.00000,0.00000,       59781,20191106

TA-GD-00006,instance1,CZCE TA TA001,20191106,09:29:44,1,635982,641057,-1,4850.00000,4854.00000,0.00000,       60094,20191106

rb-GD-00006,instance1,SHFE rb rb2001,20191106,09:29:57,0,6153824,-1,-1,3438.00000,3438.00000,0.00000,       60179,20191106

rb-GD-00006,instance1,SHFE rb rb2001,20191106,09:31:07,1,6153824,6154883,1,3437.00000,3438.00000,0.00000,       60953,20191106

rb-GD-00006,instance1,SHFE rb rb2001,20191106,09:35:00,0,6157620,-1,-1,3438.00000,3438.00000,0.00000,       62563,20191106

MA-GD-00006,instance1,CZCE MA MA001,20191106,09:35:15,0,643053,-1,1,2106.00000,2106.00000,0.00000,       62667,20191106

TA-GD-00006,instance1,CZCE TA TA001,20191106,09:35:40,0,643159,-1,1,4848.00000,4848.00000,0.00000,       62832,20191106

MA-GD-00006,instance1,CZCE MA MA001,20191106,09:35:48,1,643053,643224,-1,2107.00000,2105.00000,0.00000,       62891,20191106

rb-GD-00006,instance1,SHFE rb rb2001,20191106,09:36:07,1,6157620,6158656,1,3437.00000,3440.00000,0.00000,       63092,20191106

rb-GD-00006,instance1,SHFE rb rb2001,20191106,09:37:26,0,6159790,-1,-1,3440.00000,3440.00000,0.00000,       63637,20191106

rb-GD-00006,instance1,SHFE rb rb2001,20191106,09:37:43,1,6159790,6160149,1,3439.00000,3444.00000,0.00000,       63766,20191106

rb-GD-00006,instance1,SHFE rb rb2001,20191106,09:39:18,0,6161591,-1,-1,3442.00000,3443.00000,0.00000,       64438,20191106

rb-GD-00006,instance1,SHFE rb rb2001,20191106,09:39:37,1,6161591,6161962,1,3441.00000,3444.00000,0.00000,       64618,20191106

TA-GD-00006,instance1,CZCE TA TA001,20191106,09:39:37,1,643159,644036,-1,4850.00000,4850.00000,0.00000,       64624,20191106

TA-GD-00006,instance1,CZCE TA TA001,20191106,09:40:19,0,644210,-1,-1,4852.00000,4852.00000,0.00000,       64969,20191106

TA-GD-00006,instance1,CZCE TA TA001,20191106,09:40:27,1,644210,644250,1,4850.00000,4850.00000,0.00000,       65008,20191106

MA-GD-00006,instance1,CZCE MA MA001,20191106,09:41:32,0,644370,-1,-1,2108.00000,2108.00000,0.00000,       65377,20191106

TA-GD-00006,instance1,CZCE TA TA001,20191106,09:43:22,0,644796,-1,1,4846.00000,4846.00000,0.00000,       66202,20191106

rb-GD-00006,instance1,SHFE rb rb2001,20191106,09:43:41,0,6165308,-1,-1,3446.00000,3447.00000,0.00000,       66282,20191106

rb-GD-00006,instance1,SHFE rb rb2001,20191106,09:43:44,1,6165308,6165379,1,3445.00000,3448.00000,0.00000,       66311,20191106

rb-GD-00006,instance1,SHFE rb rb2001,20191106,09:45:46,0,6167086,-1,1,3443.00000,3443.00000,0.00000,       67252,20191106

rb-GD-00006,instance1,SHFE rb rb2001,20191106,09:46:14,1,6167086,6167522,-1,3444.00000,3441.00000,0.00000,       67492,20191106

rb-GD-00006,instance1,SHFE rb rb2001,20191106,09:46:18,0,6167622,-1,1,3440.00000,3440.00000,0.00000,       67514,20191106

rb-GD-00006,instance1,SHFE rb rb2001,20191106,09:46:44,1,6167622,6167946,-1,3441.00000,3441.00000,0.00000,       67700,20191106

rb-GD-00006,instance1,SHFE rb rb2001,20191106,09:46:46,0,6167984,-1,1,3441.00000,3441.00000,0.00000,       67715,20191106

rb-GD-00006,instance1,SHFE rb rb2001,20191106,09:48:22,1,6167984,6169336,-1,3442.00000,3439.00000,0.00000,       68424,20191106

MA-GD-00006,instance1,CZCE MA MA001,20191106,09:49:19,1,644370,646348,1,2107.00000,2110.00000,0.00000,       68780,20191106

MA-GD-00006,instance1,CZCE MA MA001,20191106,09:49:20,0,646361,-1,-1,2110.00000,2110.00000,0.00000,       68785,20191106

MA-GD-00006,instance1,CZCE MA MA001,20191106,09:49:54,1,646361,646476,1,2109.00000,2109.00000,0.00000,       68987,20191106

rb-GD-00006,instance1,SHFE rb rb2001,20191106,09:51:52,0,6173944,-1,1,3435.00000,3435.00000,0.00000,       69690,20191106

rb-GD-00006,instance1,SHFE rb rb2001,20191106,09:55:46,1,6173944,6177051,-1,3436.00000,3433.00000,0.00000,       71033,20191106

TA-GD-00006,instance1,CZCE TA TA001,20191106,09:58:00,1,644796,648188,-1,4848.00000,4850.00000,0.00000,       71771,20191106

MA-GD-00006,instance1,CZCE MA MA001,20191106,09:58:01,0,648194,-1,1,2108.00000,2108.00000,0.00000,       71779,20191106

rb-GD-00006,instance1,SHFE rb rb2001,20191106,09:58:33,0,6178934,-1,-1,3436.00000,3436.00000,0.00000,       71925,20191106

MA-GD-00006,instance1,CZCE MA MA001,20191106,09:59:23,1,648194,648516,-1,2109.00000,2107.00000,0.00000,       72214,20191106

rb-GD-00006,instance1,SHFE rb rb2001,20191106,10:00:43,1,6178934,6181217,1,3435.00000,3437.00000,0.00000,       72962,20191106

rb-GD-00006,instance1,SHFE rb rb2001,20191106,10:01:36,0,6182149,-1,-1,3437.00000,3437.00000,0.00000,       73264,20191106

rb-GD-00006,instance1,SHFE rb rb2001,20191106,10:01:59,1,6182149,6182366,1,3436.00000,3438.00000,0.00000,       73359,20191106

rb-GD-00006,instance1,SHFE rb rb2001,20191106,10:02:15,0,6182753,-1,-1,3439.00000,3439.00000,0.00000,       73476,20191106

MA-GD-00006,instance1,CZCE MA MA001,20191106,10:02:15,0,649325,-1,1,2106.00000,2106.00000,0.00000,       73488,20191106

rb-GD-00006,instance1,SHFE rb rb2001,20191106,10:02:49,1,6182753,6183150,1,3438.00000,3441.00000,0.00000,       73647,20191106

TA-GD-00006,instance1,CZCE TA TA001,20191106,10:03:13,0,649521,-1,1,4848.00000,4848.00000,0.00000,       73823,20191106

rb-GD-00006,instance1,SHFE rb rb2001,20191106,10:07:10,0,6186081,-1,1,3437.00000,3437.00000,0.00000,       74992,20191106

MA-GD-00006,instance1,CZCE MA MA001,20191106,10:08:24,1,649325,650443,-1,2107.00000,2107.00000,0.00000,       75328,20191106

TA-GD-00006,instance1,CZCE TA TA001,20191106,10:09:07,1,649521,650603,-1,4850.00000,4850.00000,0.00000,       75601,20191106

rb-GD-00006,instance1,SHFE rb rb2001,20191106,10:10:06,1,6186081,6187777,-1,3438.00000,3438.00000,0.00000,       75922,20191106

rb-GD-00006,instance1,SHFE rb rb2001,20191106,10:11:39,0,6188775,-1,-1,3439.00000,3439.00000,0.00000,       76321,20191106

MA-GD-00006,instance1,CZCE MA MA001,20191106,10:13:37,0,651314,-1,1,2106.00000,2106.00000,0.00000,       76882,20191106

rb-GD-00006,instance1,SHFE rb rb2001,20191106,10:31:11,1,6188775,6191650,1,3438.00000,3440.00000,0.00000,       78337,20191106

MA-GD-00006,instance1,CZCE MA MA001,20191106,10:31:57,1,651314,652022,-1,2107.00000,2107.00000,0.00000,       78704,20191106

MA-GD-00006,instance1,CZCE MA MA001,20191106,10:33:07,0,652222,-1,-1,2107.00000,2107.00000,0.00000,       79155,20191106

rb-GD-00006,instance1,SHFE rb rb2001,20191106,10:34:29,0,6193742,-1,-1,3443.00000,3443.00000,0.00000,       79610,20191106

rb-GD-00006,instance1,SHFE rb rb2001,20191106,10:35:42,1,6193742,6194538,1,3442.00000,3441.00000,0.00000,       79979,20191106

MA-GD-00006,instance1,CZCE MA MA001,20191106,10:36:27,1,652222,652851,1,2106.00000,2109.00000,0.00000,       80224,20191106

rb-GD-00006,instance1,SHFE rb rb2001,20191106,10:36:31,0,6195237,-1,1,3440.00000,3440.00000,0.00000,       80248,20191106

MA-GD-00006,instance1,CZCE MA MA001,20191106,10:42:22,0,654577,-1,1,2106.00000,2106.00000,0.00000,       82213,20191106

rb-GD-00006,instance1,SHFE rb rb2001,20191106,10:43:17,1,6195237,6200437,-1,3441.00000,3445.00000,0.00000,       82454,20191106

rb-GD-00006,instance1,SHFE rb rb2001,20191106,10:43:18,0,6200446,-1,-1,3445.00000,3445.00000,0.00000,       82455,20191106

rb-GD-00006,instance1,SHFE rb rb2001,20191106,10:43:24,1,6200446,6200557,1,3444.00000,3446.00000,0.00000,       82483,20191106

rb-GD-00006,instance1,SHFE rb rb2001,20191106,10:43:25,0,6200580,-1,-1,3446.00000,3446.00000,0.00000,       82491,20191106

rb-GD-00006,instance1,SHFE rb rb2001,20191106,10:43:29,1,6200580,6200632,1,3445.00000,3447.00000,0.00000,       82510,20191106

rb-GD-00006,instance1,SHFE rb rb2001,20191106,10:44:08,0,6201201,-1,-1,3446.00000,3446.00000,0.00000,       82787,20191106

MA-GD-00006,instance1,CZCE MA MA001,20191106,10:45:01,1,654577,655596,-1,2107.00000,2104.00000,0.00000,       83153,20191106

MA-GD-00006,instance1,CZCE MA MA001,20191106,10:45:02,0,655617,-1,1,2104.00000,2104.00000,0.00000,       83171,20191106

TA-GD-00006,instance1,CZCE TA TA001,20191106,10:46:35,0,656148,-1,1,4846.00000,4846.00000,0.00000,       83749,20191106

rb-GD-00006,instance1,SHFE rb rb2001,20191106,10:46:59,1,6201201,6203592,1,3445.00000,3442.00000,0.00000,       83902,20191106

TA-GD-00006,instance1,CZCE TA TA001,20191106,10:47:19,1,656148,656360,-1,4848.00000,4844.00000,0.00000,       84019,20191106

TA-GD-00006,instance1,CZCE TA TA001,20191106,10:47:20,0,656386,-1,1,4840.00000,4840.00000,0.00000,       84033,20191106

rb-GD-00006,instance1,SHFE rb rb2001,20191106,10:47:38,0,6204116,-1,1,3442.00000,3442.00000,0.00000,       84108,20191106

MA-GD-00006,instance1,CZCE MA MA001,20191106,10:48:04,1,655617,656580,-1,2105.00000,2102.00000,0.00000,       84250,20191106

rb-GD-00006,instance1,SHFE rb rb2001,20191106,10:48:12,1,6204116,6204588,-1,3443.00000,3440.00000,0.00000,       84303,20191106

rb-GD-00006,instance1,SHFE rb rb2001,20191106,10:48:30,0,6204848,-1,1,3440.00000,3440.00000,0.00000,       84396,20191106

rb-GD-00006,instance1,SHFE rb rb2001,20191106,10:48:40,1,6204848,6205040,-1,3441.00000,3441.00000,0.00000,       84453,20191106

rb-GD-00006,instance1,SHFE rb rb2001,20191106,10:49:17,0,6205487,-1,1,3441.00000,3441.00000,0.00000,       84608,20191106

TA-GD-00006,instance1,CZCE TA TA001,20191106,10:50:33,1,656386,657848,-1,4842.00000,4836.00000,0.00000,       84984,20191106

rb-GD-00006,instance1,SHFE rb rb2001,20191106,10:51:22,1,6205487,6207273,-1,3442.00000,3442.00000,0.00000,       85191,20191106

rb-GD-00006,instance1,SHFE rb rb2001,20191106,10:52:19,0,6208172,-1,-1,3443.00000,3443.00000,0.00000,       85376,20191106

TA-GD-00006,instance1,CZCE TA TA001,20191106,10:53:37,0,658662,-1,-1,4844.00000,4844.00000,0.00000,       85727,20191106

TA-GD-00006,instance1,CZCE TA TA001,20191106,10:54:09,1,658662,658946,1,4842.00000,4842.00000,0.00000,       85915,20191106

MA-GD-00006,instance1,CZCE MA MA001,20191106,10:54:44,0,659091,-1,-1,2105.00000,2105.00000,0.00000,       86065,20191106

MA-GD-00006,instance1,CZCE MA MA001,20191106,10:55:10,1,659091,659236,1,2104.00000,2104.00000,0.00000,       86186,20191106

rb-GD-00006,instance1,SHFE rb rb2001,20191106,10:55:26,1,6208172,6211162,1,3442.00000,3444.00000,0.00000,       86245,20191106

rb-GD-00006,instance1,SHFE rb rb2001,20191106,10:56:26,0,6212130,-1,-1,3446.00000,3446.00000,0.00000,       86533,20191106

rb-GD-00006,instance1,SHFE rb rb2001,20191106,10:56:43,1,6212130,6212531,1,3445.00000,3449.00000,0.00000,       86613,20191106

rb-GD-00006,instance1,SHFE rb rb2001,20191106,10:56:59,0,6212897,-1,-1,3450.00000,3450.00000,0.00000,       86720,20191106

rb-GD-00006,instance1,SHFE rb rb2001,20191106,10:57:30,1,6212897,6213607,1,3449.00000,3452.00000,0.00000,       86904,20191106

rb-GD-00006,instance1,SHFE rb rb2001,20191106,10:57:32,0,6213658,-1,-1,3452.00000,3452.00000,0.00000,       86920,20191106

rb-GD-00006,instance1,SHFE rb rb2001,20191106,10:57:45,1,6213658,6213920,1,3451.00000,3451.00000,0.00000,       86997,20191106

rb-GD-00006,instance1,SHFE rb rb2001,20191106,10:57:46,0,6213946,-1,-1,3451.00000,3451.00000,0.00000,       87005,20191106

rb-GD-00006,instance1,SHFE rb rb2001,20191106,10:58:14,1,6213946,6214568,1,3450.00000,3450.00000,0.00000,       87187,20191106

rb-GD-00006,instance1,SHFE rb rb2001,20191106,10:58:16,0,6214607,-1,-1,3450.00000,3450.00000,0.00000,       87203,20191106

MA-GD-00006,instance1,CZCE MA MA001,20191106,10:58:22,0,660171,-1,-1,2106.00000,2106.00000,0.00000,       87225,20191106

MA-GD-00006,instance1,CZCE MA MA001,20191106,10:58:46,1,660171,660502,1,2105.00000,2108.00000,0.00000,       87392,20191106

rb-GD-00006,instance1,SHFE rb rb2001,20191106,10:58:55,1,6214607,6215357,1,3449.00000,3452.00000,0.00000,       87428,20191106

TA-GD-00006,instance1,CZCE TA TA001,20191106,21:00:20,0,7905,-1,-1,4800.00000,4800.00000,0.00000,        1190,20191107

TA-GD-00006,instance1,CZCE TA TA001,20191106,21:00:51,1,7905,71274,1,4798.00000,4802.00000,0.00000,        1933,20191107

MA-GD-00006,instance1,CZCE MA MA001,20191106,21:02:02,0,71787,-1,-1,2079.00000,2079.00000,0.00000,        2758,20191107

MA-GD-00006,instance1,CZCE MA MA001,20191106,21:02:48,1,71787,72030,1,2078.00000,2078.00000,0.00000,        3048,20191107

TA-GD-00006,instance1,CZCE TA TA001,20191106,21:03:19,0,72158,-1,1,4800.00000,4800.00000,0.00000,        3242,20191107

TA-GD-00006,instance1,CZCE TA TA001,20191106,21:03:35,1,72158,72212,-1,4802.00000,4798.00000,0.00000,        3289,20191107

rb-GD-00006,instance1,SHFE rb rb2001,20191106,21:03:52,0,74728,-1,1,3441.00000,3441.00000,0.00000,        3367,20191107

rb-GD-00006,instance1,SHFE rb rb2001,20191106,21:04:11,1,74728,74948,-1,3442.00000,3440.00000,0.00000,        3492,20191107

TA-GD-00006,instance1,CZCE TA TA001,20191106,21:04:36,0,72383,-1,1,4798.00000,4798.00000,0.00000,        3597,20191107

rb-GD-00006,instance1,SHFE rb rb2001,20191106,21:04:41,0,75140,-1,1,3439.00000,3439.00000,0.00000,        3627,20191107

TA-GD-00006,instance1,CZCE TA TA001,20191106,21:04:47,1,72383,72419,-1,4800.00000,4796.00000,0.00000,        3662,20191107

TA-GD-00006,instance1,CZCE TA TA001,20191106,21:04:48,0,72426,-1,1,4796.00000,4796.00000,0.00000,        3675,20191107

rb-GD-00006,instance1,SHFE rb rb2001,20191106,21:04:48,1,75140,75214,-1,3440.00000,3438.00000,0.00000,        3677,20191107

rb-GD-00006,instance1,SHFE rb rb2001,20191106,21:05:44,0,76124,-1,1,3438.00000,3438.00000,0.00000,        4284,20191107

rb-GD-00006,instance1,SHFE rb rb2001,20191106,21:06:24,1,76124,76770,-1,3439.00000,3439.00000,0.00000,        4610,20191107

rb-GD-00006,instance1,SHFE rb rb2001,20191106,21:07:58,0,77538,-1,-1,3439.00000,3439.00000,0.00000,        5146,20191107

MA-GD-00006,instance1,CZCE MA MA001,20191106,21:07:59,0,73108,-1,-1,2081.00000,2081.00000,0.00000,        5152,20191107

TA-GD-00006,instance1,CZCE TA TA001,20191106,21:08:04,1,72426,73149,-1,4798.00000,4792.00000,0.00000,        5200,20191107

rb-GD-00006,instance1,SHFE rb rb2001,20191106,21:08:23,1,77538,77941,1,3438.00000,3438.00000,0.00000,        5346,20191107

TA-GD-00006,instance1,CZCE TA TA001,20191106,21:08:32,0,73195,-1,1,4792.00000,4792.00000,0.00000,        5418,20191107

TA-GD-00006,instance1,CZCE TA TA001,20191106,21:08:40,1,73195,73221,-1,4794.00000,4788.00000,0.00000,        5475,20191107

MA-GD-00006,instance1,CZCE MA MA001,20191106,21:09:22,1,73108,73401,1,2080.00000,2083.00000,0.00000,        5821,20191107

MA-GD-00006,instance1,CZCE MA MA001,20191106,21:10:42,0,73803,-1,1,2080.00000,2080.00000,0.00000,        6400,20191107

rb-GD-00006,instance1,SHFE rb rb2001,20191106,21:11:02,0,79635,-1,-1,3440.00000,3440.00000,0.00000,        6501,20191107

rb-GD-00006,instance1,SHFE rb rb2001,20191106,21:11:29,1,79635,79964,1,3439.00000,3442.00000,0.00000,        6726,20191107

MA-GD-00006,instance1,CZCE MA MA001,20191106,21:11:56,1,73803,74234,-1,2081.00000,2079.00000,0.00000,        6821,20191107

rb-GD-00006,instance1,SHFE rb rb2001,20191106,21:12:01,0,710165,-1,-1,3442.00000,3442.00000,0.00000,        6895,20191107

rb-GD-00006,instance1,SHFE rb rb2001,20191106,21:12:10,1,710165,710225,1,3441.00000,3444.00000,0.00000,        6957,20191107

rb-GD-00006,instance1,SHFE rb rb2001,20191106,21:12:47,0,710523,-1,-1,3443.00000,3443.00000,0.00000,        7152,20191107

rb-GD-00006,instance1,SHFE rb rb2001,20191106,21:12:47,1,710523,710528,1,3442.00000,3443.00000,0.00000,        7154,20191107

MA-GD-00006,instance1,CZCE MA MA001,20191106,21:14:33,0,74680,-1,1,2077.00000,2077.00000,0.00000,        7547,20191107

MA-GD-00006,instance1,CZCE MA MA001,20191106,21:15:08,1,74680,74831,-1,2078.00000,2078.00000,0.00000,        7774,20191107

rb-GD-00006,instance1,SHFE rb rb2001,20191106,21:15:26,0,711575,-1,1,3441.00000,3441.00000,0.00000,        7877,20191107

rb-GD-00006,instance1,SHFE rb rb2001,20191106,21:16:41,1,711575,712143,-1,3442.00000,3440.00000,0.00000,        8255,20191107

rb-GD-00006,instance1,SHFE rb rb2001,20191106,21:17:22,0,712328,-1,1,3440.00000,3440.00000,0.00000,        8452,20191107

rb-GD-00006,instance1,SHFE rb rb2001,20191106,21:21:10,1,712328,714046,-1,3441.00000,3440.00000,0.00000,        9596,20191107

rb-GD-00006,instance1,SHFE rb rb2001,20191106,21:21:28,0,714139,-1,-1,3441.00000,3441.00000,0.00000,        9664,20191107

rb-GD-00006,instance1,SHFE rb rb2001,20191106,21:22:08,1,714139,714503,1,3440.00000,3442.00000,0.00000,        9857,20191107

rb-GD-00006,instance1,SHFE rb rb2001,20191106,21:22:08,0,714510,-1,-1,3442.00000,3442.00000,0.00000,        9860,20191107

MA-GD-00006,instance1,CZCE MA MA001,20191106,21:22:44,0,76567,-1,-1,2082.00000,2082.00000,0.00000,       10002,20191107

rb-GD-00006,instance1,SHFE rb rb2001,20191106,21:23:15,1,714510,714963,1,3441.00000,3441.00000,0.00000,       10084,20191107

TA-GD-00006,instance1,CZCE TA TA001,20191106,21:24:43,0,76875,-1,-1,4798.00000,4798.00000,0.00000,       10415,20191107

TA-GD-00006,instance1,CZCE TA TA001,20191106,21:24:51,1,76875,76904,1,4796.00000,4802.00000,0.00000,       10445,20191107

rb-GD-00006,instance1,SHFE rb rb2001,20191106,21:24:53,0,715690,-1,1,3441.00000,3441.00000,0.00000,       10450,20191107

MA-GD-00006,instance1,CZCE MA MA001,20191106,21:25:13,1,76567,76972,1,2081.00000,2083.00000,0.00000,       10626,20191107

TA-GD-00006,instance1,CZCE TA TA001,20191106,21:26:04,0,77031,-1,-1,4802.00000,4802.00000,0.00000,       10824,20191107

MA-GD-00006,instance1,CZCE MA MA001,20191106,21:26:34,0,77102,-1,-1,2084.00000,2084.00000,0.00000,       10931,20191107

TA-GD-00006,instance1,CZCE TA TA001,20191106,21:26:58,1,77031,77136,1,4800.00000,4800.00000,0.00000,       11016,20191107

MA-GD-00006,instance1,CZCE MA MA001,20191106,21:26:56,1,77102,77123,1,2083.00000,2083.00000,0.00000,       11002,20191107

rb-GD-00006,instance1,SHFE rb rb2001,20191106,21:28:09,1,715690,717697,-1,3442.00000,3443.00000,0.00000,       11404,20191107

rb-GD-00006,instance1,SHFE rb rb2001,20191106,21:28:21,0,717798,-1,-1,3444.00000,3444.00000,0.00000,       11446,20191107

rb-GD-00006,instance1,SHFE rb rb2001,20191106,21:31:39,1,717798,719235,1,3443.00000,3445.00000,0.00000,       12401,20191107

rb-GD-00006,instance1,SHFE rb rb2001,20191106,21:32:01,0,719364,-1,-1,3446.00000,3446.00000,0.00000,       12462,20191107

rb-GD-00006,instance1,SHFE rb rb2001,20191106,21:32:16,1,719364,719472,1,3445.00000,3445.00000,0.00000,       12511,20191107

rb-GD-00006,instance1,SHFE rb rb2001,20191106,21:32:18,0,719490,-1,-1,3445.00000,3445.00000,0.00000,       12515,20191107

rb-GD-00006,instance1,SHFE rb rb2001,20191106,21:32:33,1,719490,719612,1,3444.00000,3445.00000,0.00000,       12571,20191107

rb-GD-00006,instance1,SHFE rb rb2001,20191106,21:32:36,0,719647,-1,-1,3445.00000,3445.00000,0.00000,       12578,20191107

rb-GD-00006,instance1,SHFE rb rb2001,20191106,21:32:49,1,719647,719812,1,3444.00000,3446.00000,0.00000,       12632,20191107

MA-GD-00006,instance1,CZCE MA MA001,20191106,21:32:51,0,78105,-1,1,2083.00000,2083.00000,0.00000,       12651,20191107

rb-GD-00006,instance1,SHFE rb rb2001,20191106,21:33:26,0,720079,-1,-1,3446.00000,3446.00000,0.00000,       12748,20191107

rb-GD-00006,instance1,SHFE rb rb2001,20191106,21:33:28,1,720079,720087,1,3445.00000,3446.00000,0.00000,       12750,20191107

rb-GD-00006,instance1,SHFE rb rb2001,20191106,21:33:49,0,720178,-1,-1,3447.00000,3447.00000,0.00000,       12809,20191107

MA-GD-00006,instance1,CZCE MA MA001,20191106,21:38:11,1,78105,78433,-1,2084.00000,2082.00000,0.00000,       13608,20191107

rb-GD-00006,instance1,SHFE rb rb2001,20191106,21:38:24,1,720178,721861,1,3446.00000,3448.00000,0.00000,       13632,20191107

MA-GD-00006,instance1,CZCE MA MA001,20191106,21:43:04,0,78963,-1,-1,2084.00000,2084.00000,0.00000,       14676,20191107

rb-GD-00006,instance1,SHFE rb rb2001,20191106,21:44:02,0,724092,-1,1,3446.00000,3446.00000,0.00000,       14884,20191107

MA-GD-00006,instance1,CZCE MA MA001,20191106,21:45:30,1,78963,79373,1,2083.00000,2083.00000,0.00000,       15186,20191107

rb-GD-00006,instance1,SHFE rb rb2001,20191106,21:49:14,1,724092,725862,-1,3447.00000,3444.00000,0.00000,       15873,20191107

rb-GD-00006,instance1,SHFE rb rb2001,20191106,21:49:50,0,726109,-1,1,3445.00000,3445.00000,0.00000,       15998,20191107

MA-GD-00006,instance1,CZCE MA MA001,20191106,21:50:18,0,79984,-1,1,2082.00000,2082.00000,0.00000,       16176,20191107

rb-GD-00006,instance1,SHFE rb rb2001,20191106,21:50:21,1,726109,726560,-1,3446.00000,3444.00000,0.00000,       16196,20191107

MA-GD-00006,instance1,CZCE MA MA001,20191106,21:51:08,1,79984,710037,-1,2083.00000,2080.00000,0.00000,       16379,20191107

TA-GD-00006,instance1,CZCE TA TA001,20191106,21:52:15,0,710149,-1,1,4804.00000,4804.00000,0.00000,       16621,20191107

TA-GD-00006,instance1,CZCE TA TA001,20191106,21:54:03,1,710149,710335,-1,4806.00000,4800.00000,0.00000,       16873,20191107

TA-GD-00006,instance1,CZCE TA TA001,20191106,21:54:23,0,710368,-1,1,4800.00000,4800.00000,0.00000,       16933,20191107

MA-GD-00006,instance1,CZCE MA MA001,20191106,21:54:26,0,710378,-1,1,2079.00000,2079.00000,0.00000,       16940,20191107

MA-GD-00006,instance1,CZCE MA MA001,20191106,21:54:46,1,710378,710435,-1,2080.00000,2077.00000,0.00000,       17010,20191107

TA-GD-00006,instance1,CZCE TA TA001,20191106,21:56:56,1,710368,710931,-1,4802.00000,4798.00000,0.00000,       17354,20191107

rb-GD-00006,instance1,SHFE rb rb2001,20191106,21:59:32,0,735673,-1,-1,3446.00000,3446.00000,0.00000,       17779,20191107

rb-GD-00006,instance1,SHFE rb rb2001,20191106,22:00:59,1,735673,736314,1,3445.00000,3447.00000,0.00000,       18084,20191107

rb-GD-00006,instance1,SHFE rb rb2001,20191106,22:01:02,0,736358,-1,-1,3447.00000,3447.00000,0.00000,       18109,20191107

TA-GD-00006,instance1,CZCE TA TA001,20191106,22:02:17,0,718787,-1,-1,4804.00000,4804.00000,0.00000,       18314,20191107

MA-GD-00006,instance1,CZCE MA MA001,20191106,22:02:57,0,719368,-1,-1,2082.00000,2082.00000,0.00000,       18415,20191107

MA-GD-00006,instance1,CZCE MA MA001,20191106,22:03:30,1,719368,719406,1,2081.00000,2083.00000,0.00000,       18518,20191107

rb-GD-00006,instance1,SHFE rb rb2001,20191106,22:05:22,1,736358,737250,1,3446.00000,3446.00000,0.00000,       18692,20191107

MA-GD-00006,instance1,CZCE MA MA001,20191106,22:06:42,0,719668,-1,1,2081.00000,2081.00000,0.00000,       18837,20191107

TA-GD-00006,instance1,CZCE TA TA001,20191106,22:07:00,1,718787,719722,1,4802.00000,4802.00000,0.00000,       18865,20191107

TA-GD-00006,instance1,CZCE TA TA001,20191106,22:07:01,0,719728,-1,1,4802.00000,4802.00000,0.00000,       18870,20191107

TA-GD-00006,instance1,CZCE TA TA001,20191106,22:08:00,1,719728,719929,-1,4804.00000,4804.00000,0.00000,       19022,20191107

MA-GD-00006,instance1,CZCE MA MA001,20191106,22:10:27,1,719668,720321,-1,2082.00000,2082.00000,0.00000,       19444,20191107

TA-GD-00006,instance1,CZCE TA TA001,20191106,22:10:27,0,720323,-1,-1,4806.00000,4806.00000,0.00000,       19445,20191107

rb-GD-00006,instance1,SHFE rb rb2001,20191106,22:12:19,0,738956,-1,1,3444.00000,3444.00000,0.00000,       19667,20191107

rb-GD-00006,instance1,SHFE rb rb2001,20191106,22:12:43,1,738956,739078,-1,3445.00000,3443.00000,0.00000,       19728,20191107

TA-GD-00006,instance1,CZCE TA TA001,20191106,22:13:59,1,720323,720687,1,4804.00000,4810.00000,0.00000,       19959,20191107

rb-GD-00006,instance1,SHFE rb rb2001,20191106,22:15:01,0,739786,-1,1,3441.00000,3441.00000,0.00000,       20101,20191107

rb-GD-00006,instance1,SHFE rb rb2001,20191106,22:15:15,1,739786,739887,-1,3442.00000,3442.00000,0.00000,       20152,20191107

rb-GD-00006,instance1,SHFE rb rb2001,20191106,22:15:50,0,739999,-1,1,3441.00000,3441.00000,0.00000,       20228,20191107

rb-GD-00006,instance1,SHFE rb rb2001,20191106,22:19:07,1,739999,740897,-1,3442.00000,3442.00000,0.00000,       20688,20191107

rb-GD-00006,instance1,SHFE rb rb2001,20191106,22:19:54,0,741017,-1,-1,3442.00000,3442.00000,0.00000,       20771,20191107

rb-GD-00006,instance1,SHFE rb rb2001,20191106,22:20:41,1,741017,741363,1,3441.00000,3443.00000,0.00000,       20920,20191107

rb-GD-00006,instance1,SHFE rb rb2001,20191106,22:21:15,0,741517,-1,-1,3443.00000,3443.00000,0.00000,       21046,20191107

rb-GD-00006,instance1,SHFE rb rb2001,20191106,22:21:29,1,741517,741576,1,3442.00000,3443.00000,0.00000,       21066,20191107

rb-GD-00006,instance1,SHFE rb rb2001,20191106,22:21:31,0,741583,-1,-1,3443.00000,3443.00000,0.00000,       21068,20191107

TA-GD-00006,instance1,CZCE TA TA001,20191106,22:22:09,0,721545,-1,1,4806.00000,4806.00000,0.00000,       21146,20191107

rb-GD-00006,instance1,SHFE rb rb2001,20191106,22:26:24,1,741583,742679,1,3442.00000,3442.00000,0.00000,       21756,20191107

rb-GD-00006,instance1,SHFE rb rb2001,20191106,22:27:21,0,743082,-1,1,3441.00000,3441.00000,0.00000,       22016,20191107

rb-GD-00006,instance1,SHFE rb rb2001,20191106,22:27:40,1,743082,743426,-1,3442.00000,3439.00000,0.00000,       22171,20191107

rb-GD-00006,instance1,SHFE rb rb2001,20191106,22:28:08,0,743689,-1,1,3439.00000,3439.00000,0.00000,       22288,20191107

rb-GD-00006,instance1,SHFE rb rb2001,20191106,22:28:26,1,743689,743825,-1,3440.00000,3438.00000,0.00000,       22367,20191107

rb-GD-00006,instance1,SHFE rb rb2001,20191106,22:28:36,0,743886,-1,1,3437.00000,3437.00000,0.00000,       22407,20191107

rb-GD-00006,instance1,SHFE rb rb2001,20191106,22:28:45,1,743886,743988,-1,3438.00000,3434.00000,0.00000,       22453,20191107

rb-GD-00006,instance1,SHFE rb rb2001,20191106,22:29:36,0,744395,-1,1,3436.00000,3436.00000,0.00000,       22632,20191107

rb-GD-00006,instance1,SHFE rb rb2001,20191106,22:30:00,1,744395,744498,-1,3437.00000,3435.00000,0.00000,       22699,20191107

rb-GD-00006,instance1,SHFE rb rb2001,20191106,22:30:03,0,744672,-1,1,3433.00000,3433.00000,0.00000,       22802,20191107

rb-GD-00006,instance1,SHFE rb rb2001,20191106,22:30:06,1,744672,744756,-1,3434.00000,3434.00000,0.00000,       22839,20191107

rb-GD-00006,instance1,SHFE rb rb2001,20191106,22:30:38,0,745227,-1,1,3435.00000,3435.00000,0.00000,       23029,20191107

rb-GD-00006,instance1,SHFE rb rb2001,20191106,22:30:46,1,745227,745264,-1,3436.00000,3436.00000,0.00000,       23047,20191107

rb-GD-00006,instance1,SHFE rb rb2001,20191106,22:31:57,0,745809,-1,-1,3437.00000,3437.00000,0.00000,       23318,20191107

rb-GD-00006,instance1,SHFE rb rb2001,20191106,22:32:21,1,745809,746039,1,3436.00000,3438.00000,0.00000,       23408,20191107

TA-GD-00006,instance1,CZCE TA TA001,20191106,22:32:51,1,721545,723781,-1,4808.00000,4802.00000,0.00000,       23538,20191107

TA-GD-00006,instance1,CZCE TA TA001,20191106,22:33:19,0,723853,-1,1,4802.00000,4802.00000,0.00000,       23643,20191107

TA-GD-00006,instance1,CZCE TA TA001,20191106,22:34:58,1,723853,723985,-1,4804.00000,4800.00000,0.00000,       24101,20191107

rb-GD-00006,instance1,SHFE rb rb2001,20191106,22:38:07,0,750546,-1,-1,3439.00000,3439.00000,0.00000,       24996,20191107

MA-GD-00006,instance1,CZCE MA MA001,20191106,22:40:49,0,725292,-1,1,2079.00000,2079.00000,0.00000,       25743,20191107

MA-GD-00006,instance1,CZCE MA MA001,20191106,22:42:06,1,725292,725766,-1,2080.00000,2076.00000,0.00000,       26058,20191107

MA-GD-00006,instance1,CZCE MA MA001,20191106,22:42:36,0,725909,-1,1,2076.00000,2076.00000,0.00000,       26218,20191107

MA-GD-00006,instance1,CZCE MA MA001,20191106,22:43:22,1,725909,726195,-1,2077.00000,2074.00000,0.00000,       26390,20191107

rb-GD-00006,instance1,SHFE rb rb2001,20191106,22:44:55,1,750546,757615,1,3438.00000,3440.00000,0.00000,       26842,20191107

MA-GD-00006,instance1,CZCE MA MA001,20191106,22:45:27,0,726909,-1,-1,2079.00000,2079.00000,0.00000,       27148,20191107

TA-GD-00006,instance1,CZCE TA TA001,20191106,22:45:58,0,727184,-1,-1,4804.00000,4804.00000,0.00000,       27345,20191107

MA-GD-00006,instance1,CZCE MA MA001,20191106,22:48:33,1,726909,727775,1,2078.00000,2078.00000,0.00000,       28168,20191107

MA-GD-00006,instance1,CZCE MA MA001,20191106,22:49:25,0,728034,-1,1,2078.00000,2078.00000,0.00000,       28347,20191107

TA-GD-00006,instance1,CZCE TA TA001,20191106,22:49:34,1,727184,728079,1,4802.00000,4802.00000,0.00000,       28376,20191107

MA-GD-00006,instance1,CZCE MA MA001,20191106,22:49:53,1,728034,728171,-1,2079.00000,2079.00000,0.00000,       28461,20191107

rb-GD-00006,instance1,SHFE rb rb2001,20191106,22:51:59,0,766319,-1,-1,3441.00000,3441.00000,0.00000,       28960,20191107

rb-GD-00006,instance1,SHFE rb rb2001,20191106,22:52:28,1,766319,766893,1,3440.00000,3442.00000,0.00000,       29047,20191107

rb-GD-00006,instance1,SHFE rb rb2001,20191106,22:52:28,0,766914,-1,-1,3442.00000,3442.00000,0.00000,       29049,20191107

rb-GD-00006,instance1,SHFE rb rb2001,20191106,22:52:31,1,766914,766986,1,3441.00000,3442.00000,0.00000,       29062,20191107

rb-GD-00006,instance1,SHFE rb rb2001,20191106,22:52:36,0,767077,-1,-1,3443.00000,3443.00000,0.00000,       29082,20191107

MA-GD-00006,instance1,CZCE MA MA001,20191106,22:55:59,0,730101,-1,1,2077.00000,2077.00000,0.00000,       30076,20191107

rb-GD-00006,instance1,SHFE rb rb2001,20191106,22:56:30,1,767077,771865,1,3442.00000,3443.00000,0.00000,       30188,20191107

TA-GD-00006,instance1,CZCE TA TA001,20191106,22:57:26,0,730538,-1,-1,4806.00000,4806.00000,0.00000,       30297,20191107

TA-GD-00006,instance1,CZCE TA TA001,20191106,23:00:19,1,730538,732284,1,4804.00000,4810.00000,0.00000,       30944,20191107

MA-GD-00006,instance1,CZCE MA MA001,20191106,23:00:54,1,730101,732572,-1,2078.00000,2078.00000,0.00000,       31022,20191107

MA-GD-00006,instance1,CZCE MA MA001,20191106,23:01:23,0,732927,-1,-1,2081.00000,2081.00000,0.00000,       31077,20191107

MA-GD-00006,instance1,CZCE MA MA001,20191106,23:01:33,1,732927,733093,1,2080.00000,2083.00000,0.00000,       31111,20191107

TA-GD-00006,instance1,CZCE TA TA001,20191106,23:01:34,0,733120,-1,-1,4810.00000,4810.00000,0.00000,       31117,20191107

MA-GD-00006,instance1,CZCE MA MA001,20191106,23:01:45,0,733313,-1,-1,2083.00000,2083.00000,0.00000,       31169,20191107

TA-GD-00006,instance1,CZCE TA TA001,20191106,23:01:45,1,733120,733330,1,4808.00000,4814.00000,0.00000,       31174,20191107

MA-GD-00006,instance1,CZCE MA MA001,20191106,23:02:46,1,733313,734027,1,2082.00000,2082.00000,0.00000,       31396,20191107

MA-GD-00006,instance1,CZCE MA MA001,20191106,23:03:19,0,734397,-1,-1,2083.00000,2083.00000,0.00000,       31472,20191107

MA-GD-00006,instance1,CZCE MA MA001,20191106,23:03:40,1,734397,734510,1,2082.00000,2085.00000,0.00000,       31558,20191107

MA-GD-00006,instance1,CZCE MA MA001,20191106,23:15:48,0,735421,-1,1,2082.00000,2082.00000,0.00000,       35287,20191107

MA-GD-00006,instance1,CZCE MA MA001,20191106,23:16:15,1,735421,735502,-1,2083.00000,2080.00000,0.00000,       35427,20191107

MA-GD-00006,instance1,CZCE MA MA001,20191106,23:16:34,0,735587,-1,1,2080.00000,2080.00000,0.00000,       35563,20191107

MA-GD-00006,instance1,CZCE MA MA001,20191106,23:18:33,1,735587,735756,-1,2081.00000,2081.00000,0.00000,       36333,20191107

MA-GD-00006,instance1,CZCE MA MA001,20191106,23:29:09,0,736247,-1,1,2079.00000,2079.00000,0.00000,       38323,20191107

TA-GD-00006,instance1,CZCE TA TA001,20191106,23:29:52,0,736322,-1,1,4806.00000,4806.00000,0.00000,       38424,20191107

