TA-GD-00006,instance1,TA001,20191119S,09:00:36,-1,-1,-1,0,-1.00000,-1.00000,0.00000,0000,20191119

MA-GD-00006,instance1,MA001,20191119S,09:00:42,-1,-1,-1,0,-1.00000,-1.00000,0.00000,0000,20191119

rb-GD-00006,instance1,rb2001,20191119S,09:00:47,-1,-1,-1,0,-1.00000,-1.00000,0.00000,0000,20191119

MA-GD-00006,instance1,CZCE MA MA001,20191119,09:00:41,0,1977010,-1,1,1918.00000,1918.00000,0.00000,       62232,20191119

TA-GD-00006,instance1,CZCE TA TA001,20191119,09:00:49,0,1977059,-1,1,4718.00000,4718.00000,0.00000,       62348,20191119

rb-GD-00006,instance1,SHFE rb rb2001,20191119,09:00:54,0,19226885,-1,-1,3563.00000,3563.00000,0.00000,       62395,20191119

TA-GD-00006,instance1,TA001,20191119S,09:07:03,-1,-1,-1,0,-1.00000,-1.00000,0.00000,0000,20191119

MA-GD-00006,instance1,MA001,20191119S,09:07:09,-1,-1,-1,0,-1.00000,-1.00000,0.00000,0000,20191119

rb-GD-00006,instance1,rb2001,20191119S,09:07:15,-1,-1,-1,0,-1.00000,-1.00000,0.00000,0000,20191119

MA-GD-00006,instance1,CZCE MA MA001,20191119,09:07:06,0,1981106,-1,-1,1905.00000,1905.00000,0.00000,       66276,20191119

rb-GD-00006,instance1,SHFE rb rb2001,20191119,09:07:40,0,19246771,-1,1,3567.00000,3567.00000,0.00000,       66541,20191119

TA-GD-00006,instance1,CZCE TA TA001,20191119,09:10:06,0,1982787,-1,-1,4716.00000,4716.00000,0.00000,       67541,20191119

TA-GD-00006,instance1,TA001,20191119S,10:04:11,-1,-1,-1,0,-1.00000,-1.00000,0.00000,0000,20191119

MA-GD-00006,instance1,MA001,20191119S,10:04:17,-1,-1,-1,0,-1.00000,-1.00000,0.00000,0000,20191119

rb-GD-00006,instance1,rb2001,20191119S,10:04:23,-1,-1,-1,0,-1.00000,-1.00000,0.00000,0000,20191119

rb-GD-00006,instance1,SHFE rb rb2001,20191119,10:04:33,0,19354651,-1,1,3573.00000,3573.00000,0.00000,      101185,20191119

TA-GD-00006,instance1,CZCE TA TA001,20191119,10:04:42,0,19105509,-1,1,4734.00000,4734.00000,0.00000,      101245,20191119

rb-GD-00006,instance1,SHFE rb rb2001,20191119,10:07:06,1,19354651,19358529,-1,3575.00000,3575.00000,0.00000,      102248,20191119

rb-GD-00006,instance1,SHFE rb rb2001,20191119,10:08:30,0,19360616,-1,-1,3577.00000,3577.00000,0.00000,      102729,20191119

rb-GD-00006,instance1,SHFE rb rb2001,20191119,10:09:13,1,19360616,19361740,1,3574.00000,3574.00000,0.00000,      103055,20191119

rb-GD-00006,instance1,SHFE rb rb2001,20191119,10:11:20,0,19365026,-1,-1,3576.00000,3576.00000,0.00000,      104003,20191119

TA-GD-00006,instance1,TA001,20191119S,13:24:10,-1,-1,-1,0,-1.00000,-1.00000,0.00000,0000,20191119

MA-GD-00006,instance1,MA001,20191119S,13:24:16,-1,-1,-1,0,-1.00000,-1.00000,0.00000,0000,20191119

rb-GD-00006,instance1,rb2001,20191119S,13:24:23,-1,-1,-1,0,-1.00000,-1.00000,0.00000,0000,20191119

MA-GD-00006,instance1,CZCE MA MA001,20191119,13:30:40,0,19154779,-1,-1,1906.00000,1906.00000,0.00000,      128671,20191119

rb-GD-00006,instance1,SHFE rb rb2001,20191119,13:30:43,0,19484229,-1,1,3600.00000,3600.00000,0.00000,      128693,20191119

rb-GD-00006,instance1,SHFE rb rb2001,20191119,13:31:02,1,19484229,19484669,-1,3601.00000,3599.00000,0.00000,      128853,20191119

rb-GD-00006,instance1,SHFE rb rb2001,20191119,13:31:05,0,19484816,-1,-1,3599.00000,3599.00000,0.00000,      128933,20191119

rb-GD-00006,instance1,SHFE rb rb2001,20191119,13:31:16,1,19484816,19485057,1,3601.00000,3602.00000,0.00000,      129029,20191119

rb-GD-00006,instance1,SHFE rb rb2001,20191119,13:32:09,0,19486385,-1,-1,3603.00000,3603.00000,0.00000,      129476,20191119

rb-GD-00006,instance1,SHFE rb rb2001,20191119,13:32:21,1,19486385,19486888,1,3602.00000,3602.00000,0.00000,      129602,20191119

rb-GD-00006,instance1,SHFE rb rb2001,20191119,13:32:23,0,19486980,-1,-1,3602.00000,3602.00000,0.00000,      129611,20191119

rb-GD-00006,instance1,SHFE rb rb2001,20191119,13:32:34,1,19486980,19487301,1,3603.00000,3604.00000,0.00000,      129658,20191119

rb-GD-00006,instance1,SHFE rb rb2001,20191119,13:33:07,0,19488340,-1,-1,3603.00000,3603.00000,0.00000,      129939,20191119

rb-GD-00006,instance1,SHFE rb rb2001,20191119,13:33:29,1,19488340,19489029,1,3601.00000,3601.00000,0.00000,      130149,20191119

TA-GD-00006,instance1,CZCE TA TA001,20191119,13:34:18,0,19157336,-1,-1,4722.00000,4722.00000,0.00000,      130562,20191119

rb-GD-00006,instance1,SHFE rb rb2001,20191119,13:34:26,0,19490775,-1,-1,3599.00000,3599.00000,0.00000,      130652,20191119

rb-GD-00006,instance1,SHFE rb rb2001,20191119,13:34:44,1,19490775,19491312,1,3598.00000,3598.00000,0.00000,      130778,20191119

rb-GD-00006,instance1,SHFE rb rb2001,20191119,13:34:54,0,19491642,-1,-1,3597.00000,3597.00000,0.00000,      130863,20191119

rb-GD-00006,instance1,SHFE rb rb2001,20191119,13:35:05,1,19491642,19492293,1,3598.00000,3599.00000,0.00000,      131074,20191119

TA-GD-00006,instance1,CZCE TA TA001,20191119,13:35:50,1,19157336,19158078,1,4720.00000,4722.00000,0.00000,      131348,20191119

TA-GD-00006,instance1,CZCE TA TA001,20191119,13:36:06,0,19158224,-1,-1,4722.00000,4722.00000,0.00000,      131480,20191119

rb-GD-00006,instance1,SHFE rb rb2001,20191119,13:36:13,0,19494563,-1,-1,3598.00000,3598.00000,0.00000,      131524,20191119

rb-GD-00006,instance1,SHFE rb rb2001,20191119,13:36:30,1,19494563,19495047,1,3597.00000,3597.00000,0.00000,      131595,20191119

rb-GD-00006,instance1,SHFE rb rb2001,20191119,13:36:40,0,19495360,-1,-1,3596.00000,3596.00000,0.00000,      131667,20191119

TA-GD-00006,instance1,CZCE TA TA001,20191119,13:37:21,1,19158224,19158855,1,4722.00000,4722.00000,0.00000,      131985,20191119

rb-GD-00006,instance1,SHFE rb rb2001,20191119,13:38:26,1,19495360,19498621,1,3594.00000,3594.00000,0.00000,      132381,20191119

rb-GD-00006,instance1,SHFE rb rb2001,20191119,13:39:14,0,19500238,-1,-1,3593.00000,3593.00000,0.00000,      132727,20191119

rb-GD-00006,instance1,SHFE rb rb2001,20191119,13:39:42,1,19500238,19501031,1,3592.00000,3594.00000,0.00000,      132945,20191119

rb-GD-00006,instance1,SHFE rb rb2001,20191119,13:41:04,0,19503485,-1,-1,3598.00000,3598.00000,0.00000,      133490,20191119

rb-GD-00006,instance1,SHFE rb rb2001,20191119,13:41:15,1,19503485,19503836,1,3598.00000,3599.00000,0.00000,      133563,20191119

rb-GD-00006,instance1,SHFE rb rb2001,20191119,13:42:27,0,19505916,-1,-1,3599.00000,3599.00000,0.00000,      134066,20191119

rb-GD-00006,instance1,SHFE rb rb2001,20191119,13:42:52,1,19505916,19506855,1,3598.00000,3599.00000,0.00000,      134198,20191119

rb-GD-00006,instance1,SHFE rb rb2001,20191119,13:43:10,0,19507506,-1,-1,3599.00000,3599.00000,0.00000,      134305,20191119

rb-GD-00006,instance1,SHFE rb rb2001,20191119,13:43:28,1,19507506,19507953,1,3599.00000,3599.00000,0.00000,      134419,20191119

rb-GD-00006,instance1,SHFE rb rb2001,20191119,13:44:34,0,19509836,-1,-1,3597.00000,3597.00000,0.00000,      134877,20191119

rb-GD-00006,instance1,SHFE rb rb2001,20191119,13:45:00,1,19509836,19510807,1,3597.00000,3598.00000,0.00000,      135119,20191119

rb-GD-00006,instance1,SHFE rb rb2001,20191119,13:46:28,0,19514364,-1,-1,3602.00000,3602.00000,0.00000,      136095,20191119

rb-GD-00006,instance1,SHFE rb rb2001,20191119,13:46:59,1,19514364,19515412,1,3601.00000,3601.00000,0.00000,      136244,20191119

rb-GD-00006,instance1,SHFE rb rb2001,20191119,13:48:06,0,19517468,-1,-1,3600.00000,3600.00000,0.00000,      136602,20191119

rb-GD-00006,instance1,SHFE rb rb2001,20191119,13:48:20,1,19517468,19517976,1,3599.00000,3599.00000,0.00000,      136748,20191119

rb-GD-00006,instance1,SHFE rb rb2001,20191119,13:50:16,0,19521612,-1,-1,3596.00000,3596.00000,0.00000,      137584,20191119

TA-GD-00006,instance1,CZCE TA TA001,20191119,13:50:50,0,19170382,-1,-1,4734.00000,4734.00000,0.00000,      137744,20191119

rb-GD-00006,instance1,SHFE rb rb2001,20191119,13:50:54,1,19521612,19522642,1,3594.00000,3597.00000,0.00000,      137751,20191119

TA-GD-00006,instance1,TA001,20191119S,14:09:00,-1,-1,-1,0,-1.00000,-1.00000,0.00000,0000,20191119

MA-GD-00006,instance1,MA001,20191119S,14:09:06,-1,-1,-1,0,-1.00000,-1.00000,0.00000,0000,20191119

rb-GD-00006,instance1,rb2001,20191119S,14:09:11,-1,-1,-1,0,-1.00000,-1.00000,0.00000,0000,20191119

MA-GD-00006,instance1,CZCE MA MA001,20191119,14:09:22,0,19186596,-1,1,1914.00000,1914.00000,0.00000,      143732,20191119

TA-GD-00006,instance1,TA001,20191119S,14:19:25,-1,-1,-1,0,-1.00000,-1.00000,0.00000,0000,20191119

MA-GD-00006,instance1,MA001,20191119S,14:19:30,-1,-1,-1,0,-1.00000,-1.00000,0.00000,0000,20191119

rb-GD-00006,instance1,rb2001,20191119S,14:19:36,-1,-1,-1,0,-1.00000,-1.00000,0.00000,0000,20191119

rb-GD-00006,instance1,SHFE rb rb2001,20191119,14:19:44,0,19567703,-1,1,3599.00000,3599.00000,0.00000,      148004,20191119

rb-GD-00006,instance1,SHFE rb rb2001,20191119,14:19:58,1,19567703,19568186,-1,3600.00000,3601.00000,0.00000,      148097,20191119

rb-GD-00006,instance1,SHFE rb rb2001,20191119,14:26:28,0,19577240,-1,-1,3603.00000,3603.00000,0.00000,      149956,20191119

rb-GD-00006,instance1,SHFE rb rb2001,20191119,14:27:29,1,19577240,19578746,1,3603.00000,3602.00000,0.00000,      150325,20191119

rb-GD-00006,instance1,SHFE rb rb2001,20191119,14:28:37,0,19580709,-1,-1,3603.00000,3603.00000,0.00000,      150779,20191119

rb-GD-00006,instance1,SHFE rb rb2001,20191119,14:29:25,1,19580709,19581896,1,3603.00000,3603.00000,0.00000,      150998,20191119

rb-GD-00006,instance1,SHFE rb rb2001,20191119,14:31:54,0,19585862,-1,-1,3601.00000,3602.00000,0.00000,      151873,20191119

rb-GD-00006,instance1,SHFE rb rb2001,20191119,14:32:43,1,19585862,19586984,1,3602.00000,3604.00000,0.00000,      152127,20191119

rb-GD-00006,instance1,SHFE rb rb2001,20191119,14:37:56,0,19593836,-1,-1,3602.00000,3602.00000,0.00000,      153507,20191119

TA-GD-00006,instance1,TA001,20191119S,21:18:43,-1,-1,-1,0,-1.00000,-1.00000,0.00000,0000,20191120

TA-GD-00006,instance1,TA001,20191119S,21:20:40,-1,-1,-1,0,-1.00000,-1.00000,0.00000,0000,20191120

TA-GD-00006,instance1,TA001,20191119S,21:22:09,-1,-1,-1,0,-1.00000,-1.00000,0.00000,0000,20191120

TA-GD-00006,instance1,TA001,20191119S,21:24:01,-1,-1,-1,0,-1.00000,-1.00000,0.00000,0000,20191120

TA-GD-00006,instance1,TA001,20191119S,21:25:09,-1,-1,-1,0,-1.00000,-1.00000,0.00000,0000,20191120

TA-GD-00006,instance1,TA001,20191119S,21:28:40,-1,-1,-1,0,-1.00000,-1.00000,0.00000,0000,20191120

TA-GD-00006,instance1,TA001,20191119S,21:32:33,-1,-1,-1,0,-1.00000,-1.00000,0.00000,0000,20191120

MA-GD-00006,instance1,MA001,20191119S,21:32:45,-1,-1,-1,0,-1.00000,-1.00000,0.00000,0000,20191120

rb-GD-00006,instance1,rb2001,20191119S,21:32:52,-1,-1,-1,0,-1.00000,-1.00000,0.00000,0000,20191120

rb-GD-00006,instance1,SHFE rb rb2001,20191119,21:31:55,0,2045947,-1,-1,3643.00000,3643.00000,0.00000,       14689,20191120

TA-GD-00006,instance1,CZCE TA TA001,20191119,21:32:01,0,206429,-1,-1,4722.00000,4722.00000,0.00000,       14727,20191120

rb-GD-00006,instance1,SHFE rb rb2001,20191119,21:32:11,1,2045947,2046132,1,3644.00000,3645.00000,0.00000,       14765,20191120

rb-GD-00006,instance1,SHFE rb rb2001,20191119,21:32:12,0,2046154,-1,1,3645.00000,3645.00000,0.00000,       14769,20191120

MA-GD-00006,instance1,CZCE MA MA001,20191119,21:32:24,0,206487,-1,-1,1917.00000,1917.00000,0.00000,       14804,20191120

TA-GD-00006,instance1,CZCE TA TA001,20191119,21:32:27,1,206429,206493,1,4722.00000,4724.00000,0.00000,       14812,20191120

rb-GD-00006,instance1,SHFE rb rb2001,20191119,21:32:35,1,2046154,2046464,-1,3645.00000,3646.00000,0.00000,       14839,20191120

TA-GD-00006,instance1,CZCE TA TA001,20191119,21:33:58,0,206766,-1,-1,4726.00000,4726.00000,0.00000,       15374,20191120

TA-GD-00006,instance1,CZCE TA TA001,20191119,21:35:24,1,206766,206972,1,4726.00000,4730.00000,0.00000,       15818,20191120

MA-GD-00006,instance1,CZCE MA MA001,20191119,21:35:51,1,206487,207004,1,1916.00000,1918.00000,0.00000,       16025,20191120

rb-GD-00006,instance1,SHFE rb rb2001,20191119,21:37:29,0,2051908,-1,-1,3643.00000,3643.00000,0.00000,       16502,20191120

rb-GD-00006,instance1,SHFE rb rb2001,20191119,21:38:07,1,2051908,2052607,1,3643.00000,3644.00000,0.00000,       16710,20191120

MA-GD-00006,instance1,CZCE MA MA001,20191119,21:41:48,0,207474,-1,-1,1915.00000,1915.00000,0.00000,       17778,20191120

MA-GD-00006,instance1,CZCE MA MA001,20191119,21:42:07,1,207474,207537,1,1915.00000,1917.00000,0.00000,       17844,20191120

MA-GD-00006,instance1,CZCE MA MA001,20191119,21:42:55,0,207596,-1,-1,1916.00000,1916.00000,0.00000,       17973,20191120

MA-GD-00006,instance1,CZCE MA MA001,20191119,21:43:26,1,207596,207652,1,1916.00000,1918.00000,0.00000,       18052,20191120

MA-GD-00006,instance1,CZCE MA MA001,20191119,21:44:00,0,207720,-1,-1,1917.00000,1917.00000,0.00000,       18126,20191120

MA-GD-00006,instance1,CZCE MA MA001,20191119,21:44:28,1,207720,207751,1,1916.00000,1916.00000,0.00000,       18249,20191120

MA-GD-00006,instance1,CZCE MA MA001,20191119,21:44:30,0,207755,-1,-1,1916.00000,1916.00000,0.00000,       18253,20191120

MA-GD-00006,instance1,CZCE MA MA001,20191119,21:44:58,1,207755,207780,1,1915.00000,1916.00000,0.00000,       18372,20191120

MA-GD-00006,instance1,CZCE MA MA001,20191119,21:45:01,0,207792,-1,-1,1916.00000,1916.00000,0.00000,       18409,20191120

MA-GD-00006,instance1,CZCE MA MA001,20191119,21:45:41,1,207792,207937,1,1916.00000,1916.00000,0.00000,       18584,20191120

MA-GD-00006,instance1,CZCE MA MA001,20191119,21:46:15,0,208044,-1,-1,1916.00000,1916.00000,0.00000,       18716,20191120

MA-GD-00006,instance1,CZCE MA MA001,20191119,21:47:17,1,208044,208223,1,1916.00000,1916.00000,0.00000,       18949,20191120

MA-GD-00006,instance1,CZCE MA MA001,20191119,21:48:07,0,208449,-1,-1,1914.00000,1914.00000,0.00000,       19144,20191120

MA-GD-00006,instance1,CZCE MA MA001,20191119,21:48:48,1,208449,208606,1,1914.00000,1914.00000,0.00000,       19285,20191120

MA-GD-00006,instance1,CZCE MA MA001,20191119,21:49:29,0,208763,-1,-1,1915.00000,1915.00000,0.00000,       19402,20191120

MA-GD-00006,instance1,CZCE MA MA001,20191119,21:51:04,1,208763,209026,1,1914.00000,1916.00000,0.00000,       19590,20191120

MA-GD-00006,instance1,CZCE MA MA001,20191119,21:51:41,0,209151,-1,-1,1917.00000,1917.00000,0.00000,       19637,20191120

MA-GD-00006,instance1,CZCE MA MA001,20191119,21:52:12,1,209151,209256,1,1917.00000,1917.00000,0.00000,       19705,20191120

MA-GD-00006,instance1,CZCE MA MA001,20191119,21:53:00,0,209348,-1,-1,1916.00000,1916.00000,0.00000,       19831,20191120

MA-GD-00006,instance1,CZCE MA MA001,20191119,21:53:57,1,209348,209489,1,1916.00000,1916.00000,0.00000,       20007,20191120

MA-GD-00006,instance1,CZCE MA MA001,20191119,21:53:59,0,209492,-1,-1,1916.00000,1916.00000,0.00000,       20011,20191120

MA-GD-00006,instance1,CZCE MA MA001,20191119,21:55:54,1,209492,209769,1,1916.00000,1916.00000,0.00000,       20255,20191120

MA-GD-00006,instance1,CZCE MA MA001,20191119,21:56:19,0,209829,-1,-1,1916.00000,1916.00000,0.00000,       20316,20191120

MA-GD-00006,instance1,CZCE MA MA001,20191119,22:01:03,1,209829,2011238,1,1916.00000,1918.00000,0.00000,       21729,20191120

rb-GD-00006,instance1,SHFE rb rb2001,20191119,22:15:21,0,2087119,-1,-1,3658.00000,3658.00000,0.00000,       24511,20191120

rb-GD-00006,instance1,SHFE rb rb2001,20191119,22:15:33,1,2087119,2087438,1,3656.00000,3656.00000,0.00000,       24561,20191120

MA-GD-00006,instance1,CZCE MA MA001,20191119,22:16:26,0,2018501,-1,-1,1914.00000,1914.00000,0.00000,       24780,20191120

MA-GD-00006,instance1,CZCE MA MA001,20191119,22:16:39,1,2018501,2018702,1,1914.00000,1916.00000,0.00000,       24816,20191120

TA-GD-00006,instance1,CZCE TA TA001,20191119,22:18:11,0,2019993,-1,-1,4720.00000,4720.00000,0.00000,       25258,20191120

TA-GD-00006,instance1,CZCE TA TA001,20191119,22:18:23,1,2019993,2020122,1,4720.00000,4722.00000,0.00000,       25309,20191120

TA-GD-00006,instance1,CZCE TA TA001,20191119,22:18:36,0,2020336,-1,-1,4718.00000,4718.00000,0.00000,       25361,20191120

MA-GD-00006,instance1,CZCE MA MA001,20191119,22:18:43,0,2020418,-1,-1,1911.00000,1911.00000,0.00000,       25376,20191120

TA-GD-00006,instance1,CZCE TA TA001,20191119,22:18:57,1,2020336,2020623,1,4718.00000,4720.00000,0.00000,       25414,20191120

MA-GD-00006,instance1,CZCE MA MA001,20191119,22:18:59,1,2020418,2020670,1,1911.00000,1910.00000,0.00000,       25426,20191120

TA-GD-00006,instance1,CZCE TA TA001,20191119,22:19:06,0,2020761,-1,-1,4718.00000,4718.00000,0.00000,       25468,20191120

MA-GD-00006,instance1,CZCE MA MA001,20191119,22:19:16,0,2020892,-1,-1,1908.00000,1908.00000,0.00000,       25504,20191120

TA-GD-00006,instance1,CZCE TA TA001,20191119,22:19:20,1,2020761,2020960,1,4718.00000,4718.00000,0.00000,       25515,20191120

TA-GD-00006,instance1,CZCE TA TA001,20191119,22:19:25,0,2021001,-1,-1,4718.00000,4718.00000,0.00000,       25525,20191120

MA-GD-00006,instance1,CZCE MA MA001,20191119,22:19:51,1,2020892,2021302,1,1906.00000,1907.00000,0.00000,       25580,20191120

MA-GD-00006,instance1,CZCE MA MA001,20191119,22:19:52,0,2021332,-1,-1,1907.00000,1907.00000,0.00000,       25581,20191120

TA-GD-00006,instance1,CZCE TA TA001,20191119,22:19:59,1,2021001,2021398,1,4718.00000,4720.00000,0.00000,       25602,20191120

MA-GD-00006,instance1,CZCE MA MA001,20191119,22:20:04,1,2021332,2021504,1,1907.00000,1907.00000,0.00000,       25647,20191120

MA-GD-00006,instance1,CZCE MA MA001,20191119,22:20:15,0,2021637,-1,-1,1907.00000,1907.00000,0.00000,       25705,20191120

TA-GD-00006,instance1,CZCE TA TA001,20191119,22:20:30,0,2021844,-1,-1,4718.00000,4718.00000,0.00000,       25738,20191120

MA-GD-00006,instance1,CZCE MA MA001,20191119,22:20:37,1,2021637,2021940,1,1908.00000,1909.00000,0.00000,       25747,20191120

MA-GD-00006,instance1,CZCE MA MA001,20191119,22:20:40,0,2021996,-1,-1,1908.00000,1908.00000,0.00000,       25759,20191120

TA-GD-00006,instance1,CZCE TA TA001,20191119,22:20:42,1,2021844,2022047,1,4720.00000,4720.00000,0.00000,       25761,20191120

TA-GD-00006,instance1,CZCE TA TA001,20191119,22:20:55,0,2022207,-1,-1,4720.00000,4720.00000,0.00000,       25808,20191120

MA-GD-00006,instance1,CZCE MA MA001,20191119,22:21:35,1,2021996,2022645,1,1908.00000,1910.00000,0.00000,       26137,20191120

MA-GD-00006,instance1,CZCE MA MA001,20191119,22:21:39,0,2022701,-1,-1,1910.00000,1910.00000,0.00000,       26142,20191120

TA-GD-00006,instance1,CZCE TA TA001,20191119,22:21:50,1,2022207,2022832,1,4718.00000,4724.00000,0.00000,       26158,20191120

MA-GD-00006,instance1,CZCE MA MA001,20191119,22:22:19,1,2022701,2023090,1,1909.00000,1909.00000,0.00000,       26219,20191120

MA-GD-00006,instance1,CZCE MA MA001,20191119,22:22:44,0,2023335,-1,-1,1909.00000,1909.00000,0.00000,       26260,20191120

TA-GD-00006,instance1,CZCE TA TA001,20191119,22:23:10,0,2023579,-1,-1,4722.00000,4722.00000,0.00000,       26310,20191120

MA-GD-00006,instance1,CZCE MA MA001,20191119,22:24:30,1,2023335,2024397,1,1908.00000,1908.00000,0.00000,       26447,20191120

rb-GD-00006,instance1,SHFE rb rb2001,20191119,22:24:47,0,2095869,-1,-1,3649.00000,3649.00000,0.00000,       26490,20191120

TA-GD-00006,instance1,CZCE TA TA001,20191119,22:24:51,1,2023579,2024608,1,4722.00000,4726.00000,0.00000,       26501,20191120

MA-GD-00006,instance1,CZCE MA MA001,20191119,22:24:53,0,2024628,-1,-1,1907.00000,1907.00000,0.00000,       26510,20191120

rb-GD-00006,instance1,SHFE rb rb2001,20191119,22:25:06,1,2095869,2096139,1,3649.00000,3648.00000,0.00000,       26597,20191120

MA-GD-00006,instance1,CZCE MA MA001,20191119,22:25:12,1,2024628,2024861,1,1907.00000,1909.00000,0.00000,       26628,20191120

rb-GD-00006,instance1,SHFE rb rb2001,20191119,22:25:13,0,2096287,-1,-1,3645.00000,3645.00000,0.00000,       26632,20191120

MA-GD-00006,instance1,CZCE MA MA001,20191119,22:25:20,0,2024937,-1,-1,1909.00000,1909.00000,0.00000,       26724,20191120

rb-GD-00006,instance1,SHFE rb rb2001,20191119,22:25:28,1,2096287,2096624,1,3643.00000,3643.00000,0.00000,       26743,20191120

rb-GD-00006,instance1,SHFE rb rb2001,20191119,22:25:36,0,2096796,-1,-1,3643.00000,3643.00000,0.00000,       26777,20191120

TA-GD-00006,instance1,CZCE TA TA001,20191119,22:25:36,0,2025155,-1,-1,4724.00000,4724.00000,0.00000,       26781,20191120

MA-GD-00006,instance1,CZCE MA MA001,20191119,22:25:37,1,2024937,2025178,1,1910.00000,1912.00000,0.00000,       26784,20191120

rb-GD-00006,instance1,SHFE rb rb2001,20191119,22:25:47,1,2096796,2096961,1,3644.00000,3645.00000,0.00000,       26816,20191120

rb-GD-00006,instance1,SHFE rb rb2001,20191119,22:25:49,0,2096983,-1,-1,3645.00000,3645.00000,0.00000,       26819,20191120

rb-GD-00006,instance1,SHFE rb rb2001,20191119,22:26:07,1,2096983,2097347,1,3644.00000,3646.00000,0.00000,       26895,20191120

rb-GD-00006,instance1,SHFE rb rb2001,20191119,22:26:12,0,2097427,-1,-1,3646.00000,3646.00000,0.00000,       26904,20191120

rb-GD-00006,instance1,SHFE rb rb2001,20191119,22:26:25,1,2097427,2097631,1,3645.00000,3645.00000,0.00000,       26942,20191120

rb-GD-00006,instance1,SHFE rb rb2001,20191119,22:26:31,0,2097745,-1,-1,3644.00000,3644.00000,0.00000,       26973,20191120

rb-GD-00006,instance1,SHFE rb rb2001,20191119,22:26:42,1,2097745,2098055,1,3645.00000,3646.00000,0.00000,       27065,20191120

rb-GD-00006,instance1,SHFE rb rb2001,20191119,22:26:45,0,2098095,-1,-1,3646.00000,3646.00000,0.00000,       27072,20191120

rb-GD-00006,instance1,SHFE rb rb2001,20191119,22:26:55,1,2098095,2098348,1,3647.00000,3647.00000,0.00000,       27140,20191120

rb-GD-00006,instance1,SHFE rb rb2001,20191119,22:26:56,0,2098356,-1,-1,3647.00000,3647.00000,0.00000,       27144,20191120

TA-GD-00006,instance1,CZCE TA TA001,20191119,22:26:57,1,2025155,2025974,1,4724.00000,4728.00000,0.00000,       27178,20191120

rb-GD-00006,instance1,SHFE rb rb2001,20191119,22:27:30,1,2098356,2099093,1,3646.00000,3649.00000,0.00000,       27332,20191120

