rb-GD-00006,instance1,SHFE rb rb2005,20191217,09:00:01,1,1789528,17128908,1,3476.00000,3476.00000,0.00000,       31084,20191217

rb-GD-00006,instance1,SHFE rb rb2005,20191217,09:00:16,0,17129457,-1,-1,3475.00000,3475.00000,0.00000,       31493,20191217

rb-GD-00006,instance1,SHFE rb rb2005,20191217,09:00:18,1,17129457,17129509,1,3476.00000,3476.00000,0.00000,       31524,20191217

MA-GD-00006,instance1,CZCE MA MA005,20191217,09:00:25,0,17110448,-1,-1,2131.00000,2131.00000,0.00000,       31551,20191217

TA-GD-00006,instance1,CZCE TA TA005,20191217,09:00:37,0,17110500,-1,-1,4972.00000,4972.00000,0.00000,       31626,20191217

rb-GD-00006,instance1,SHFE rb rb2005,20191217,09:00:45,0,17129996,-1,-1,3474.00000,3474.00000,0.00000,       31719,20191217

TA-GD-00006,instance1,CZCE TA TA005,20191217,09:00:57,1,17110500,17110576,1,4974.00000,4974.00000,0.00000,       31798,20191217

MA-GD-00006,instance1,CZCE MA MA005,20191217,09:00:57,1,17110448,17110578,1,2132.00000,2133.00000,0.00000,       31801,20191217

rb-GD-00006,instance1,SHFE rb rb2005,20191217,09:00:57,1,17129996,17130201,1,3474.00000,3477.00000,0.00000,       31802,20191217

rb-GD-00006,instance1,SHFE rb rb2005,20191217,09:01:03,0,17130380,-1,1,3476.00000,3476.00000,0.00000,       31939,20191217

TA-GD-00006,instance1,CZCE TA TA005,20191217,09:01:05,0,17110689,-1,1,4974.00000,4974.00000,0.00000,       31975,20191217

MA-GD-00006,instance1,CZCE MA MA005,20191217,09:01:31,0,17110790,-1,1,2134.00000,2134.00000,0.00000,       32107,20191217

rb-GD-00006,instance1,SHFE rb rb2005,20191217,09:01:44,1,17130380,17130930,-1,3476.00000,3475.00000,0.00000,       32147,20191217

TA-GD-00006,instance1,CZCE TA TA005,20191217,09:01:46,1,17110689,17110850,-1,4976.00000,4974.00000,0.00000,       32155,20191217

rb-GD-00006,instance1,SHFE rb rb2005,20191217,09:01:49,0,17130974,-1,-1,3474.00000,3474.00000,0.00000,       32164,20191217

MA-GD-00006,instance1,CZCE MA MA005,20191217,09:02:11,1,17110790,17110929,-1,2134.00000,2133.00000,0.00000,       32258,20191217

rb-GD-00006,instance1,SHFE rb rb2005,20191217,09:02:19,1,17130974,17131431,1,3473.00000,3473.00000,0.00000,       32304,20191217

rb-GD-00006,instance1,SHFE rb rb2005,20191217,09:02:22,0,17131495,-1,-1,3473.00000,3473.00000,0.00000,       32323,20191217

MA-GD-00006,instance1,CZCE MA MA005,20191217,09:02:34,0,17111033,-1,-1,2132.00000,2132.00000,0.00000,       32364,20191217

TA-GD-00006,instance1,CZCE TA TA005,20191217,09:02:34,0,17111035,-1,-1,4972.00000,4972.00000,0.00000,       32367,20191217

rb-GD-00006,instance1,SHFE rb rb2005,20191217,09:02:49,1,17131495,17131705,1,3474.00000,3474.00000,0.00000,       32455,20191217

rb-GD-00006,instance1,SHFE rb rb2005,20191217,09:02:50,0,17131737,-1,1,3475.00000,3475.00000,0.00000,       32467,20191217

MA-GD-00006,instance1,CZCE MA MA005,20191217,09:02:56,1,17111033,17111434,1,2133.00000,2133.00000,0.00000,       32489,20191217

MA-GD-00006,instance1,CZCE MA MA005,20191217,09:03:01,0,17111482,-1,1,2134.00000,2134.00000,0.00000,       32530,20191217

rb-GD-00006,instance1,SHFE rb rb2005,20191217,09:03:27,1,17131737,17132255,-1,3477.00000,3477.00000,0.00000,       32662,20191217

TA-GD-00006,instance1,CZCE TA TA005,20191217,09:03:35,1,17111035,17111614,1,4972.00000,4972.00000,0.00000,       32681,20191217

MA-GD-00006,instance1,CZCE MA MA005,20191217,09:03:42,1,17111482,17111632,-1,2135.00000,2135.00000,0.00000,       32707,20191217

rb-GD-00006,instance1,SHFE rb rb2005,20191217,09:03:42,0,17132391,-1,-1,3475.00000,3475.00000,0.00000,       32708,20191217

MA-GD-00006,instance1,CZCE MA MA005,20191217,09:04:04,0,17111704,-1,1,2135.00000,2135.00000,0.00000,       32768,20191217

rb-GD-00006,instance1,SHFE rb rb2005,20191217,09:04:18,1,17132391,17132852,1,3475.00000,3475.00000,0.00000,       32833,20191217

MA-GD-00006,instance1,CZCE MA MA005,20191217,09:04:37,1,17111704,17111798,-1,2135.00000,2135.00000,0.00000,       32886,20191217

rb-GD-00006,instance1,SHFE rb rb2005,20191217,09:04:49,0,17133154,-1,-1,3475.00000,3475.00000,0.00000,       32924,20191217

MA-GD-00006,instance1,CZCE MA MA005,20191217,09:04:50,0,17111844,-1,1,2136.00000,2136.00000,0.00000,       32935,20191217

rb-GD-00006,instance1,SHFE rb rb2005,20191217,09:05:00,1,17133154,17133321,1,3475.00000,3475.00000,0.00000,       32998,20191217

TA-GD-00006,instance1,CZCE TA TA005,20191217,09:05:05,0,17112034,-1,1,4974.00000,4974.00000,0.00000,       33058,20191217

MA-GD-00006,instance1,CZCE MA MA005,20191217,09:05:05,1,17111844,17112048,-1,2140.00000,2140.00000,0.00000,       33059,20191217

MA-GD-00006,instance1,CZCE MA MA005,20191217,09:05:06,0,17112052,-1,1,2141.00000,2141.00000,0.00000,       33060,20191217

MA-GD-00006,instance1,CZCE MA MA005,20191217,09:05:15,1,17112052,17112374,-1,2140.00000,2139.00000,0.00000,       33202,20191217

MA-GD-00006,instance1,CZCE MA MA005,20191217,09:05:44,0,17112554,-1,-1,2135.00000,2135.00000,0.00000,       33334,20191217

TA-GD-00006,instance1,CZCE TA TA005,20191217,09:05:50,1,17112034,17112609,-1,4976.00000,4976.00000,0.00000,       33376,20191217

MA-GD-00006,instance1,CZCE MA MA005,20191217,09:05:51,1,17112554,17112614,1,2136.00000,2136.00000,0.00000,       33382,20191217

MA-GD-00006,instance1,CZCE MA MA005,20191217,09:06:19,0,17112731,-1,1,2137.00000,2137.00000,0.00000,       33480,20191217

rb-GD-00006,instance1,SHFE rb rb2005,20191217,09:06:52,0,17134575,-1,1,3476.00000,3476.00000,0.00000,       33603,20191217

MA-GD-00006,instance1,CZCE MA MA005,20191217,09:07:01,1,17112731,17112925,-1,2138.00000,2138.00000,0.00000,       33631,20191217

MA-GD-00006,instance1,CZCE MA MA005,20191217,09:07:16,0,17113017,-1,1,2139.00000,2139.00000,0.00000,       33726,20191217

MA-GD-00006,instance1,CZCE MA MA005,20191217,09:07:25,1,17113017,17113089,-1,2138.00000,2138.00000,0.00000,       33771,20191217

MA-GD-00006,instance1,CZCE MA MA005,20191217,09:07:38,0,17113161,-1,1,2138.00000,2138.00000,0.00000,       33836,20191217

MA-GD-00006,instance1,CZCE MA MA005,20191217,09:08:11,1,17113161,17113291,-1,2138.00000,2137.00000,0.00000,       33935,20191217

MA-GD-00006,instance1,CZCE MA MA005,20191217,09:08:39,0,17113418,-1,-1,2137.00000,2137.00000,0.00000,       34075,20191217

TA-GD-00006,instance1,CZCE TA TA005,20191217,09:09:10,0,17113538,-1,-1,4978.00000,4978.00000,0.00000,       34205,20191217

MA-GD-00006,instance1,CZCE MA MA005,20191217,09:09:16,1,17113418,17113585,1,2136.00000,2136.00000,0.00000,       34233,20191217

MA-GD-00006,instance1,CZCE MA MA005,20191217,09:09:24,0,17113628,-1,-1,2136.00000,2136.00000,0.00000,       34264,20191217

rb-GD-00006,instance1,SHFE rb rb2005,20191217,09:09:31,1,17134575,17137288,-1,3477.00000,3477.00000,0.00000,       34303,20191217

rb-GD-00006,instance1,SHFE rb rb2005,20191217,09:09:39,0,17137651,-1,1,3478.00000,3478.00000,0.00000,       34328,20191217

rb-GD-00006,instance1,SHFE rb rb2005,20191217,09:09:42,1,17137651,17137785,-1,3479.00000,3479.00000,0.00000,       34347,20191217

rb-GD-00006,instance1,SHFE rb rb2005,20191217,09:09:43,0,17137898,-1,1,3479.00000,3479.00000,0.00000,       34351,20191217

MA-GD-00006,instance1,CZCE MA MA005,20191217,09:10:06,1,17113628,17113764,1,2135.00000,2136.00000,0.00000,       34472,20191217

TA-GD-00006,instance1,CZCE TA TA005,20191217,09:10:06,1,17113538,17113767,1,4976.00000,4978.00000,0.00000,       34473,20191217

rb-GD-00006,instance1,SHFE rb rb2005,20191217,09:10:25,1,17137898,17138666,-1,3479.00000,3479.00000,0.00000,       34562,20191217

rb-GD-00006,instance1,SHFE rb rb2005,20191217,09:10:26,0,17138689,-1,1,3479.00000,3479.00000,0.00000,       34568,20191217

MA-GD-00006,instance1,CZCE MA MA005,20191217,09:10:31,0,17113853,-1,1,2138.00000,2138.00000,0.00000,       34586,20191217

rb-GD-00006,instance1,SHFE rb rb2005,20191217,09:10:41,1,17138689,17138864,-1,3480.00000,3480.00000,0.00000,       34628,20191217

rb-GD-00006,instance1,SHFE rb rb2005,20191217,09:10:46,0,17138924,-1,1,3480.00000,3480.00000,0.00000,       34659,20191217

rb-GD-00006,instance1,SHFE rb rb2005,20191217,09:10:55,1,17138924,17138980,-1,3479.00000,3479.00000,0.00000,       34704,20191217

rb-GD-00006,instance1,SHFE rb rb2005,20191217,09:11:01,0,17139041,-1,-1,3479.00000,3479.00000,0.00000,       34737,20191217

MA-GD-00006,instance1,CZCE MA MA005,20191217,09:11:01,1,17113853,17114029,-1,2144.00000,2144.00000,0.00000,       34744,20191217

MA-GD-00006,instance1,CZCE MA MA005,20191217,09:11:04,0,17114040,-1,1,2144.00000,2144.00000,0.00000,       34750,20191217

MA-GD-00006,instance1,CZCE MA MA005,20191217,09:11:04,1,17114040,17114042,-1,2143.00000,2143.00000,0.00000,       34755,20191217

MA-GD-00006,instance1,CZCE MA MA005,20191217,09:11:06,0,17114049,-1,1,2143.00000,2143.00000,0.00000,       34759,20191217

MA-GD-00006,instance1,CZCE MA MA005,20191217,09:11:14,1,17114049,17114073,-1,2142.00000,2142.00000,0.00000,       34781,20191217

MA-GD-00006,instance1,CZCE MA MA005,20191217,09:11:17,0,17114083,-1,1,2142.00000,2142.00000,0.00000,       34787,20191217

rb-GD-00006,instance1,SHFE rb rb2005,20191217,09:11:33,1,17139041,17139766,1,3479.00000,3479.00000,0.00000,       34828,20191217

MA-GD-00006,instance1,CZCE MA MA005,20191217,09:11:34,1,17114083,17114142,-1,2141.00000,2141.00000,0.00000,       34831,20191217

MA-GD-00006,instance1,CZCE MA MA005,20191217,09:11:36,0,17114145,-1,1,2142.00000,2142.00000,0.00000,       34836,20191217

rb-GD-00006,instance1,SHFE rb rb2005,20191217,09:11:53,0,17140103,-1,-1,3479.00000,3479.00000,0.00000,       34894,20191217

rb-GD-00006,instance1,SHFE rb rb2005,20191217,09:12:05,1,17140103,17140198,1,3479.00000,3479.00000,0.00000,       34930,20191217

MA-GD-00006,instance1,CZCE MA MA005,20191217,09:12:33,1,17114145,17114232,-1,2142.00000,2139.00000,0.00000,       35005,20191217

MA-GD-00006,instance1,CZCE MA MA005,20191217,09:12:34,0,17114238,-1,-1,2139.00000,2139.00000,0.00000,       35011,20191217

MA-GD-00006,instance1,CZCE MA MA005,20191217,09:12:48,1,17114238,17114281,1,2140.00000,2140.00000,0.00000,       35044,20191217

rb-GD-00006,instance1,SHFE rb rb2005,20191217,09:12:50,0,17140558,-1,1,3481.00000,3481.00000,0.00000,       35057,20191217

MA-GD-00006,instance1,CZCE MA MA005,20191217,09:13:01,0,17114309,-1,1,2141.00000,2141.00000,0.00000,       35094,20191217

rb-GD-00006,instance1,SHFE rb rb2005,20191217,09:13:32,1,17140558,17140927,-1,3480.00000,3480.00000,0.00000,       35205,20191217

MA-GD-00006,instance1,CZCE MA MA005,20191217,09:14:13,1,17114309,17114440,-1,2141.00000,2140.00000,0.00000,       35358,20191217

rb-GD-00006,instance1,SHFE rb rb2005,20191217,09:14:23,0,17141559,-1,-1,3480.00000,3480.00000,0.00000,       35381,20191217

MA-GD-00006,instance1,CZCE MA MA005,20191217,09:14:32,0,17114491,-1,-1,2139.00000,2139.00000,0.00000,       35397,20191217

rb-GD-00006,instance1,SHFE rb rb2005,20191217,09:14:40,1,17141559,17141687,1,3481.00000,3481.00000,0.00000,       35412,20191217

MA-GD-00006,instance1,CZCE MA MA005,20191217,09:15:16,1,17114491,17114588,1,2138.00000,2139.00000,0.00000,       35666,20191217

rb-GD-00006,instance1,SHFE rb rb2005,20191217,09:15:50,0,17142391,-1,-1,3480.00000,3480.00000,0.00000,       35826,20191217

rb-GD-00006,instance1,SHFE rb rb2005,20191217,09:16:28,1,17142391,17142746,1,3479.00000,3479.00000,0.00000,       35945,20191217

rb-GD-00006,instance1,SHFE rb rb2005,20191217,09:16:29,0,17142752,-1,-1,3478.00000,3478.00000,0.00000,       35948,20191217

MA-GD-00006,instance1,CZCE MA MA005,20191217,09:16:32,0,17114706,-1,1,2139.00000,2139.00000,0.00000,       35984,20191217

rb-GD-00006,instance1,SHFE rb rb2005,20191217,09:16:45,1,17142752,17143028,1,3475.00000,3476.00000,0.00000,       36052,20191217

MA-GD-00006,instance1,CZCE MA MA005,20191217,09:17:16,1,17114706,17114836,-1,2140.00000,2140.00000,0.00000,       36151,20191217

MA-GD-00006,instance1,CZCE MA MA005,20191217,09:17:26,0,17114866,-1,1,2141.00000,2141.00000,0.00000,       36171,20191217

MA-GD-00006,instance1,CZCE MA MA005,20191217,09:18:03,1,17114866,17114967,-1,2144.00000,2144.00000,0.00000,       36299,20191217

MA-GD-00006,instance1,CZCE MA MA005,20191217,09:18:10,0,17115028,-1,1,2146.00000,2146.00000,0.00000,       36325,20191217

MA-GD-00006,instance1,CZCE MA MA005,20191217,09:18:22,1,17115028,17115091,-1,2147.00000,2146.00000,0.00000,       36379,20191217

MA-GD-00006,instance1,CZCE MA MA005,20191217,09:18:25,0,17115123,-1,1,2145.00000,2145.00000,0.00000,       36412,20191217

MA-GD-00006,instance1,CZCE MA MA005,20191217,09:19:01,1,17115123,17115249,-1,2145.00000,2145.00000,0.00000,       36518,20191217

MA-GD-00006,instance1,CZCE MA MA005,20191217,09:19:03,0,17115257,-1,1,2145.00000,2145.00000,0.00000,       36522,20191217

rb-GD-00006,instance1,SHFE rb rb2005,20191217,09:19:21,0,17144488,-1,-1,3479.00000,3479.00000,0.00000,       36574,20191217

TA-GD-00006,instance1,CZCE TA TA005,20191217,09:19:34,0,17115428,-1,-1,4990.00000,4990.00000,0.00000,       36637,20191217

MA-GD-00006,instance1,CZCE MA MA005,20191217,09:19:35,1,17115257,17115430,-1,2146.00000,2146.00000,0.00000,       36638,20191217

MA-GD-00006,instance1,CZCE MA MA005,20191217,09:19:48,0,17115479,-1,1,2147.00000,2147.00000,0.00000,       36679,20191217

rb-GD-00006,instance1,SHFE rb rb2005,20191217,09:19:58,1,17144488,17144733,1,3479.00000,3479.00000,0.00000,       36699,20191217

MA-GD-00006,instance1,CZCE MA MA005,20191217,09:20:10,1,17115479,17115592,-1,2149.00000,2149.00000,0.00000,       36783,20191217

MA-GD-00006,instance1,CZCE MA MA005,20191217,09:20:13,0,17115619,-1,1,2149.00000,2149.00000,0.00000,       36796,20191217

MA-GD-00006,instance1,CZCE MA MA005,20191217,09:20:43,1,17115619,17115759,-1,2148.00000,2148.00000,0.00000,       36922,20191217

TA-GD-00006,instance1,CZCE TA TA005,20191217,09:20:43,1,17115428,17115761,1,4990.00000,4990.00000,0.00000,       36923,20191217

MA-GD-00006,instance1,CZCE MA MA005,20191217,09:20:45,0,17115771,-1,-1,2148.00000,2148.00000,0.00000,       36926,20191217

rb-GD-00006,instance1,SHFE rb rb2005,20191217,09:21:05,0,17145228,-1,-1,3478.00000,3478.00000,0.00000,       37007,20191217

MA-GD-00006,instance1,CZCE MA MA005,20191217,09:21:15,1,17115771,17115895,1,2147.00000,2147.00000,0.00000,       37040,20191217

TA-GD-00006,instance1,CZCE TA TA005,20191217,09:21:17,0,17115901,-1,-1,4988.00000,4988.00000,0.00000,       37041,20191217

MA-GD-00006,instance1,CZCE MA MA005,20191217,09:21:17,0,17115903,-1,-1,2148.00000,2148.00000,0.00000,       37043,20191217

MA-GD-00006,instance1,CZCE MA MA005,20191217,09:21:24,1,17115903,17115942,1,2149.00000,2152.00000,0.00000,       37066,20191217

MA-GD-00006,instance1,CZCE MA MA005,20191217,09:21:26,0,17115970,-1,1,2153.00000,2152.00000,0.00000,       37081,20191217

rb-GD-00006,instance1,SHFE rb rb2005,20191217,09:21:27,1,17145228,17145406,1,3479.00000,3479.00000,0.00000,       37097,20191217

TA-GD-00006,instance1,CZCE TA TA005,20191217,09:21:32,1,17115901,17115999,1,4990.00000,4990.00000,0.00000,       37125,20191217

MA-GD-00006,instance1,CZCE MA MA005,20191217,09:21:35,1,17115970,17116019,-1,2153.00000,2152.00000,0.00000,       37132,20191217

MA-GD-00006,instance1,CZCE MA MA005,20191217,09:21:36,0,17116039,-1,1,2152.00000,2152.00000,0.00000,       37142,20191217

MA-GD-00006,instance1,CZCE MA MA005,20191217,09:21:56,1,17116039,17116096,-1,2151.00000,2151.00000,0.00000,       37234,20191217

MA-GD-00006,instance1,CZCE MA MA005,20191217,09:21:59,0,17116134,-1,-1,2151.00000,2151.00000,0.00000,       37266,20191217

MA-GD-00006,instance1,CZCE MA MA005,20191217,09:22:36,1,17116134,17116207,1,2150.00000,2150.00000,0.00000,       37362,20191217

MA-GD-00006,instance1,CZCE MA MA005,20191217,09:22:40,0,17116250,-1,-1,2150.00000,2150.00000,0.00000,       37384,20191217

MA-GD-00006,instance1,CZCE MA MA005,20191217,09:23:19,1,17116250,17116377,1,2150.00000,2150.00000,0.00000,       37535,20191217

MA-GD-00006,instance1,CZCE MA MA005,20191217,09:23:30,0,17116398,-1,1,2149.00000,2149.00000,0.00000,       37568,20191217

MA-GD-00006,instance1,CZCE MA MA005,20191217,09:23:39,1,17116398,17116417,-1,2148.00000,2148.00000,0.00000,       37611,20191217

MA-GD-00006,instance1,CZCE MA MA005,20191217,09:24:19,0,17116549,-1,-1,2147.00000,2147.00000,0.00000,       37808,20191217

TA-GD-00006,instance1,CZCE TA TA005,20191217,09:24:19,0,17116552,-1,-1,4984.00000,4984.00000,0.00000,       37809,20191217

MA-GD-00006,instance1,CZCE MA MA005,20191217,09:24:26,1,17116549,17116575,1,2147.00000,2147.00000,0.00000,       37848,20191217

MA-GD-00006,instance1,CZCE MA MA005,20191217,09:24:28,0,17116585,-1,1,2147.00000,2147.00000,0.00000,       37858,20191217

MA-GD-00006,instance1,CZCE MA MA005,20191217,09:24:31,1,17116585,17116592,-1,2146.00000,2146.00000,0.00000,       37872,20191217

MA-GD-00006,instance1,CZCE MA MA005,20191217,09:24:44,0,17116637,-1,1,2147.00000,2147.00000,0.00000,       37911,20191217

MA-GD-00006,instance1,CZCE MA MA005,20191217,09:24:46,1,17116637,17116646,-1,2146.00000,2146.00000,0.00000,       37920,20191217

MA-GD-00006,instance1,CZCE MA MA005,20191217,09:24:48,0,17116654,-1,1,2146.00000,2146.00000,0.00000,       37926,20191217

TA-GD-00006,instance1,CZCE TA TA005,20191217,09:25:10,1,17116552,17116710,1,4982.00000,4984.00000,0.00000,       38010,20191217

MA-GD-00006,instance1,CZCE MA MA005,20191217,09:25:37,1,17116654,17116743,-1,2147.00000,2147.00000,0.00000,       38115,20191217

MA-GD-00006,instance1,CZCE MA MA005,20191217,09:25:40,0,17116764,-1,1,2147.00000,2147.00000,0.00000,       38130,20191217

MA-GD-00006,instance1,CZCE MA MA005,20191217,09:26:29,1,17116764,17116899,-1,2148.00000,2146.00000,0.00000,       38248,20191217

MA-GD-00006,instance1,CZCE MA MA005,20191217,09:26:39,0,17116909,-1,-1,2146.00000,2146.00000,0.00000,       38272,20191217

MA-GD-00006,instance1,CZCE MA MA005,20191217,09:27:16,1,17116909,17116977,1,2145.00000,2146.00000,0.00000,       38386,20191217

MA-GD-00006,instance1,CZCE MA MA005,20191217,09:27:38,0,17117015,-1,1,2148.00000,2148.00000,0.00000,       38451,20191217

MA-GD-00006,instance1,CZCE MA MA005,20191217,09:27:49,1,17117015,17117047,-1,2147.00000,2147.00000,0.00000,       38476,20191217

rb-GD-00006,instance1,SHFE rb rb2005,20191217,09:27:50,0,17148550,-1,-1,3477.00000,3477.00000,0.00000,       38483,20191217

MA-GD-00006,instance1,CZCE MA MA005,20191217,09:28:29,0,17117123,-1,-1,2146.00000,2146.00000,0.00000,       38633,20191217

TA-GD-00006,instance1,CZCE TA TA005,20191217,09:28:34,0,17117142,-1,-1,4980.00000,4980.00000,0.00000,       38653,20191217

rb-GD-00006,instance1,SHFE rb rb2005,20191217,09:28:36,1,17148550,17148895,1,3476.00000,3476.00000,0.00000,       38659,20191217

rb-GD-00006,instance1,SHFE rb rb2005,20191217,09:29:07,0,17149075,-1,-1,3475.00000,3475.00000,0.00000,       38766,20191217

TA-GD-00006,instance1,CZCE TA TA005,20191217,09:29:11,1,17117142,17117228,1,4980.00000,4980.00000,0.00000,       38787,20191217

MA-GD-00006,instance1,CZCE MA MA005,20191217,09:29:12,1,17117123,17117232,1,2145.00000,2146.00000,0.00000,       38790,20191217

TA-GD-00006,instance1,CZCE TA TA005,20191217,09:29:33,0,17117279,-1,-1,4980.00000,4980.00000,0.00000,       38977,20191217

MA-GD-00006,instance1,CZCE MA MA005,20191217,09:29:37,0,17117291,-1,1,2147.00000,2147.00000,0.00000,       39006,20191217

MA-GD-00006,instance1,CZCE MA MA005,20191217,09:29:42,1,17117291,17117303,-1,2146.00000,2146.00000,0.00000,       39028,20191217

rb-GD-00006,instance1,SHFE rb rb2005,20191217,09:30:00,1,17149075,17149819,1,3470.00000,3470.00000,0.00000,       39088,20191217

TA-GD-00006,instance1,CZCE TA TA005,20191217,09:30:02,1,17117279,17117355,1,4974.00000,4976.00000,0.00000,       39137,20191217

rb-GD-00006,instance1,SHFE rb rb2005,20191217,09:30:05,0,17149930,-1,-1,3471.00000,3471.00000,0.00000,       39172,20191217

TA-GD-00006,instance1,CZCE TA TA005,20191217,09:30:05,0,17117386,-1,-1,4976.00000,4976.00000,0.00000,       39175,20191217

rb-GD-00006,instance1,SHFE rb rb2005,20191217,09:30:43,1,17149930,17150315,1,3471.00000,3473.00000,0.00000,       39368,20191217

TA-GD-00006,instance1,CZCE TA TA005,20191217,09:31:08,1,17117386,17117529,1,4976.00000,4978.00000,0.00000,       39514,20191217

MA-GD-00006,instance1,CZCE MA MA005,20191217,09:31:52,0,17117601,-1,1,2148.00000,2148.00000,0.00000,       39666,20191217

rb-GD-00006,instance1,SHFE rb rb2005,20191217,09:32:02,0,17151180,-1,-1,3475.00000,3475.00000,0.00000,       39716,20191217

MA-GD-00006,instance1,CZCE MA MA005,20191217,09:32:18,1,17117601,17117649,-1,2147.00000,2147.00000,0.00000,       39789,20191217

MA-GD-00006,instance1,CZCE MA MA005,20191217,09:32:23,0,17117673,-1,-1,2147.00000,2147.00000,0.00000,       39816,20191217

rb-GD-00006,instance1,SHFE rb rb2005,20191217,09:33:21,1,17151180,17151882,1,3475.00000,3476.00000,0.00000,       40019,20191217

MA-GD-00006,instance1,CZCE MA MA005,20191217,09:33:33,1,17117673,17117812,1,2146.00000,2146.00000,0.00000,       40080,20191217

MA-GD-00006,instance1,CZCE MA MA005,20191217,09:33:38,0,17117829,-1,-1,2147.00000,2147.00000,0.00000,       40116,20191217

rb-GD-00006,instance1,SHFE rb rb2005,20191217,09:34:18,0,17152426,-1,-1,3478.00000,3478.00000,0.00000,       40279,20191217

rb-GD-00006,instance1,SHFE rb rb2005,20191217,09:34:20,1,17152426,17152449,1,3478.00000,3478.00000,0.00000,       40289,20191217

MA-GD-00006,instance1,CZCE MA MA005,20191217,09:34:25,1,17117829,17117908,1,2146.00000,2146.00000,0.00000,       40306,20191217

rb-GD-00006,instance1,SHFE rb rb2005,20191217,09:34:34,0,17152552,-1,-1,3477.00000,3477.00000,0.00000,       40347,20191217

MA-GD-00006,instance1,CZCE MA MA005,20191217,09:34:59,0,17117968,-1,-1,2144.00000,2144.00000,0.00000,       40465,20191217

MA-GD-00006,instance1,CZCE MA MA005,20191217,09:35:11,1,17117968,17117988,1,2145.00000,2145.00000,0.00000,       40516,20191217

TA-GD-00006,instance1,CZCE TA TA005,20191217,09:35:18,0,17118013,-1,-1,4976.00000,4976.00000,0.00000,       40549,20191217

MA-GD-00006,instance1,CZCE MA MA005,20191217,09:35:26,0,17118027,-1,-1,2144.00000,2144.00000,0.00000,       40579,20191217

TA-GD-00006,instance1,CZCE TA TA005,20191217,09:36:15,1,17118013,17118185,1,4974.00000,4976.00000,0.00000,       40747,20191217

rb-GD-00006,instance1,SHFE rb rb2005,20191217,09:36:28,1,17152552,17153133,1,3476.00000,3477.00000,0.00000,       40800,20191217

MA-GD-00006,instance1,CZCE MA MA005,20191217,09:36:33,1,17118027,17118264,1,2143.00000,2144.00000,0.00000,       40823,20191217

rb-GD-00006,instance1,SHFE rb rb2005,20191217,09:37:15,0,17153365,-1,-1,3477.00000,3477.00000,0.00000,       40959,20191217

rb-GD-00006,instance1,SHFE rb rb2005,20191217,09:37:34,1,17153365,17153547,1,3478.00000,3478.00000,0.00000,       41015,20191217

MA-GD-00006,instance1,CZCE MA MA005,20191217,09:38:03,0,17118480,-1,1,2145.00000,2145.00000,0.00000,       41107,20191217

MA-GD-00006,instance1,CZCE MA MA005,20191217,09:38:11,1,17118480,17118494,-1,2144.00000,2144.00000,0.00000,       41126,20191217

MA-GD-00006,instance1,CZCE MA MA005,20191217,09:38:27,0,17118537,-1,-1,2143.00000,2143.00000,0.00000,       41192,20191217

rb-GD-00006,instance1,SHFE rb rb2005,20191217,09:38:40,0,17154062,-1,-1,3477.00000,3477.00000,0.00000,       41231,20191217

MA-GD-00006,instance1,CZCE MA MA005,20191217,09:38:40,1,17118537,17118557,1,2142.00000,2142.00000,0.00000,       41234,20191217

MA-GD-00006,instance1,CZCE MA MA005,20191217,09:38:57,0,17118623,-1,-1,2143.00000,2143.00000,0.00000,       41303,20191217

MA-GD-00006,instance1,CZCE MA MA005,20191217,09:39:33,1,17118623,17118720,1,2143.00000,2144.00000,0.00000,       41475,20191217

rb-GD-00006,instance1,SHFE rb rb2005,20191217,09:39:43,1,17154062,17154612,1,3477.00000,3478.00000,0.00000,       41509,20191217

MA-GD-00006,instance1,CZCE MA MA005,20191217,09:39:44,0,17118744,-1,1,2145.00000,2145.00000,0.00000,       41517,20191217

rb-GD-00006,instance1,SHFE rb rb2005,20191217,09:40:05,0,17154859,-1,-1,3479.00000,3479.00000,0.00000,       41652,20191217

rb-GD-00006,instance1,SHFE rb rb2005,20191217,09:40:40,1,17154859,17155125,1,3478.00000,3478.00000,0.00000,       41760,20191217

rb-GD-00006,instance1,SHFE rb rb2005,20191217,09:40:42,0,17155143,-1,-1,3478.00000,3478.00000,0.00000,       41767,20191217

MA-GD-00006,instance1,CZCE MA MA005,20191217,09:41:20,1,17118744,17118991,-1,2146.00000,2145.00000,0.00000,       41856,20191217

TA-GD-00006,instance1,CZCE TA TA005,20191217,09:41:38,0,17119019,-1,-1,4982.00000,4982.00000,0.00000,       41891,20191217

rb-GD-00006,instance1,SHFE rb rb2005,20191217,09:41:52,1,17155143,17155430,1,3478.00000,3478.00000,0.00000,       41937,20191217

TA-GD-00006,instance1,CZCE TA TA005,20191217,09:42:41,1,17119019,17119189,1,4982.00000,4982.00000,0.00000,       42079,20191217

rb-GD-00006,instance1,SHFE rb rb2005,20191217,09:46:33,0,17157111,-1,-1,3477.00000,3477.00000,0.00000,       42759,20191217

rb-GD-00006,instance1,SHFE rb rb2005,20191217,09:47:14,1,17157111,17157292,1,3477.00000,3478.00000,0.00000,       42832,20191217

rb-GD-00006,instance1,SHFE rb rb2005,20191217,09:48:33,0,17157577,-1,-1,3476.00000,3476.00000,0.00000,       43011,20191217

rb-GD-00006,instance1,SHFE rb rb2005,20191217,09:48:52,1,17157577,17157749,1,3475.00000,3475.00000,0.00000,       43111,20191217

rb-GD-00006,instance1,SHFE rb rb2005,20191217,09:49:20,0,17158005,-1,-1,3473.00000,3473.00000,0.00000,       43260,20191217

rb-GD-00006,instance1,SHFE rb rb2005,20191217,09:49:59,1,17158005,17158357,1,3473.00000,3473.00000,0.00000,       43375,20191217

rb-GD-00006,instance1,SHFE rb rb2005,20191217,09:50:05,0,17158494,-1,-1,3471.00000,3471.00000,0.00000,       43429,20191217

rb-GD-00006,instance1,SHFE rb rb2005,20191217,09:50:27,1,17158494,17158831,1,3472.00000,3472.00000,0.00000,       43561,20191217

MA-GD-00006,instance1,CZCE MA MA005,20191217,09:52:05,0,17120431,-1,-1,2149.00000,2149.00000,0.00000,       43950,20191217

MA-GD-00006,instance1,CZCE MA MA005,20191217,09:52:34,1,17120431,17120469,1,2150.00000,2150.00000,0.00000,       44045,20191217

rb-GD-00006,instance1,SHFE rb rb2005,20191217,09:52:41,0,17160313,-1,-1,3473.00000,3473.00000,0.00000,       44052,20191217

rb-GD-00006,instance1,SHFE rb rb2005,20191217,09:52:42,1,17160313,17160345,1,3473.00000,3473.00000,0.00000,       44058,20191217

MA-GD-00006,instance1,CZCE MA MA005,20191217,09:52:46,0,17120485,-1,-1,2150.00000,2150.00000,0.00000,       44067,20191217

rb-GD-00006,instance1,SHFE rb rb2005,20191217,09:52:48,0,17160396,-1,-1,3472.00000,3472.00000,0.00000,       44081,20191217

rb-GD-00006,instance1,SHFE rb rb2005,20191217,09:53:24,1,17160396,17160816,1,3469.00000,3470.00000,0.00000,       44196,20191217

rb-GD-00006,instance1,SHFE rb rb2005,20191217,09:53:28,0,17160837,-1,-1,3470.00000,3470.00000,0.00000,       44205,20191217

TA-GD-00006,instance1,CZCE TA TA005,20191217,09:53:33,0,17120543,-1,-1,4976.00000,4976.00000,0.00000,       44213,20191217

rb-GD-00006,instance1,SHFE rb rb2005,20191217,09:53:39,1,17160837,17160908,1,3470.00000,3470.00000,0.00000,       44243,20191217

rb-GD-00006,instance1,SHFE rb rb2005,20191217,09:53:45,0,17160942,-1,-1,3470.00000,3470.00000,0.00000,       44261,20191217

MA-GD-00006,instance1,CZCE MA MA005,20191217,09:53:46,1,17120485,17120607,1,2149.00000,2150.00000,0.00000,       44266,20191217

TA-GD-00006,instance1,CZCE TA TA005,20191217,09:54:16,1,17120543,17120675,1,4974.00000,4974.00000,0.00000,       44367,20191217

rb-GD-00006,instance1,SHFE rb rb2005,20191217,09:54:21,1,17160942,17161241,1,3470.00000,3470.00000,0.00000,       44382,20191217

TA-GD-00006,instance1,CZCE TA TA005,20191217,09:54:21,0,17120686,-1,-1,4974.00000,4974.00000,0.00000,       44384,20191217

rb-GD-00006,instance1,SHFE rb rb2005,20191217,09:54:26,0,17161283,-1,-1,3470.00000,3470.00000,0.00000,       44397,20191217

rb-GD-00006,instance1,SHFE rb rb2005,20191217,09:54:44,1,17161283,17161520,1,3470.00000,3470.00000,0.00000,       44481,20191217

rb-GD-00006,instance1,SHFE rb rb2005,20191217,09:54:47,0,17161529,-1,-1,3470.00000,3470.00000,0.00000,       44485,20191217

rb-GD-00006,instance1,SHFE rb rb2005,20191217,09:55:05,1,17161529,17161784,1,3469.00000,3469.00000,0.00000,       44573,20191217

rb-GD-00006,instance1,SHFE rb rb2005,20191217,09:55:09,0,17161871,-1,-1,3470.00000,3470.00000,0.00000,       44600,20191217

rb-GD-00006,instance1,SHFE rb rb2005,20191217,09:55:36,1,17161871,17162146,1,3468.00000,3468.00000,0.00000,       44711,20191217

rb-GD-00006,instance1,SHFE rb rb2005,20191217,09:55:40,0,17162173,-1,-1,3468.00000,3468.00000,0.00000,       44728,20191217

MA-GD-00006,instance1,CZCE MA MA005,20191217,09:55:47,0,17120934,-1,-1,2150.00000,2150.00000,0.00000,       44750,20191217

TA-GD-00006,instance1,CZCE TA TA005,20191217,09:56:03,1,17120686,17121063,1,4974.00000,4974.00000,0.00000,       44823,20191217

MA-GD-00006,instance1,CZCE MA MA005,20191217,09:56:22,1,17120934,17121176,1,2150.00000,2150.00000,0.00000,       44913,20191217

TA-GD-00006,instance1,CZCE TA TA005,20191217,09:56:31,0,17121211,-1,-1,4970.00000,4970.00000,0.00000,       44928,20191217

rb-GD-00006,instance1,SHFE rb rb2005,20191217,09:56:35,1,17162173,17162638,1,3468.00000,3469.00000,0.00000,       44964,20191217

rb-GD-00006,instance1,SHFE rb rb2005,20191217,09:56:39,0,17162688,-1,-1,3469.00000,3469.00000,0.00000,       44983,20191217

TA-GD-00006,instance1,CZCE TA TA005,20191217,09:57:06,1,17121211,17121364,1,4970.00000,4970.00000,0.00000,       45104,20191217

TA-GD-00006,instance1,CZCE TA TA005,20191217,09:57:09,0,17121391,-1,-1,4970.00000,4970.00000,0.00000,       45115,20191217

MA-GD-00006,instance1,CZCE MA MA005,20191217,09:57:09,0,17121393,-1,-1,2149.00000,2149.00000,0.00000,       45116,20191217

rb-GD-00006,instance1,SHFE rb rb2005,20191217,09:57:11,1,17162688,17163016,1,3468.00000,3468.00000,0.00000,       45119,20191217

rb-GD-00006,instance1,SHFE rb rb2005,20191217,09:57:16,0,17163090,-1,-1,3468.00000,3468.00000,0.00000,       45137,20191217

MA-GD-00006,instance1,CZCE MA MA005,20191217,09:57:32,1,17121393,17121458,1,2150.00000,2150.00000,0.00000,       45164,20191217

TA-GD-00006,instance1,CZCE TA TA005,20191217,09:57:53,1,17121391,17121500,1,4968.00000,4968.00000,0.00000,       45282,20191217

TA-GD-00006,instance1,CZCE TA TA005,20191217,09:57:58,0,17121519,-1,-1,4968.00000,4968.00000,0.00000,       45310,20191217

rb-GD-00006,instance1,SHFE rb rb2005,20191217,09:58:13,1,17163090,17163682,1,3466.00000,3466.00000,0.00000,       45412,20191217

rb-GD-00006,instance1,SHFE rb rb2005,20191217,09:58:14,0,17163691,-1,-1,3466.00000,3466.00000,0.00000,       45415,20191217

TA-GD-00006,instance1,CZCE TA TA005,20191217,09:58:26,1,17121519,17121588,1,4962.00000,4964.00000,0.00000,       45448,20191217

rb-GD-00006,instance1,SHFE rb rb2005,20191217,09:58:26,1,17163691,17163788,1,3465.00000,3465.00000,0.00000,       45457,20191217

MA-GD-00006,instance1,CZCE MA MA005,20191217,09:58:28,0,17121608,-1,-1,2149.00000,2149.00000,0.00000,       45473,20191217

rb-GD-00006,instance1,SHFE rb rb2005,20191217,09:58:31,0,17163900,-1,-1,3464.00000,3464.00000,0.00000,       45499,20191217

TA-GD-00006,instance1,CZCE TA TA005,20191217,09:58:31,0,17121621,-1,-1,4964.00000,4964.00000,0.00000,       45500,20191217

rb-GD-00006,instance1,SHFE rb rb2005,20191217,09:58:41,1,17163900,17164319,1,3460.00000,3460.00000,0.00000,       45645,20191217

rb-GD-00006,instance1,SHFE rb rb2005,20191217,09:58:43,0,17164359,-1,-1,3460.00000,3460.00000,0.00000,       45656,20191217

MA-GD-00006,instance1,CZCE MA MA005,20191217,09:59:05,1,17121608,17121702,1,2149.00000,2149.00000,0.00000,       45828,20191217

TA-GD-00006,instance1,CZCE TA TA005,20191217,09:59:05,1,17121621,17121706,1,4962.00000,4962.00000,0.00000,       45830,20191217

TA-GD-00006,instance1,CZCE TA TA005,20191217,09:59:05,0,17121708,-1,-1,4960.00000,4960.00000,0.00000,       45834,20191217

rb-GD-00006,instance1,SHFE rb rb2005,20191217,09:59:11,1,17164359,17164947,1,3461.00000,3461.00000,0.00000,       45874,20191217

rb-GD-00006,instance1,SHFE rb rb2005,20191217,09:59:12,0,17164960,-1,-1,3461.00000,3461.00000,0.00000,       45879,20191217

rb-GD-00006,instance1,SHFE rb rb2005,20191217,09:59:26,1,17164960,17165210,1,3461.00000,3462.00000,0.00000,       45952,20191217

rb-GD-00006,instance1,SHFE rb rb2005,20191217,09:59:35,0,17165357,-1,-1,3463.00000,3463.00000,0.00000,       46000,20191217

TA-GD-00006,instance1,CZCE TA TA005,20191217,09:59:57,1,17121708,17122012,1,4960.00000,4960.00000,0.00000,       46146,20191217

rb-GD-00006,instance1,SHFE rb rb2005,20191217,10:00:01,1,17165357,17165949,1,3458.00000,3458.00000,0.00000,       46291,20191217

TA-GD-00006,instance1,CZCE TA TA005,20191217,10:00:03,0,17122103,-1,-1,4960.00000,4960.00000,0.00000,       46351,20191217

rb-GD-00006,instance1,SHFE rb rb2005,20191217,10:00:07,0,17166132,-1,-1,3460.00000,3460.00000,0.00000,       46412,20191217

rb-GD-00006,instance1,SHFE rb rb2005,20191217,10:00:09,1,17166132,17166176,1,3461.00000,3461.00000,0.00000,       46429,20191217

rb-GD-00006,instance1,SHFE rb rb2005,20191217,10:00:14,0,17166283,-1,-1,3462.00000,3462.00000,0.00000,       46487,20191217

rb-GD-00006,instance1,SHFE rb rb2005,20191217,10:00:16,1,17166283,17166343,1,3463.00000,3463.00000,0.00000,       46520,20191217

TA-GD-00006,instance1,CZCE TA TA005,20191217,10:00:21,1,17122103,17122223,1,4962.00000,4962.00000,0.00000,       46549,20191217

rb-GD-00006,instance1,SHFE rb rb2005,20191217,10:00:26,0,17166515,-1,-1,3464.00000,3464.00000,0.00000,       46598,20191217

rb-GD-00006,instance1,SHFE rb rb2005,20191217,10:00:31,1,17166515,17166611,1,3465.00000,3465.00000,0.00000,       46639,20191217

rb-GD-00006,instance1,SHFE rb rb2005,20191217,10:00:33,0,17166639,-1,-1,3465.00000,3465.00000,0.00000,       46657,20191217

TA-GD-00006,instance1,CZCE TA TA005,20191217,10:00:40,0,17122338,-1,-1,4964.00000,4964.00000,0.00000,       46706,20191217

TA-GD-00006,instance1,CZCE TA TA005,20191217,10:00:57,1,17122338,17122405,1,4966.00000,4966.00000,0.00000,       46789,20191217

TA-GD-00006,instance1,CZCE TA TA005,20191217,10:01:08,0,17122458,-1,-1,4966.00000,4966.00000,0.00000,       46878,20191217

rb-GD-00006,instance1,SHFE rb rb2005,20191217,10:01:08,1,17166639,17167110,1,3465.00000,3465.00000,0.00000,       46881,20191217

rb-GD-00006,instance1,SHFE rb rb2005,20191217,10:01:28,0,17167360,-1,-1,3465.00000,3465.00000,0.00000,       46976,20191217

rb-GD-00006,instance1,SHFE rb rb2005,20191217,10:01:38,1,17167360,17167430,1,3466.00000,3466.00000,0.00000,       47028,20191217

TA-GD-00006,instance1,CZCE TA TA005,20191217,10:01:40,1,17122458,17122550,1,4964.00000,4966.00000,0.00000,       47038,20191217

rb-GD-00006,instance1,SHFE rb rb2005,20191217,10:01:47,0,17167528,-1,-1,3466.00000,3466.00000,0.00000,       47079,20191217

TA-GD-00006,instance1,CZCE TA TA005,20191217,10:01:47,0,17122573,-1,-1,4966.00000,4966.00000,0.00000,       47080,20191217

rb-GD-00006,instance1,SHFE rb rb2005,20191217,10:02:14,1,17167528,17168048,1,3464.00000,3465.00000,0.00000,       47276,20191217

rb-GD-00006,instance1,SHFE rb rb2005,20191217,10:02:19,0,17168119,-1,-1,3465.00000,3465.00000,0.00000,       47309,20191217

MA-GD-00006,instance1,CZCE MA MA005,20191217,10:02:50,0,17122744,-1,-1,2151.00000,2151.00000,0.00000,       47585,20191217

rb-GD-00006,instance1,SHFE rb rb2005,20191217,10:02:53,1,17168119,17168678,1,3464.00000,3465.00000,0.00000,       47595,20191217

rb-GD-00006,instance1,SHFE rb rb2005,20191217,10:02:54,0,17168719,-1,-1,3465.00000,3465.00000,0.00000,       47606,20191217

rb-GD-00006,instance1,SHFE rb rb2005,20191217,10:03:01,1,17168719,17168815,1,3465.00000,3465.00000,0.00000,       47637,20191217

rb-GD-00006,instance1,SHFE rb rb2005,20191217,10:03:03,0,17168846,-1,-1,3466.00000,3466.00000,0.00000,       47650,20191217

rb-GD-00006,instance1,SHFE rb rb2005,20191217,10:03:16,1,17168846,17169077,1,3467.00000,3467.00000,0.00000,       47726,20191217

rb-GD-00006,instance1,SHFE rb rb2005,20191217,10:03:16,0,17169094,-1,-1,3467.00000,3467.00000,0.00000,       47730,20191217

rb-GD-00006,instance1,SHFE rb rb2005,20191217,10:03:18,1,17169094,17169108,1,3467.00000,3467.00000,0.00000,       47732,20191217

rb-GD-00006,instance1,SHFE rb rb2005,20191217,10:03:19,0,17169133,-1,-1,3467.00000,3467.00000,0.00000,       47742,20191217

TA-GD-00006,instance1,CZCE TA TA005,20191217,10:03:34,1,17122573,17122905,1,4962.00000,4962.00000,0.00000,       47842,20191217

MA-GD-00006,instance1,CZCE MA MA005,20191217,10:03:35,1,17122744,17122908,1,2150.00000,2151.00000,0.00000,       47843,20191217

MA-GD-00006,instance1,CZCE MA MA005,20191217,10:04:01,0,17122961,-1,-1,2151.00000,2151.00000,0.00000,       47907,20191217

MA-GD-00006,instance1,CZCE MA MA005,20191217,10:04:10,1,17122961,17122974,1,2152.00000,2152.00000,0.00000,       47949,20191217

TA-GD-00006,instance1,CZCE TA TA005,20191217,10:04:28,0,17123030,-1,-1,4962.00000,4962.00000,0.00000,       48034,20191217

rb-GD-00006,instance1,SHFE rb rb2005,20191217,10:04:31,1,17169133,17170168,1,3466.00000,3467.00000,0.00000,       48044,20191217

rb-GD-00006,instance1,SHFE rb rb2005,20191217,10:05:03,0,17170573,-1,-1,3467.00000,3467.00000,0.00000,       48207,20191217

MA-GD-00006,instance1,CZCE MA MA005,20191217,10:05:14,0,17123149,-1,-1,2151.00000,2151.00000,0.00000,       48261,20191217

TA-GD-00006,instance1,CZCE TA TA005,20191217,10:05:17,1,17123030,17123167,1,4960.00000,4962.00000,0.00000,       48278,20191217

rb-GD-00006,instance1,SHFE rb rb2005,20191217,10:05:47,1,17170573,17171233,1,3466.00000,3467.00000,0.00000,       48495,20191217

rb-GD-00006,instance1,SHFE rb rb2005,20191217,10:05:48,0,17171255,-1,-1,3467.00000,3467.00000,0.00000,       48502,20191217

rb-GD-00006,instance1,SHFE rb rb2005,20191217,10:05:51,1,17171255,17171268,1,3468.00000,3468.00000,0.00000,       48516,20191217

rb-GD-00006,instance1,SHFE rb rb2005,20191217,10:05:51,0,17171315,-1,-1,3469.00000,3469.00000,0.00000,       48543,20191217

rb-GD-00006,instance1,SHFE rb rb2005,20191217,10:05:55,1,17171315,17171410,1,3469.00000,3469.00000,0.00000,       48569,20191217

rb-GD-00006,instance1,SHFE rb rb2005,20191217,10:05:55,0,17171423,-1,-1,3469.00000,3469.00000,0.00000,       48572,20191217

rb-GD-00006,instance1,SHFE rb rb2005,20191217,10:05:56,1,17171423,17171427,1,3469.00000,3469.00000,0.00000,       48576,20191217

TA-GD-00006,instance1,CZCE TA TA005,20191217,10:06:01,0,17123298,-1,-1,4962.00000,4962.00000,0.00000,       48599,20191217

MA-GD-00006,instance1,CZCE MA MA005,20191217,10:06:05,1,17123149,17123306,1,2150.00000,2150.00000,0.00000,       48633,20191217

MA-GD-00006,instance1,CZCE MA MA005,20191217,10:06:18,0,17123328,-1,-1,2150.00000,2150.00000,0.00000,       48706,20191217

rb-GD-00006,instance1,SHFE rb rb2005,20191217,10:06:54,0,17172410,-1,-1,3476.00000,3476.00000,0.00000,       48908,20191217

rb-GD-00006,instance1,SHFE rb rb2005,20191217,10:06:59,1,17172410,17172478,1,3477.00000,3477.00000,0.00000,       48926,20191217

rb-GD-00006,instance1,SHFE rb rb2005,20191217,10:07:23,0,17172762,-1,-1,3476.00000,3476.00000,0.00000,       49027,20191217

MA-GD-00006,instance1,CZCE MA MA005,20191217,10:07:29,1,17123328,17123419,1,2149.00000,2149.00000,0.00000,       49044,20191217

MA-GD-00006,instance1,CZCE MA MA005,20191217,10:07:52,0,17123484,-1,-1,2147.00000,2147.00000,0.00000,       49124,20191217

rb-GD-00006,instance1,SHFE rb rb2005,20191217,10:07:55,1,17172762,17173082,1,3476.00000,3476.00000,0.00000,       49136,20191217

rb-GD-00006,instance1,SHFE rb rb2005,20191217,10:07:59,0,17173137,-1,-1,3476.00000,3476.00000,0.00000,       49159,20191217

MA-GD-00006,instance1,CZCE MA MA005,20191217,10:08:00,1,17123484,17123497,1,2148.00000,2148.00000,0.00000,       49160,20191217

TA-GD-00006,instance1,CZCE TA TA005,20191217,10:08:11,1,17123298,17123546,1,4962.00000,4962.00000,0.00000,       49240,20191217

TA-GD-00006,instance1,CZCE TA TA005,20191217,10:08:41,0,17123623,-1,-1,4962.00000,4962.00000,0.00000,       49348,20191217

rb-GD-00006,instance1,SHFE rb rb2005,20191217,10:08:51,1,17173137,17173877,1,3475.00000,3475.00000,0.00000,       49398,20191217

rb-GD-00006,instance1,SHFE rb rb2005,20191217,10:08:54,0,17173927,-1,-1,3475.00000,3475.00000,0.00000,       49406,20191217

TA-GD-00006,instance1,CZCE TA TA005,20191217,10:09:17,1,17123623,17123761,1,4958.00000,4958.00000,0.00000,       49517,20191217

MA-GD-00006,instance1,CZCE MA MA005,20191217,10:09:24,0,17123790,-1,-1,2147.00000,2147.00000,0.00000,       49539,20191217

TA-GD-00006,instance1,CZCE TA TA005,20191217,10:09:25,0,17123792,-1,-1,4958.00000,4958.00000,0.00000,       49542,20191217

rb-GD-00006,instance1,SHFE rb rb2005,20191217,10:09:36,1,17173927,17174388,1,3474.00000,3475.00000,0.00000,       49575,20191217

MA-GD-00006,instance1,CZCE MA MA005,20191217,10:09:51,1,17123790,17123898,1,2145.00000,2145.00000,0.00000,       49655,20191217

TA-GD-00006,instance1,CZCE TA TA005,20191217,10:10:28,1,17123792,17123991,1,4954.00000,4954.00000,0.00000,       49833,20191217

TA-GD-00006,instance1,CZCE TA TA005,20191217,10:10:44,0,17124058,-1,-1,4952.00000,4952.00000,0.00000,       49902,20191217

rb-GD-00006,instance1,SHFE rb rb2005,20191217,10:11:25,0,17175805,-1,-1,3476.00000,3476.00000,0.00000,       50070,20191217

TA-GD-00006,instance1,CZCE TA TA005,20191217,10:11:57,1,17124058,17124218,1,4950.00000,4954.00000,0.00000,       50185,20191217

rb-GD-00006,instance1,SHFE rb rb2005,20191217,10:12:06,1,17175805,17176341,1,3475.00000,3476.00000,0.00000,       50236,20191217

rb-GD-00006,instance1,SHFE rb rb2005,20191217,10:12:31,0,17176666,-1,-1,3476.00000,3476.00000,0.00000,       50326,20191217

rb-GD-00006,instance1,SHFE rb rb2005,20191217,10:12:44,1,17176666,17176838,1,3477.00000,3477.00000,0.00000,       50382,20191217

TA-GD-00006,instance1,CZCE TA TA005,20191217,10:12:45,0,17124320,-1,-1,4954.00000,4954.00000,0.00000,       50390,20191217

rb-GD-00006,instance1,SHFE rb rb2005,20191217,10:14:24,0,17177929,-1,-1,3477.00000,3477.00000,0.00000,       50797,20191217

TA-GD-00006,instance1,CZCE TA TA005,20191217,10:14:26,1,17124320,17124706,1,4954.00000,4958.00000,0.00000,       50811,20191217

rb-GD-00006,instance1,SHFE rb rb2005,20191217,10:14:37,1,17177929,17178082,1,3478.00000,3478.00000,0.00000,       50879,20191217

TA-GD-00006,instance1,CZCE TA TA005,20191217,10:30:01,0,17124994,-1,-1,4958.00000,4958.00000,0.00000,       51455,20191217

TA-GD-00006,instance1,CZCE TA TA005,20191217,10:30:32,1,17124994,17125168,1,4956.00000,4958.00000,0.00000,       51853,20191217

TA-GD-00006,instance1,CZCE TA TA005,20191217,10:30:33,0,17125176,-1,-1,4958.00000,4958.00000,0.00000,       51859,20191217

rb-GD-00006,instance1,SHFE rb rb2005,20191217,10:31:06,0,17179455,-1,-1,3488.00000,3488.00000,0.00000,       52057,20191217

rb-GD-00006,instance1,SHFE rb rb2005,20191217,10:31:10,1,17179455,17179507,1,3489.00000,3489.00000,0.00000,       52077,20191217

TA-GD-00006,instance1,CZCE TA TA005,20191217,10:31:15,1,17125176,17125341,1,4958.00000,4958.00000,0.00000,       52111,20191217

rb-GD-00006,instance1,SHFE rb rb2005,20191217,10:31:44,0,17179944,-1,-1,3491.00000,3491.00000,0.00000,       52241,20191217

rb-GD-00006,instance1,SHFE rb rb2005,20191217,10:32:04,1,17179944,17180233,1,3490.00000,3490.00000,0.00000,       52374,20191217

rb-GD-00006,instance1,SHFE rb rb2005,20191217,10:32:14,0,17180399,-1,-1,3490.00000,3490.00000,0.00000,       52427,20191217

TA-GD-00006,instance1,CZCE TA TA005,20191217,10:32:49,0,17125499,-1,-1,4956.00000,4956.00000,0.00000,       52599,20191217

rb-GD-00006,instance1,SHFE rb rb2005,20191217,10:33:05,1,17180399,17181223,1,3488.00000,3488.00000,0.00000,       52678,20191217

TA-GD-00006,instance1,CZCE TA TA005,20191217,10:33:51,1,17125499,17125631,1,4954.00000,4956.00000,0.00000,       52876,20191217

TA-GD-00006,instance1,CZCE TA TA005,20191217,10:33:53,0,17125649,-1,-1,4956.00000,4956.00000,0.00000,       52882,20191217

rb-GD-00006,instance1,SHFE rb rb2005,20191217,10:33:55,0,17182102,-1,-1,3490.00000,3490.00000,0.00000,       52895,20191217

rb-GD-00006,instance1,SHFE rb rb2005,20191217,10:33:59,1,17182102,17182134,1,3490.00000,3490.00000,0.00000,       52903,20191217

rb-GD-00006,instance1,SHFE rb rb2005,20191217,10:34:06,0,17182285,-1,-1,3489.00000,3489.00000,0.00000,       52940,20191217

MA-GD-00006,instance1,CZCE MA MA005,20191217,10:34:11,0,17125743,-1,-1,2149.00000,2149.00000,0.00000,       52969,20191217

TA-GD-00006,instance1,CZCE TA TA005,20191217,10:34:34,1,17125649,17125969,1,4956.00000,4956.00000,0.00000,       53126,20191217

rb-GD-00006,instance1,SHFE rb rb2005,20191217,10:34:37,1,17182285,17182918,1,3487.00000,3487.00000,0.00000,       53161,20191217

rb-GD-00006,instance1,SHFE rb rb2005,20191217,10:34:41,0,17183007,-1,-1,3487.00000,3487.00000,0.00000,       53179,20191217

rb-GD-00006,instance1,SHFE rb rb2005,20191217,10:34:51,1,17183007,17183230,1,3488.00000,3488.00000,0.00000,       53248,20191217

rb-GD-00006,instance1,SHFE rb rb2005,20191217,10:35:11,0,17183686,-1,-1,3488.00000,3488.00000,0.00000,       53412,20191217

TA-GD-00006,instance1,CZCE TA TA005,20191217,10:35:27,0,17126294,-1,-1,4952.00000,4952.00000,0.00000,       53525,20191217

rb-GD-00006,instance1,SHFE rb rb2005,20191217,10:35:37,1,17183686,17184153,1,3486.00000,3486.00000,0.00000,       53565,20191217

rb-GD-00006,instance1,SHFE rb rb2005,20191217,10:35:54,0,17184412,-1,-1,3486.00000,3486.00000,0.00000,       53626,20191217

TA-GD-00006,instance1,CZCE TA TA005,20191217,10:35:57,1,17126294,17126356,1,4952.00000,4952.00000,0.00000,       53635,20191217

TA-GD-00006,instance1,CZCE TA TA005,20191217,10:36:07,0,17126403,-1,-1,4952.00000,4952.00000,0.00000,       53678,20191217

MA-GD-00006,instance1,CZCE MA MA005,20191217,10:36:46,1,17125743,17126533,1,2146.00000,2146.00000,0.00000,       53857,20191217

rb-GD-00006,instance1,SHFE rb rb2005,20191217,10:36:54,1,17184412,17185606,1,3483.00000,3484.00000,0.00000,       53922,20191217

TA-GD-00006,instance1,CZCE TA TA005,20191217,10:37:14,1,17126403,17126584,1,4952.00000,4956.00000,0.00000,       54024,20191217

TA-GD-00006,instance1,CZCE TA TA005,20191217,10:37:19,0,17126605,-1,-1,4956.00000,4956.00000,0.00000,       54037,20191217

TA-GD-00006,instance1,CZCE TA TA005,20191217,10:38:28,1,17126605,17126852,1,4956.00000,4956.00000,0.00000,       54389,20191217

TA-GD-00006,instance1,CZCE TA TA005,20191217,10:39:30,0,17127013,-1,-1,4956.00000,4956.00000,0.00000,       54727,20191217

TA-GD-00006,instance1,CZCE TA TA005,20191217,10:40:03,1,17127013,17127110,1,4956.00000,4956.00000,0.00000,       54912,20191217

rb-GD-00006,instance1,SHFE rb rb2005,20191217,10:41:01,0,17189904,-1,-1,3486.00000,3486.00000,0.00000,       55166,20191217

rb-GD-00006,instance1,SHFE rb rb2005,20191217,10:41:49,1,17189904,17190656,1,3485.00000,3486.00000,0.00000,       55346,20191217

rb-GD-00006,instance1,SHFE rb rb2005,20191217,10:41:57,0,17190792,-1,-1,3485.00000,3485.00000,0.00000,       55372,20191217

MA-GD-00006,instance1,CZCE MA MA005,20191217,10:42:13,0,17127401,-1,-1,2145.00000,2145.00000,0.00000,       55438,20191217

MA-GD-00006,instance1,CZCE MA MA005,20191217,10:42:51,1,17127401,17127473,1,2145.00000,2146.00000,0.00000,       55559,20191217

rb-GD-00006,instance1,SHFE rb rb2005,20191217,10:43:09,1,17190792,17192045,1,3484.00000,3485.00000,0.00000,       55640,20191217

rb-GD-00006,instance1,SHFE rb rb2005,20191217,10:43:15,0,17192121,-1,-1,3485.00000,3485.00000,0.00000,       55659,20191217

rb-GD-00006,instance1,SHFE rb rb2005,20191217,10:43:37,1,17192121,17192523,1,3483.00000,3484.00000,0.00000,       55751,20191217

rb-GD-00006,instance1,SHFE rb rb2005,20191217,10:44:58,0,17194000,-1,-1,3485.00000,3485.00000,0.00000,       56076,20191217

MA-GD-00006,instance1,CZCE MA MA005,20191217,10:45:17,0,17127861,-1,-1,2144.00000,2144.00000,0.00000,       56266,20191217

rb-GD-00006,instance1,SHFE rb rb2005,20191217,10:45:52,1,17194000,17194960,1,3485.00000,3486.00000,0.00000,       56375,20191217

rb-GD-00006,instance1,SHFE rb rb2005,20191217,10:46:26,0,17195534,-1,-1,3484.00000,3484.00000,0.00000,       56499,20191217

MA-GD-00006,instance1,CZCE MA MA005,20191217,10:46:55,1,17127861,17128052,1,2144.00000,2145.00000,0.00000,       56624,20191217

MA-GD-00006,instance1,CZCE MA MA005,20191217,10:47:10,0,17128073,-1,-1,2145.00000,2145.00000,0.00000,       56693,20191217

rb-GD-00006,instance1,SHFE rb rb2005,20191217,10:47:11,1,17195534,17196289,1,3484.00000,3485.00000,0.00000,       56699,20191217

rb-GD-00006,instance1,SHFE rb rb2005,20191217,10:47:57,0,17196953,-1,-1,3484.00000,3484.00000,0.00000,       56891,20191217

rb-GD-00006,instance1,SHFE rb rb2005,20191217,10:48:00,1,17196953,17196998,1,3484.00000,3484.00000,0.00000,       56901,20191217

rb-GD-00006,instance1,SHFE rb rb2005,20191217,10:48:18,0,17197329,-1,-1,3484.00000,3484.00000,0.00000,       56988,20191217

rb-GD-00006,instance1,SHFE rb rb2005,20191217,10:48:26,1,17197329,17197395,1,3485.00000,3485.00000,0.00000,       57007,20191217

MA-GD-00006,instance1,CZCE MA MA005,20191217,10:49:17,1,17128073,17128227,1,2145.00000,2146.00000,0.00000,       57168,20191217

rb-GD-00006,instance1,SHFE rb rb2005,20191217,10:51:36,0,17200431,-1,-1,3486.00000,3486.00000,0.00000,       57761,20191217

rb-GD-00006,instance1,SHFE rb rb2005,20191217,10:52:14,1,17200431,17201108,1,3485.00000,3486.00000,0.00000,       57914,20191217

rb-GD-00006,instance1,SHFE rb rb2005,20191217,10:53:20,0,17202232,-1,-1,3486.00000,3486.00000,0.00000,       58163,20191217

rb-GD-00006,instance1,SHFE rb rb2005,20191217,10:53:46,1,17202232,17202680,1,3485.00000,3485.00000,0.00000,       58234,20191217

rb-GD-00006,instance1,SHFE rb rb2005,20191217,10:53:46,0,17202687,-1,-1,3485.00000,3485.00000,0.00000,       58238,20191217

rb-GD-00006,instance1,SHFE rb rb2005,20191217,10:55:09,1,17202687,17204317,1,3483.00000,3484.00000,0.00000,       58479,20191217

rb-GD-00006,instance1,SHFE rb rb2005,20191217,10:55:48,0,17205002,-1,-1,3483.00000,3483.00000,0.00000,       58602,20191217

rb-GD-00006,instance1,SHFE rb rb2005,20191217,10:57:17,1,17205002,17206530,1,3480.00000,3482.00000,0.00000,       58834,20191217

rb-GD-00006,instance1,SHFE rb rb2005,20191217,11:02:14,0,17210096,-1,-1,3483.00000,3483.00000,0.00000,       59653,20191217

rb-GD-00006,instance1,SHFE rb rb2005,20191217,11:02:41,1,17210096,17210402,1,3484.00000,3484.00000,0.00000,       59758,20191217

MA-GD-00006,instance1,CZCE MA MA005,20191217,11:02:42,0,17130978,-1,-1,2145.00000,2145.00000,0.00000,       59762,20191217

TA-GD-00006,instance1,CZCE TA TA005,20191217,11:02:52,0,17131031,-1,-1,4958.00000,4958.00000,0.00000,       59783,20191217

MA-GD-00006,instance1,CZCE MA MA005,20191217,11:03:18,1,17130978,17131168,1,2144.00000,2145.00000,0.00000,       59862,20191217

TA-GD-00006,instance1,CZCE TA TA005,20191217,11:03:36,1,17131031,17131213,1,4956.00000,4956.00000,0.00000,       59893,20191217

rb-GD-00006,instance1,SHFE rb rb2005,20191217,11:04:03,0,17211097,-1,-1,3483.00000,3483.00000,0.00000,       59967,20191217

rb-GD-00006,instance1,SHFE rb rb2005,20191217,11:04:17,1,17211097,17211253,1,3483.00000,3483.00000,0.00000,       60027,20191217

TA-GD-00006,instance1,CZCE TA TA005,20191217,11:04:48,0,17131603,-1,-1,4954.00000,4954.00000,0.00000,       60138,20191217

rb-GD-00006,instance1,SHFE rb rb2005,20191217,11:05:59,0,17212915,-1,-1,3484.00000,3484.00000,0.00000,       60572,20191217

rb-GD-00006,instance1,SHFE rb rb2005,20191217,11:06:07,1,17212915,17213121,1,3484.00000,3484.00000,0.00000,       60630,20191217

TA-GD-00006,instance1,CZCE TA TA005,20191217,11:06:59,1,17131603,17132245,1,4952.00000,4956.00000,0.00000,       60939,20191217

rb-GD-00006,instance1,SHFE rb rb2005,20191217,11:09:01,0,17216175,-1,-1,3483.00000,3483.00000,0.00000,       61441,20191217

MA-GD-00006,instance1,CZCE MA MA005,20191217,11:09:04,0,17132593,-1,-1,2145.00000,2145.00000,0.00000,       61469,20191217

rb-GD-00006,instance1,SHFE rb rb2005,20191217,11:09:39,1,17216175,17217019,1,3482.00000,3482.00000,0.00000,       61610,20191217

MA-GD-00006,instance1,CZCE MA MA005,20191217,11:09:42,1,17132593,17132795,1,2145.00000,2145.00000,0.00000,       61618,20191217

rb-GD-00006,instance1,SHFE rb rb2005,20191217,11:09:57,0,17217378,-1,-1,3482.00000,3482.00000,0.00000,       61648,20191217

rb-GD-00006,instance1,SHFE rb rb2005,20191217,11:12:21,1,17217378,17220322,1,3481.00000,3483.00000,0.00000,       62324,20191217

rb-GD-00006,instance1,SHFE rb rb2005,20191217,11:14:24,0,17222717,-1,-1,3483.00000,3483.00000,0.00000,       62621,20191217

rb-GD-00006,instance1,SHFE rb rb2005,20191217,11:14:51,1,17222717,17223198,1,3484.00000,3484.00000,0.00000,       62689,20191217

rb-GD-00006,instance1,SHFE rb rb2005,20191217,11:15:46,0,17224464,-1,-1,3485.00000,3485.00000,0.00000,       63019,20191217

rb-GD-00006,instance1,SHFE rb rb2005,20191217,11:15:52,1,17224464,17224622,1,3486.00000,3486.00000,0.00000,       63057,20191217

rb-GD-00006,instance1,SHFE rb rb2005,20191217,11:16:28,0,17225290,-1,-1,3483.00000,3483.00000,0.00000,       63223,20191217

rb-GD-00006,instance1,SHFE rb rb2005,20191217,11:17:05,1,17225290,17225950,1,3482.00000,3483.00000,0.00000,       63380,20191217

rb-GD-00006,instance1,SHFE rb rb2005,20191217,11:21:42,0,17229840,-1,-1,3483.00000,3483.00000,0.00000,       64311,20191217

rb-GD-00006,instance1,SHFE rb rb2005,20191217,11:21:45,1,17229840,17229870,1,3484.00000,3484.00000,0.00000,       64325,20191217

rb-GD-00006,instance1,SHFE rb rb2005,20191217,11:25:33,0,17233471,-1,-1,3488.00000,3488.00000,0.00000,       65517,20191217

rb-GD-00006,instance1,SHFE rb rb2005,20191217,11:26:07,1,17233471,17233981,1,3487.00000,3487.00000,0.00000,       65626,20191217

rb-GD-00006,instance1,SHFE rb rb2005,20191217,11:26:13,0,17234086,-1,-1,3486.00000,3486.00000,0.00000,       65657,20191217

rb-GD-00006,instance1,SHFE rb rb2005,20191217,11:27:00,1,17234086,17235008,1,3485.00000,3485.00000,0.00000,       65896,20191217

rb-GD-00006,instance1,SHFE rb rb2005,20191217,11:27:38,0,17235789,-1,-1,3484.00000,3484.00000,0.00000,       66122,20191217

TA-GD-00006,instance1,CZCE TA TA005,20191217,11:27:40,0,17135375,-1,-1,4958.00000,4958.00000,0.00000,       66136,20191217

rb-GD-00006,instance1,SHFE rb rb2005,20191217,11:28:15,1,17235789,17236366,1,3483.00000,3484.00000,0.00000,       66385,20191217

rb-GD-00006,instance1,SHFE rb rb2005,20191217,11:28:25,0,17236520,-1,-1,3483.00000,3483.00000,0.00000,       66438,20191217

rb-GD-00006,instance1,SHFE rb rb2005,20191217,11:28:31,1,17236520,17236638,1,3483.00000,3483.00000,0.00000,       66481,20191217

rb-GD-00006,instance1,SHFE rb rb2005,20191217,11:28:33,0,17236653,-1,-1,3483.00000,3483.00000,0.00000,       66484,20191217

TA-GD-00006,instance1,CZCE TA TA005,20191217,11:29:00,1,17135375,17135465,1,4958.00000,4960.00000,0.00000,       66594,20191217

rb-GD-00006,instance1,SHFE rb rb2005,20191217,11:29:00,1,17236653,17237099,1,3483.00000,3484.00000,0.00000,       66598,20191217

rb-GD-00006,instance1,SHFE rb rb2005,20191217,13:30:10,0,17238420,-1,-1,3485.00000,3485.00000,0.00000,       68333,20191217

MA-GD-00006,instance1,CZCE MA MA005,20191217,13:30:10,0,17135813,-1,-1,2144.00000,2144.00000,0.00000,       68336,20191217

TA-GD-00006,instance1,CZCE TA TA005,20191217,13:30:16,0,17135863,-1,-1,4954.00000,4954.00000,0.00000,       68446,20191217

rb-GD-00006,instance1,SHFE rb rb2005,20191217,13:30:23,1,17238420,17238639,1,3484.00000,3485.00000,0.00000,       68503,20191217

rb-GD-00006,instance1,SHFE rb rb2005,20191217,13:30:41,0,17238925,-1,-1,3483.00000,3483.00000,0.00000,       68644,20191217

rb-GD-00006,instance1,SHFE rb rb2005,20191217,13:30:52,1,17238925,17239105,1,3482.00000,3483.00000,0.00000,       68699,20191217

TA-GD-00006,instance1,CZCE TA TA005,20191217,13:30:59,1,17135863,17136002,1,4952.00000,4954.00000,0.00000,       68751,20191217

TA-GD-00006,instance1,CZCE TA TA005,20191217,13:31:14,0,17136078,-1,-1,4954.00000,4954.00000,0.00000,       68842,20191217

MA-GD-00006,instance1,CZCE MA MA005,20191217,13:31:34,1,17135813,17136154,1,2143.00000,2143.00000,0.00000,       68938,20191217

MA-GD-00006,instance1,CZCE MA MA005,20191217,13:31:50,0,17136209,-1,-1,2142.00000,2142.00000,0.00000,       68999,20191217

MA-GD-00006,instance1,CZCE MA MA005,20191217,13:32:18,1,17136209,17136366,1,2143.00000,2143.00000,0.00000,       69122,20191217

TA-GD-00006,instance1,CZCE TA TA005,20191217,13:32:33,1,17136078,17136406,1,4954.00000,4956.00000,0.00000,       69237,20191217

MA-GD-00006,instance1,CZCE MA MA005,20191217,13:32:34,0,17136419,-1,-1,2144.00000,2144.00000,0.00000,       69244,20191217

rb-GD-00006,instance1,SHFE rb rb2005,20191217,13:33:15,0,17241276,-1,-1,3484.00000,3484.00000,0.00000,       69471,20191217

rb-GD-00006,instance1,SHFE rb rb2005,20191217,13:33:34,1,17241276,17241502,1,3485.00000,3485.00000,0.00000,       69553,20191217

MA-GD-00006,instance1,CZCE MA MA005,20191217,13:34:05,1,17136419,17136771,1,2144.00000,2146.00000,0.00000,       69708,20191217

rb-GD-00006,instance1,SHFE rb rb2005,20191217,13:36:10,0,17242977,-1,-1,3488.00000,3488.00000,0.00000,       70307,20191217

MA-GD-00006,instance1,CZCE MA MA005,20191217,13:36:52,0,17137220,-1,-1,2144.00000,2144.00000,0.00000,       70448,20191217

rb-GD-00006,instance1,SHFE rb rb2005,20191217,13:37:29,1,17242977,17243577,1,3487.00000,3489.00000,0.00000,       70527,20191217

TA-GD-00006,instance1,CZCE TA TA005,20191217,13:37:47,0,17137449,-1,-1,4958.00000,4958.00000,0.00000,       70590,20191217

MA-GD-00006,instance1,CZCE MA MA005,20191217,13:37:54,1,17137220,17137474,1,2143.00000,2144.00000,0.00000,       70607,20191217

MA-GD-00006,instance1,CZCE MA MA005,20191217,13:37:54,0,17137476,-1,-1,2144.00000,2144.00000,0.00000,       70609,20191217

rb-GD-00006,instance1,SHFE rb rb2005,20191217,13:38:24,0,17244369,-1,-1,3487.00000,3487.00000,0.00000,       70801,20191217

TA-GD-00006,instance1,CZCE TA TA005,20191217,13:38:26,1,17137449,17137617,1,4956.00000,4956.00000,0.00000,       70806,20191217

TA-GD-00006,instance1,CZCE TA TA005,20191217,13:38:34,0,17137667,-1,-1,4956.00000,4956.00000,0.00000,       70838,20191217

MA-GD-00006,instance1,CZCE MA MA005,20191217,13:38:44,1,17137476,17137711,1,2144.00000,2144.00000,0.00000,       70869,20191217

MA-GD-00006,instance1,CZCE MA MA005,20191217,13:39:03,0,17137790,-1,-1,2144.00000,2144.00000,0.00000,       70947,20191217

TA-GD-00006,instance1,CZCE TA TA005,20191217,13:39:20,1,17137667,17137881,1,4954.00000,4956.00000,0.00000,       71018,20191217

MA-GD-00006,instance1,CZCE MA MA005,20191217,13:39:23,1,17137790,17137888,1,2145.00000,2145.00000,0.00000,       71027,20191217

rb-GD-00006,instance1,SHFE rb rb2005,20191217,13:39:32,1,17244369,17245222,1,3487.00000,3487.00000,0.00000,       71062,20191217

rb-GD-00006,instance1,SHFE rb rb2005,20191217,13:39:48,0,17245470,-1,-1,3487.00000,3487.00000,0.00000,       71157,20191217

rb-GD-00006,instance1,SHFE rb rb2005,20191217,13:41:23,1,17245470,17246814,1,3486.00000,3486.00000,0.00000,       71559,20191217

rb-GD-00006,instance1,SHFE rb rb2005,20191217,13:41:42,0,17247131,-1,-1,3486.00000,3486.00000,0.00000,       71618,20191217

MA-GD-00006,instance1,CZCE MA MA005,20191217,13:42:28,0,17138249,-1,-1,2145.00000,2145.00000,0.00000,       71727,20191217

rb-GD-00006,instance1,SHFE rb rb2005,20191217,13:42:31,1,17247131,17247485,1,3486.00000,3487.00000,0.00000,       71734,20191217

rb-GD-00006,instance1,SHFE rb rb2005,20191217,13:43:29,0,17248213,-1,-1,3486.00000,3486.00000,0.00000,       71881,20191217

MA-GD-00006,instance1,CZCE MA MA005,20191217,13:43:29,1,17138249,17138292,1,2145.00000,2145.00000,0.00000,       71887,20191217

rb-GD-00006,instance1,SHFE rb rb2005,20191217,13:44:01,1,17248213,17248645,1,3486.00000,3487.00000,0.00000,       71984,20191217

MA-GD-00006,instance1,CZCE MA MA005,20191217,13:44:04,0,17138347,-1,-1,2145.00000,2145.00000,0.00000,       71994,20191217

rb-GD-00006,instance1,SHFE rb rb2005,20191217,13:44:48,0,17249096,-1,-1,3486.00000,3486.00000,0.00000,       72098,20191217

rb-GD-00006,instance1,SHFE rb rb2005,20191217,13:44:55,1,17249096,17249156,1,3486.00000,3486.00000,0.00000,       72123,20191217

rb-GD-00006,instance1,SHFE rb rb2005,20191217,13:45:00,0,17249257,-1,-1,3486.00000,3486.00000,0.00000,       72157,20191217

TA-GD-00006,instance1,CZCE TA TA005,20191217,13:45:20,0,17138589,-1,-1,4954.00000,4954.00000,0.00000,       72239,20191217

rb-GD-00006,instance1,SHFE rb rb2005,20191217,13:45:43,1,17249257,17249958,1,3486.00000,3486.00000,0.00000,       72332,20191217

MA-GD-00006,instance1,CZCE MA MA005,20191217,13:46:34,1,17138347,17138887,1,2145.00000,2146.00000,0.00000,       72528,20191217

TA-GD-00006,instance1,CZCE TA TA005,20191217,13:47:23,1,17138589,17139033,1,4954.00000,4956.00000,0.00000,       72627,20191217

rb-GD-00006,instance1,SHFE rb rb2005,20191217,13:48:56,0,17252092,-1,-1,3486.00000,3486.00000,0.00000,       72901,20191217

rb-GD-00006,instance1,SHFE rb rb2005,20191217,13:49:28,1,17252092,17252488,1,3485.00000,3485.00000,0.00000,       72986,20191217

rb-GD-00006,instance1,SHFE rb rb2005,20191217,13:49:42,0,17252670,-1,-1,3484.00000,3484.00000,0.00000,       73016,20191217

MA-GD-00006,instance1,CZCE MA MA005,20191217,13:50:08,0,17139863,-1,-1,2148.00000,2148.00000,0.00000,       73128,20191217

MA-GD-00006,instance1,CZCE MA MA005,20191217,13:50:14,1,17139863,17139886,1,2149.00000,2149.00000,0.00000,       73159,20191217

rb-GD-00006,instance1,SHFE rb rb2005,20191217,13:50:15,1,17252670,17253180,1,3483.00000,3484.00000,0.00000,       73174,20191217

rb-GD-00006,instance1,SHFE rb rb2005,20191217,13:51:07,0,17253898,-1,-1,3483.00000,3483.00000,0.00000,       73382,20191217

rb-GD-00006,instance1,SHFE rb rb2005,20191217,13:51:25,1,17253898,17254129,1,3484.00000,3484.00000,0.00000,       73423,20191217

MA-GD-00006,instance1,CZCE MA MA005,20191217,13:53:33,0,17140560,-1,-1,2151.00000,2151.00000,0.00000,       73893,20191217

rb-GD-00006,instance1,SHFE rb rb2005,20191217,13:53:39,0,17255977,-1,-1,3483.00000,3483.00000,0.00000,       73923,20191217

rb-GD-00006,instance1,SHFE rb rb2005,20191217,13:53:40,1,17255977,17255988,1,3484.00000,3484.00000,0.00000,       73957,20191217

MA-GD-00006,instance1,CZCE MA MA005,20191217,13:54:22,1,17140560,17140712,1,2151.00000,2152.00000,0.00000,       74106,20191217

MA-GD-00006,instance1,CZCE MA MA005,20191217,13:55:37,0,17140859,-1,-1,2151.00000,2151.00000,0.00000,       74331,20191217

rb-GD-00006,instance1,SHFE rb rb2005,20191217,13:55:39,0,17257715,-1,-1,3485.00000,3485.00000,0.00000,       74338,20191217

rb-GD-00006,instance1,SHFE rb rb2005,20191217,13:55:41,1,17257715,17257746,1,3485.00000,3485.00000,0.00000,       74343,20191217

rb-GD-00006,instance1,SHFE rb rb2005,20191217,13:55:46,0,17257839,-1,-1,3485.00000,3485.00000,0.00000,       74365,20191217

MA-GD-00006,instance1,CZCE MA MA005,20191217,13:56:04,1,17140859,17140908,1,2152.00000,2152.00000,0.00000,       74429,20191217

rb-GD-00006,instance1,SHFE rb rb2005,20191217,13:56:53,1,17257839,17258807,1,3484.00000,3485.00000,0.00000,       74558,20191217

MA-GD-00006,instance1,CZCE MA MA005,20191217,14:00:26,0,17142306,-1,-1,2157.00000,2157.00000,0.00000,       75346,20191217

rb-GD-00006,instance1,SHFE rb rb2005,20191217,14:00:42,0,17261940,-1,-1,3486.00000,3486.00000,0.00000,       75404,20191217

MA-GD-00006,instance1,CZCE MA MA005,20191217,14:01:12,1,17142306,17142527,1,2156.00000,2156.00000,0.00000,       75534,20191217

MA-GD-00006,instance1,CZCE MA MA005,20191217,14:01:15,0,17142546,-1,-1,2156.00000,2156.00000,0.00000,       75555,20191217

TA-GD-00006,instance1,CZCE TA TA005,20191217,14:01:23,0,17142574,-1,-1,4964.00000,4964.00000,0.00000,       75589,20191217

TA-GD-00006,instance1,CZCE TA TA005,20191217,14:02:12,1,17142574,17142737,1,4962.00000,4964.00000,0.00000,       75801,20191217

MA-GD-00006,instance1,CZCE MA MA005,20191217,14:02:16,1,17142546,17142751,1,2155.00000,2155.00000,0.00000,       75809,20191217

MA-GD-00006,instance1,CZCE MA MA005,20191217,14:02:24,0,17142776,-1,-1,2155.00000,2155.00000,0.00000,       75827,20191217

MA-GD-00006,instance1,CZCE MA MA005,20191217,14:02:57,1,17142776,17142908,1,2155.00000,2155.00000,0.00000,       75915,20191217

rb-GD-00006,instance1,SHFE rb rb2005,20191217,14:03:26,1,17261940,17263996,1,3485.00000,3486.00000,0.00000,       76069,20191217

MA-GD-00006,instance1,CZCE MA MA005,20191217,14:04:21,0,17143393,-1,-1,2158.00000,2159.00000,0.00000,       76483,20191217

rb-GD-00006,instance1,SHFE rb rb2005,20191217,14:04:22,0,17264989,-1,-1,3487.00000,3487.00000,0.00000,       76492,20191217

MA-GD-00006,instance1,CZCE MA MA005,20191217,14:04:55,1,17143393,17143629,1,2159.00000,2160.00000,0.00000,       76674,20191217

TA-GD-00006,instance1,CZCE TA TA005,20191217,14:05:32,0,17143881,-1,-1,4966.00000,4966.00000,0.00000,       76881,20191217

MA-GD-00006,instance1,CZCE MA MA005,20191217,14:05:33,0,17143892,-1,-1,2158.00000,2158.00000,0.00000,       76887,20191217

MA-GD-00006,instance1,CZCE MA MA005,20191217,14:06:06,1,17143892,17144048,1,2158.00000,2158.00000,0.00000,       77040,20191217

rb-GD-00006,instance1,SHFE rb rb2005,20191217,14:06:13,1,17264989,17266483,1,3487.00000,3489.00000,0.00000,       77073,20191217

rb-GD-00006,instance1,SHFE rb rb2005,20191217,14:07:04,0,17267167,-1,-1,3489.00000,3489.00000,0.00000,       77374,20191217

rb-GD-00006,instance1,SHFE rb rb2005,20191217,14:07:30,1,17267167,17267403,1,3489.00000,3491.00000,0.00000,       77489,20191217

TA-GD-00006,instance1,CZCE TA TA005,20191217,14:08:25,1,17143881,17144580,1,4966.00000,4966.00000,0.00000,       77699,20191217

MA-GD-00006,instance1,CZCE MA MA005,20191217,14:08:35,0,17144617,-1,-1,2155.00000,2155.00000,0.00000,       77740,20191217

rb-GD-00006,instance1,SHFE rb rb2005,20191217,14:08:43,0,17268026,-1,-1,3490.00000,3490.00000,0.00000,       77779,20191217

MA-GD-00006,instance1,CZCE MA MA005,20191217,14:09:08,1,17144617,17144712,1,2155.00000,2155.00000,0.00000,       77960,20191217

MA-GD-00006,instance1,CZCE MA MA005,20191217,14:09:11,0,17144730,-1,-1,2155.00000,2155.00000,0.00000,       77984,20191217

rb-GD-00006,instance1,SHFE rb rb2005,20191217,14:09:37,1,17268026,17268691,1,3489.00000,3490.00000,0.00000,       78045,20191217

MA-GD-00006,instance1,CZCE MA MA005,20191217,14:09:44,1,17144730,17144778,1,2155.00000,2155.00000,0.00000,       78078,20191217

rb-GD-00006,instance1,SHFE rb rb2005,20191217,14:10:07,0,17269173,-1,-1,3488.00000,3488.00000,0.00000,       78193,20191217

rb-GD-00006,instance1,SHFE rb rb2005,20191217,14:10:20,1,17269173,17269512,1,3489.00000,3489.00000,0.00000,       78257,20191217

TA-GD-00006,instance1,CZCE TA TA005,20191217,14:10:43,0,17144930,-1,-1,4964.00000,4964.00000,0.00000,       78343,20191217

TA-GD-00006,instance1,CZCE TA TA005,20191217,14:11:15,1,17144930,17144973,1,4964.00000,4964.00000,0.00000,       78518,20191217

rb-GD-00006,instance1,SHFE rb rb2005,20191217,14:12:25,0,17272429,-1,-1,3491.00000,3491.00000,0.00000,       78866,20191217

rb-GD-00006,instance1,SHFE rb rb2005,20191217,14:12:28,1,17272429,17272482,1,3492.00000,3492.00000,0.00000,       78875,20191217

rb-GD-00006,instance1,SHFE rb rb2005,20191217,14:12:33,0,17272552,-1,-1,3492.00000,3492.00000,0.00000,       78888,20191217

rb-GD-00006,instance1,SHFE rb rb2005,20191217,14:12:40,1,17272552,17272638,1,3492.00000,3492.00000,0.00000,       78909,20191217

MA-GD-00006,instance1,CZCE MA MA005,20191217,14:13:07,0,17145215,-1,-1,2154.00000,2154.00000,0.00000,       78977,20191217

rb-GD-00006,instance1,SHFE rb rb2005,20191217,14:14:19,0,17274377,-1,-1,3491.00000,3491.00000,0.00000,       79366,20191217

rb-GD-00006,instance1,SHFE rb rb2005,20191217,14:14:47,1,17274377,17274810,1,3489.00000,3489.00000,0.00000,       79506,20191217

rb-GD-00006,instance1,SHFE rb rb2005,20191217,14:14:52,0,17274845,-1,-1,3489.00000,3489.00000,0.00000,       79516,20191217

MA-GD-00006,instance1,CZCE MA MA005,20191217,14:15:22,1,17145215,17145865,1,2154.00000,2156.00000,0.00000,       79643,20191217

rb-GD-00006,instance1,SHFE rb rb2005,20191217,14:15:24,1,17274845,17275243,1,3488.00000,3488.00000,0.00000,       79658,20191217

rb-GD-00006,instance1,SHFE rb rb2005,20191217,14:15:27,0,17275322,-1,-1,3487.00000,3487.00000,0.00000,       79683,20191217

MA-GD-00006,instance1,CZCE MA MA005,20191217,14:16:21,0,17146205,-1,-1,2154.00000,2154.00000,0.00000,       79904,20191217

rb-GD-00006,instance1,SHFE rb rb2005,20191217,14:16:33,1,17275322,17276307,1,3485.00000,3485.00000,0.00000,       79933,20191217

rb-GD-00006,instance1,SHFE rb rb2005,20191217,14:16:41,0,17276377,-1,-1,3485.00000,3485.00000,0.00000,       79955,20191217

rb-GD-00006,instance1,SHFE rb rb2005,20191217,14:17:13,1,17276377,17276645,1,3485.00000,3485.00000,0.00000,       80044,20191217

MA-GD-00006,instance1,CZCE MA MA005,20191217,14:17:29,1,17146205,17146288,1,2154.00000,2154.00000,0.00000,       80115,20191217

rb-GD-00006,instance1,SHFE rb rb2005,20191217,14:18:56,0,17277602,-1,-1,3483.00000,3483.00000,0.00000,       80446,20191217

rb-GD-00006,instance1,SHFE rb rb2005,20191217,14:19:30,1,17277602,17278061,1,3483.00000,3484.00000,0.00000,       80569,20191217

TA-GD-00006,instance1,CZCE TA TA005,20191217,14:20:46,0,17146943,-1,-1,4956.00000,4956.00000,0.00000,       80797,20191217

TA-GD-00006,instance1,CZCE TA TA005,20191217,14:21:35,1,17146943,17147210,1,4952.00000,4954.00000,0.00000,       81009,20191217

MA-GD-00006,instance1,CZCE MA MA005,20191217,14:22:01,0,17147364,-1,-1,2153.00000,2153.00000,0.00000,       81091,20191217

TA-GD-00006,instance1,CZCE TA TA005,20191217,14:22:04,0,17147386,-1,-1,4956.00000,4956.00000,0.00000,       81119,20191217

MA-GD-00006,instance1,CZCE MA MA005,20191217,14:22:53,1,17147364,17147742,1,2153.00000,2153.00000,0.00000,       81360,20191217

TA-GD-00006,instance1,CZCE TA TA005,20191217,14:22:53,1,17147386,17147744,1,4956.00000,4956.00000,0.00000,       81361,20191217

rb-GD-00006,instance1,SHFE rb rb2005,20191217,14:24:36,0,17281432,-1,-1,3483.00000,3483.00000,0.00000,       81748,20191217

rb-GD-00006,instance1,SHFE rb rb2005,20191217,14:24:56,1,17281432,17281816,1,3483.00000,3483.00000,0.00000,       81860,20191217

TA-GD-00006,instance1,CZCE TA TA005,20191217,14:25:28,0,17148259,-1,-1,4954.00000,4954.00000,0.00000,       82122,20191217

rb-GD-00006,instance1,SHFE rb rb2005,20191217,14:25:51,0,17282980,-1,-1,3482.00000,3482.00000,0.00000,       82217,20191217

TA-GD-00006,instance1,CZCE TA TA005,20191217,14:26:48,1,17148259,17148398,1,4952.00000,4954.00000,0.00000,       82519,20191217

rb-GD-00006,instance1,SHFE rb rb2005,20191217,14:27:03,1,17282980,17284192,1,3481.00000,3483.00000,0.00000,       82609,20191217

rb-GD-00006,instance1,SHFE rb rb2005,20191217,14:27:16,0,17284437,-1,-1,3482.00000,3482.00000,0.00000,       82675,20191217

rb-GD-00006,instance1,SHFE rb rb2005,20191217,14:27:37,1,17284437,17284686,1,3483.00000,3483.00000,0.00000,       82749,20191217

MA-GD-00006,instance1,CZCE MA MA005,20191217,14:27:48,0,17148548,-1,-1,2153.00000,2153.00000,0.00000,       82800,20191217

MA-GD-00006,instance1,CZCE MA MA005,20191217,14:28:16,1,17148548,17148626,1,2154.00000,2154.00000,0.00000,       82921,20191217

TA-GD-00006,instance1,CZCE TA TA005,20191217,14:29:16,0,17148805,-1,-1,4956.00000,4956.00000,0.00000,       83211,20191217

rb-GD-00006,instance1,SHFE rb rb2005,20191217,14:29:42,0,17286488,-1,-1,3485.00000,3485.00000,0.00000,       83300,20191217

rb-GD-00006,instance1,SHFE rb rb2005,20191217,14:29:57,1,17286488,17286606,1,3486.00000,3486.00000,0.00000,       83328,20191217

TA-GD-00006,instance1,CZCE TA TA005,20191217,14:30:10,1,17148805,17149026,1,4954.00000,4956.00000,0.00000,       83432,20191217

rb-GD-00006,instance1,SHFE rb rb2005,20191217,14:31:08,0,17287540,-1,-1,3486.00000,3486.00000,0.00000,       83692,20191217

TA-GD-00006,instance1,CZCE TA TA005,20191217,14:31:27,0,17149248,-1,-1,4956.00000,4956.00000,0.00000,       83747,20191217

TA-GD-00006,instance1,CZCE TA TA005,20191217,14:31:59,1,17149248,17149296,1,4956.00000,4958.00000,0.00000,       83839,20191217

rb-GD-00006,instance1,SHFE rb rb2005,20191217,14:32:04,1,17287540,17288024,1,3485.00000,3485.00000,0.00000,       83863,20191217

MA-GD-00006,instance1,CZCE MA MA005,20191217,14:33:56,0,17149661,-1,-1,2156.00000,2156.00000,0.00000,       84216,20191217

MA-GD-00006,instance1,CZCE MA MA005,20191217,14:34:29,1,17149661,17149734,1,2155.00000,2155.00000,0.00000,       84347,20191217

MA-GD-00006,instance1,CZCE MA MA005,20191217,14:34:52,0,17149777,-1,-1,2154.00000,2154.00000,0.00000,       84405,20191217

rb-GD-00006,instance1,SHFE rb rb2005,20191217,14:35:02,0,17290176,-1,-1,3486.00000,3486.00000,0.00000,       84464,20191217

MA-GD-00006,instance1,CZCE MA MA005,20191217,14:35:04,1,17149777,17149805,1,2155.00000,2155.00000,0.00000,       84484,20191217

MA-GD-00006,instance1,CZCE MA MA005,20191217,14:35:32,0,17150004,-1,-1,2154.00000,2154.00000,0.00000,       84697,20191217

rb-GD-00006,instance1,SHFE rb rb2005,20191217,14:36:12,1,17290176,17291279,1,3485.00000,3486.00000,0.00000,       84909,20191217

MA-GD-00006,instance1,CZCE MA MA005,20191217,14:37:26,1,17150004,17150148,1,2154.00000,2156.00000,0.00000,       85149,20191217

rb-GD-00006,instance1,SHFE rb rb2005,20191217,14:39:59,0,17294309,-1,-1,3486.00000,3486.00000,0.00000,       85876,20191217

rb-GD-00006,instance1,SHFE rb rb2005,20191217,14:40:15,1,17294309,17294570,1,3487.00000,3487.00000,0.00000,       85983,20191217

rb-GD-00006,instance1,SHFE rb rb2005,20191217,14:43:12,0,17297380,-1,-1,3487.00000,3487.00000,0.00000,       86760,20191217

rb-GD-00006,instance1,SHFE rb rb2005,20191217,14:44:26,1,17297380,17298368,1,3487.00000,3488.00000,0.00000,       87092,20191217

MA-GD-00006,instance1,CZCE MA MA005,20191217,21:00:05,0,18619,-1,-1,2157.00000,2157.00000,0.00000,         990,20191218

MA-GD-00006,instance1,CZCE MA MA005,20191217,21:00:13,1,18619,18827,1,2158.00000,2158.00000,0.00000,        1489,20191218

MA-GD-00006,instance1,CZCE MA MA005,20191217,21:00:14,0,18837,-1,1,2159.00000,2159.00000,0.00000,        1509,20191218

MA-GD-00006,instance1,CZCE MA MA005,20191217,21:00:21,1,18837,18975,-1,2160.00000,2160.00000,0.00000,        1750,20191218

MA-GD-00006,instance1,CZCE MA MA005,20191217,21:00:49,0,181450,-1,-1,2156.00000,2156.00000,0.00000,        2486,20191218

MA-GD-00006,instance1,CZCE MA MA005,20191217,21:01:22,1,181450,181984,1,2155.00000,2156.00000,0.00000,        3198,20191218

MA-GD-00006,instance1,CZCE MA MA005,20191217,21:01:37,0,182052,-1,-1,2155.00000,2155.00000,0.00000,        3405,20191218

MA-GD-00006,instance1,CZCE MA MA005,20191217,21:02:43,1,182052,182458,1,2154.00000,2155.00000,0.00000,        4134,20191218

MA-GD-00006,instance1,CZCE MA MA005,20191217,21:03:23,0,182740,-1,-1,2154.00000,2154.00000,0.00000,        4548,20191218

MA-GD-00006,instance1,CZCE MA MA005,20191217,21:06:52,1,182740,183815,1,2153.00000,2155.00000,0.00000,        6165,20191218

MA-GD-00006,instance1,CZCE MA MA005,20191217,21:14:43,0,185320,-1,1,2153.00000,2153.00000,0.00000,        9004,20191218

MA-GD-00006,instance1,CZCE MA MA005,20191217,21:16:07,1,185320,186888,-1,2152.00000,2151.00000,0.00000,        9414,20191218

MA-GD-00006,instance1,CZCE MA MA005,20191217,21:16:29,0,187291,-1,-1,2151.00000,2151.00000,0.00000,        9488,20191218

MA-GD-00006,instance1,CZCE MA MA005,20191217,21:17:30,1,187291,188432,1,2151.00000,2151.00000,0.00000,        9773,20191218

MA-GD-00006,instance1,CZCE MA MA005,20191217,21:18:18,0,189316,-1,-1,2150.00000,2150.00000,0.00000,       10023,20191218

MA-GD-00006,instance1,CZCE MA MA005,20191217,21:20:52,1,189316,189822,1,2149.00000,2149.00000,0.00000,       10829,20191218

MA-GD-00006,instance1,CZCE MA MA005,20191217,21:20:59,0,189834,-1,-1,2149.00000,2149.00000,0.00000,       10848,20191218

MA-GD-00006,instance1,CZCE MA MA005,20191217,21:21:31,1,189834,189938,1,2148.00000,2148.00000,0.00000,       11155,20191218

MA-GD-00006,instance1,CZCE MA MA005,20191217,21:21:40,0,189956,-1,-1,2148.00000,2148.00000,0.00000,       11191,20191218

MA-GD-00006,instance1,CZCE MA MA005,20191217,21:22:57,1,189956,1810077,1,2147.00000,2147.00000,0.00000,       11742,20191218

MA-GD-00006,instance1,CZCE MA MA005,20191217,21:23:06,0,1810143,-1,-1,2147.00000,2147.00000,0.00000,       11808,20191218

MA-GD-00006,instance1,CZCE MA MA005,20191217,21:23:34,1,1810143,1810176,1,2148.00000,2148.00000,0.00000,       11953,20191218

MA-GD-00006,instance1,CZCE MA MA005,20191217,21:26:31,0,1810376,-1,1,2150.00000,2150.00000,0.00000,       12913,20191218

MA-GD-00006,instance1,CZCE MA MA005,20191217,21:27:22,1,1810376,1810453,-1,2150.00000,2150.00000,0.00000,       13097,20191218

MA-GD-00006,instance1,CZCE MA MA005,20191217,21:50:56,0,1812290,-1,-1,2147.00000,2147.00000,0.00000,       19293,20191218

MA-GD-00006,instance1,CZCE MA MA005,20191217,21:51:29,1,1812290,1812315,1,2147.00000,2148.00000,0.00000,       19410,20191218

MA-GD-00006,instance1,CZCE MA MA005,20191217,22:07:34,0,1813527,-1,-1,2149.00000,2149.00000,0.00000,       22864,20191218

MA-GD-00006,instance1,CZCE MA MA005,20191217,22:10:30,1,1813527,1813898,1,2148.00000,2150.00000,0.00000,       23420,20191218

MA-GD-00006,instance1,CZCE MA MA005,20191217,22:22:33,0,1814972,-1,-1,2153.00000,2153.00000,0.00000,       25820,20191218

MA-GD-00006,instance1,CZCE MA MA005,20191217,22:23:13,1,1814972,1815017,1,2152.00000,2152.00000,0.00000,       25900,20191218

MA-GD-00006,instance1,CZCE MA MA005,20191217,22:23:24,0,1815034,-1,-1,2152.00000,2152.00000,0.00000,       25922,20191218

MA-GD-00006,instance1,CZCE MA MA005,20191217,22:24:52,1,1815034,1815077,1,2153.00000,2153.00000,0.00000,       26166,20191218

MA-GD-00006,instance1,CZCE MA MA005,20191217,22:39:32,0,1815968,-1,-1,2154.00000,2154.00000,0.00000,       29130,20191218

MA-GD-00006,instance1,CZCE MA MA005,20191217,22:41:16,1,1815968,1816008,1,2154.00000,2155.00000,0.00000,       29442,20191218

MA-GD-00006,instance1,CZCE MA MA005,20191217,22:54:45,0,1816534,-1,-1,2152.00000,2152.00000,0.00000,       31095,20191218

MA-GD-00006,instance1,CZCE MA MA005,20191217,22:55:31,1,1816534,1816602,1,2152.00000,2152.00000,0.00000,       31193,20191218

MA-GD-00006,instance1,CZCE MA MA005,20191217,22:55:38,0,1816608,-1,-1,2152.00000,2152.00000,0.00000,       31200,20191218

MA-GD-00006,instance1,CZCE MA MA005,20191217,22:57:03,1,1816608,1816723,1,2152.00000,2152.00000,0.00000,       31373,20191218

MA-GD-00006,instance1,CZCE MA MA005,20191217,22:57:11,0,1816755,-1,-1,2152.00000,2152.00000,0.00000,       31411,20191218

MA-GD-00006,instance1,CZCE MA MA005,20191217,22:57:47,1,1816755,1816823,1,2152.00000,2152.00000,0.00000,       31517,20191218

MA-GD-00006,instance1,CZCE MA MA005,20191217,22:58:00,0,1816838,-1,-1,2152.00000,2152.00000,0.00000,       31546,20191218

MA-GD-00006,instance1,CZCE MA MA005,20191217,22:59:45,1,1816838,1816942,1,2151.00000,2152.00000,0.00000,       31776,20191218

MA-GD-00006,instance1,CZCE MA MA005,20191217,22:59:47,0,1816958,-1,-1,2152.00000,2152.00000,0.00000,       31788,20191218

