rb-GD-00006,instance1,SHFE rb rb2001,20191108,09:00:12,1,8159817,8314347,1,3409.00000,3411.00000,0.00000,       82905,20191108

MA-GD-00006,instance1,CZCE MA MA001,20191108,09:00:19,0,855381,-1,1,2040.00000,2037.00000,0.00000,       83180,20191108

TA-GD-00006,instance1,CZCE TA TA001,20191108,09:00:19,0,855387,-1,1,4756.00000,4756.00000,0.00000,       83184,20191108

TA-GD-00006,instance1,CZCE TA TA001,20191108,09:00:22,1,855387,855462,-1,4758.00000,4758.00000,0.00000,       83248,20191108

MA-GD-00006,instance1,CZCE MA MA001,20191108,09:00:24,1,855381,855508,-1,2041.00000,2036.00000,0.00000,       83298,20191108

MA-GD-00006,instance1,CZCE MA MA001,20191108,09:00:25,0,855542,-1,1,2035.00000,2035.00000,0.00000,       83331,20191108

MA-GD-00006,instance1,CZCE MA MA001,20191108,09:00:29,1,855542,855604,-1,2036.00000,2036.00000,0.00000,       83459,20191108

rb-GD-00006,instance1,SHFE rb rb2001,20191108,09:00:46,0,8315667,-1,-1,3411.00000,3411.00000,0.00000,       83766,20191108

rb-GD-00006,instance1,SHFE rb rb2001,20191108,09:00:49,1,8315667,8315798,1,3410.00000,3412.00000,0.00000,       83803,20191108

rb-GD-00006,instance1,SHFE rb rb2001,20191108,09:00:53,0,8315959,-1,-1,3413.00000,3413.00000,0.00000,       83887,20191108

rb-GD-00006,instance1,SHFE rb rb2001,20191108,09:01:06,1,8315959,8316421,1,3412.00000,3412.00000,0.00000,       84133,20191108

rb-GD-00006,instance1,SHFE rb rb2001,20191108,09:01:13,0,8316625,-1,-1,3412.00000,3412.00000,0.00000,       84284,20191108

rb-GD-00006,instance1,SHFE rb rb2001,20191108,09:01:42,1,8316625,8317547,1,3411.00000,3411.00000,0.00000,       84760,20191108

MA-GD-00006,instance1,CZCE MA MA001,20191108,09:02:05,0,856599,-1,1,2036.00000,2036.00000,0.00000,       85021,20191108

MA-GD-00006,instance1,CZCE MA MA001,20191108,09:02:15,1,856599,856763,-1,2037.00000,2035.00000,0.00000,       85133,20191108

MA-GD-00006,instance1,CZCE MA MA001,20191108,09:02:18,0,856813,-1,1,2034.00000,2034.00000,0.00000,       85157,20191108

MA-GD-00006,instance1,CZCE MA MA001,20191108,09:02:46,1,856813,857260,-1,2035.00000,2036.00000,0.00000,       85491,20191108

MA-GD-00006,instance1,CZCE MA MA001,20191108,09:03:08,0,857569,-1,1,2036.00000,2036.00000,0.00000,       85750,20191108

rb-GD-00006,instance1,SHFE rb rb2001,20191108,09:03:19,0,8319859,-1,1,3408.00000,3408.00000,0.00000,       85874,20191108

rb-GD-00006,instance1,SHFE rb rb2001,20191108,09:03:35,1,8319859,8320217,-1,3409.00000,3409.00000,0.00000,       86024,20191108

MA-GD-00006,instance1,CZCE MA MA001,20191108,09:03:58,1,857569,858296,-1,2037.00000,2037.00000,0.00000,       86263,20191108

rb-GD-00006,instance1,SHFE rb rb2001,20191108,09:05:53,0,8324138,-1,-1,3411.00000,3411.00000,0.00000,       87927,20191108

rb-GD-00006,instance1,SHFE rb rb2001,20191108,09:06:09,1,8324138,8324563,1,3410.00000,3411.00000,0.00000,       88257,20191108

rb-GD-00006,instance1,SHFE rb rb2001,20191108,09:06:18,0,8324778,-1,-1,3411.00000,3411.00000,0.00000,       88399,20191108

TA-GD-00006,instance1,CZCE TA TA001,20191108,09:06:55,0,861869,-1,1,4756.00000,4756.00000,0.00000,       88727,20191108

MA-GD-00006,instance1,CZCE MA MA001,20191108,09:08:55,0,863768,-1,-1,2037.00000,2037.00000,0.00000,       89752,20191108

MA-GD-00006,instance1,CZCE MA MA001,20191108,09:09:23,1,863768,864142,1,2036.00000,2038.00000,0.00000,       90044,20191108

rb-GD-00006,instance1,SHFE rb rb2001,20191108,09:09:54,1,8324778,8330066,1,3410.00000,3412.00000,0.00000,       90312,20191108

TA-GD-00006,instance1,CZCE TA TA001,20191108,09:10:20,1,861869,865004,-1,4758.00000,4758.00000,0.00000,       90630,20191108

TA-GD-00006,instance1,CZCE TA TA001,20191108,09:12:25,0,866683,-1,1,4754.00000,4754.00000,0.00000,       91743,20191108

TA-GD-00006,instance1,CZCE TA TA001,20191108,09:13:34,1,866683,867598,-1,4756.00000,4750.00000,0.00000,       92382,20191108

TA-GD-00006,instance1,CZCE TA TA001,20191108,09:13:35,0,867621,-1,1,4750.00000,4750.00000,0.00000,       92392,20191108

MA-GD-00006,instance1,CZCE MA MA001,20191108,09:13:52,0,867889,-1,1,2036.00000,2036.00000,0.00000,       92518,20191108

rb-GD-00006,instance1,SHFE rb rb2001,20191108,09:14:12,0,8336893,-1,1,3409.00000,3409.00000,0.00000,       92801,20191108

TA-GD-00006,instance1,CZCE TA TA001,20191108,09:14:14,1,867621,868231,-1,4752.00000,4752.00000,0.00000,       92818,20191108

TA-GD-00006,instance1,CZCE TA TA001,20191108,09:14:19,0,868337,-1,1,4752.00000,4752.00000,0.00000,       92877,20191108

TA-GD-00006,instance1,CZCE TA TA001,20191108,09:14:25,1,868337,868429,-1,4754.00000,4750.00000,0.00000,       92937,20191108

TA-GD-00006,instance1,CZCE TA TA001,20191108,09:14:46,0,868680,-1,1,4748.00000,4748.00000,0.00000,       93170,20191108

MA-GD-00006,instance1,CZCE MA MA001,20191108,09:14:48,1,867889,868727,-1,2037.00000,2035.00000,0.00000,       93215,20191108

TA-GD-00006,instance1,CZCE TA TA001,20191108,09:14:49,1,868680,868738,-1,4750.00000,4744.00000,0.00000,       93225,20191108

rb-GD-00006,instance1,SHFE rb rb2001,20191108,09:14:54,1,8336893,8337861,-1,3410.00000,3407.00000,0.00000,       93301,20191108

TA-GD-00006,instance1,CZCE TA TA001,20191108,09:15:07,0,869097,-1,1,4744.00000,4744.00000,0.00000,       93612,20191108

MA-GD-00006,instance1,CZCE MA MA001,20191108,09:15:29,0,869331,-1,1,2034.00000,2034.00000,0.00000,       93917,20191108

MA-GD-00006,instance1,CZCE MA MA001,20191108,09:15:43,1,869331,869531,-1,2035.00000,2031.00000,0.00000,       94086,20191108

TA-GD-00006,instance1,CZCE TA TA001,20191108,09:16:17,1,869097,869834,-1,4746.00000,4746.00000,0.00000,       94396,20191108

MA-GD-00006,instance1,CZCE MA MA001,20191108,09:16:17,0,869839,-1,1,2032.00000,2032.00000,0.00000,       94398,20191108

TA-GD-00006,instance1,CZCE TA TA001,20191108,09:16:21,0,869879,-1,1,4746.00000,4746.00000,0.00000,       94455,20191108

MA-GD-00006,instance1,CZCE MA MA001,20191108,09:16:24,1,869839,869921,-1,2033.00000,2031.00000,0.00000,       94484,20191108

MA-GD-00006,instance1,CZCE MA MA001,20191108,09:16:26,0,869946,-1,1,2030.00000,2029.00000,0.00000,       94514,20191108

TA-GD-00006,instance1,CZCE TA TA001,20191108,09:16:49,1,869879,870154,-1,4748.00000,4748.00000,0.00000,       94755,20191108

MA-GD-00006,instance1,CZCE MA MA001,20191108,09:16:56,1,869946,870226,-1,2031.00000,2031.00000,0.00000,       94821,20191108

TA-GD-00006,instance1,CZCE TA TA001,20191108,09:17:50,0,870627,-1,-1,4748.00000,4748.00000,0.00000,       95355,20191108

TA-GD-00006,instance1,CZCE TA TA001,20191108,09:18:14,1,870627,870845,1,4746.00000,4746.00000,0.00000,       95775,20191108

rb-GD-00006,instance1,SHFE rb rb2001,20191108,09:18:20,0,8344368,-1,1,3406.00000,3406.00000,0.00000,       95837,20191108

rb-GD-00006,instance1,SHFE rb rb2001,20191108,09:18:53,1,8344368,8345484,-1,3407.00000,3407.00000,0.00000,       96332,20191108

rb-GD-00006,instance1,SHFE rb rb2001,20191108,09:19:11,0,8346125,-1,1,3407.00000,3407.00000,0.00000,       96602,20191108

rb-GD-00006,instance1,SHFE rb rb2001,20191108,09:20:07,1,8346125,8347692,-1,3408.00000,3405.00000,0.00000,       97304,20191108

rb-GD-00006,instance1,SHFE rb rb2001,20191108,21:00:20,0,111749,-1,1,3404.00000,3404.00000,0.00000,        1147,20191111

rb-GD-00006,instance1,SHFE rb rb2001,20191108,21:00:21,1,111749,111825,-1,3405.00000,3402.00000,0.00000,        1192,20191111

rb-GD-00006,instance1,SHFE rb rb2001,20191108,21:00:23,0,111900,-1,1,3401.00000,3401.00000,0.00000,        1228,20191111

rb-GD-00006,instance1,SHFE rb rb2001,20191108,21:00:23,1,111900,111941,-1,3402.00000,3400.00000,0.00000,        1248,20191111

MA-GD-00006,instance1,CZCE MA MA001,20191108,21:00:44,0,11901,-1,1,2008.00000,2008.00000,0.00000,        1701,20191111

rb-GD-00006,instance1,SHFE rb rb2001,20191108,21:01:00,0,113249,-1,1,3395.00000,3395.00000,0.00000,        1985,20191111

rb-GD-00006,instance1,SHFE rb rb2001,20191108,21:01:01,1,113249,113272,-1,3396.00000,3394.00000,0.00000,        1996,20191111

rb-GD-00006,instance1,SHFE rb rb2001,20191108,21:01:14,0,113780,-1,1,3392.00000,3392.00000,0.00000,        2290,20191111

rb-GD-00006,instance1,SHFE rb rb2001,20191108,21:01:15,1,113780,113813,-1,3393.00000,3393.00000,0.00000,        2305,20191111

MA-GD-00006,instance1,CZCE MA MA001,20191108,21:01:19,1,11901,111259,-1,2009.00000,2010.00000,0.00000,        2408,20191111

rb-GD-00006,instance1,SHFE rb rb2001,20191108,21:01:23,0,114130,-1,1,3392.00000,3392.00000,0.00000,        2473,20191111

rb-GD-00006,instance1,SHFE rb rb2001,20191108,21:01:34,1,114130,114536,-1,3393.00000,3390.00000,0.00000,        2651,20191111

rb-GD-00006,instance1,SHFE rb rb2001,20191108,21:01:38,0,114616,-1,1,3390.00000,3390.00000,0.00000,        2719,20191111

rb-GD-00006,instance1,SHFE rb rb2001,20191108,21:01:41,1,114616,114721,-1,3391.00000,3391.00000,0.00000,        2753,20191111

rb-GD-00006,instance1,SHFE rb rb2001,20191108,21:01:42,0,114750,-1,1,3391.00000,3391.00000,0.00000,        2766,20191111

rb-GD-00006,instance1,SHFE rb rb2001,20191108,21:01:44,1,114750,114799,-1,3392.00000,3390.00000,0.00000,        2782,20191111

rb-GD-00006,instance1,SHFE rb rb2001,20191108,21:02:16,0,116156,-1,1,3392.00000,3392.00000,0.00000,        3266,20191111

TA-GD-00006,instance1,CZCE TA TA001,20191108,21:02:21,0,111516,-1,1,4706.00000,4706.00000,0.00000,        3323,20191111

rb-GD-00006,instance1,SHFE rb rb2001,20191108,21:02:31,1,116156,116775,-1,3393.00000,3391.00000,0.00000,        3441,20191111

TA-GD-00006,instance1,CZCE TA TA001,20191108,21:02:33,1,111516,111570,-1,4708.00000,4708.00000,0.00000,        3496,20191111

MA-GD-00006,instance1,CZCE MA MA001,20191108,21:02:35,0,111573,-1,1,2007.00000,2007.00000,0.00000,        3511,20191111

MA-GD-00006,instance1,CZCE MA MA001,20191108,21:02:41,1,111573,111592,-1,2008.00000,2006.00000,0.00000,        3550,20191111

rb-GD-00006,instance1,SHFE rb rb2001,20191108,21:02:41,0,117112,-1,1,3390.00000,3390.00000,0.00000,        3553,20191111

rb-GD-00006,instance1,SHFE rb rb2001,20191108,21:02:53,1,117112,117471,-1,3391.00000,3391.00000,0.00000,        3675,20191111

rb-GD-00006,instance1,SHFE rb rb2001,20191108,21:02:54,0,117538,-1,1,3391.00000,3391.00000,0.00000,        3696,20191111

MA-GD-00006,instance1,CZCE MA MA001,20191108,21:02:55,0,111647,-1,1,2006.00000,2006.00000,0.00000,        3706,20191111

MA-GD-00006,instance1,CZCE MA MA001,20191108,21:03:00,1,111647,111705,-1,2007.00000,2004.00000,0.00000,        3812,20191111

rb-GD-00006,instance1,SHFE rb rb2001,20191108,21:03:00,1,117538,117837,-1,3392.00000,3390.00000,0.00000,        3815,20191111

MA-GD-00006,instance1,CZCE MA MA001,20191108,21:03:08,0,111757,-1,1,2004.00000,2004.00000,0.00000,        3913,20191111

rb-GD-00006,instance1,SHFE rb rb2001,20191108,21:03:09,0,118229,-1,1,3389.00000,3389.00000,0.00000,        3934,20191111

TA-GD-00006,instance1,CZCE TA TA001,20191108,21:03:10,0,111764,-1,1,4708.00000,4708.00000,0.00000,        3956,20191111

MA-GD-00006,instance1,CZCE MA MA001,20191108,21:03:16,1,111757,111784,-1,2005.00000,2003.00000,0.00000,        4021,20191111

rb-GD-00006,instance1,SHFE rb rb2001,20191108,21:03:17,1,118229,118621,-1,3390.00000,3389.00000,0.00000,        4034,20191111

rb-GD-00006,instance1,SHFE rb rb2001,20191108,21:03:22,0,118864,-1,1,3387.00000,3387.00000,0.00000,        4114,20191111

TA-GD-00006,instance1,CZCE TA TA001,20191108,21:03:31,1,111764,111854,-1,4710.00000,4704.00000,0.00000,        4233,20191111

rb-GD-00006,instance1,SHFE rb rb2001,20191108,21:03:43,1,118864,119818,-1,3388.00000,3388.00000,0.00000,        4411,20191111

rb-GD-00006,instance1,SHFE rb rb2001,20191108,21:03:44,0,119888,-1,1,3388.00000,3388.00000,0.00000,        4432,20191111

TA-GD-00006,instance1,CZCE TA TA001,20191108,21:03:49,0,111996,-1,1,4704.00000,4704.00000,0.00000,        4467,20191111

rb-GD-00006,instance1,SHFE rb rb2001,20191108,21:03:50,1,119888,1110013,-1,3389.00000,3387.00000,0.00000,        4468,20191111

rb-GD-00006,instance1,SHFE rb rb2001,20191108,21:04:05,0,1110602,-1,1,3386.00000,3386.00000,0.00000,        4672,20191111

TA-GD-00006,instance1,CZCE TA TA001,20191108,21:05:00,1,111996,112421,-1,4706.00000,4702.00000,0.00000,        5298,20191111

rb-GD-00006,instance1,SHFE rb rb2001,20191108,21:05:27,1,1110602,1113867,-1,3387.00000,3390.00000,0.00000,        5983,20191111

rb-GD-00006,instance1,SHFE rb rb2001,20191108,21:05:35,0,1114175,-1,-1,3391.00000,3391.00000,0.00000,        6109,20191111

rb-GD-00006,instance1,SHFE rb rb2001,20191108,21:06:05,1,1114175,1115207,1,3390.00000,3390.00000,0.00000,        6502,20191111

rb-GD-00006,instance1,SHFE rb rb2001,20191108,21:06:09,0,1115365,-1,-1,3390.00000,3390.00000,0.00000,        6552,20191111

rb-GD-00006,instance1,SHFE rb rb2001,20191108,21:06:11,1,1115365,1115490,1,3389.00000,3389.00000,0.00000,        6602,20191111

rb-GD-00006,instance1,SHFE rb rb2001,20191108,21:06:13,0,1115524,-1,-1,3389.00000,3389.00000,0.00000,        6617,20191111

TA-GD-00006,instance1,CZCE TA TA001,20191108,21:06:21,0,113035,-1,1,4700.00000,4700.00000,0.00000,        6735,20191111

MA-GD-00006,instance1,CZCE MA MA001,20191108,21:06:22,0,113041,-1,1,2003.00000,2003.00000,0.00000,        6754,20191111

MA-GD-00006,instance1,CZCE MA MA001,20191108,21:06:48,1,113041,113143,-1,2004.00000,2004.00000,0.00000,        7057,20191111

rb-GD-00006,instance1,SHFE rb rb2001,20191108,21:07:21,1,1115524,1118011,1,3388.00000,3390.00000,0.00000,        7496,20191111

MA-GD-00006,instance1,CZCE MA MA001,20191108,21:09:02,0,113826,-1,-1,2008.00000,2008.00000,0.00000,        9298,20191111

MA-GD-00006,instance1,CZCE MA MA001,20191108,21:09:50,1,113826,114090,1,2007.00000,2010.00000,0.00000,        9963,20191111

MA-GD-00006,instance1,CZCE MA MA001,20191108,21:10:22,0,114429,-1,-1,2010.00000,2010.00000,0.00000,       10579,20191111

rb-GD-00006,instance1,SHFE rb rb2001,20191108,21:10:24,0,1127239,-1,1,3383.00000,3383.00000,0.00000,       10582,20191111

MA-GD-00006,instance1,CZCE MA MA001,20191108,21:10:34,1,114429,114466,1,2009.00000,2012.00000,0.00000,       10745,20191111

MA-GD-00006,instance1,CZCE MA MA001,20191108,21:10:36,0,114475,-1,-1,2012.00000,2012.00000,0.00000,       10767,20191111

MA-GD-00006,instance1,CZCE MA MA001,20191108,21:10:40,1,114475,114483,1,2011.00000,2011.00000,0.00000,       10830,20191111

MA-GD-00006,instance1,CZCE MA MA001,20191108,21:10:41,0,114497,-1,-1,2011.00000,2011.00000,0.00000,       10834,20191111

TA-GD-00006,instance1,CZCE TA TA001,20191108,21:10:46,1,113035,114573,-1,4702.00000,4704.00000,0.00000,       10916,20191111

TA-GD-00006,instance1,CZCE TA TA001,20191108,21:10:53,0,114621,-1,-1,4706.00000,4706.00000,0.00000,       10999,20191111

rb-GD-00006,instance1,SHFE rb rb2001,20191108,21:11:13,1,1127239,1129676,-1,3384.00000,3384.00000,0.00000,       11439,20191111

rb-GD-00006,instance1,SHFE rb rb2001,20191108,21:11:14,0,1129751,-1,1,3384.00000,3384.00000,0.00000,       11460,20191111

rb-GD-00006,instance1,SHFE rb rb2001,20191108,21:11:19,1,1129751,1129968,-1,3385.00000,3383.00000,0.00000,       11551,20191111

rb-GD-00006,instance1,SHFE rb rb2001,20191108,21:11:31,0,1130530,-1,1,3382.00000,3382.00000,0.00000,       11712,20191111

rb-GD-00006,instance1,SHFE rb rb2001,20191108,21:11:44,1,1130530,1131135,-1,3383.00000,3383.00000,0.00000,       11876,20191111

rb-GD-00006,instance1,SHFE rb rb2001,20191108,21:11:45,0,1131230,-1,1,3383.00000,3383.00000,0.00000,       11897,20191111

TA-GD-00006,instance1,CZCE TA TA001,20191108,21:12:53,1,114621,115286,1,4704.00000,4708.00000,0.00000,       12694,20191111

rb-GD-00006,instance1,SHFE rb rb2001,20191108,21:13:04,1,1131230,1133752,-1,3384.00000,3381.00000,0.00000,       12795,20191111

rb-GD-00006,instance1,SHFE rb rb2001,20191108,21:13:25,0,1134328,-1,1,3381.00000,3381.00000,0.00000,       12989,20191111

rb-GD-00006,instance1,SHFE rb rb2001,20191108,21:14:05,1,1134328,1135746,-1,3382.00000,3380.00000,0.00000,       13520,20191111

MA-GD-00006,instance1,CZCE MA MA001,20191108,21:14:36,1,114497,115566,1,2010.00000,2013.00000,0.00000,       13995,20191111

rb-GD-00006,instance1,SHFE rb rb2001,20191108,21:14:53,0,1137317,-1,1,3376.00000,3376.00000,0.00000,       14176,20191111

rb-GD-00006,instance1,SHFE rb rb2001,20191108,21:15:01,1,1137317,1137603,-1,3377.00000,3374.00000,0.00000,       14303,20191111

rb-GD-00006,instance1,SHFE rb rb2001,20191108,21:15:06,0,1138221,-1,1,3374.00000,3374.00000,0.00000,       14520,20191111

rb-GD-00006,instance1,SHFE rb rb2001,20191108,21:15:06,1,1138221,1138257,-1,3375.00000,3373.00000,0.00000,       14523,20191111

rb-GD-00006,instance1,SHFE rb rb2001,20191108,21:15:27,0,1139123,-1,1,3372.00000,3372.00000,0.00000,       14834,20191111

rb-GD-00006,instance1,SHFE rb rb2001,20191108,21:15:52,1,1139123,1139848,-1,3373.00000,3373.00000,0.00000,       15109,20191111

rb-GD-00006,instance1,SHFE rb rb2001,20191108,21:17:04,0,1141959,-1,1,3373.00000,3373.00000,0.00000,       15927,20191111

TA-GD-00006,instance1,CZCE TA TA001,20191108,21:17:39,0,116590,-1,-1,4706.00000,4706.00000,0.00000,       16268,20191111

MA-GD-00006,instance1,CZCE MA MA001,20191108,21:17:53,0,116678,-1,-1,2013.00000,2013.00000,0.00000,       16351,20191111

MA-GD-00006,instance1,CZCE MA MA001,20191108,21:18:54,1,116678,117150,1,2012.00000,2012.00000,0.00000,       17046,20191111

TA-GD-00006,instance1,CZCE TA TA001,20191108,21:19:13,1,116590,117227,1,4704.00000,4704.00000,0.00000,       17366,20191111

rb-GD-00006,instance1,SHFE rb rb2001,20191108,21:19:38,1,1141959,1146387,-1,3374.00000,3372.00000,0.00000,       17615,20191111

MA-GD-00006,instance1,CZCE MA MA001,20191108,21:19:38,0,117303,-1,1,2010.00000,2010.00000,0.00000,       17616,20191111

rb-GD-00006,instance1,SHFE rb rb2001,20191108,21:19:42,0,1146594,-1,1,3372.00000,3372.00000,0.00000,       17669,20191111

rb-GD-00006,instance1,SHFE rb rb2001,20191108,21:19:54,1,1146594,1147194,-1,3373.00000,3371.00000,0.00000,       17796,20191111

TA-GD-00006,instance1,CZCE TA TA001,20191108,21:20:10,0,117400,-1,1,4702.00000,4702.00000,0.00000,       18113,20191111

TA-GD-00006,instance1,CZCE TA TA001,20191108,21:20:14,1,117400,117411,-1,4704.00000,4698.00000,0.00000,       18183,20191111

MA-GD-00006,instance1,CZCE MA MA001,20191108,21:20:15,1,117303,117415,-1,2011.00000,2011.00000,0.00000,       18219,20191111

rb-GD-00006,instance1,SHFE rb rb2001,20191108,21:20:16,0,1148345,-1,1,3370.00000,3370.00000,0.00000,       18238,20191111

rb-GD-00006,instance1,SHFE rb rb2001,20191108,21:20:25,1,1148345,1148756,-1,3371.00000,3369.00000,0.00000,       18364,20191111

rb-GD-00006,instance1,SHFE rb rb2001,20191108,21:20:37,0,1149114,-1,1,3369.00000,3369.00000,0.00000,       18478,20191111

MA-GD-00006,instance1,CZCE MA MA001,20191108,21:20:49,0,117462,-1,1,2011.00000,2011.00000,0.00000,       18631,20191111

rb-GD-00006,instance1,SHFE rb rb2001,20191108,21:21:07,1,1149114,1150459,-1,3370.00000,3368.00000,0.00000,       18933,20191111

rb-GD-00006,instance1,SHFE rb rb2001,20191108,21:21:33,0,1151492,-1,1,3367.00000,3367.00000,0.00000,       19322,20191111

MA-GD-00006,instance1,CZCE MA MA001,20191108,21:21:39,1,117462,117645,-1,2012.00000,2009.00000,0.00000,       19379,20191111

rb-GD-00006,instance1,SHFE rb rb2001,20191108,21:23:19,1,1151492,1154129,-1,3368.00000,3366.00000,0.00000,       20071,20191111

TA-GD-00006,instance1,CZCE TA TA001,20191108,21:23:37,0,117833,-1,1,4700.00000,4700.00000,0.00000,       20242,20191111

TA-GD-00006,instance1,CZCE TA TA001,20191108,21:23:49,1,117833,117849,-1,4702.00000,4700.00000,0.00000,       20316,20191111

rb-GD-00006,instance1,SHFE rb rb2001,20191108,21:24:31,0,1156086,-1,1,3363.00000,3363.00000,0.00000,       20710,20191111

rb-GD-00006,instance1,SHFE rb rb2001,20191108,21:24:33,1,1156086,1156160,-1,3364.00000,3362.00000,0.00000,       20723,20191111

rb-GD-00006,instance1,SHFE rb rb2001,20191108,21:24:40,0,1156368,-1,1,3361.00000,3361.00000,0.00000,       20785,20191111

rb-GD-00006,instance1,SHFE rb rb2001,20191108,21:24:47,1,1156368,1156660,-1,3362.00000,3358.00000,0.00000,       20844,20191111

rb-GD-00006,instance1,SHFE rb rb2001,20191108,21:24:49,0,1156732,-1,1,3358.00000,3358.00000,0.00000,       20855,20191111

rb-GD-00006,instance1,SHFE rb rb2001,20191108,21:24:52,1,1156732,1156813,-1,3359.00000,3357.00000,0.00000,       20879,20191111

rb-GD-00006,instance1,SHFE rb rb2001,20191108,21:25:07,0,1157395,-1,1,3356.00000,3356.00000,0.00000,       21089,20191111

rb-GD-00006,instance1,SHFE rb rb2001,20191108,21:25:08,1,1157395,1157470,-1,3357.00000,3355.00000,0.00000,       21130,20191111

rb-GD-00006,instance1,SHFE rb rb2001,20191108,21:25:46,0,1158738,-1,1,3360.00000,3360.00000,0.00000,       21602,20191111

rb-GD-00006,instance1,SHFE rb rb2001,20191108,21:26:27,1,1158738,1159703,-1,3361.00000,3361.00000,0.00000,       22027,20191111

rb-GD-00006,instance1,SHFE rb rb2001,20191108,21:27:22,0,1161911,-1,-1,3362.00000,3362.00000,0.00000,       22633,20191111

rb-GD-00006,instance1,SHFE rb rb2001,20191108,21:27:30,1,1161911,1162212,1,3361.00000,3363.00000,0.00000,       22720,20191111

rb-GD-00006,instance1,SHFE rb rb2001,20191108,21:27:31,0,1162284,-1,-1,3363.00000,3363.00000,0.00000,       22739,20191111

rb-GD-00006,instance1,SHFE rb rb2001,20191108,21:27:39,1,1162284,1162530,1,3362.00000,3363.00000,0.00000,       22814,20191111

rb-GD-00006,instance1,SHFE rb rb2001,20191108,21:27:41,0,1162576,-1,-1,3363.00000,3363.00000,0.00000,       22827,20191111

rb-GD-00006,instance1,SHFE rb rb2001,20191108,21:28:02,1,1162576,1163154,1,3362.00000,3362.00000,0.00000,       23059,20191111

rb-GD-00006,instance1,SHFE rb rb2001,20191108,21:28:06,0,1163375,-1,-1,3362.00000,3362.00000,0.00000,       23124,20191111

rb-GD-00006,instance1,SHFE rb rb2001,20191108,21:28:07,1,1163375,1163402,1,3361.00000,3363.00000,0.00000,       23134,20191111

rb-GD-00006,instance1,SHFE rb rb2001,20191108,21:28:14,0,1163525,-1,-1,3363.00000,3363.00000,0.00000,       23193,20191111

rb-GD-00006,instance1,SHFE rb rb2001,20191108,21:28:20,1,1163525,1163621,1,3362.00000,3363.00000,0.00000,       23233,20191111

rb-GD-00006,instance1,SHFE rb rb2001,20191108,21:28:22,0,1163691,-1,-1,3363.00000,3363.00000,0.00000,       23256,20191111

MA-GD-00006,instance1,CZCE MA MA001,20191108,21:28:35,0,118878,-1,-1,2012.00000,2012.00000,0.00000,       23337,20191111

rb-GD-00006,instance1,SHFE rb rb2001,20191108,21:29:08,1,1163691,1164866,1,3362.00000,3362.00000,0.00000,       23711,20191111

MA-GD-00006,instance1,CZCE MA MA001,20191108,21:29:14,1,118878,119057,1,2011.00000,2013.00000,0.00000,       23769,20191111

TA-GD-00006,instance1,CZCE TA TA001,20191108,21:32:03,0,119654,-1,1,4696.00000,4696.00000,0.00000,       25258,20191111

MA-GD-00006,instance1,CZCE MA MA001,20191108,21:33:10,0,119784,-1,1,2010.00000,2010.00000,0.00000,       25978,20191111

TA-GD-00006,instance1,CZCE TA TA001,20191108,21:33:13,1,119654,119790,-1,4698.00000,4694.00000,0.00000,       26004,20191111

MA-GD-00006,instance1,CZCE MA MA001,20191108,21:33:17,1,119784,119800,-1,2011.00000,2009.00000,0.00000,       26049,20191111

rb-GD-00006,instance1,SHFE rb rb2001,20191108,21:33:36,0,1173183,-1,-1,3363.00000,3363.00000,0.00000,       26248,20191111

rb-GD-00006,instance1,SHFE rb rb2001,20191108,21:34:05,1,1173183,1173954,1,3362.00000,3362.00000,0.00000,       26528,20191111

MA-GD-00006,instance1,CZCE MA MA001,20191108,21:34:11,0,119930,-1,1,2009.00000,2009.00000,0.00000,       26591,20191111

rb-GD-00006,instance1,SHFE rb rb2001,20191108,21:35:04,0,1175665,-1,1,3361.00000,3361.00000,0.00000,       27118,20191111

rb-GD-00006,instance1,SHFE rb rb2001,20191108,21:35:51,1,1175665,1177335,-1,3362.00000,3362.00000,0.00000,       27600,20191111

MA-GD-00006,instance1,CZCE MA MA001,20191108,21:36:41,1,119930,1110182,-1,2010.00000,2010.00000,0.00000,       28232,20191111

rb-GD-00006,instance1,SHFE rb rb2001,20191108,21:37:02,0,1179790,-1,1,3361.00000,3361.00000,0.00000,       28409,20191111

rb-GD-00006,instance1,SHFE rb rb2001,20191108,21:37:21,1,1179790,1180447,-1,3362.00000,3359.00000,0.00000,       28672,20191111

rb-GD-00006,instance1,SHFE rb rb2001,20191108,21:38:38,0,1183441,-1,1,3356.00000,3356.00000,0.00000,       29542,20191111

rb-GD-00006,instance1,SHFE rb rb2001,20191108,21:38:41,1,1183441,1183628,-1,3357.00000,3355.00000,0.00000,       29622,20191111

rb-GD-00006,instance1,SHFE rb rb2001,20191108,21:38:45,0,1183800,-1,1,3354.00000,3354.00000,0.00000,       29697,20191111

rb-GD-00006,instance1,SHFE rb rb2001,20191108,21:38:53,1,1183800,1184012,-1,3355.00000,3353.00000,0.00000,       29765,20191111

rb-GD-00006,instance1,SHFE rb rb2001,20191108,21:39:14,0,1184841,-1,1,3352.00000,3352.00000,0.00000,       30039,20191111

MA-GD-00006,instance1,CZCE MA MA001,20191108,21:39:30,0,1110829,-1,1,2008.00000,2008.00000,0.00000,       30223,20191111

MA-GD-00006,instance1,CZCE MA MA001,20191108,21:40:02,1,1110829,1111006,-1,2009.00000,2007.00000,0.00000,       30629,20191111

MA-GD-00006,instance1,CZCE MA MA001,20191108,21:40:11,0,1111110,-1,1,2006.00000,2006.00000,0.00000,       30735,20191111

MA-GD-00006,instance1,CZCE MA MA001,20191108,21:40:15,1,1111110,1111121,-1,2007.00000,2007.00000,0.00000,       30747,20191111

rb-GD-00006,instance1,SHFE rb rb2001,20191108,21:40:28,1,1184841,1186835,-1,3353.00000,3354.00000,0.00000,       30839,20191111

TA-GD-00006,instance1,CZCE TA TA001,20191108,21:40:57,0,1111266,-1,-1,4698.00000,4698.00000,0.00000,       31208,20191111

rb-GD-00006,instance1,SHFE rb rb2001,20191108,21:41:19,0,1188868,-1,-1,3359.00000,3359.00000,0.00000,       31506,20191111

MA-GD-00006,instance1,CZCE MA MA001,20191108,21:41:20,0,1111302,-1,-1,2010.00000,2010.00000,0.00000,       31518,20191111

rb-GD-00006,instance1,SHFE rb rb2001,20191108,21:41:27,1,1188868,1189259,1,3358.00000,3361.00000,0.00000,       31634,20191111

TA-GD-00006,instance1,CZCE TA TA001,20191108,21:41:29,1,1111266,1111346,1,4696.00000,4700.00000,0.00000,       31663,20191111

TA-GD-00006,instance1,CZCE TA TA001,20191108,21:42:02,0,1111462,-1,-1,4700.00000,4700.00000,0.00000,       32127,20191111

rb-GD-00006,instance1,SHFE rb rb2001,20191108,21:42:07,0,1191004,-1,-1,3360.00000,3360.00000,0.00000,       32193,20191111

rb-GD-00006,instance1,SHFE rb rb2001,20191108,21:42:20,1,1191004,1191480,1,3359.00000,3361.00000,0.00000,       32333,20191111

rb-GD-00006,instance1,SHFE rb rb2001,20191108,21:42:24,0,1191712,-1,-1,3362.00000,3362.00000,0.00000,       32429,20191111

MA-GD-00006,instance1,CZCE MA MA001,20191108,21:42:57,1,1111302,1111575,1,2009.00000,2012.00000,0.00000,       32913,20191111

MA-GD-00006,instance1,CZCE MA MA001,20191108,21:43:04,0,1111608,-1,-1,2012.00000,2012.00000,0.00000,       33029,20191111

rb-GD-00006,instance1,SHFE rb rb2001,20191108,21:43:08,1,1191712,1193543,1,3361.00000,3360.00000,0.00000,       33082,20191111

rb-GD-00006,instance1,SHFE rb rb2001,20191108,21:43:11,0,1193665,-1,-1,3360.00000,3360.00000,0.00000,       33118,20191111

rb-GD-00006,instance1,SHFE rb rb2001,20191108,21:43:28,1,1193665,1194132,1,3359.00000,3359.00000,0.00000,       33252,20191111

rb-GD-00006,instance1,SHFE rb rb2001,20191108,21:44:22,0,1195601,-1,1,3359.00000,3359.00000,0.00000,       33731,20191111

rb-GD-00006,instance1,SHFE rb rb2001,20191108,21:44:45,1,1195601,1196133,-1,3360.00000,3358.00000,0.00000,       33880,20191111

rb-GD-00006,instance1,SHFE rb rb2001,20191108,21:44:48,0,1196175,-1,1,3357.00000,3357.00000,0.00000,       33901,20191111

rb-GD-00006,instance1,SHFE rb rb2001,20191108,21:44:51,1,1196175,1196382,-1,3358.00000,3355.00000,0.00000,       33954,20191111

rb-GD-00006,instance1,SHFE rb rb2001,20191108,21:45:22,0,1197572,-1,1,3357.00000,3357.00000,0.00000,       34384,20191111

TA-GD-00006,instance1,CZCE TA TA001,20191108,21:45:36,1,1111462,1112041,1,4698.00000,4698.00000,0.00000,       34507,20191111

MA-GD-00006,instance1,CZCE MA MA001,20191108,21:45:51,1,1111608,1112118,1,2011.00000,2011.00000,0.00000,       34728,20191111

TA-GD-00006,instance1,CZCE TA TA001,20191108,21:46:01,0,1112150,-1,1,4698.00000,4698.00000,0.00000,       34850,20191111

rb-GD-00006,instance1,SHFE rb rb2001,20191108,21:46:08,1,1197572,1199341,-1,3358.00000,3358.00000,0.00000,       34913,20191111

rb-GD-00006,instance1,SHFE rb rb2001,20191108,21:46:32,0,11100093,-1,1,3357.00000,3357.00000,0.00000,       35139,20191111

rb-GD-00006,instance1,SHFE rb rb2001,20191108,21:46:47,1,11100093,11100427,-1,3358.00000,3358.00000,0.00000,       35268,20191111

TA-GD-00006,instance1,CZCE TA TA001,20191108,21:48:09,1,1112150,1112834,-1,4700.00000,4694.00000,0.00000,       35785,20191111

rb-GD-00006,instance1,SHFE rb rb2001,20191108,21:49:31,0,11103862,-1,1,3356.00000,3356.00000,0.00000,       36150,20191111

rb-GD-00006,instance1,SHFE rb rb2001,20191108,21:50:05,1,11103862,11104903,-1,3357.00000,3354.00000,0.00000,       36392,20191111

rb-GD-00006,instance1,SHFE rb rb2001,20191108,21:50:22,0,11105560,-1,1,3354.00000,3354.00000,0.00000,       36564,20191111

rb-GD-00006,instance1,SHFE rb rb2001,20191108,21:50:34,1,11105560,11106031,-1,3355.00000,3353.00000,0.00000,       36697,20191111

rb-GD-00006,instance1,SHFE rb rb2001,20191108,21:50:36,0,11106103,-1,1,3353.00000,3353.00000,0.00000,       36717,20191111

rb-GD-00006,instance1,SHFE rb rb2001,20191108,21:51:20,1,11106103,11107260,-1,3354.00000,3355.00000,0.00000,       36996,20191111

rb-GD-00006,instance1,SHFE rb rb2001,20191108,21:53:04,0,11110114,-1,-1,3356.00000,3356.00000,0.00000,       37736,20191111

MA-GD-00006,instance1,CZCE MA MA001,20191108,21:53:15,0,1114189,-1,1,2010.00000,2010.00000,0.00000,       37764,20191111

rb-GD-00006,instance1,SHFE rb rb2001,20191108,21:54:04,1,11110114,11111764,1,3355.00000,3352.00000,0.00000,       38093,20191111

rb-GD-00006,instance1,SHFE rb rb2001,20191108,21:54:28,0,11112622,-1,1,3351.00000,3350.00000,0.00000,       38314,20191111

rb-GD-00006,instance1,SHFE rb rb2001,20191108,21:54:33,1,11112622,11112911,-1,3352.00000,3348.00000,0.00000,       38395,20191111

rb-GD-00006,instance1,SHFE rb rb2001,20191108,21:54:35,0,11112944,-1,1,3348.00000,3348.00000,0.00000,       38405,20191111

rb-GD-00006,instance1,SHFE rb rb2001,20191108,21:54:49,1,11112944,11113528,-1,3349.00000,3347.00000,0.00000,       38540,20191111

TA-GD-00006,instance1,CZCE TA TA001,20191108,21:55:09,0,1114799,-1,-1,4700.00000,4700.00000,0.00000,       38678,20191111

rb-GD-00006,instance1,SHFE rb rb2001,20191108,21:55:20,0,11114521,-1,1,3348.00000,3348.00000,0.00000,       38756,20191111

MA-GD-00006,instance1,CZCE MA MA001,20191108,21:57:02,1,1114189,1115048,-1,2011.00000,2008.00000,0.00000,       39317,20191111

TA-GD-00006,instance1,CZCE TA TA001,20191108,21:59:36,1,1114799,1115564,1,4698.00000,4698.00000,0.00000,       40165,20191111

TA-GD-00006,instance1,CZCE TA TA001,20191108,22:00:18,0,1115833,-1,1,4696.00000,4696.00000,0.00000,       40631,20191111

TA-GD-00006,instance1,CZCE TA TA001,20191108,22:00:33,1,1115833,1115894,-1,4698.00000,4698.00000,0.00000,       40780,20191111

rb-GD-00006,instance1,SHFE rb rb2001,20191108,22:01:25,1,11114521,11124606,-1,3349.00000,3355.00000,0.00000,       41178,20191111

MA-GD-00006,instance1,CZCE MA MA001,20191108,22:02:13,0,1116309,-1,-1,2012.00000,2012.00000,0.00000,       41448,20191111

TA-GD-00006,instance1,CZCE TA TA001,20191108,22:02:21,0,1116346,-1,-1,4704.00000,4704.00000,0.00000,       41548,20191111

rb-GD-00006,instance1,SHFE rb rb2001,20191108,22:02:25,0,11126749,-1,-1,3356.00000,3356.00000,0.00000,       41584,20191111

rb-GD-00006,instance1,SHFE rb rb2001,20191108,22:02:46,1,11126749,11127190,1,3355.00000,3357.00000,0.00000,       41699,20191111

rb-GD-00006,instance1,SHFE rb rb2001,20191108,22:08:00,0,11137341,-1,-1,3357.00000,3357.00000,0.00000,       43883,20191111

rb-GD-00006,instance1,SHFE rb rb2001,20191108,22:08:58,1,11137341,11142336,1,3356.00000,3359.00000,0.00000,       44790,20191111

rb-GD-00006,instance1,SHFE rb rb2001,20191108,22:09:36,0,11143287,-1,-1,3358.00000,3358.00000,0.00000,       44944,20191111

rb-GD-00006,instance1,SHFE rb rb2001,20191108,22:10:14,1,11143287,11146325,1,3357.00000,3360.00000,0.00000,       45708,20191111

rb-GD-00006,instance1,SHFE rb rb2001,20191108,22:10:17,0,11146622,-1,-1,3360.00000,3360.00000,0.00000,       45762,20191111

MA-GD-00006,instance1,CZCE MA MA001,20191108,22:10:20,1,1116309,1118965,1,2011.00000,2014.00000,0.00000,       45810,20191111

TA-GD-00006,instance1,CZCE TA TA001,20191108,22:10:58,1,1116346,1119136,1,4702.00000,4708.00000,0.00000,       46270,20191111

MA-GD-00006,instance1,CZCE MA MA001,20191108,22:11:38,0,1119355,-1,-1,2014.00000,2014.00000,0.00000,       46832,20191111

rb-GD-00006,instance1,SHFE rb rb2001,20191108,22:11:55,1,11146622,11154174,1,3359.00000,3357.00000,0.00000,       47217,20191111

MA-GD-00006,instance1,CZCE MA MA001,20191108,22:12:33,1,1119355,1119710,1,2013.00000,2017.00000,0.00000,       47610,20191111

MA-GD-00006,instance1,CZCE MA MA001,20191108,22:12:40,0,1119840,-1,-1,2017.00000,2017.00000,0.00000,       47675,20191111

MA-GD-00006,instance1,CZCE MA MA001,20191108,22:13:01,1,1119840,1120132,1,2016.00000,2016.00000,0.00000,       47846,20191111

MA-GD-00006,instance1,CZCE MA MA001,20191108,22:13:10,0,1120188,-1,-1,2017.00000,2017.00000,0.00000,       47890,20191111

MA-GD-00006,instance1,CZCE MA MA001,20191108,22:13:16,1,1120188,1120228,1,2016.00000,2019.00000,0.00000,       47899,20191111

MA-GD-00006,instance1,CZCE MA MA001,20191108,22:13:47,0,1120368,-1,-1,2018.00000,2018.00000,0.00000,       48130,20191111

MA-GD-00006,instance1,CZCE MA MA001,20191108,22:14:06,1,1120368,1120503,1,2017.00000,2021.00000,0.00000,       48232,20191111

MA-GD-00006,instance1,CZCE MA MA001,20191108,22:14:07,0,1120541,-1,-1,2021.00000,2021.00000,0.00000,       48258,20191111

MA-GD-00006,instance1,CZCE MA MA001,20191108,22:14:23,1,1120541,1120960,1,2020.00000,2022.00000,0.00000,       48424,20191111

TA-GD-00006,instance1,CZCE TA TA001,20191108,22:14:27,0,1121030,-1,1,4704.00000,4704.00000,0.00000,       48450,20191111

MA-GD-00006,instance1,CZCE MA MA001,20191108,22:14:35,0,1121123,-1,-1,2022.00000,2022.00000,0.00000,       48473,20191111

TA-GD-00006,instance1,CZCE TA TA001,20191108,22:14:41,1,1121030,1121176,-1,4706.00000,4706.00000,0.00000,       48524,20191111

MA-GD-00006,instance1,CZCE MA MA001,20191108,22:15:10,1,1121123,1121685,1,2021.00000,2021.00000,0.00000,       48781,20191111

MA-GD-00006,instance1,CZCE MA MA001,20191108,22:15:13,0,1121719,-1,-1,2021.00000,2021.00000,0.00000,       48815,20191111

rb-GD-00006,instance1,SHFE rb rb2001,20191108,22:16:35,0,11163471,-1,-1,3360.00000,3360.00000,0.00000,       49794,20191111

rb-GD-00006,instance1,SHFE rb rb2001,20191108,22:16:37,1,11163471,11163623,1,3359.00000,3361.00000,0.00000,       49828,20191111

rb-GD-00006,instance1,SHFE rb rb2001,20191108,22:16:50,0,11164095,-1,-1,3361.00000,3361.00000,0.00000,       49963,20191111

TA-GD-00006,instance1,CZCE TA TA001,20191108,22:17:32,0,1123515,-1,1,4702.00000,4702.00000,0.00000,       50398,20191111

MA-GD-00006,instance1,CZCE MA MA001,20191108,22:17:58,1,1121719,1123851,1,2020.00000,2018.00000,0.00000,       50632,20191111

TA-GD-00006,instance1,CZCE TA TA001,20191108,22:19:42,1,1123515,1124897,-1,4704.00000,4704.00000,0.00000,       51283,20191111

rb-GD-00006,instance1,SHFE rb rb2001,20191108,22:20:16,1,11164095,11170294,1,3360.00000,3359.00000,0.00000,       51496,20191111

TA-GD-00006,instance1,CZCE TA TA001,20191108,22:20:23,0,1125461,-1,-1,4704.00000,4704.00000,0.00000,       51554,20191111

rb-GD-00006,instance1,SHFE rb rb2001,20191108,22:20:40,0,11171262,-1,1,3359.00000,3359.00000,0.00000,       51666,20191111

TA-GD-00006,instance1,CZCE TA TA001,20191108,22:21:33,1,1125461,1126147,1,4702.00000,4702.00000,0.00000,       51947,20191111

MA-GD-00006,instance1,CZCE MA MA001,20191108,22:23:12,0,1127152,-1,1,2017.00000,2017.00000,0.00000,       52579,20191111

rb-GD-00006,instance1,SHFE rb rb2001,20191108,22:24:29,1,11171262,11177520,-1,3360.00000,3358.00000,0.00000,       52989,20191111

MA-GD-00006,instance1,CZCE MA MA001,20191108,22:25:58,1,1127152,1129240,-1,2018.00000,2015.00000,0.00000,       53519,20191111

TA-GD-00006,instance1,CZCE TA TA001,20191108,22:28:18,0,1130449,-1,1,4698.00000,4698.00000,0.00000,       54118,20191111

rb-GD-00006,instance1,SHFE rb rb2001,20191108,22:28:32,0,11183574,-1,1,3356.00000,3356.00000,0.00000,       54185,20191111

rb-GD-00006,instance1,SHFE rb rb2001,20191108,22:28:35,1,11183574,11183692,-1,3357.00000,3354.00000,0.00000,       54212,20191111

rb-GD-00006,instance1,SHFE rb rb2001,20191108,22:29:18,0,11184808,-1,1,3354.00000,3354.00000,0.00000,       54396,20191111

MA-GD-00006,instance1,CZCE MA MA001,20191108,22:29:45,0,1131301,-1,-1,2017.00000,2017.00000,0.00000,       54518,20191111

rb-GD-00006,instance1,SHFE rb rb2001,20191108,22:30:09,1,11184808,11186388,-1,3355.00000,3354.00000,0.00000,       54757,20191111

MA-GD-00006,instance1,CZCE MA MA001,20191108,22:31:09,1,1131301,1132422,1,2016.00000,2016.00000,0.00000,       55329,20191111

MA-GD-00006,instance1,CZCE MA MA001,20191108,22:31:27,0,1132589,-1,1,2015.00000,2015.00000,0.00000,       55451,20191111

rb-GD-00006,instance1,SHFE rb rb2001,20191108,22:32:35,0,11191526,-1,1,3354.00000,3354.00000,0.00000,       55949,20191111

rb-GD-00006,instance1,SHFE rb rb2001,20191108,22:33:19,1,11191526,11193404,-1,3355.00000,3355.00000,0.00000,       56396,20191111

MA-GD-00006,instance1,CZCE MA MA001,20191108,22:33:26,1,1132589,1133793,-1,2016.00000,2013.00000,0.00000,       56492,20191111

rb-GD-00006,instance1,SHFE rb rb2001,20191108,22:34:30,0,11196118,-1,-1,3357.00000,3357.00000,0.00000,       57018,20191111

rb-GD-00006,instance1,SHFE rb rb2001,20191108,22:34:55,1,11196118,11197296,1,3356.00000,3359.00000,0.00000,       57250,20191111

rb-GD-00006,instance1,SHFE rb rb2001,20191108,22:35:30,0,11198756,-1,-1,3358.00000,3358.00000,0.00000,       57573,20191111

rb-GD-00006,instance1,SHFE rb rb2001,20191108,22:35:44,1,11198756,11199204,1,3357.00000,3358.00000,0.00000,       57680,20191111

rb-GD-00006,instance1,SHFE rb rb2001,20191108,22:35:45,0,11199243,-1,-1,3358.00000,3358.00000,0.00000,       57686,20191111

rb-GD-00006,instance1,SHFE rb rb2001,20191108,22:38:17,1,11199243,11204416,1,3357.00000,3359.00000,0.00000,       58643,20191111

TA-GD-00006,instance1,CZCE TA TA001,20191108,22:40:37,1,1130449,1135453,-1,4700.00000,4696.00000,0.00000,       59485,20191111

TA-GD-00006,instance1,CZCE TA TA001,20191108,22:40:37,0,1135457,-1,1,4696.00000,4696.00000,0.00000,       59487,20191111

TA-GD-00006,instance1,CZCE TA TA001,20191108,22:41:15,1,1135457,1135717,-1,4698.00000,4694.00000,0.00000,       59785,20191111

TA-GD-00006,instance1,CZCE TA TA001,20191108,22:41:28,0,1135755,-1,1,4692.00000,4692.00000,0.00000,       59846,20191111

TA-GD-00006,instance1,CZCE TA TA001,20191108,22:41:33,1,1135755,1135781,-1,4694.00000,4690.00000,0.00000,       59863,20191111

TA-GD-00006,instance1,CZCE TA TA001,20191108,22:41:49,0,1135837,-1,1,4690.00000,4690.00000,0.00000,       59970,20191111

TA-GD-00006,instance1,CZCE TA TA001,20191108,22:41:58,1,1135837,1135852,-1,4692.00000,4692.00000,0.00000,       60019,20191111

TA-GD-00006,instance1,CZCE TA TA001,20191108,22:42:08,0,1135883,-1,1,4690.00000,4690.00000,0.00000,       60120,20191111

TA-GD-00006,instance1,CZCE TA TA001,20191108,22:42:19,1,1135883,1135929,-1,4692.00000,4686.00000,0.00000,       60180,20191111

TA-GD-00006,instance1,CZCE TA TA001,20191108,22:42:50,0,1136019,-1,1,4686.00000,4686.00000,0.00000,       60362,20191111

MA-GD-00006,instance1,CZCE MA MA001,20191108,22:42:56,0,1136047,-1,1,2014.00000,2014.00000,0.00000,       60435,20191111

TA-GD-00006,instance1,CZCE TA TA001,20191108,22:43:32,1,1136019,1136157,-1,4688.00000,4684.00000,0.00000,       60990,20191111

MA-GD-00006,instance1,CZCE MA MA001,20191108,22:43:51,1,1136047,1136208,-1,2015.00000,2015.00000,0.00000,       61083,20191111

TA-GD-00006,instance1,CZCE TA TA001,20191108,22:43:58,0,1136243,-1,1,4684.00000,4684.00000,0.00000,       61124,20191111

TA-GD-00006,instance1,CZCE TA TA001,20191108,22:44:37,1,1136243,1136657,-1,4686.00000,4686.00000,0.00000,       61399,20191111

TA-GD-00006,instance1,CZCE TA TA001,20191108,22:44:40,0,1136675,-1,1,4684.00000,4684.00000,0.00000,       61428,20191111

TA-GD-00006,instance1,CZCE TA TA001,20191108,22:45:26,1,1136675,1136852,-1,4686.00000,4686.00000,0.00000,       61884,20191111

MA-GD-00006,instance1,CZCE MA MA001,20191108,22:46:33,0,1137100,-1,-1,2017.00000,2017.00000,0.00000,       62354,20191111

MA-GD-00006,instance1,CZCE MA MA001,20191108,22:46:43,1,1137100,1137158,1,2016.00000,2019.00000,0.00000,       62403,20191111

MA-GD-00006,instance1,CZCE MA MA001,20191108,22:47:17,0,1137373,-1,-1,2018.00000,2018.00000,0.00000,       62586,20191111

TA-GD-00006,instance1,CZCE TA TA001,20191108,22:47:54,0,1137579,-1,-1,4688.00000,4688.00000,0.00000,       62763,20191111

rb-GD-00006,instance1,SHFE rb rb2001,20191108,22:49:33,0,11226890,-1,-1,3359.00000,3359.00000,0.00000,       63373,20191111

MA-GD-00006,instance1,CZCE MA MA001,20191108,22:49:39,1,1137373,1138500,1,2017.00000,2020.00000,0.00000,       63427,20191111

rb-GD-00006,instance1,SHFE rb rb2001,20191108,22:49:56,1,11226890,11227513,1,3358.00000,3360.00000,0.00000,       63525,20191111

rb-GD-00006,instance1,SHFE rb rb2001,20191108,22:50:49,0,11229105,-1,-1,3361.00000,3361.00000,0.00000,       63906,20191111

rb-GD-00006,instance1,SHFE rb rb2001,20191108,22:51:14,1,11229105,11229834,1,3360.00000,3360.00000,0.00000,       64076,20191111

rb-GD-00006,instance1,SHFE rb rb2001,20191108,22:51:29,0,11230239,-1,-1,3360.00000,3360.00000,0.00000,       64199,20191111

rb-GD-00006,instance1,SHFE rb rb2001,20191108,22:51:30,1,11230239,11230274,1,3359.00000,3361.00000,0.00000,       64210,20191111

rb-GD-00006,instance1,SHFE rb rb2001,20191108,22:56:30,0,11237586,-1,-1,3359.00000,3359.00000,0.00000,       65739,20191111

rb-GD-00006,instance1,SHFE rb rb2001,20191108,22:56:40,1,11237586,11237721,1,3358.00000,3361.00000,0.00000,       65761,20191111

MA-GD-00006,instance1,CZCE MA MA001,20191108,22:56:41,0,1141228,-1,1,2015.00000,2015.00000,0.00000,       65764,20191111

rb-GD-00006,instance1,SHFE rb rb2001,20191108,22:56:50,0,11237898,-1,-1,3361.00000,3361.00000,0.00000,       65791,20191111

rb-GD-00006,instance1,SHFE rb rb2001,20191108,22:57:13,1,11237898,11238532,1,3360.00000,3363.00000,0.00000,       65999,20191111

MA-GD-00006,instance1,CZCE MA MA001,20191108,22:58:52,1,1141228,1142965,-1,2016.00000,2013.00000,0.00000,       66630,20191111

