TA-GD-00006,instance1,TA005,20191220S,09:05:11,-1,-1,-1,0,-1.00000,-1.00000,0.00000,0000,20191220

MA-GD-00006,instance1,MA005,20191220S,09:05:19,-1,-1,-1,0,-1.00000,-1.00000,0.00000,0000,20191220

rb-GD-00006,instance1,rb2005,20191220S,09:05:25,-1,-1,-1,0,-1.00000,-1.00000,0.00000,0000,20191220

MA-GD-00006,instance1,CZCE MA MA005,20191220,09:04:45,0,2063773,-1,-1,2127.00000,2127.00000,0.00000,       40923,20191220

rb-GD-00006,instance1,SHFE rb rb2005,20191220,09:05:33,0,20103058,-1,-1,3516.00000,3516.00000,0.00000,       41145,20191220

MA-GD-00006,instance1,CZCE MA MA005,20191220,09:05:48,1,2063773,2064906,1,2126.00000,2126.00000,0.00000,       41226,20191220

rb-GD-00006,instance1,SHFE rb rb2005,20191220,09:06:14,1,20103058,20103429,1,3517.00000,3517.00000,0.00000,       41356,20191220

rb-GD-00006,instance1,SHFE rb rb2005,20191220,09:06:19,0,20103529,-1,-1,3518.00000,3518.00000,0.00000,       41390,20191220

rb-GD-00006,instance1,SHFE rb rb2005,20191220,09:06:31,1,20103529,20103690,1,3519.00000,3519.00000,0.00000,       41455,20191220

rb-GD-00006,instance1,SHFE rb rb2005,20191220,09:06:36,0,20103796,-1,-1,3520.00000,3520.00000,0.00000,       41505,20191220

MA-GD-00006,instance1,CZCE MA MA005,20191220,09:06:47,0,2066579,-1,1,2125.00000,2125.00000,0.00000,       41593,20191220

MA-GD-00006,instance1,CZCE MA MA005,20191220,09:07:52,1,2066579,2066746,-1,2125.00000,2125.00000,0.00000,       41924,20191220

rb-GD-00006,instance1,SHFE rb rb2005,20191220,09:09:20,1,20103796,20105072,1,3516.00000,3516.00000,0.00000,       42262,20191220

rb-GD-00006,instance1,SHFE rb rb2005,20191220,09:09:35,0,20105207,-1,-1,3514.00000,3514.00000,0.00000,       42359,20191220

rb-GD-00006,instance1,SHFE rb rb2005,20191220,09:10:44,1,20105207,20105745,1,3513.00000,3513.00000,0.00000,       42696,20191220

rb-GD-00006,instance1,SHFE rb rb2005,20191220,09:11:23,0,20106094,-1,-1,3513.00000,3513.00000,0.00000,       42893,20191220

rb-GD-00006,instance1,SHFE rb rb2005,20191220,09:12:19,1,20106094,20106537,1,3511.00000,3512.00000,0.00000,       43129,20191220

rb-GD-00006,instance1,SHFE rb rb2005,20191220,09:14:20,0,20107371,-1,-1,3512.00000,3512.00000,0.00000,       43623,20191220

rb-GD-00006,instance1,SHFE rb rb2005,20191220,09:14:49,1,20107371,20107635,1,3511.00000,3512.00000,0.00000,       43756,20191220

TA-GD-00006,instance1,CZCE TA TA005,20191220,09:18:20,0,2068541,-1,-1,4916.00000,4916.00000,0.00000,       44732,20191220

rb-GD-00006,instance1,SHFE rb rb2005,20191220,09:19:32,0,20109956,-1,-1,3514.00000,3514.00000,0.00000,       45064,20191220

MA-GD-00006,instance1,CZCE MA MA005,20191220,09:20:24,0,2068977,-1,-1,2129.00000,2129.00000,0.00000,       45362,20191220

rb-GD-00006,instance1,SHFE rb rb2005,20191220,09:20:32,1,20109956,20110552,1,3513.00000,3513.00000,0.00000,       45413,20191220

TA-GD-00006,instance1,CZCE TA TA005,20191220,09:20:42,1,2068541,2069018,1,4916.00000,4918.00000,0.00000,       45461,20191220

MA-GD-00006,instance1,CZCE MA MA005,20191220,09:24:42,1,2068977,2069945,1,2128.00000,2129.00000,0.00000,       46582,20191220

rb-GD-00006,instance1,SHFE rb rb2005,20191220,09:28:41,0,20114011,-1,-1,3514.00000,3514.00000,0.00000,       47524,20191220

rb-GD-00006,instance1,SHFE rb rb2005,20191220,09:31:41,1,20114011,20115297,1,3512.00000,3514.00000,0.00000,       48417,20191220

rb-GD-00006,instance1,SHFE rb rb2005,20191220,09:33:41,0,20116471,-1,-1,3516.00000,3516.00000,0.00000,       48881,20191220

rb-GD-00006,instance1,SHFE rb rb2005,20191220,09:34:45,1,20116471,20116989,1,3515.00000,3515.00000,0.00000,       49125,20191220

MA-GD-00006,instance1,CZCE MA MA005,20191220,09:35:10,0,2071547,-1,-1,2132.00000,2132.00000,0.00000,       49212,20191220

MA-GD-00006,instance1,CZCE MA MA005,20191220,09:35:48,1,2071547,2071698,1,2134.00000,2134.00000,0.00000,       49435,20191220

MA-GD-00006,instance1,CZCE MA MA005,20191220,09:36:03,0,2071785,-1,-1,2135.00000,2135.00000,0.00000,       49527,20191220

MA-GD-00006,instance1,CZCE MA MA005,20191220,09:36:21,1,2071785,2071958,1,2134.00000,2134.00000,0.00000,       49661,20191220

TA-GD-00006,instance1,CZCE TA TA005,20191220,09:37:44,0,2072249,-1,1,4912.00000,4912.00000,0.00000,       49992,20191220

TA-GD-00006,instance1,CZCE TA TA005,20191220,09:38:56,1,2072249,2072381,-1,4914.00000,4912.00000,0.00000,       50220,20191220

rb-GD-00006,instance1,SHFE rb rb2005,20191220,09:39:10,0,20118761,-1,-1,3517.00000,3517.00000,0.00000,       50362,20191220

rb-GD-00006,instance1,SHFE rb rb2005,20191220,09:40:17,1,20118761,20119409,1,3516.00000,3516.00000,0.00000,       50832,20191220

TA-GD-00006,instance1,CZCE TA TA005,20191220,09:41:48,0,2072739,-1,-1,4908.00000,4910.00000,0.00000,       51253,20191220

TA-GD-00006,instance1,CZCE TA TA005,20191220,09:43:29,1,2072739,2072928,1,4906.00000,4906.00000,0.00000,       51569,20191220

TA-GD-00006,instance1,CZCE TA TA005,20191220,09:46:06,0,2073516,-1,-1,4902.00000,4902.00000,0.00000,       52245,20191220

rb-GD-00006,instance1,SHFE rb rb2005,20191220,09:46:58,0,20122527,-1,-1,3516.00000,3516.00000,0.00000,       52468,20191220

rb-GD-00006,instance1,SHFE rb rb2005,20191220,09:47:07,1,20122527,20122591,1,3517.00000,3517.00000,0.00000,       52505,20191220

TA-GD-00006,instance1,CZCE TA TA005,20191220,09:47:24,1,2073516,2073779,1,4902.00000,4908.00000,0.00000,       52586,20191220

rb-GD-00006,instance1,SHFE rb rb2005,20191220,09:47:32,0,20122762,-1,-1,3518.00000,3518.00000,0.00000,       52596,20191220

rb-GD-00006,instance1,SHFE rb rb2005,20191220,09:48:05,1,20122762,20122901,1,3516.00000,3517.00000,0.00000,       52702,20191220

rb-GD-00006,instance1,SHFE rb rb2005,20191220,09:49:51,0,20123299,-1,-1,3519.00000,3519.00000,0.00000,       52997,20191220

rb-GD-00006,instance1,SHFE rb rb2005,20191220,09:51:03,1,20123299,20124080,1,3518.00000,3518.00000,0.00000,       53314,20191220

rb-GD-00006,instance1,SHFE rb rb2005,20191220,09:59:59,0,20126676,-1,-1,3521.00000,3521.00000,0.00000,       55209,20191220

rb-GD-00006,instance1,SHFE rb rb2005,20191220,10:00:52,1,20126676,20127419,1,3519.00000,3519.00000,0.00000,       55588,20191220

TA-GD-00006,instance1,CZCE TA TA005,20191220,10:03:23,0,2076762,-1,-1,4912.00000,4912.00000,0.00000,       56122,20191220

MA-GD-00006,instance1,CZCE MA MA005,20191220,10:04:12,0,2077054,-1,-1,2132.00000,2132.00000,0.00000,       56351,20191220

MA-GD-00006,instance1,CZCE MA MA005,20191220,10:05:32,1,2077054,2077459,1,2132.00000,2132.00000,0.00000,       56713,20191220

TA-GD-00006,instance1,CZCE TA TA005,20191220,10:06:09,1,2076762,2077623,1,4912.00000,4914.00000,0.00000,       56870,20191220

rb-GD-00006,instance1,SHFE rb rb2005,20191220,10:11:17,0,20130957,-1,-1,3521.00000,3521.00000,0.00000,       58039,20191220

rb-GD-00006,instance1,SHFE rb rb2005,20191220,10:12:30,1,20130957,20131333,1,3521.00000,3522.00000,0.00000,       58354,20191220

rb-GD-00006,instance1,SHFE rb rb2005,20191220,10:13:05,0,20131613,-1,-1,3523.00000,3523.00000,0.00000,       58498,20191220

rb-GD-00006,instance1,SHFE rb rb2005,20191220,10:14:21,1,20131613,20132106,1,3522.00000,3522.00000,0.00000,       58858,20191220

MA-GD-00006,instance1,CZCE MA MA005,20191220,10:30:38,0,2079522,-1,-1,2133.00000,2133.00000,0.00000,       59683,20191220

MA-GD-00006,instance1,CZCE MA MA005,20191220,10:30:57,1,2079522,2079600,1,2135.00000,2135.00000,0.00000,       59769,20191220

MA-GD-00006,instance1,CZCE MA MA005,20191220,10:30:58,0,2079618,-1,-1,2136.00000,2136.00000,0.00000,       59778,20191220

MA-GD-00006,instance1,CZCE MA MA005,20191220,10:31:35,1,2079618,2079827,1,2135.00000,2135.00000,0.00000,       59957,20191220

MA-GD-00006,instance1,CZCE MA MA005,20191220,10:32:41,0,2080140,-1,-1,2137.00000,2137.00000,0.00000,       60186,20191220

MA-GD-00006,instance1,CZCE MA MA005,20191220,10:34:34,1,2080140,2080748,1,2135.00000,2135.00000,0.00000,       60714,20191220

rb-GD-00006,instance1,SHFE rb rb2005,20191220,10:35:11,0,20134772,-1,-1,3517.00000,3517.00000,0.00000,       60877,20191220

TA-GD-00006,instance1,CZCE TA TA005,20191220,10:36:28,0,2081483,-1,-1,4918.00000,4918.00000,0.00000,       61181,20191220

rb-GD-00006,instance1,SHFE rb rb2005,20191220,10:36:52,1,20134772,20135262,1,3518.00000,3519.00000,0.00000,       61327,20191220

TA-GD-00006,instance1,CZCE TA TA005,20191220,10:37:33,1,2081483,2081915,1,4914.00000,4916.00000,0.00000,       61460,20191220

rb-GD-00006,instance1,SHFE rb rb2005,20191220,10:40:39,0,20136597,-1,-1,3521.00000,3521.00000,0.00000,       62240,20191220

rb-GD-00006,instance1,SHFE rb rb2005,20191220,10:41:26,1,20136597,20136944,1,3523.00000,3523.00000,0.00000,       62458,20191220

rb-GD-00006,instance1,SHFE rb rb2005,20191220,10:42:21,0,20137227,-1,-1,3523.00000,3523.00000,0.00000,       62660,20191220

rb-GD-00006,instance1,SHFE rb rb2005,20191220,10:42:33,1,20137227,20137293,1,3524.00000,3524.00000,0.00000,       62745,20191220

rb-GD-00006,instance1,SHFE rb rb2005,20191220,10:43:41,0,20137693,-1,-1,3524.00000,3524.00000,0.00000,       63032,20191220

MA-GD-00006,instance1,CZCE MA MA005,20191220,10:43:50,0,2083562,-1,-1,2141.00000,2141.00000,0.00000,       63055,20191220

rb-GD-00006,instance1,SHFE rb rb2005,20191220,10:44:55,1,20137693,20138090,1,3522.00000,3522.00000,0.00000,       63281,20191220

rb-GD-00006,instance1,SHFE rb rb2005,20191220,10:45:12,0,20138255,-1,-1,3523.00000,3523.00000,0.00000,       63387,20191220

MA-GD-00006,instance1,CZCE MA MA005,20191220,10:45:38,1,2083562,2084180,1,2141.00000,2142.00000,0.00000,       63555,20191220

rb-GD-00006,instance1,SHFE rb rb2005,20191220,10:46:26,1,20138255,20139001,1,3522.00000,3522.00000,0.00000,       63858,20191220

MA-GD-00006,instance1,CZCE MA MA005,20191220,10:46:59,0,2084426,-1,-1,2144.00000,2144.00000,0.00000,       63944,20191220

rb-GD-00006,instance1,SHFE rb rb2005,20191220,10:47:06,0,20139178,-1,-1,3524.00000,3524.00000,0.00000,       63982,20191220

TA-GD-00006,instance1,CZCE TA TA005,20191220,10:47:43,0,2084550,-1,-1,4920.00000,4920.00000,0.00000,       64385,20191220

MA-GD-00006,instance1,CZCE MA MA005,20191220,10:47:45,1,2084426,2084558,1,2146.00000,2146.00000,0.00000,       64390,20191220

MA-GD-00006,instance1,CZCE MA MA005,20191220,10:47:46,0,2084573,-1,-1,2147.00000,2147.00000,0.00000,       64397,20191220

rb-GD-00006,instance1,SHFE rb rb2005,20191220,10:48:00,1,20139178,20139741,1,3526.00000,3526.00000,0.00000,       64453,20191220

rb-GD-00006,instance1,SHFE rb rb2005,20191220,10:48:05,0,20139816,-1,-1,3527.00000,3527.00000,0.00000,       64480,20191220

rb-GD-00006,instance1,SHFE rb rb2005,20191220,10:48:42,1,20139816,20140066,1,3526.00000,3526.00000,0.00000,       64611,20191220

TA-GD-00006,instance1,CZCE TA TA005,20191220,10:48:58,1,2084550,2084876,1,4922.00000,4924.00000,0.00000,       64686,20191220

MA-GD-00006,instance1,CZCE MA MA005,20191220,10:49:08,1,2084573,2085034,1,2146.00000,2146.00000,0.00000,       64774,20191220

rb-GD-00006,instance1,SHFE rb rb2005,20191220,10:49:18,0,20140263,-1,-1,3527.00000,3527.00000,0.00000,       64828,20191220

rb-GD-00006,instance1,SHFE rb rb2005,20191220,10:49:55,1,20140263,20140482,1,3528.00000,3528.00000,0.00000,       64971,20191220

rb-GD-00006,instance1,SHFE rb rb2005,20191220,10:50:01,0,20140584,-1,-1,3529.00000,3529.00000,0.00000,       65020,20191220

rb-GD-00006,instance1,SHFE rb rb2005,20191220,10:51:04,1,20140584,20141017,1,3528.00000,3529.00000,0.00000,       65379,20191220

rb-GD-00006,instance1,SHFE rb rb2005,20191220,10:56:41,0,20143635,-1,-1,3528.00000,3528.00000,0.00000,       67082,20191220

rb-GD-00006,instance1,SHFE rb rb2005,20191220,10:57:48,1,20143635,20144191,1,3529.00000,3529.00000,0.00000,       67399,20191220

rb-GD-00006,instance1,SHFE rb rb2005,20191220,10:58:44,0,20144551,-1,-1,3530.00000,3530.00000,0.00000,       67599,20191220

rb-GD-00006,instance1,SHFE rb rb2005,20191220,10:59:01,1,20144551,20144783,1,3532.00000,3532.00000,0.00000,       67707,20191220

MA-GD-00006,instance1,CZCE MA MA005,20191220,11:00:34,0,2088052,-1,-1,2150.00000,2150.00000,0.00000,       68335,20191220

MA-GD-00006,instance1,CZCE MA MA005,20191220,11:01:35,1,2088052,2088198,1,2149.00000,2149.00000,0.00000,       68522,20191220

rb-GD-00006,instance1,SHFE rb rb2005,20191220,11:02:20,0,20146185,-1,-1,3532.00000,3532.00000,0.00000,       68666,20191220

TA-GD-00006,instance1,CZCE TA TA005,20191220,11:02:38,0,2088438,-1,-1,4918.00000,4918.00000,0.00000,       68754,20191220

rb-GD-00006,instance1,SHFE rb rb2005,20191220,11:03:24,1,20146185,20146682,1,3532.00000,3533.00000,0.00000,       68979,20191220

TA-GD-00006,instance1,CZCE TA TA005,20191220,11:04:11,1,2088438,2088864,1,4916.00000,4918.00000,0.00000,       69158,20191220

rb-GD-00006,instance1,SHFE rb rb2005,20191220,11:04:36,0,20147230,-1,-1,3534.00000,3534.00000,0.00000,       69267,20191220

rb-GD-00006,instance1,SHFE rb rb2005,20191220,11:05:39,1,20147230,20147780,1,3533.00000,3533.00000,0.00000,       69548,20191220

TA-GD-00006,instance1,CZCE TA TA005,20191220,11:09:27,0,2089680,-1,-1,4918.00000,4918.00000,0.00000,       70510,20191220

rb-GD-00006,instance1,SHFE rb rb2005,20191220,11:09:28,0,20149842,-1,-1,3532.00000,3532.00000,0.00000,       70524,20191220

rb-GD-00006,instance1,SHFE rb rb2005,20191220,11:10:31,1,20149842,20150310,1,3531.00000,3531.00000,0.00000,       70721,20191220

TA-GD-00006,instance1,CZCE TA TA005,20191220,11:10:39,1,2089680,2089831,1,4916.00000,4918.00000,0.00000,       70755,20191220

rb-GD-00006,instance1,SHFE rb rb2005,20191220,11:11:24,0,20150754,-1,-1,3531.00000,3531.00000,0.00000,       70893,20191220

rb-GD-00006,instance1,SHFE rb rb2005,20191220,11:12:39,1,20150754,20151499,1,3531.00000,3532.00000,0.00000,       71150,20191220

rb-GD-00006,instance1,SHFE rb rb2005,20191220,11:13:11,0,20151823,-1,-1,3533.00000,3533.00000,0.00000,       71279,20191220

MA-GD-00006,instance1,CZCE MA MA005,20191220,11:14:03,0,2090228,-1,-1,2148.00000,2148.00000,0.00000,       71444,20191220

TA-GD-00006,instance1,CZCE TA TA005,20191220,11:14:16,0,2090297,-1,-1,4922.00000,4922.00000,0.00000,       71521,20191220

rb-GD-00006,instance1,SHFE rb rb2005,20191220,11:14:33,1,20151823,20152520,1,3533.00000,3533.00000,0.00000,       71584,20191220

MA-GD-00006,instance1,CZCE MA MA005,20191220,11:15:05,1,2090228,2090546,1,2149.00000,2149.00000,0.00000,       71800,20191220

TA-GD-00006,instance1,CZCE TA TA005,20191220,11:18:47,1,2090297,2091127,1,4922.00000,4922.00000,0.00000,       72611,20191220

rb-GD-00006,instance1,SHFE rb rb2005,20191220,11:20:01,0,20154692,-1,-1,3534.00000,3534.00000,0.00000,       72823,20191220

rb-GD-00006,instance1,SHFE rb rb2005,20191220,11:21:20,1,20154692,20155199,1,3535.00000,3536.00000,0.00000,       73079,20191220

TA-GD-00006,instance1,CZCE TA TA005,20191220,11:22:49,0,2091600,-1,-1,4914.00000,4914.00000,0.00000,       73342,20191220

TA-GD-00006,instance1,CZCE TA TA005,20191220,11:24:05,1,2091600,2091728,1,4914.00000,4914.00000,0.00000,       73604,20191220

TA-GD-00006,instance1,CZCE TA TA005,20191220,11:24:21,0,2091779,-1,-1,4914.00000,4914.00000,0.00000,       73694,20191220

rb-GD-00006,instance1,SHFE rb rb2005,20191220,11:24:30,0,20156438,-1,-1,3529.00000,3529.00000,0.00000,       73712,20191220

rb-GD-00006,instance1,SHFE rb rb2005,20191220,11:25:31,1,20156438,20156844,1,3528.00000,3528.00000,0.00000,       73945,20191220

rb-GD-00006,instance1,SHFE rb rb2005,20191220,11:25:35,0,20156895,-1,-1,3528.00000,3528.00000,0.00000,       73970,20191220

TA-GD-00006,instance1,CZCE TA TA005,20191220,11:25:57,1,2091779,2091988,1,4914.00000,4914.00000,0.00000,       74047,20191220

rb-GD-00006,instance1,SHFE rb rb2005,20191220,11:26:53,1,20156895,20157375,1,3526.00000,3527.00000,0.00000,       74193,20191220

TA-GD-00006,instance1,CZCE TA TA005,20191220,11:27:09,0,2092172,-1,-1,4912.00000,4912.00000,0.00000,       74301,20191220

rb-GD-00006,instance1,SHFE rb rb2005,20191220,11:27:52,0,20157823,-1,-1,3527.00000,3527.00000,0.00000,       74428,20191220

rb-GD-00006,instance1,SHFE rb rb2005,20191220,11:28:59,1,20157823,20158037,1,3526.00000,3527.00000,0.00000,       74627,20191220

TA-GD-00006,instance1,CZCE TA TA005,20191220,11:29:00,1,2092172,2092480,1,4910.00000,4912.00000,0.00000,       74631,20191220

rb-GD-00006,instance1,SHFE rb rb2005,20191220,13:30:02,0,20158559,-1,-1,3525.00000,3525.00000,0.00000,       75595,20191220

MA-GD-00006,instance1,CZCE MA MA005,20191220,13:30:42,0,2093079,-1,-1,2146.00000,2146.00000,0.00000,       75917,20191220

rb-GD-00006,instance1,SHFE rb rb2005,20191220,13:31:34,1,20158559,20159478,1,3524.00000,3524.00000,0.00000,       76204,20191220

rb-GD-00006,instance1,SHFE rb rb2005,20191220,13:33:34,0,20160592,-1,-1,3520.00000,3520.00000,0.00000,       76744,20191220

MA-GD-00006,instance1,CZCE MA MA005,20191220,13:33:40,1,2093079,2093827,1,2146.00000,2147.00000,0.00000,       76765,20191220

rb-GD-00006,instance1,SHFE rb rb2005,20191220,13:34:08,1,20160592,20160892,1,3522.00000,3522.00000,0.00000,       76944,20191220

rb-GD-00006,instance1,SHFE rb rb2005,20191220,13:35:28,0,20161500,-1,-1,3520.00000,3520.00000,0.00000,       77274,20191220

rb-GD-00006,instance1,SHFE rb rb2005,20191220,13:38:01,1,20161500,20162379,1,3521.00000,3521.00000,0.00000,       77754,20191220

rb-GD-00006,instance1,SHFE rb rb2005,20191220,13:39:42,0,20163082,-1,-1,3519.00000,3519.00000,0.00000,       78167,20191220

rb-GD-00006,instance1,SHFE rb rb2005,20191220,13:40:03,1,20163082,20163409,1,3516.00000,3517.00000,0.00000,       78302,20191220

rb-GD-00006,instance1,SHFE rb rb2005,20191220,13:43:11,0,20164855,-1,-1,3516.00000,3516.00000,0.00000,       79274,20191220

rb-GD-00006,instance1,SHFE rb rb2005,20191220,13:44:22,1,20164855,20165441,1,3515.00000,3516.00000,0.00000,       79594,20191220

rb-GD-00006,instance1,SHFE rb rb2005,20191220,13:44:38,0,20165620,-1,-1,3516.00000,3516.00000,0.00000,       79695,20191220

rb-GD-00006,instance1,SHFE rb rb2005,20191220,13:46:16,1,20165620,20166800,1,3513.00000,3513.00000,0.00000,       80448,20191220

rb-GD-00006,instance1,SHFE rb rb2005,20191220,13:46:55,0,20167174,-1,-1,3514.00000,3514.00000,0.00000,       80659,20191220

rb-GD-00006,instance1,SHFE rb rb2005,20191220,13:48:00,1,20167174,20167888,1,3511.00000,3511.00000,0.00000,       81019,20191220

rb-GD-00006,instance1,SHFE rb rb2005,20191220,13:53:41,0,20172793,-1,-1,3510.00000,3510.00000,0.00000,       84101,20191220

rb-GD-00006,instance1,SHFE rb rb2005,20191220,13:54:51,1,20172793,20173770,1,3510.00000,3511.00000,0.00000,       84672,20191220

MA-GD-00006,instance1,CZCE MA MA005,20191220,13:54:55,0,2098038,-1,-1,2144.00000,2144.00000,0.00000,       84688,20191220

MA-GD-00006,instance1,CZCE MA MA005,20191220,13:55:58,1,2098038,2098383,1,2144.00000,2144.00000,0.00000,       85166,20191220

MA-GD-00006,instance1,CZCE MA MA005,20191220,13:58:33,0,2098743,-1,-1,2146.00000,2146.00000,0.00000,       86020,20191220

rb-GD-00006,instance1,SHFE rb rb2005,20191220,13:59:22,0,20177018,-1,-1,3508.00000,3508.00000,0.00000,       86391,20191220

MA-GD-00006,instance1,CZCE MA MA005,20191220,14:00:16,1,2098743,2099178,1,2145.00000,2145.00000,0.00000,       86930,20191220

rb-GD-00006,instance1,SHFE rb rb2005,20191220,14:00:32,1,20177018,20177876,1,3509.00000,3509.00000,0.00000,       87008,20191220

rb-GD-00006,instance1,SHFE rb rb2005,20191220,14:02:39,0,20179775,-1,-1,3511.00000,3511.00000,0.00000,       87924,20191220

rb-GD-00006,instance1,SHFE rb rb2005,20191220,14:03:46,1,20179775,20180626,1,3511.00000,3511.00000,0.00000,       88350,20191220

MA-GD-00006,instance1,CZCE MA MA005,20191220,14:05:57,0,20101379,-1,-1,2147.00000,2147.00000,0.00000,       89060,20191220

MA-GD-00006,instance1,CZCE MA MA005,20191220,14:07:26,1,20101379,20102292,1,2147.00000,2148.00000,0.00000,       89582,20191220

rb-GD-00006,instance1,SHFE rb rb2005,20191220,14:07:48,0,20182517,-1,-1,3513.00000,3513.00000,0.00000,       89666,20191220

MA-GD-00006,instance1,CZCE MA MA005,20191220,14:08:01,0,20102477,-1,-1,2149.00000,2149.00000,0.00000,       89726,20191220

MA-GD-00006,instance1,CZCE MA MA005,20191220,14:08:16,1,20102477,20102757,1,2151.00000,2151.00000,0.00000,       89916,20191220

MA-GD-00006,instance1,CZCE MA MA005,20191220,14:08:37,0,20102935,-1,-1,2152.00000,2152.00000,0.00000,       89986,20191220

MA-GD-00006,instance1,CZCE MA MA005,20191220,14:08:57,1,20102935,20103087,1,2151.00000,2152.00000,0.00000,       90044,20191220

MA-GD-00006,instance1,CZCE MA MA005,20191220,14:08:58,0,20103091,-1,-1,2152.00000,2152.00000,0.00000,       90048,20191220

rb-GD-00006,instance1,SHFE rb rb2005,20191220,14:09:04,1,20182517,20183075,1,3512.00000,3512.00000,0.00000,       90108,20191220

MA-GD-00006,instance1,CZCE MA MA005,20191220,14:11:30,1,20103091,20104136,1,2148.00000,2148.00000,0.00000,       90710,20191220

MA-GD-00006,instance1,CZCE MA MA005,20191220,14:15:35,0,20105678,-1,-1,2151.00000,2151.00000,0.00000,       91832,20191220

rb-GD-00006,instance1,SHFE rb rb2005,20191220,14:18:04,0,20187044,-1,-1,3509.00000,3509.00000,0.00000,       92656,20191220

MA-GD-00006,instance1,CZCE MA MA005,20191220,14:18:08,1,20105678,20106463,1,2148.00000,2150.00000,0.00000,       92670,20191220

rb-GD-00006,instance1,SHFE rb rb2005,20191220,14:19:43,1,20187044,20187496,1,3509.00000,3510.00000,0.00000,       93017,20191220

rb-GD-00006,instance1,SHFE rb rb2005,20191220,14:19:47,0,20187542,-1,-1,3511.00000,3511.00000,0.00000,       93037,20191220

rb-GD-00006,instance1,SHFE rb rb2005,20191220,14:20:56,1,20187542,20187940,1,3511.00000,3511.00000,0.00000,       93253,20191220

MA-GD-00006,instance1,CZCE MA MA005,20191220,14:23:17,0,20107693,-1,-1,2152.00000,2152.00000,0.00000,       93752,20191220

MA-GD-00006,instance1,CZCE MA MA005,20191220,14:24:12,1,20107693,20107870,1,2151.00000,2152.00000,0.00000,       93968,20191220

MA-GD-00006,instance1,CZCE MA MA005,20191220,14:25:11,0,20108198,-1,-1,2153.00000,2153.00000,0.00000,       94159,20191220

MA-GD-00006,instance1,CZCE MA MA005,20191220,14:25:16,1,20108198,20108215,1,2155.00000,2155.00000,0.00000,       94178,20191220

MA-GD-00006,instance1,CZCE MA MA005,20191220,14:25:18,0,20108228,-1,-1,2156.00000,2156.00000,0.00000,       94184,20191220

MA-GD-00006,instance1,CZCE MA MA005,20191220,14:25:44,1,20108228,20108344,1,2153.00000,2154.00000,0.00000,       94241,20191220

rb-GD-00006,instance1,SHFE rb rb2005,20191220,14:30:22,0,20192335,-1,-1,3506.00000,3506.00000,0.00000,       95837,20191220

rb-GD-00006,instance1,SHFE rb rb2005,20191220,14:30:27,1,20192335,20192376,1,3507.00000,3507.00000,0.00000,       95871,20191220

rb-GD-00006,instance1,SHFE rb rb2005,20191220,14:31:00,0,20192598,-1,-1,3506.00000,3506.00000,0.00000,       96011,20191220

rb-GD-00006,instance1,SHFE rb rb2005,20191220,14:32:21,1,20192598,20193109,1,3507.00000,3507.00000,0.00000,       96280,20191220

rb-GD-00006,instance1,SHFE rb rb2005,20191220,14:32:51,0,20193388,-1,-1,3508.00000,3508.00000,0.00000,       96383,20191220

rb-GD-00006,instance1,SHFE rb rb2005,20191220,14:33:56,1,20193388,20193967,1,3507.00000,3507.00000,0.00000,       96671,20191220

MA-GD-00006,instance1,CZCE MA MA005,20191220,14:33:59,0,20110100,-1,-1,2154.00000,2154.00000,0.00000,       96681,20191220

MA-GD-00006,instance1,CZCE MA MA005,20191220,14:35:38,1,20110100,20110731,1,2153.00000,2154.00000,0.00000,       97076,20191220

TA-GD-00006,instance1,CZCE TA TA005,20191220,14:45:25,0,20112819,-1,-1,4918.00000,4918.00000,0.00000,       99207,20191220

TA-GD-00006,instance1,CZCE TA TA005,20191220,14:48:11,1,20112819,20113335,1,4914.00000,4916.00000,0.00000,       99695,20191220

MA-GD-00006,instance1,CZCE MA MA005,20191220,14:52:00,0,20114456,-1,-1,2150.00000,2150.00000,0.00000,      100662,20191220

rb-GD-00006,instance1,SHFE rb rb2005,20191220,14:54:15,0,20200846,-1,-1,3499.00000,3499.00000,0.00000,      101226,20191220

rb-GD-00006,instance1,SHFE rb rb2005,20191220,14:54:23,1,20200846,20200972,1,3501.00000,3501.00000,0.00000,      101294,20191220

rb-GD-00006,instance1,SHFE rb rb2005,20191220,14:54:53,0,20201113,-1,-1,3502.00000,3502.00000,0.00000,      101373,20191220

MA-GD-00006,instance1,CZCE MA MA005,20191220,14:55:15,1,20114456,20115093,1,2149.00000,2150.00000,0.00000,      101635,20191220

rb-GD-00006,instance1,SHFE rb rb2005,20191220,14:55:54,1,20201113,20201974,1,3502.00000,3502.00000,0.00000,      101800,20191220

TA-GD-00006,instance1,CZCE TA TA005,20191220,14:56:54,0,20115665,-1,-1,4920.00000,4920.00000,0.00000,      102165,20191220

TA-GD-00006,instance1,CZCE TA TA005,20191220,14:57:16,1,20115665,20115863,1,4924.00000,4924.00000,0.00000,      102293,20191220

MA-GD-00006,instance1,CZCE MA MA005,20191220,14:57:58,0,20116180,-1,-1,2150.00000,2150.00000,0.00000,      102688,20191220

MA-GD-00006,instance1,CZCE MA MA005,20191220,14:58:59,1,20116180,20117016,1,2151.00000,2152.00000,0.00000,      104338,20191220

TA-GD-00006,instance1,TA005,20191220S,22:13:08,-1,-1,-1,0,-1.00000,-1.00000,0.00000,0000,

rb-GD-00006,instance1,rb2005,20191220S,22:33:38,-1,-1,-1,0,-1.00000,-1.00000,0.00000,0000,20191223

rb-GD-00006,instance1,SHFE rb rb2005,20191220,22:33:41,0,236414,-1,1,3533.00000,3533.00000,0.00000,      773342,20191223

rb-GD-00006,instance1,SHFE rb rb2005,20191220,22:34:25,1,236414,236771,-1,3534.00000,3534.00000,0.00000,      779465,20191223

rb-GD-00006,instance1,SHFE rb rb2005,20191220,22:35:40,0,236542,-1,-1,3536.00000,3536.00000,0.00000,      786223,20191223

rb-GD-00006,instance1,SHFE rb rb2005,20191220,22:36:31,1,236542,236832,1,3535.00000,3535.00000,0.00000,      789546,20191223

rb-GD-00006,instance1,SHFE rb rb2005,20191220,22:36:43,0,236596,-1,1,3534.00000,3534.00000,0.00000,      790384,20191223

rb-GD-00006,instance1,SHFE rb rb2005,20191220,22:39:23,1,236596,236654,-1,3537.00000,3536.00000,0.00000,      799446,20191223

rb-GD-00006,instance1,SHFE rb rb2005,20191220,22:39:32,0,236665,-1,1,3536.00000,3536.00000,0.00000,      800110,20191223

rb-GD-00006,instance1,SHFE rb rb2005,20191220,22:41:16,1,236665,236982,-1,3541.00000,3541.00000,0.00000,      811832,20191223

rb-GD-00006,instance1,SHFE rb rb2005,20191220,22:42:18,0,236783,-1,-1,3542.00000,3542.00000,0.00000,      816666,20191223

rb-GD-00006,instance1,SHFE rb rb2005,20191220,22:42:23,1,236783,236797,1,3544.00000,3544.00000,0.00000,      818012,20191223

rb-GD-00006,instance1,SHFE rb rb2005,20191220,22:42:23,0,237048,-1,1,3544.00000,3543.00000,0.00000,      818429,20191223

rb-GD-00006,instance1,SHFE rb rb2005,20191220,22:42:38,1,237048,236813,-1,3544.00000,3544.00000,0.00000,      820472,20191223

rb-GD-00006,instance1,SHFE rb rb2005,20191220,22:44:15,0,236869,-1,1,3545.00000,3545.00000,0.00000,      828094,20191223

rb-GD-00006,instance1,SHFE rb rb2005,20191220,22:44:42,1,236869,237143,-1,3544.00000,3543.00000,0.00000,      830061,20191223

rb-GD-00006,instance1,SHFE rb rb2005,20191220,22:47:47,0,237213,-1,1,3544.00000,3544.00000,0.00000,      842572,20191223

rb-GD-00006,instance1,SHFE rb rb2005,20191220,22:47:57,1,237213,236969,-1,3542.00000,3542.00000,0.00000,      843224,20191223

rb-GD-00006,instance1,SHFE rb rb2005,20191220,22:47:59,0,237219,-1,1,3542.00000,3542.00000,0.00000,      843341,20191223

rb-GD-00006,instance1,SHFE rb rb2005,20191220,22:49:50,1,237219,237249,-1,3543.00000,3542.00000,0.00000,      850380,20191223

rb-GD-00006,instance1,SHFE rb rb2005,20191220,22:50:31,0,236999,-1,-1,3543.00000,3543.00000,0.00000,      853717,20191223

rb-GD-00006,instance1,SHFE rb rb2005,20191220,22:51:42,1,236999,237307,1,3542.00000,3542.00000,0.00000,      859404,20191223

rb-GD-00006,instance1,SHFE rb rb2005,20191220,22:53:08,0,237386,-1,-1,3544.00000,3544.00000,0.00000,      866978,20191223

rb-GD-00006,instance1,SHFE rb rb2005,20191220,22:54:34,1,237386,237463,1,3543.00000,3543.00000,0.00000,      873308,20191223

rb-GD-00006,instance1,SHFE rb rb2005,20191220,22:55:52,0,237292,-1,1,3542.00000,3542.00000,0.00000,      879161,20191223

rb-GD-00006,instance1,SHFE rb rb2005,20191220,22:56:19,1,237292,237316,-1,3540.00000,3540.00000,0.00000,      882326,20191223

rb-GD-00006,instance1,SHFE rb rb2005,20191220,22:57:01,0,237342,-1,-1,3542.00000,3542.00000,0.00000,      885327,20191223

rb-GD-00006,instance1,SHFE rb rb2005,20191220,22:58:06,1,237342,237389,1,3541.00000,3542.00000,0.00000,      889143,20191223

rb-GD-00006,instance1,SHFE rb rb2005,20191220,22:58:17,0,237627,-1,1,3541.00000,3541.00000,0.00000,      890336,20191223

rb-GD-00006,instance1,SHFE rb rb2005,20191220,22:59:19,1,237627,237448,-1,3540.00000,3540.00000,0.00000,      896277,20191223

rb-GD-00006,instance1,SHFE rb rb2005,20191220,22:59:41,0,237488,-1,-1,3542.00000,3542.00000,0.00000,      899101,20191223

