TA-GD-00006,instance1,TA001,20191121S,10:52:16,-1,-1,-1,0,-1.00000,-1.00000,0.00000,0000,20191121

MA-GD-00006,instance1,MA001,20191121S,10:52:22,-1,-1,-1,0,-1.00000,-1.00000,0.00000,0000,20191121

rb-GD-00006,instance1,rb2001,20191121S,10:52:28,-1,-1,-1,0,-1.00000,-1.00000,0.00000,0000,20191121

rb-GD-00006,instance1,SHFE rb rb2001,20191121,10:52:00,0,21298426,-1,1,3647.00000,3647.00000,0.00000,       75066,20191121

MA-GD-00006,instance1,CZCE MA MA001,20191121,10:52:14,0,21141222,-1,1,1943.00000,1943.00000,0.00000,       75112,20191121

rb-GD-00006,instance1,SHFE rb rb2001,20191121,10:52:28,1,21298426,21299035,-1,3646.00000,3646.00000,0.00000,       75185,20191121

MA-GD-00006,instance1,CZCE MA MA001,20191121,10:52:36,1,21141222,21141539,-1,1942.00000,1942.00000,0.00000,       75209,20191121

rb-GD-00006,instance1,SHFE rb rb2001,20191121,11:05:13,0,21315981,-1,1,3642.00000,3642.00000,0.00000,       78970,20191121

rb-GD-00006,instance1,SHFE rb rb2001,20191121,11:05:46,1,21315981,21316588,-1,3644.00000,3643.00000,0.00000,       79179,20191121

rb-GD-00006,instance1,SHFE rb rb2001,20191121,11:08:49,0,21320126,-1,-1,3642.00000,3642.00000,0.00000,       80244,20191121

rb-GD-00006,instance1,SHFE rb rb2001,20191121,11:09:50,1,21320126,21321191,1,3642.00000,3645.00000,0.00000,       80519,20191121

rb-GD-00006,instance1,SHFE rb rb2001,20191121,11:17:40,0,21332334,-1,-1,3641.00000,3641.00000,0.00000,       82930,20191121

MA-GD-00006,instance1,CZCE MA MA001,20191121,11:18:02,0,21160139,-1,-1,1937.00000,1937.00000,0.00000,       83164,20191121

MA-GD-00006,instance1,CZCE MA MA001,20191121,11:18:37,1,21160139,21160607,1,1934.00000,1935.00000,0.00000,       83461,20191121

MA-GD-00006,instance1,CZCE MA MA001,20191121,11:18:46,0,21160695,-1,-1,1934.00000,1934.00000,0.00000,       83563,20191121

MA-GD-00006,instance1,CZCE MA MA001,20191121,11:19:05,1,21160695,21160886,1,1935.00000,1935.00000,0.00000,       83690,20191121

MA-GD-00006,instance1,CZCE MA MA001,20191121,11:19:35,0,21161356,-1,-1,1935.00000,1935.00000,0.00000,       83881,20191121

rb-GD-00006,instance1,SHFE rb rb2001,20191121,11:19:50,1,21332334,21337107,1,3638.00000,3641.00000,0.00000,       83973,20191121

MA-GD-00006,instance1,CZCE MA MA001,20191121,11:20:48,1,21161356,21162170,1,1934.00000,1936.00000,0.00000,       84621,20191121

MA-GD-00006,instance1,CZCE MA MA001,20191121,11:21:02,0,21162339,-1,-1,1937.00000,1937.00000,0.00000,       84833,20191121

rb-GD-00006,instance1,SHFE rb rb2001,20191121,11:22:07,0,21342300,-1,-1,3646.00000,3646.00000,0.00000,       85449,20191121

rb-GD-00006,instance1,SHFE rb rb2001,20191121,11:22:44,1,21342300,21343531,1,3644.00000,3644.00000,0.00000,       85762,20191121

MA-GD-00006,instance1,CZCE MA MA001,20191121,11:22:44,1,21162339,21163234,1,1936.00000,1936.00000,0.00000,       85769,20191121

TA-GD-00006,instance1,CZCE TA TA001,20191121,11:22:46,0,21163288,-1,-1,4770.00000,4770.00000,0.00000,       85783,20191121

TA-GD-00006,instance1,CZCE TA TA001,20191121,11:22:49,1,21163288,21163361,1,4764.00000,4764.00000,0.00000,       85804,20191121

TA-GD-00006,instance1,CZCE TA TA001,20191121,11:22:51,0,21163406,-1,-1,4766.00000,4766.00000,0.00000,       85825,20191121

MA-GD-00006,instance1,CZCE MA MA001,20191121,11:23:14,0,21163659,-1,-1,1935.00000,1935.00000,0.00000,       85961,20191121

TA-GD-00006,instance1,CZCE TA TA001,20191121,11:23:15,1,21163406,21163679,1,4768.00000,4768.00000,0.00000,       85967,20191121

TA-GD-00006,instance1,CZCE TA TA001,20191121,11:23:23,0,21163811,-1,-1,4768.00000,4768.00000,0.00000,       86015,20191121

rb-GD-00006,instance1,SHFE rb rb2001,20191121,11:23:26,0,21344475,-1,-1,3640.00000,3640.00000,0.00000,       86054,20191121

TA-GD-00006,instance1,CZCE TA TA001,20191121,11:23:28,1,21163811,21163900,1,4770.00000,4770.00000,0.00000,       86083,20191121

TA-GD-00006,instance1,CZCE TA TA001,20191121,11:23:31,0,21163948,-1,-1,4770.00000,4770.00000,0.00000,       86134,20191121

MA-GD-00006,instance1,CZCE MA MA001,20191121,11:23:57,1,21163659,21164260,1,1934.00000,1934.00000,0.00000,       86360,20191121

rb-GD-00006,instance1,SHFE rb rb2001,20191121,11:24:01,1,21344475,21345568,1,3640.00000,3640.00000,0.00000,       86406,20191121

TA-GD-00006,instance1,CZCE TA TA001,20191121,11:24:03,1,21163948,21164352,1,4766.00000,4766.00000,0.00000,       86460,20191121

MA-GD-00006,instance1,CZCE MA MA001,20191121,11:24:06,0,21164415,-1,-1,1934.00000,1934.00000,0.00000,       86503,20191121

rb-GD-00006,instance1,SHFE rb rb2001,20191121,11:24:15,0,21345967,-1,-1,3639.00000,3639.00000,0.00000,       86542,20191121

MA-GD-00006,instance1,CZCE MA MA001,20191121,11:24:16,1,21164415,21164536,1,1935.00000,1935.00000,0.00000,       86548,20191121

rb-GD-00006,instance1,SHFE rb rb2001,20191121,11:24:20,1,21345967,21346051,1,3639.00000,3639.00000,0.00000,       86572,20191121

MA-GD-00006,instance1,CZCE MA MA001,20191121,11:24:20,0,21164613,-1,-1,1935.00000,1935.00000,0.00000,       86574,20191121

rb-GD-00006,instance1,SHFE rb rb2001,20191121,11:24:22,0,21346114,-1,-1,3638.00000,3638.00000,0.00000,       86589,20191121

TA-GD-00006,instance1,CZCE TA TA001,20191121,11:24:31,0,21164754,-1,-1,4764.00000,4764.00000,0.00000,       86661,20191121

TA-GD-00006,instance1,CZCE TA TA001,20191121,11:24:49,1,21164754,21164995,1,4758.00000,4760.00000,0.00000,       86743,20191121

MA-GD-00006,instance1,CZCE MA MA001,20191121,11:24:53,1,21164613,21165043,1,1934.00000,1935.00000,0.00000,       86762,20191121

TA-GD-00006,instance1,CZCE TA TA001,20191121,11:24:54,0,21165072,-1,-1,4762.00000,4762.00000,0.00000,       86772,20191121

TA-GD-00006,instance1,CZCE TA TA001,20191121,11:24:55,1,21165072,21165076,1,4764.00000,4764.00000,0.00000,       86774,20191121

TA-GD-00006,instance1,CZCE TA TA001,20191121,11:24:56,0,21165099,-1,-1,4764.00000,4764.00000,0.00000,       86785,20191121

rb-GD-00006,instance1,SHFE rb rb2001,20191121,11:24:58,1,21346114,21347145,1,3637.00000,3638.00000,0.00000,       86809,20191121

rb-GD-00006,instance1,SHFE rb rb2001,20191121,11:25:23,0,21347911,-1,-1,3637.00000,3638.00000,0.00000,       87005,20191121

TA-GD-00006,instance1,CZCE TA TA001,20191121,11:25:36,1,21165099,21165381,1,4764.00000,4764.00000,0.00000,       87052,20191121

MA-GD-00006,instance1,CZCE MA MA001,20191121,11:25:42,0,21165423,-1,-1,1935.00000,1935.00000,0.00000,       87089,20191121

TA-GD-00006,instance1,CZCE TA TA001,20191121,11:25:53,0,21165516,-1,-1,4760.00000,4760.00000,0.00000,       87136,20191121

rb-GD-00006,instance1,SHFE rb rb2001,20191121,11:25:57,1,21347911,21348553,1,3636.00000,3637.00000,0.00000,       87159,20191121

TA-GD-00006,instance1,CZCE TA TA001,20191121,11:26:00,1,21165516,21165584,1,4762.00000,4762.00000,0.00000,       87180,20191121

rb-GD-00006,instance1,SHFE rb rb2001,20191121,11:26:08,0,21348880,-1,-1,3637.00000,3637.00000,0.00000,       87225,20191121

rb-GD-00006,instance1,SHFE rb rb2001,20191121,11:26:18,1,21348880,21349321,1,3633.00000,3633.00000,0.00000,       87349,20191121

rb-GD-00006,instance1,SHFE rb rb2001,20191121,11:26:20,0,21349400,-1,-1,3634.00000,3634.00000,0.00000,       87368,20191121

rb-GD-00006,instance1,SHFE rb rb2001,20191121,11:26:53,1,21349400,21350516,1,3634.00000,3637.00000,0.00000,       87627,20191121

rb-GD-00006,instance1,SHFE rb rb2001,20191121,11:26:54,0,21350554,-1,-1,3636.00000,3636.00000,0.00000,       87630,20191121

MA-GD-00006,instance1,CZCE MA MA001,20191121,11:27:07,1,21165423,21166305,1,1934.00000,1935.00000,0.00000,       87744,20191121

MA-GD-00006,instance1,CZCE MA MA001,20191121,11:27:08,0,21166327,-1,-1,1935.00000,1935.00000,0.00000,       87762,20191121

rb-GD-00006,instance1,SHFE rb rb2001,20191121,11:27:08,1,21350554,21351099,1,3637.00000,3637.00000,0.00000,       87763,20191121

rb-GD-00006,instance1,SHFE rb rb2001,20191121,11:27:12,0,21351276,-1,-1,3638.00000,3638.00000,0.00000,       87822,20191121

rb-GD-00006,instance1,SHFE rb rb2001,20191121,11:27:55,1,21351276,21352482,1,3636.00000,3637.00000,0.00000,       88115,20191121

rb-GD-00006,instance1,SHFE rb rb2001,20191121,11:28:05,0,21352737,-1,-1,3636.00000,3636.00000,0.00000,       88191,20191121

rb-GD-00006,instance1,SHFE rb rb2001,20191121,11:28:10,1,21352737,21352832,1,3637.00000,3637.00000,0.00000,       88208,20191121

rb-GD-00006,instance1,SHFE rb rb2001,20191121,11:28:25,0,21353152,-1,-1,3638.00000,3638.00000,0.00000,       88276,20191121

MA-GD-00006,instance1,CZCE MA MA001,20191121,11:28:58,1,21166327,21167668,1,1935.00000,1935.00000,0.00000,       88436,20191121

rb-GD-00006,instance1,SHFE rb rb2001,20191121,11:28:59,1,21353152,21353776,1,3638.00000,3639.00000,0.00000,       88449,20191121

rb-GD-00006,instance1,SHFE rb rb2001,20191121,13:30:02,0,21354843,-1,-1,3636.00000,3636.00000,0.00000,       89622,20191121

rb-GD-00006,instance1,SHFE rb rb2001,20191121,13:30:13,1,21354843,21355317,1,3636.00000,3636.00000,0.00000,       89886,20191121

MA-GD-00006,instance1,CZCE MA MA001,20191121,13:30:14,0,21169052,-1,-1,1936.00000,1936.00000,0.00000,       89896,20191121

rb-GD-00006,instance1,SHFE rb rb2001,20191121,13:30:21,0,21355445,-1,-1,3636.00000,3636.00000,0.00000,       89942,20191121

MA-GD-00006,instance1,CZCE MA MA001,20191121,13:30:38,1,21169052,21169193,1,1937.00000,1937.00000,0.00000,       90118,20191121

MA-GD-00006,instance1,CZCE MA MA001,20191121,13:30:41,0,21169215,-1,-1,1937.00000,1937.00000,0.00000,       90147,20191121

rb-GD-00006,instance1,SHFE rb rb2001,20191121,13:31:06,1,21355445,21356495,1,3630.00000,3630.00000,0.00000,       90402,20191121

rb-GD-00006,instance1,SHFE rb rb2001,20191121,13:31:07,0,21356538,-1,-1,3631.00000,3631.00000,0.00000,       90417,20191121

rb-GD-00006,instance1,SHFE rb rb2001,20191121,13:31:11,1,21356538,21356596,1,3631.00000,3631.00000,0.00000,       90454,20191121

rb-GD-00006,instance1,SHFE rb rb2001,20191121,13:31:12,0,21356602,-1,-1,3631.00000,3631.00000,0.00000,       90458,20191121

MA-GD-00006,instance1,CZCE MA MA001,20191121,13:31:38,1,21169215,21169495,1,1935.00000,1937.00000,0.00000,       90596,20191121

MA-GD-00006,instance1,CZCE MA MA001,20191121,13:31:41,0,21169524,-1,-1,1937.00000,1937.00000,0.00000,       90624,20191121

rb-GD-00006,instance1,SHFE rb rb2001,20191121,13:31:46,1,21356602,21357016,1,3628.00000,3627.00000,0.00000,       90647,20191121

rb-GD-00006,instance1,SHFE rb rb2001,20191121,13:31:54,0,21357245,-1,-1,3626.00000,3626.00000,0.00000,       90709,20191121

rb-GD-00006,instance1,SHFE rb rb2001,20191121,13:32:10,1,21357245,21357648,1,3627.00000,3627.00000,0.00000,       90829,20191121

rb-GD-00006,instance1,SHFE rb rb2001,20191121,13:32:12,0,21357735,-1,-1,3628.00000,3628.00000,0.00000,       90848,20191121

rb-GD-00006,instance1,SHFE rb rb2001,20191121,13:32:20,1,21357735,21357943,1,3628.00000,3628.00000,0.00000,       90912,20191121

rb-GD-00006,instance1,SHFE rb rb2001,20191121,13:32:23,0,21358012,-1,-1,3628.00000,3628.00000,0.00000,       90925,20191121

rb-GD-00006,instance1,SHFE rb rb2001,20191121,13:32:23,1,21358012,21358020,1,3628.00000,3628.00000,0.00000,       90927,20191121

rb-GD-00006,instance1,SHFE rb rb2001,20191121,13:32:24,0,21358039,-1,-1,3628.00000,3628.00000,0.00000,       90931,20191121

rb-GD-00006,instance1,SHFE rb rb2001,20191121,13:32:38,1,21358039,21358271,1,3628.00000,3628.00000,0.00000,       90993,20191121

rb-GD-00006,instance1,SHFE rb rb2001,20191121,13:32:40,0,21358311,-1,-1,3628.00000,3628.00000,0.00000,       90997,20191121

rb-GD-00006,instance1,SHFE rb rb2001,20191121,13:33:03,1,21358311,21358828,1,3625.00000,3626.00000,0.00000,       91138,20191121

rb-GD-00006,instance1,SHFE rb rb2001,20191121,13:33:05,0,21358886,-1,-1,3625.00000,3625.00000,0.00000,       91148,20191121

rb-GD-00006,instance1,SHFE rb rb2001,20191121,13:33:27,1,21358886,21359506,1,3626.00000,3627.00000,0.00000,       91278,20191121

rb-GD-00006,instance1,SHFE rb rb2001,20191121,13:33:28,0,21359554,-1,-1,3627.00000,3628.00000,0.00000,       91292,20191121

rb-GD-00006,instance1,SHFE rb rb2001,20191121,13:33:42,1,21359554,21359860,1,3628.00000,3628.00000,0.00000,       91365,20191121

rb-GD-00006,instance1,SHFE rb rb2001,20191121,13:33:45,0,21359972,-1,-1,3629.00000,3629.00000,0.00000,       91386,20191121

rb-GD-00006,instance1,SHFE rb rb2001,20191121,13:34:17,1,21359972,21360822,1,3627.00000,3628.00000,0.00000,       91679,20191121

rb-GD-00006,instance1,SHFE rb rb2001,20191121,13:34:23,0,21360934,-1,-1,3627.00000,3627.00000,0.00000,       91714,20191121

MA-GD-00006,instance1,CZCE MA MA001,20191121,13:34:50,1,21169524,21171704,1,1936.00000,1936.00000,0.00000,       91849,20191121

rb-GD-00006,instance1,SHFE rb rb2001,20191121,13:34:54,1,21360934,21361603,1,3626.00000,3627.00000,0.00000,       91862,20191121

MA-GD-00006,instance1,CZCE MA MA001,20191121,13:34:55,0,21171746,-1,-1,1936.00000,1936.00000,0.00000,       91868,20191121

rb-GD-00006,instance1,SHFE rb rb2001,20191121,13:35:04,0,21361894,-1,-1,3627.00000,3627.00000,0.00000,       91963,20191121

MA-GD-00006,instance1,CZCE MA MA001,20191121,13:35:27,1,21171746,21172094,1,1936.00000,1936.00000,0.00000,       92122,20191121

MA-GD-00006,instance1,CZCE MA MA001,20191121,13:35:39,0,21172262,-1,-1,1936.00000,1936.00000,0.00000,       92238,20191121

rb-GD-00006,instance1,SHFE rb rb2001,20191121,13:35:44,1,21361894,21363350,1,3625.00000,3626.00000,0.00000,       92287,20191121

rb-GD-00006,instance1,SHFE rb rb2001,20191121,13:35:46,0,21363438,-1,-1,3626.00000,3626.00000,0.00000,       92299,20191121

rb-GD-00006,instance1,SHFE rb rb2001,20191121,13:35:53,1,21363438,21363662,1,3627.00000,3627.00000,0.00000,       92320,20191121

rb-GD-00006,instance1,SHFE rb rb2001,20191121,13:36:13,0,21364391,-1,-1,3627.00000,3627.00000,0.00000,       92466,20191121

rb-GD-00006,instance1,SHFE rb rb2001,20191121,13:36:45,1,21364391,21365418,1,3625.00000,3625.00000,0.00000,       92641,20191121

rb-GD-00006,instance1,SHFE rb rb2001,20191121,13:36:49,0,21365530,-1,-1,3625.00000,3625.00000,0.00000,       92664,20191121

rb-GD-00006,instance1,SHFE rb rb2001,20191121,13:36:52,1,21365530,21365661,1,3625.00000,3625.00000,0.00000,       92693,20191121

rb-GD-00006,instance1,SHFE rb rb2001,20191121,13:37:01,0,21365916,-1,-1,3625.00000,3625.00000,0.00000,       92741,20191121

rb-GD-00006,instance1,SHFE rb rb2001,20191121,13:37:03,1,21365916,21365989,1,3626.00000,3626.00000,0.00000,       92762,20191121

rb-GD-00006,instance1,SHFE rb rb2001,20191121,13:37:07,0,21366157,-1,-1,3626.00000,3626.00000,0.00000,       92791,20191121

rb-GD-00006,instance1,SHFE rb rb2001,20191121,13:37:09,1,21366157,21366225,1,3626.00000,3626.00000,0.00000,       92804,20191121

rb-GD-00006,instance1,SHFE rb rb2001,20191121,13:37:12,0,21366278,-1,-1,3626.00000,3626.00000,0.00000,       92812,20191121

rb-GD-00006,instance1,SHFE rb rb2001,20191121,13:37:44,1,21366278,21367183,1,3624.00000,3624.00000,0.00000,       92984,20191121

rb-GD-00006,instance1,SHFE rb rb2001,20191121,13:37:45,0,21367204,-1,-1,3624.00000,3624.00000,0.00000,       92989,20191121

rb-GD-00006,instance1,SHFE rb rb2001,20191121,13:37:51,1,21367204,21367315,1,3625.00000,3625.00000,0.00000,       93004,20191121

rb-GD-00006,instance1,SHFE rb rb2001,20191121,13:38:03,0,21367731,-1,-1,3625.00000,3625.00000,0.00000,       93109,20191121

rb-GD-00006,instance1,SHFE rb rb2001,20191121,13:38:07,1,21367731,21367818,1,3625.00000,3625.00000,0.00000,       93124,20191121

rb-GD-00006,instance1,SHFE rb rb2001,20191121,13:38:09,0,21367866,-1,-1,3625.00000,3625.00000,0.00000,       93139,20191121

MA-GD-00006,instance1,CZCE MA MA001,20191121,13:38:29,1,21172262,21173613,1,1936.00000,1936.00000,0.00000,       93267,20191121

rb-GD-00006,instance1,SHFE rb rb2001,20191121,13:38:51,1,21367866,21368781,1,3623.00000,3623.00000,0.00000,       93381,20191121

rb-GD-00006,instance1,SHFE rb rb2001,20191121,13:39:05,0,21369256,-1,-1,3623.00000,3623.00000,0.00000,       93506,20191121

rb-GD-00006,instance1,SHFE rb rb2001,20191121,13:39:37,1,21369256,21370253,1,3622.00000,3622.00000,0.00000,       93715,20191121

rb-GD-00006,instance1,SHFE rb rb2001,20191121,13:39:42,0,21370416,-1,-1,3622.00000,3622.00000,0.00000,       93768,20191121

rb-GD-00006,instance1,SHFE rb rb2001,20191121,13:39:55,1,21370416,21370840,1,3622.00000,3622.00000,0.00000,       93823,20191121

rb-GD-00006,instance1,SHFE rb rb2001,20191121,13:39:56,0,21370883,-1,-1,3622.00000,3622.00000,0.00000,       93832,20191121

rb-GD-00006,instance1,SHFE rb rb2001,20191121,13:40:45,1,21370883,21372653,1,3617.00000,3619.00000,0.00000,       94276,20191121

rb-GD-00006,instance1,SHFE rb rb2001,20191121,13:40:58,0,21373057,-1,-1,3618.00000,3618.00000,0.00000,       94316,20191121

rb-GD-00006,instance1,SHFE rb rb2001,20191121,13:41:21,1,21373057,21373625,1,3618.00000,3618.00000,0.00000,       94402,20191121

rb-GD-00006,instance1,SHFE rb rb2001,20191121,13:41:24,0,21373688,-1,-1,3618.00000,3618.00000,0.00000,       94412,20191121

rb-GD-00006,instance1,SHFE rb rb2001,20191121,13:41:57,1,21373688,21374522,1,3616.00000,3617.00000,0.00000,       94635,20191121

rb-GD-00006,instance1,SHFE rb rb2001,20191121,13:42:24,0,21375256,-1,-1,3616.00000,3616.00000,0.00000,       94808,20191121

rb-GD-00006,instance1,SHFE rb rb2001,20191121,13:42:54,1,21375256,21376297,1,3615.00000,3615.00000,0.00000,       95024,20191121

rb-GD-00006,instance1,SHFE rb rb2001,20191121,13:42:56,0,21376321,-1,-1,3615.00000,3615.00000,0.00000,       95034,20191121

rb-GD-00006,instance1,SHFE rb rb2001,20191121,13:43:30,1,21376321,21377416,1,3612.00000,3612.00000,0.00000,       95317,20191121

rb-GD-00006,instance1,SHFE rb rb2001,20191121,13:43:32,0,21377501,-1,-1,3612.00000,3612.00000,0.00000,       95345,20191121

rb-GD-00006,instance1,SHFE rb rb2001,20191121,13:43:33,1,21377501,21377538,1,3612.00000,3612.00000,0.00000,       95350,20191121

rb-GD-00006,instance1,SHFE rb rb2001,20191121,13:43:46,0,21377890,-1,-1,3611.00000,3611.00000,0.00000,       95430,20191121

rb-GD-00006,instance1,SHFE rb rb2001,20191121,13:44:01,1,21377890,21378379,1,3612.00000,3612.00000,0.00000,       95565,20191121

rb-GD-00006,instance1,SHFE rb rb2001,20191121,13:44:03,0,21378436,-1,-1,3612.00000,3612.00000,0.00000,       95584,20191121

MA-GD-00006,instance1,CZCE MA MA001,20191121,13:44:10,0,21177967,-1,-1,1935.00000,1935.00000,0.00000,       95642,20191121

rb-GD-00006,instance1,SHFE rb rb2001,20191121,13:44:11,1,21378436,21378638,1,3613.00000,3613.00000,0.00000,       95658,20191121

rb-GD-00006,instance1,SHFE rb rb2001,20191121,13:44:17,0,21378926,-1,-1,3614.00000,3614.00000,0.00000,       95728,20191121

rb-GD-00006,instance1,SHFE rb rb2001,20191121,13:44:34,1,21378926,21379516,1,3615.00000,3615.00000,0.00000,       95840,20191121

rb-GD-00006,instance1,SHFE rb rb2001,20191121,13:44:35,0,21379582,-1,-1,3615.00000,3615.00000,0.00000,       95858,20191121

MA-GD-00006,instance1,CZCE MA MA001,20191121,13:44:47,1,21177967,21178593,1,1933.00000,1933.00000,0.00000,       95950,20191121

TA-GD-00006,instance1,CZCE TA TA001,20191121,13:44:55,0,21178728,-1,-1,4762.00000,4762.00000,0.00000,       96006,20191121

MA-GD-00006,instance1,CZCE MA MA001,20191121,13:45:08,0,21178979,-1,-1,1933.00000,1933.00000,0.00000,       96209,20191121

MA-GD-00006,instance1,CZCE MA MA001,20191121,13:45:09,1,21178979,21178985,1,1934.00000,1934.00000,0.00000,       96217,20191121

rb-GD-00006,instance1,SHFE rb rb2001,20191121,13:45:13,1,21379582,21380781,1,3615.00000,3618.00000,0.00000,       96242,20191121

MA-GD-00006,instance1,CZCE MA MA001,20191121,13:45:18,0,21179191,-1,-1,1935.00000,1935.00000,0.00000,       96283,20191121

rb-GD-00006,instance1,SHFE rb rb2001,20191121,13:46:03,0,21381975,-1,-1,3616.00000,3616.00000,0.00000,       96521,20191121

TA-GD-00006,instance1,CZCE TA TA001,20191121,13:46:21,1,21178728,21180150,1,4764.00000,4764.00000,0.00000,       96617,20191121

rb-GD-00006,instance1,SHFE rb rb2001,20191121,13:46:23,1,21381975,21382491,1,3616.00000,3617.00000,0.00000,       96652,20191121

rb-GD-00006,instance1,SHFE rb rb2001,20191121,13:46:26,0,21382557,-1,-1,3617.00000,3617.00000,0.00000,       96666,20191121

rb-GD-00006,instance1,SHFE rb rb2001,20191121,13:46:56,1,21382557,21383221,1,3615.00000,3615.00000,0.00000,       96804,20191121

rb-GD-00006,instance1,SHFE rb rb2001,20191121,13:47:05,0,21383505,-1,-1,3615.00000,3615.00000,0.00000,       96868,20191121

rb-GD-00006,instance1,SHFE rb rb2001,20191121,13:47:30,1,21383505,21384430,1,3615.00000,3616.00000,0.00000,       97044,20191121

rb-GD-00006,instance1,SHFE rb rb2001,20191121,13:47:34,0,21384512,-1,-1,3617.00000,3617.00000,0.00000,       97062,20191121

rb-GD-00006,instance1,SHFE rb rb2001,20191121,13:47:43,1,21384512,21385028,1,3618.00000,3619.00000,0.00000,       97177,20191121

rb-GD-00006,instance1,SHFE rb rb2001,20191121,13:47:43,0,21385060,-1,1,3619.00000,3619.00000,0.00000,       97184,20191121

rb-GD-00006,instance1,SHFE rb rb2001,20191121,13:47:51,1,21385060,21385338,-1,3618.00000,3618.00000,0.00000,       97297,20191121

rb-GD-00006,instance1,SHFE rb rb2001,20191121,13:48:15,0,21386130,-1,-1,3616.00000,3616.00000,0.00000,       97565,20191121

MA-GD-00006,instance1,CZCE MA MA001,20191121,13:48:17,1,21179191,21181729,1,1935.00000,1936.00000,0.00000,       97610,20191121

rb-GD-00006,instance1,SHFE rb rb2001,20191121,13:48:25,1,21386130,21386496,1,3617.00000,3617.00000,0.00000,       97714,20191121

rb-GD-00006,instance1,SHFE rb rb2001,20191121,13:48:29,0,21386614,-1,-1,3617.00000,3617.00000,0.00000,       97741,20191121

rb-GD-00006,instance1,SHFE rb rb2001,20191121,13:48:48,1,21386614,21387291,1,3618.00000,3618.00000,0.00000,       97939,20191121

TA-GD-00006,instance1,CZCE TA TA001,20191121,13:50:17,0,21183504,-1,-1,4758.00000,4758.00000,0.00000,       98769,20191121

TA-GD-00006,instance1,CZCE TA TA001,20191121,13:50:19,1,21183504,21183564,1,4754.00000,4754.00000,0.00000,       98797,20191121

TA-GD-00006,instance1,CZCE TA TA001,20191121,13:51:01,0,21184127,-1,-1,4756.00000,4756.00000,0.00000,       99049,20191121

TA-GD-00006,instance1,CZCE TA TA001,20191121,13:51:16,1,21184127,21184331,1,4758.00000,4758.00000,0.00000,       99157,20191121

rb-GD-00006,instance1,SHFE rb rb2001,20191121,13:51:31,0,21392906,-1,1,3620.00000,3620.00000,0.00000,       99310,20191121

TA-GD-00006,instance1,CZCE TA TA001,20191121,13:51:33,0,21184655,-1,-1,4760.00000,4760.00000,0.00000,       99325,20191121

rb-GD-00006,instance1,SHFE rb rb2001,20191121,13:52:04,1,21392906,21393960,-1,3621.00000,3621.00000,0.00000,       99541,20191121

TA-GD-00006,instance1,CZCE TA TA001,20191121,13:53:29,1,21184655,21186015,1,4760.00000,4762.00000,0.00000,      100100,20191121

rb-GD-00006,instance1,SHFE rb rb2001,20191121,13:54:03,0,21398316,-1,1,3620.00000,3620.00000,0.00000,      100433,20191121

rb-GD-00006,instance1,SHFE rb rb2001,20191121,13:54:09,1,21398316,21398578,-1,3619.00000,3619.00000,0.00000,      100468,20191121

rb-GD-00006,instance1,SHFE rb rb2001,20191121,13:56:31,0,21403813,-1,1,3623.00000,3623.00000,0.00000,      101607,20191121

rb-GD-00006,instance1,SHFE rb rb2001,20191121,13:57:19,1,21403813,21405167,-1,3623.00000,3623.00000,0.00000,      101896,20191121

rb-GD-00006,instance1,SHFE rb rb2001,20191121,13:59:26,0,21408695,-1,-1,3627.00000,3627.00000,0.00000,      102757,20191121

rb-GD-00006,instance1,SHFE rb rb2001,20191121,13:59:33,1,21408695,21408852,1,3628.00000,3628.00000,0.00000,      102791,20191121

rb-GD-00006,instance1,SHFE rb rb2001,20191121,14:00:16,0,21410319,-1,1,3630.00000,3630.00000,0.00000,      103258,20191121

rb-GD-00006,instance1,SHFE rb rb2001,20191121,14:00:20,1,21410319,21410471,-1,3629.00000,3629.00000,0.00000,      103298,20191121

rb-GD-00006,instance1,SHFE rb rb2001,20191121,14:19:33,0,21441228,-1,1,3616.00000,3616.00000,0.00000,      110139,20191121

rb-GD-00006,instance1,SHFE rb rb2001,20191121,14:21:23,1,21441228,21444601,-1,3620.00000,3619.00000,0.00000,      111014,20191121

rb-GD-00006,instance1,SHFE rb rb2001,20191121,14:25:35,0,21450630,-1,-1,3614.00000,3614.00000,0.00000,      112433,20191121

rb-GD-00006,instance1,SHFE rb rb2001,20191121,14:25:47,1,21450630,21450906,1,3615.00000,3615.00000,0.00000,      112489,20191121

MA-GD-00006,instance1,CZCE MA MA001,20191121,14:26:02,0,21204513,-1,-1,1935.00000,1935.00000,0.00000,      112617,20191121

MA-GD-00006,instance1,CZCE MA MA001,20191121,14:27:42,1,21204513,21205000,1,1935.00000,1937.00000,0.00000,      113117,20191121

rb-GD-00006,instance1,SHFE rb rb2001,20191121,14:28:24,0,21455084,-1,1,3620.00000,3620.00000,0.00000,      113473,20191121

rb-GD-00006,instance1,SHFE rb rb2001,20191121,14:28:35,1,21455084,21455477,-1,3619.00000,3619.00000,0.00000,      113548,20191121

rb-GD-00006,instance1,SHFE rb rb2001,20191121,14:30:27,0,21458916,-1,-1,3620.00000,3620.00000,0.00000,      114459,20191121

rb-GD-00006,instance1,SHFE rb rb2001,20191121,14:30:29,1,21458916,21458974,1,3620.00000,3620.00000,0.00000,      114483,20191121

rb-GD-00006,instance1,SHFE rb rb2001,20191121,14:30:43,0,21459354,-1,-1,3620.00000,3620.00000,0.00000,      114539,20191121

rb-GD-00006,instance1,SHFE rb rb2001,20191121,14:31:45,1,21459354,21461027,1,3618.00000,3618.00000,0.00000,      114939,20191121

rb-GD-00006,instance1,SHFE rb rb2001,20191121,14:33:30,0,21463453,-1,1,3621.00000,3621.00000,0.00000,      115821,20191121

rb-GD-00006,instance1,SHFE rb rb2001,20191121,14:34:01,1,21463453,21464076,-1,3622.00000,3622.00000,0.00000,      116033,20191121

MA-GD-00006,instance1,CZCE MA MA001,20191121,14:39:30,0,21208640,-1,-1,1935.00000,1935.00000,0.00000,      118257,20191121

TA-GD-00006,instance1,CZCE TA TA001,20191121,14:40:55,0,21209302,-1,-1,4764.00000,4764.00000,0.00000,      118822,20191121

MA-GD-00006,instance1,CZCE MA MA001,20191121,14:41:49,1,21208640,21209591,1,1934.00000,1936.00000,0.00000,      119109,20191121

TA-GD-00006,instance1,CZCE TA TA001,20191121,14:42:35,1,21209302,21209912,1,4764.00000,4766.00000,0.00000,      119455,20191121

TA-GD-00006,instance1,CZCE TA TA001,20191121,14:44:37,0,21210476,-1,-1,4764.00000,4764.00000,0.00000,      120285,20191121

TA-GD-00006,instance1,CZCE TA TA001,20191121,14:45:01,1,21210476,21210757,1,4766.00000,4766.00000,0.00000,      120548,20191121

TA-GD-00006,instance1,CZCE TA TA001,20191121,14:47:45,0,21211697,-1,-1,4762.00000,4762.00000,0.00000,      121615,20191121

TA-GD-00006,instance1,CZCE TA TA001,20191121,14:49:29,1,21211697,21212659,1,4762.00000,4766.00000,0.00000,      122598,20191121

rb-GD-00006,instance1,SHFE rb rb2001,20191121,14:51:47,0,21490288,-1,-1,3620.00000,3620.00000,0.00000,      123575,20191121

rb-GD-00006,instance1,SHFE rb rb2001,20191121,14:51:56,1,21490288,21490550,1,3618.00000,3618.00000,0.00000,      123641,20191121

rb-GD-00006,instance1,SHFE rb rb2001,20191121,14:56:50,0,21496772,-1,1,3618.00000,3618.00000,0.00000,      125492,20191121

rb-GD-00006,instance1,SHFE rb rb2001,20191121,14:57:17,1,21496772,21497327,-1,3617.00000,3617.00000,0.00000,      125719,20191121

TA-GD-00006,instance1,CZCE TA TA001,20191121,21:00:01,0,22485,-1,1,4788.00000,4788.00000,0.00000,         455,20191122

rb-GD-00006,instance1,SHFE rb rb2001,20191121,21:00:02,0,22720,-1,1,3625.00000,3625.00000,0.00000,         533,20191122

TA-GD-00006,instance1,CZCE TA TA001,20191121,21:00:03,1,22485,22601,-1,4786.00000,4782.00000,0.00000,         572,20191122

MA-GD-00006,instance1,CZCE MA MA001,20191121,21:00:04,0,22649,-1,1,1942.00000,1942.00000,0.00000,         657,20191122

MA-GD-00006,instance1,CZCE MA MA001,20191121,21:00:06,1,22649,22722,-1,1941.00000,1941.00000,0.00000,         773,20191122

rb-GD-00006,instance1,SHFE rb rb2001,20191121,21:00:07,1,22720,221110,-1,3624.00000,3624.00000,0.00000,         825,20191122

TA-GD-00006,instance1,CZCE TA TA001,20191121,21:00:07,0,22768,-1,1,4786.00000,4786.00000,0.00000,         835,20191122

MA-GD-00006,instance1,CZCE MA MA001,20191121,21:00:07,0,22771,-1,-1,1941.00000,1941.00000,0.00000,         836,20191122

rb-GD-00006,instance1,SHFE rb rb2001,20191121,21:00:08,0,221177,-1,1,3624.00000,3624.00000,0.00000,         882,20191122

MA-GD-00006,instance1,CZCE MA MA001,20191121,21:00:10,1,22771,22853,1,1942.00000,1942.00000,0.00000,         957,20191122

rb-GD-00006,instance1,SHFE rb rb2001,20191121,21:00:17,1,221177,221475,-1,3623.00000,3623.00000,0.00000,        1141,20191122

rb-GD-00006,instance1,SHFE rb rb2001,20191121,21:00:20,0,221562,-1,-1,3623.00000,3623.00000,0.00000,        1215,20191122

rb-GD-00006,instance1,SHFE rb rb2001,20191121,21:00:32,1,221562,221889,1,3624.00000,3624.00000,0.00000,        1469,20191122

rb-GD-00006,instance1,SHFE rb rb2001,20191121,21:00:37,0,222090,-1,1,3625.00000,3625.00000,0.00000,        1602,20191122

TA-GD-00006,instance1,CZCE TA TA001,20191121,21:00:48,1,22768,221496,-1,4788.00000,4784.00000,0.00000,        1859,20191122

rb-GD-00006,instance1,SHFE rb rb2001,20191121,21:01:04,1,222090,222726,-1,3624.00000,3623.00000,0.00000,        2149,20191122

rb-GD-00006,instance1,SHFE rb rb2001,20191121,21:01:08,0,222851,-1,-1,3622.00000,3622.00000,0.00000,        2243,20191122

rb-GD-00006,instance1,SHFE rb rb2001,20191121,21:01:29,1,222851,223185,1,3621.00000,3621.00000,0.00000,        2490,20191122

rb-GD-00006,instance1,SHFE rb rb2001,20191121,21:01:34,0,223292,-1,1,3622.00000,3622.00000,0.00000,        2554,20191122

rb-GD-00006,instance1,SHFE rb rb2001,20191121,21:02:11,1,223292,223910,-1,3627.00000,3626.00000,0.00000,        2899,20191122

rb-GD-00006,instance1,SHFE rb rb2001,20191121,21:02:15,0,223992,-1,1,3626.00000,3626.00000,0.00000,        2931,20191122

rb-GD-00006,instance1,SHFE rb rb2001,20191121,21:02:47,1,223992,224458,-1,3627.00000,3627.00000,0.00000,        3152,20191122

rb-GD-00006,instance1,SHFE rb rb2001,20191121,21:02:59,0,224638,-1,-1,3626.00000,3626.00000,0.00000,        3232,20191122

rb-GD-00006,instance1,SHFE rb rb2001,20191121,21:03:02,1,224638,224705,1,3627.00000,3627.00000,0.00000,        3253,20191122

MA-GD-00006,instance1,CZCE MA MA001,20191121,21:03:22,0,222630,-1,1,1945.00000,1945.00000,0.00000,        3417,20191122

MA-GD-00006,instance1,CZCE MA MA001,20191121,21:03:28,1,222630,222650,-1,1944.00000,1944.00000,0.00000,        3441,20191122

rb-GD-00006,instance1,SHFE rb rb2001,20191121,21:03:39,0,225314,-1,1,3628.00000,3628.00000,0.00000,        3494,20191122

rb-GD-00006,instance1,SHFE rb rb2001,20191121,21:04:05,1,225314,225908,-1,3627.00000,3627.00000,0.00000,        3736,20191122

rb-GD-00006,instance1,SHFE rb rb2001,20191121,21:04:08,0,225964,-1,-1,3627.00000,3627.00000,0.00000,        3755,20191122

rb-GD-00006,instance1,SHFE rb rb2001,20191121,21:04:17,1,225964,226250,1,3628.00000,3628.00000,0.00000,        3832,20191122

rb-GD-00006,instance1,SHFE rb rb2001,20191121,21:04:20,0,226357,-1,1,3628.00000,3628.00000,0.00000,        3856,20191122

rb-GD-00006,instance1,SHFE rb rb2001,20191121,21:04:38,1,226357,226708,-1,3627.00000,3627.00000,0.00000,        3977,20191122

rb-GD-00006,instance1,SHFE rb rb2001,20191121,21:07:22,0,2210197,-1,-1,3629.00000,3629.00000,0.00000,        5245,20191122

rb-GD-00006,instance1,SHFE rb rb2001,20191121,21:08:06,1,2210197,2211408,1,3628.00000,3629.00000,0.00000,        5581,20191122

rb-GD-00006,instance1,SHFE rb rb2001,20191121,21:10:14,0,2213851,-1,-1,3626.00000,3626.00000,0.00000,        6222,20191122

rb-GD-00006,instance1,SHFE rb rb2001,20191121,21:10:16,1,2213851,2213888,1,3626.00000,3626.00000,0.00000,        6237,20191122

TA-GD-00006,instance1,CZCE TA TA001,20191121,21:11:37,0,224699,-1,1,4798.00000,4798.00000,0.00000,        6643,20191122

TA-GD-00006,instance1,CZCE TA TA001,20191121,21:12:12,1,224699,224795,-1,4800.00000,4798.00000,0.00000,        6788,20191122

rb-GD-00006,instance1,SHFE rb rb2001,20191121,21:15:48,0,2218639,-1,-1,3627.00000,3627.00000,0.00000,        7773,20191122

rb-GD-00006,instance1,SHFE rb rb2001,20191121,21:15:50,1,2218639,2218673,1,3628.00000,3628.00000,0.00000,        7789,20191122

MA-GD-00006,instance1,CZCE MA MA001,20191121,21:16:10,0,225436,-1,1,1953.00000,1953.00000,0.00000,        7876,20191122

MA-GD-00006,instance1,CZCE MA MA001,20191121,21:16:16,1,225436,225460,-1,1952.00000,1952.00000,0.00000,        7886,20191122

MA-GD-00006,instance1,CZCE MA MA001,20191121,21:16:49,0,225534,-1,1,1953.00000,1953.00000,0.00000,        7994,20191122

MA-GD-00006,instance1,CZCE MA MA001,20191121,21:17:16,1,225534,225608,-1,1952.00000,1952.00000,0.00000,        8081,20191122

MA-GD-00006,instance1,CZCE MA MA001,20191121,21:18:06,0,225785,-1,1,1954.00000,1954.00000,0.00000,        8316,20191122

rb-GD-00006,instance1,SHFE rb rb2001,20191121,21:18:32,0,2220606,-1,1,3632.00000,3632.00000,0.00000,        8446,20191122

MA-GD-00006,instance1,CZCE MA MA001,20191121,21:18:40,1,225785,225896,-1,1954.00000,1953.00000,0.00000,        8484,20191122

rb-GD-00006,instance1,SHFE rb rb2001,20191121,21:19:31,1,2220606,2221851,-1,3634.00000,3634.00000,0.00000,        8899,20191122

rb-GD-00006,instance1,SHFE rb rb2001,20191121,21:19:37,0,2221938,-1,1,3634.00000,3634.00000,0.00000,        8923,20191122

rb-GD-00006,instance1,SHFE rb rb2001,20191121,21:20:10,1,2221938,2222483,-1,3634.00000,3632.00000,0.00000,        9110,20191122

rb-GD-00006,instance1,SHFE rb rb2001,20191121,21:20:14,0,2222554,-1,-1,3632.00000,3632.00000,0.00000,        9125,20191122

rb-GD-00006,instance1,SHFE rb rb2001,20191121,21:20:15,1,2222554,2222578,1,3632.00000,3632.00000,0.00000,        9131,20191122

rb-GD-00006,instance1,SHFE rb rb2001,20191121,21:20:19,0,2222613,-1,-1,3632.00000,3632.00000,0.00000,        9141,20191122

rb-GD-00006,instance1,SHFE rb rb2001,20191121,21:20:21,1,2222613,2222651,1,3632.00000,3632.00000,0.00000,        9147,20191122

rb-GD-00006,instance1,SHFE rb rb2001,20191121,21:20:26,0,2222693,-1,1,3633.00000,3633.00000,0.00000,        9157,20191122

rb-GD-00006,instance1,SHFE rb rb2001,20191121,21:20:59,1,2222693,2222989,-1,3633.00000,3632.00000,0.00000,        9225,20191122

rb-GD-00006,instance1,SHFE rb rb2001,20191121,21:21:10,0,2223089,-1,1,3633.00000,3633.00000,0.00000,        9247,20191122

rb-GD-00006,instance1,SHFE rb rb2001,20191121,21:24:10,1,2223089,2225528,-1,3636.00000,3635.00000,0.00000,        9956,20191122

rb-GD-00006,instance1,SHFE rb rb2001,20191121,21:24:11,0,2225554,-1,1,3635.00000,3635.00000,0.00000,        9964,20191122

rb-GD-00006,instance1,SHFE rb rb2001,20191121,21:24:48,1,2225554,2226033,-1,3635.00000,3635.00000,0.00000,       10097,20191122

rb-GD-00006,instance1,SHFE rb rb2001,20191121,21:24:50,0,2226069,-1,1,3635.00000,3635.00000,0.00000,       10102,20191122

rb-GD-00006,instance1,SHFE rb rb2001,20191121,21:25:22,1,2226069,2226595,-1,3635.00000,3634.00000,0.00000,       10269,20191122

rb-GD-00006,instance1,SHFE rb rb2001,20191121,21:27:04,0,2227956,-1,1,3636.00000,3636.00000,0.00000,       10596,20191122

rb-GD-00006,instance1,SHFE rb rb2001,20191121,21:27:49,1,2227956,2228477,-1,3636.00000,3636.00000,0.00000,       10749,20191122

MA-GD-00006,instance1,CZCE MA MA001,20191121,21:30:57,0,227475,-1,1,1952.00000,1952.00000,0.00000,       11947,20191122

MA-GD-00006,instance1,CZCE MA MA001,20191121,21:31:31,1,227475,227573,-1,1955.00000,1955.00000,0.00000,       12068,20191122

MA-GD-00006,instance1,CZCE MA MA001,20191121,21:31:45,0,227600,-1,1,1955.00000,1955.00000,0.00000,       12098,20191122

MA-GD-00006,instance1,CZCE MA MA001,20191121,21:32:04,1,227600,227656,-1,1954.00000,1954.00000,0.00000,       12197,20191122

MA-GD-00006,instance1,CZCE MA MA001,20191121,21:32:17,0,227678,-1,1,1954.00000,1954.00000,0.00000,       12261,20191122

MA-GD-00006,instance1,CZCE MA MA001,20191121,21:33:48,1,227678,227876,-1,1954.00000,1953.00000,0.00000,       12666,20191122

MA-GD-00006,instance1,CZCE MA MA001,20191121,21:34:46,0,228014,-1,1,1956.00000,1956.00000,0.00000,       12851,20191122

MA-GD-00006,instance1,CZCE MA MA001,20191121,21:35:05,1,228014,228059,-1,1955.00000,1955.00000,0.00000,       12952,20191122

MA-GD-00006,instance1,CZCE MA MA001,20191121,21:35:11,0,228070,-1,1,1955.00000,1955.00000,0.00000,       12959,20191122

MA-GD-00006,instance1,CZCE MA MA001,20191121,21:35:34,1,228070,228109,-1,1954.00000,1954.00000,0.00000,       12985,20191122

MA-GD-00006,instance1,CZCE MA MA001,20191121,21:35:43,0,228112,-1,1,1954.00000,1954.00000,0.00000,       13004,20191122

rb-GD-00006,instance1,SHFE rb rb2001,20191121,21:36:19,0,2235269,-1,1,3636.00000,3636.00000,0.00000,       13112,20191122

MA-GD-00006,instance1,CZCE MA MA001,20191121,21:36:40,1,228112,228195,-1,1954.00000,1951.00000,0.00000,       13153,20191122

rb-GD-00006,instance1,SHFE rb rb2001,20191121,21:37:00,1,2235269,2235642,-1,3637.00000,3637.00000,0.00000,       13238,20191122

rb-GD-00006,instance1,SHFE rb rb2001,20191121,21:37:04,0,2235749,-1,1,3637.00000,3637.00000,0.00000,       13279,20191122

rb-GD-00006,instance1,SHFE rb rb2001,20191121,21:38:07,1,2235749,2236200,-1,3638.00000,3638.00000,0.00000,       13389,20191122

rb-GD-00006,instance1,SHFE rb rb2001,20191121,21:38:15,0,2236346,-1,1,3638.00000,3638.00000,0.00000,       13436,20191122

rb-GD-00006,instance1,SHFE rb rb2001,20191121,21:38:49,1,2236346,2236674,-1,3639.00000,3638.00000,0.00000,       13505,20191122

rb-GD-00006,instance1,SHFE rb rb2001,20191121,21:39:21,0,2237283,-1,1,3639.00000,3639.00000,0.00000,       13669,20191122

rb-GD-00006,instance1,SHFE rb rb2001,20191121,21:39:49,1,2237283,2237642,-1,3641.00000,3641.00000,0.00000,       13763,20191122

rb-GD-00006,instance1,SHFE rb rb2001,20191121,21:39:50,0,2237673,-1,1,3641.00000,3641.00000,0.00000,       13769,20191122

rb-GD-00006,instance1,SHFE rb rb2001,20191121,21:39:54,1,2237673,2237712,-1,3640.00000,3640.00000,0.00000,       13780,20191122

rb-GD-00006,instance1,SHFE rb rb2001,20191121,21:40:04,0,2237907,-1,1,3639.00000,3639.00000,0.00000,       13861,20191122

rb-GD-00006,instance1,SHFE rb rb2001,20191121,21:40:51,1,2237907,2238346,-1,3640.00000,3640.00000,0.00000,       13950,20191122

rb-GD-00006,instance1,SHFE rb rb2001,20191121,21:40:54,0,2238396,-1,1,3640.00000,3640.00000,0.00000,       13959,20191122

rb-GD-00006,instance1,SHFE rb rb2001,20191121,21:42:00,1,2238396,2238988,-1,3640.00000,3640.00000,0.00000,       14070,20191122

rb-GD-00006,instance1,SHFE rb rb2001,20191121,21:42:10,0,2239138,-1,1,3641.00000,3641.00000,0.00000,       14107,20191122

MA-GD-00006,instance1,CZCE MA MA001,20191121,21:42:29,0,228589,-1,1,1954.00000,1954.00000,0.00000,       14144,20191122

rb-GD-00006,instance1,SHFE rb rb2001,20191121,21:42:52,1,2239138,2239550,-1,3643.00000,3642.00000,0.00000,       14214,20191122

rb-GD-00006,instance1,SHFE rb rb2001,20191121,21:42:54,0,2239604,-1,1,3642.00000,3642.00000,0.00000,       14229,20191122

rb-GD-00006,instance1,SHFE rb rb2001,20191121,21:43:33,1,2239604,2240069,-1,3644.00000,3644.00000,0.00000,       14349,20191122

rb-GD-00006,instance1,SHFE rb rb2001,20191121,21:43:36,0,2240095,-1,1,3644.00000,3644.00000,0.00000,       14358,20191122

MA-GD-00006,instance1,CZCE MA MA001,20191121,21:43:52,1,228589,228657,-1,1954.00000,1952.00000,0.00000,       14420,20191122

rb-GD-00006,instance1,SHFE rb rb2001,20191121,21:44:07,1,2240095,2240484,-1,3645.00000,3645.00000,0.00000,       14491,20191122

rb-GD-00006,instance1,SHFE rb rb2001,20191121,21:44:16,0,2240566,-1,1,3645.00000,3645.00000,0.00000,       14522,20191122

rb-GD-00006,instance1,SHFE rb rb2001,20191121,21:44:48,1,2240566,2241075,-1,3646.00000,3646.00000,0.00000,       14766,20191122

rb-GD-00006,instance1,SHFE rb rb2001,20191121,21:44:54,0,2241135,-1,1,3647.00000,3647.00000,0.00000,       14792,20191122

rb-GD-00006,instance1,SHFE rb rb2001,20191121,21:45:38,1,2241135,2241714,-1,3648.00000,3647.00000,0.00000,       15016,20191122

rb-GD-00006,instance1,SHFE rb rb2001,20191121,21:45:48,0,2241806,-1,1,3647.00000,3647.00000,0.00000,       15043,20191122

rb-GD-00006,instance1,SHFE rb rb2001,20191121,21:45:59,1,2241806,2241917,-1,3646.00000,3645.00000,0.00000,       15077,20191122

rb-GD-00006,instance1,SHFE rb rb2001,20191121,21:46:03,0,2241965,-1,1,3646.00000,3646.00000,0.00000,       15090,20191122

rb-GD-00006,instance1,SHFE rb rb2001,20191121,21:46:15,1,2241965,2242167,-1,3649.00000,3649.00000,0.00000,       15175,20191122

rb-GD-00006,instance1,SHFE rb rb2001,20191121,21:46:18,0,2242199,-1,1,3648.00000,3648.00000,0.00000,       15199,20191122

rb-GD-00006,instance1,SHFE rb rb2001,20191121,21:46:21,1,2242199,2242308,-1,3647.00000,3647.00000,0.00000,       15216,20191122

rb-GD-00006,instance1,SHFE rb rb2001,20191121,21:46:47,0,2242664,-1,1,3647.00000,3647.00000,0.00000,       15287,20191122

rb-GD-00006,instance1,SHFE rb rb2001,20191121,21:47:17,1,2242664,2243128,-1,3650.00000,3649.00000,0.00000,       15407,20191122

rb-GD-00006,instance1,SHFE rb rb2001,20191121,21:47:28,0,2243231,-1,1,3649.00000,3649.00000,0.00000,       15428,20191122

rb-GD-00006,instance1,SHFE rb rb2001,20191121,21:48:06,1,2243231,2243628,-1,3651.00000,3650.00000,0.00000,       15561,20191122

rb-GD-00006,instance1,SHFE rb rb2001,20191121,21:48:08,0,2243651,-1,1,3649.00000,3649.00000,0.00000,       15564,20191122

rb-GD-00006,instance1,SHFE rb rb2001,20191121,21:48:26,1,2243651,2243795,-1,3648.00000,3648.00000,0.00000,       15599,20191122

rb-GD-00006,instance1,SHFE rb rb2001,20191121,21:48:28,0,2243815,-1,1,3648.00000,3648.00000,0.00000,       15611,20191122

rb-GD-00006,instance1,SHFE rb rb2001,20191121,21:48:36,1,2243815,2243906,-1,3647.00000,3647.00000,0.00000,       15646,20191122

rb-GD-00006,instance1,SHFE rb rb2001,20191121,21:48:39,0,2243941,-1,1,3646.00000,3646.00000,0.00000,       15654,20191122

rb-GD-00006,instance1,SHFE rb rb2001,20191121,21:49:16,1,2243941,2244609,-1,3647.00000,3645.00000,0.00000,       15847,20191122

rb-GD-00006,instance1,SHFE rb rb2001,20191121,21:49:19,0,2244665,-1,1,3645.00000,3645.00000,0.00000,       15860,20191122

rb-GD-00006,instance1,SHFE rb rb2001,20191121,21:49:55,1,2244665,2244909,-1,3646.00000,3645.00000,0.00000,       15928,20191122

rb-GD-00006,instance1,SHFE rb rb2001,20191121,21:50:20,0,2245181,-1,1,3645.00000,3645.00000,0.00000,       16006,20191122

rb-GD-00006,instance1,SHFE rb rb2001,20191121,21:50:42,1,2245181,2245342,-1,3644.00000,3644.00000,0.00000,       16065,20191122

rb-GD-00006,instance1,SHFE rb rb2001,20191121,21:56:11,0,2249400,-1,-1,3646.00000,3646.00000,0.00000,       17088,20191122

rb-GD-00006,instance1,SHFE rb rb2001,20191121,21:57:06,1,2249400,2249875,1,3645.00000,3645.00000,0.00000,       17199,20191122

rb-GD-00006,instance1,SHFE rb rb2001,20191121,21:58:49,0,2250964,-1,-1,3642.00000,3642.00000,0.00000,       17439,20191122

rb-GD-00006,instance1,SHFE rb rb2001,20191121,21:59:21,1,2250964,2251247,1,3641.00000,3642.00000,0.00000,       17543,20191122

MA-GD-00006,instance1,CZCE MA MA001,20191121,22:01:47,0,2210127,-1,1,1956.00000,1956.00000,0.00000,       18093,20191122

MA-GD-00006,instance1,CZCE MA MA001,20191121,22:02:20,1,2210127,2210166,-1,1955.00000,1955.00000,0.00000,       18250,20191122

rb-GD-00006,instance1,SHFE rb rb2001,20191121,22:08:57,0,2257429,-1,-1,3639.00000,3639.00000,0.00000,       19527,20191122

rb-GD-00006,instance1,SHFE rb rb2001,20191121,22:10:21,1,2257429,2257882,1,3639.00000,3640.00000,0.00000,       19772,20191122

MA-GD-00006,instance1,CZCE MA MA001,20191121,22:12:51,0,2210736,-1,1,1957.00000,1957.00000,0.00000,       20030,20191122

rb-GD-00006,instance1,SHFE rb rb2001,20191121,22:13:10,0,2258879,-1,1,3644.00000,3644.00000,0.00000,       20081,20191122

rb-GD-00006,instance1,SHFE rb rb2001,20191121,22:13:40,1,2258879,2259160,-1,3644.00000,3644.00000,0.00000,       20187,20191122

MA-GD-00006,instance1,CZCE MA MA001,20191121,22:13:57,1,2210736,2210801,-1,1959.00000,1958.00000,0.00000,       20212,20191122

MA-GD-00006,instance1,CZCE MA MA001,20191121,22:14:41,0,2210858,-1,1,1960.00000,1960.00000,0.00000,       20385,20191122

rb-GD-00006,instance1,SHFE rb rb2001,20191121,22:15:09,0,2260083,-1,1,3648.00000,3648.00000,0.00000,       20531,20191122

MA-GD-00006,instance1,CZCE MA MA001,20191121,22:15:12,1,2210858,2210942,-1,1960.00000,1960.00000,0.00000,       20537,20191122

MA-GD-00006,instance1,CZCE MA MA001,20191121,22:15:15,0,2210949,-1,1,1960.00000,1960.00000,0.00000,       20540,20191122

rb-GD-00006,instance1,SHFE rb rb2001,20191121,22:15:31,1,2260083,2260194,-1,3647.00000,3647.00000,0.00000,       20560,20191122

MA-GD-00006,instance1,CZCE MA MA001,20191121,22:15:54,1,2210949,2210968,-1,1960.00000,1959.00000,0.00000,       20613,20191122

rb-GD-00006,instance1,SHFE rb rb2001,20191121,22:18:06,0,2261753,-1,-1,3645.00000,3645.00000,0.00000,       20967,20191122

rb-GD-00006,instance1,SHFE rb rb2001,20191121,22:18:45,1,2261753,2261987,1,3646.00000,3646.00000,0.00000,       21042,20191122

TA-GD-00006,instance1,CZCE TA TA001,20191121,22:33:51,0,2215302,-1,-1,4794.00000,4794.00000,0.00000,       23429,20191122

TA-GD-00006,instance1,CZCE TA TA001,20191121,22:34:20,1,2215302,2215426,1,4796.00000,4796.00000,0.00000,       23490,20191122

TA-GD-00006,instance1,CZCE TA TA001,20191121,22:35:09,0,2215535,-1,-1,4796.00000,4796.00000,0.00000,       23610,20191122

TA-GD-00006,instance1,CZCE TA TA001,20191121,22:35:40,1,2215535,2215618,1,4796.00000,4796.00000,0.00000,       23708,20191122

rb-GD-00006,instance1,SHFE rb rb2001,20191121,22:36:31,0,2273158,-1,-1,3646.00000,3646.00000,0.00000,       23849,20191122

rb-GD-00006,instance1,SHFE rb rb2001,20191121,22:36:39,1,2273158,2273252,1,3647.00000,3647.00000,0.00000,       23863,20191122

rb-GD-00006,instance1,SHFE rb rb2001,20191121,22:41:02,0,2276000,-1,-1,3648.00000,3648.00000,0.00000,       24450,20191122

rb-GD-00006,instance1,SHFE rb rb2001,20191121,22:41:14,1,2276000,2276107,1,3648.00000,3649.00000,0.00000,       24472,20191122

rb-GD-00006,instance1,SHFE rb rb2001,20191121,22:43:56,0,2277862,-1,-1,3652.00000,3652.00000,0.00000,       24818,20191122

rb-GD-00006,instance1,SHFE rb rb2001,20191121,22:44:15,1,2277862,2278208,1,3653.00000,3653.00000,0.00000,       24925,20191122

TA-GD-00006,instance1,CZCE TA TA001,20191121,22:44:55,0,2217117,-1,-1,4796.00000,4796.00000,0.00000,       25043,20191122

TA-GD-00006,instance1,CZCE TA TA001,20191121,22:45:56,1,2217117,2217355,1,4796.00000,4796.00000,0.00000,       25193,20191122

TA-GD-00006,instance1,CZCE TA TA001,20191121,22:51:14,0,2218185,-1,-1,4796.00000,4796.00000,0.00000,       25795,20191122

rb-GD-00006,instance1,SHFE rb rb2001,20191121,22:52:33,0,2283303,-1,-1,3655.00000,3655.00000,0.00000,       26147,20191122

rb-GD-00006,instance1,SHFE rb rb2001,20191121,22:53:13,1,2283303,2283690,1,3655.00000,3655.00000,0.00000,       26228,20191122

TA-GD-00006,instance1,CZCE TA TA001,20191121,22:54:30,1,2218185,2218543,1,4796.00000,4798.00000,0.00000,       26385,20191122

rb-GD-00006,instance1,SHFE rb rb2001,20191121,22:59:18,0,2287568,-1,-1,3652.00000,3652.00000,0.00000,       27179,20191122

rb-GD-00006,instance1,SHFE rb rb2001,20191121,22:59:48,1,2287568,2287933,1,3652.00000,3652.00000,0.00000,       27283,20191122

MA-GD-00006,instance1,CZCE MA MA001,20191121,23:24:39,0,2221532,-1,-1,1962.00000,1962.00000,0.00000,       29461,20191122

MA-GD-00006,instance1,CZCE MA MA001,20191121,23:26:53,1,2221532,2222596,1,1962.00000,1964.00000,0.00000,       29829,20191122

