TA-GD-00006,instance1,TA001,20191120S,09:19:41,-1,-1,-1,0,-1.00000,-1.00000,0.00000,0000,20191120

MA-GD-00006,instance1,MA001,20191120S,09:19:46,-1,-1,-1,0,-1.00000,-1.00000,0.00000,0000,20191120

rb-GD-00006,instance1,rb2001,20191120S,09:19:52,-1,-1,-1,0,-1.00000,-1.00000,0.00000,0000,20191120

rb-GD-00006,instance1,SHFE rb rb2001,20191120,09:19:22,0,20216152,-1,1,3656.00000,3656.00000,0.00000,       55366,20191120

MA-GD-00006,instance1,CZCE MA MA001,20191120,09:19:24,0,2055619,-1,-1,1910.00000,1910.00000,0.00000,       55391,20191120

rb-GD-00006,instance1,SHFE rb rb2001,20191120,09:20:22,1,20216152,20216880,-1,3656.00000,3655.00000,0.00000,       55644,20191120

rb-GD-00006,instance1,SHFE rb rb2001,20191120,09:20:33,0,20217081,-1,-1,3654.00000,3654.00000,0.00000,       55699,20191120

rb-GD-00006,instance1,SHFE rb rb2001,20191120,09:20:46,1,20217081,20217308,1,3652.00000,3652.00000,0.00000,       55770,20191120

rb-GD-00006,instance1,SHFE rb rb2001,20191120,09:20:52,0,20217362,-1,-1,3652.00000,3652.00000,0.00000,       55796,20191120

rb-GD-00006,instance1,SHFE rb rb2001,20191120,09:21:38,1,20217362,20217973,1,3650.00000,3652.00000,0.00000,       56045,20191120

rb-GD-00006,instance1,SHFE rb rb2001,20191120,09:22:25,0,20218563,-1,-1,3651.00000,3651.00000,0.00000,       56224,20191120

MA-GD-00006,instance1,CZCE MA MA001,20191120,09:22:45,1,2055619,2056633,1,1910.00000,1909.00000,0.00000,       56348,20191120

TA-GD-00006,instance1,CZCE TA TA001,20191120,09:22:51,0,2056694,-1,-1,4720.00000,4720.00000,0.00000,       56385,20191120

rb-GD-00006,instance1,SHFE rb rb2001,20191120,09:23:25,1,20218563,20219401,1,3650.00000,3653.00000,0.00000,       56610,20191120

rb-GD-00006,instance1,SHFE rb rb2001,20191120,09:23:37,0,20219528,-1,-1,3653.00000,3653.00000,0.00000,       56669,20191120

rb-GD-00006,instance1,SHFE rb rb2001,20191120,09:23:55,1,20219528,20219681,1,3653.00000,3653.00000,0.00000,       56721,20191120

rb-GD-00006,instance1,SHFE rb rb2001,20191120,09:24:30,0,20220128,-1,-1,3653.00000,3653.00000,0.00000,       56860,20191120

MA-GD-00006,instance1,CZCE MA MA001,20191120,09:24:38,0,2057321,-1,-1,1908.00000,1908.00000,0.00000,       56902,20191120

TA-GD-00006,instance1,CZCE TA TA001,20191120,09:26:01,1,2056694,2057913,1,4718.00000,4720.00000,0.00000,       57315,20191120

rb-GD-00006,instance1,SHFE rb rb2001,20191120,09:26:58,1,20220128,20221869,1,3654.00000,3654.00000,0.00000,       57549,20191120

rb-GD-00006,instance1,SHFE rb rb2001,20191120,09:27:00,0,20221907,-1,-1,3654.00000,3654.00000,0.00000,       57576,20191120

rb-GD-00006,instance1,SHFE rb rb2001,20191120,09:27:13,1,20221907,20222160,1,3653.00000,3654.00000,0.00000,       57661,20191120

TA-GD-00006,instance1,CZCE TA TA001,20191120,09:27:21,0,2058504,-1,-1,4722.00000,4722.00000,0.00000,       57710,20191120

rb-GD-00006,instance1,SHFE rb rb2001,20191120,09:27:28,0,20222385,-1,-1,3654.00000,3654.00000,0.00000,       57738,20191120

MA-GD-00006,instance1,CZCE MA MA001,20191120,09:28:00,1,2057321,2058684,1,1907.00000,1908.00000,0.00000,       57843,20191120

MA-GD-00006,instance1,CZCE MA MA001,20191120,09:28:07,0,2058719,-1,-1,1908.00000,1908.00000,0.00000,       57876,20191120

rb-GD-00006,instance1,SHFE rb rb2001,20191120,09:28:39,1,20222385,20223423,1,3653.00000,3653.00000,0.00000,       57985,20191120

MA-GD-00006,instance1,CZCE MA MA001,20191120,09:28:53,1,2058719,2059076,1,1907.00000,1908.00000,0.00000,       58039,20191120

rb-GD-00006,instance1,SHFE rb rb2001,20191120,09:29:05,0,20223979,-1,-1,3653.00000,3653.00000,0.00000,       58107,20191120

rb-GD-00006,instance1,SHFE rb rb2001,20191120,09:29:41,1,20223979,20224783,1,3652.00000,3653.00000,0.00000,       58262,20191120

rb-GD-00006,instance1,SHFE rb rb2001,20191120,09:29:52,0,20225023,-1,-1,3652.00000,3652.00000,0.00000,       58335,20191120

TA-GD-00006,instance1,CZCE TA TA001,20191120,09:30:00,1,2058504,2059625,1,4722.00000,4724.00000,0.00000,       58485,20191120

MA-GD-00006,instance1,CZCE MA MA001,20191120,09:30:09,0,2059843,-1,-1,1907.00000,1907.00000,0.00000,       58631,20191120

rb-GD-00006,instance1,SHFE rb rb2001,20191120,09:31:02,1,20225023,20226773,1,3650.00000,3653.00000,0.00000,       59027,20191120

MA-GD-00006,instance1,CZCE MA MA001,20191120,09:31:27,1,2059843,2060404,1,1906.00000,1908.00000,0.00000,       59238,20191120

MA-GD-00006,instance1,CZCE MA MA001,20191120,09:31:33,0,2060464,-1,-1,1908.00000,1908.00000,0.00000,       59280,20191120

rb-GD-00006,instance1,SHFE rb rb2001,20191120,09:32:00,0,20228289,-1,-1,3654.00000,3654.00000,0.00000,       59452,20191120

MA-GD-00006,instance1,CZCE MA MA001,20191120,09:32:34,1,2060464,2060954,1,1907.00000,1910.00000,0.00000,       59806,20191120

MA-GD-00006,instance1,CZCE MA MA001,20191120,09:32:54,0,2061036,-1,-1,1910.00000,1910.00000,0.00000,       59920,20191120

TA-GD-00006,instance1,TA001,20191120S,10:14:00,-1,-1,-1,0,-1.00000,-1.00000,0.00000,0000,20191120

MA-GD-00006,instance1,MA001,20191120S,10:14:06,-1,-1,-1,0,-1.00000,-1.00000,0.00000,0000,20191120

rb-GD-00006,instance1,rb2001,20191120S,10:14:12,-1,-1,-1,0,-1.00000,-1.00000,0.00000,0000,20191120

TA-GD-00006,instance1,CZCE TA TA001,20191120,10:13:16,0,2072999,-1,-1,4730.00000,4730.00000,0.00000,       75489,20191120

MA-GD-00006,instance1,CZCE MA MA001,20191120,10:13:17,0,2073004,-1,-1,1916.00000,1916.00000,0.00000,       75493,20191120

rb-GD-00006,instance1,SHFE rb rb2001,20191120,10:13:22,0,20299902,-1,-1,3655.00000,3655.00000,0.00000,       75527,20191120

MA-GD-00006,instance1,CZCE MA MA001,20191120,10:14:02,1,2073004,2073224,1,1915.00000,1915.00000,0.00000,       75758,20191120

MA-GD-00006,instance1,CZCE MA MA001,20191120,10:14:35,0,2073571,-1,-1,1915.00000,1915.00000,0.00000,       75983,20191120

TA-GD-00006,instance1,CZCE TA TA001,20191120,10:14:55,1,2072999,2073657,1,4728.00000,4728.00000,0.00000,       76069,20191120

TA-GD-00006,instance1,TA001,20191120S,10:37:01,-1,-1,-1,0,-1.00000,-1.00000,0.00000,0000,20191120

MA-GD-00006,instance1,MA001,20191120S,10:37:06,-1,-1,-1,0,-1.00000,-1.00000,0.00000,0000,20191120

rb-GD-00006,instance1,rb2001,20191120S,10:37:11,-1,-1,-1,0,-1.00000,-1.00000,0.00000,0000,20191120

TA-GD-00006,instance1,TA001,20191120S,10:52:59,-1,-1,-1,0,-1.00000,-1.00000,0.00000,0000,20191120

MA-GD-00006,instance1,MA001,20191120S,10:53:04,-1,-1,-1,0,-1.00000,-1.00000,0.00000,0000,20191120

rb-GD-00006,instance1,rb2001,20191120S,10:53:11,-1,-1,-1,0,-1.00000,-1.00000,0.00000,0000,20191120

TA-GD-00006,instance1,CZCE TA TA001,20191120,10:52:16,0,2081192,-1,-1,4732.00000,4732.00000,0.00000,       86782,20191120

rb-GD-00006,instance1,SHFE rb rb2001,20191120,10:52:21,0,20335273,-1,-1,3662.00000,3662.00000,0.00000,       86806,20191120

rb-GD-00006,instance1,SHFE rb rb2001,20191120,10:52:49,1,20335273,20335877,1,3663.00000,3663.00000,0.00000,       86966,20191120

rb-GD-00006,instance1,SHFE rb rb2001,20191120,10:53:06,0,20336109,-1,1,3664.00000,3664.00000,0.00000,       87056,20191120

MA-GD-00006,instance1,CZCE MA MA001,20191120,10:53:34,0,2081506,-1,-1,1921.00000,1921.00000,0.00000,       87171,20191120

rb-GD-00006,instance1,SHFE rb rb2001,20191120,10:53:42,1,20336109,20336774,-1,3664.00000,3663.00000,0.00000,       87210,20191120

MA-GD-00006,instance1,CZCE MA MA001,20191120,10:53:53,1,2081506,2081568,1,1922.00000,1922.00000,0.00000,       87269,20191120

rb-GD-00006,instance1,SHFE rb rb2001,20191120,10:53:55,0,20337050,-1,-1,3663.00000,3663.00000,0.00000,       87316,20191120

rb-GD-00006,instance1,SHFE rb rb2001,20191120,10:53:59,1,20337050,20337205,1,3663.00000,3663.00000,0.00000,       87354,20191120

rb-GD-00006,instance1,SHFE rb rb2001,20191120,10:54:12,0,20337424,-1,-1,3663.00000,3663.00000,0.00000,       87417,20191120

MA-GD-00006,instance1,CZCE MA MA001,20191120,10:54:16,0,2081736,-1,-1,1922.00000,1922.00000,0.00000,       87431,20191120

TA-GD-00006,instance1,TA001,20191120S,10:58:05,-1,-1,-1,0,-1.00000,-1.00000,0.00000,0000,20191120

MA-GD-00006,instance1,MA001,20191120S,10:58:11,-1,-1,-1,0,-1.00000,-1.00000,0.00000,0000,20191120

rb-GD-00006,instance1,rb2001,20191120S,10:58:17,-1,-1,-1,0,-1.00000,-1.00000,0.00000,0000,20191120

rb-GD-00006,instance1,SHFE rb rb2001,20191120,11:00:26,0,20345626,-1,-1,3664.00000,3664.00000,0.00000,       89611,20191120

rb-GD-00006,instance1,SHFE rb rb2001,20191120,11:00:28,1,20345626,20345688,1,3665.00000,3665.00000,0.00000,       89623,20191120

MA-GD-00006,instance1,CZCE MA MA001,20191120,11:08:10,0,2085742,-1,-1,1909.00000,1909.00000,0.00000,       91782,20191120

MA-GD-00006,instance1,CZCE MA MA001,20191120,11:08:17,1,2085742,2085788,1,1910.00000,1910.00000,0.00000,       91826,20191120

MA-GD-00006,instance1,CZCE MA MA001,20191120,11:08:19,0,2085811,-1,-1,1910.00000,1910.00000,0.00000,       91840,20191120

MA-GD-00006,instance1,CZCE MA MA001,20191120,11:08:40,1,2085811,2085903,1,1911.00000,1911.00000,0.00000,       91940,20191120

rb-GD-00006,instance1,SHFE rb rb2001,20191120,11:18:39,0,20366796,-1,1,3675.00000,3675.00000,0.00000,       94908,20191120

rb-GD-00006,instance1,SHFE rb rb2001,20191120,11:18:47,1,20366796,20366932,-1,3674.00000,3674.00000,0.00000,       94942,20191120

MA-GD-00006,instance1,MA001,20191120E,11:24:09,-1,-1,-1,0,-1.00000,-1.00000,0.00000,0,20191120

TA-GD-00006,instance1,TA001,20191120E,11:24:15,-1,-1,-1,0,-1.00000,-1.00000,0.00000,0,20191120

TA-GD-00006,instance1,TA001,20191120S,11:27:15,-1,-1,-1,0,-1.00000,-1.00000,0.00000,0000,20191120

MA-GD-00006,instance1,MA001,20191120S,11:27:27,-1,-1,-1,0,-1.00000,-1.00000,0.00000,0000,20191120

rb-GD-00006,instance1,rb2001,20191120S,11:27:32,-1,-1,-1,0,-1.00000,-1.00000,0.00000,0000,20191120

rb-GD-00006,instance1,SHFE rb rb2001,20191120,11:26:53,0,20375587,-1,1,3681.00000,3681.00000,0.00000,       97115,20191120

rb-GD-00006,instance1,SHFE rb rb2001,20191120,11:26:54,1,20375587,20375638,-1,3680.00000,3680.00000,0.00000,       97127,20191120

rb-GD-00006,instance1,SHFE rb rb2001,20191120,11:27:40,0,20376486,-1,-1,3673.00000,3673.00000,0.00000,       97435,20191120

rb-GD-00006,instance1,SHFE rb rb2001,20191120,11:28:13,1,20376486,20377328,1,3670.00000,3670.00000,0.00000,       97754,20191120

rb-GD-00006,instance1,SHFE rb rb2001,20191120,11:28:19,0,20377436,-1,-1,3668.00000,3668.00000,0.00000,       97794,20191120

rb-GD-00006,instance1,SHFE rb rb2001,20191120,11:28:23,1,20377436,20377477,1,3669.00000,3669.00000,0.00000,       97811,20191120

TA-GD-00006,instance1,TA001,20191120S,14:08:27,-1,-1,-1,0,-1.00000,-1.00000,0.00000,0000,20191120

MA-GD-00006,instance1,MA001,20191120S,14:08:33,-1,-1,-1,0,-1.00000,-1.00000,0.00000,0000,20191120

rb-GD-00006,instance1,rb2001,20191120S,14:08:39,-1,-1,-1,0,-1.00000,-1.00000,0.00000,0000,20191120

rb-GD-00006,instance1,SHFE rb rb2001,20191120,14:08:09,0,20428956,-1,-1,3681.00000,3681.00000,0.00000,      113794,20191120

rb-GD-00006,instance1,SHFE rb rb2001,20191120,14:08:28,1,20428956,20429333,1,3682.00000,3683.00000,0.00000,      113917,20191120

rb-GD-00006,instance1,SHFE rb rb2001,20191120,14:12:27,0,20433640,-1,-1,3679.00000,3679.00000,0.00000,      115278,20191120

rb-GD-00006,instance1,SHFE rb rb2001,20191120,14:12:29,1,20433640,20433687,1,3679.00000,3679.00000,0.00000,      115319,20191120

rb-GD-00006,instance1,SHFE rb rb2001,20191120,14:13:07,0,20434732,-1,-1,3677.00000,3677.00000,0.00000,      115662,20191120

rb-GD-00006,instance1,SHFE rb rb2001,20191120,14:14:38,1,20434732,20437045,1,3676.00000,3676.00000,0.00000,      116448,20191120

rb-GD-00006,instance1,SHFE rb rb2001,20191120,14:14:54,0,20437514,-1,-1,3676.00000,3676.00000,0.00000,      116561,20191120

rb-GD-00006,instance1,SHFE rb rb2001,20191120,14:15:29,1,20437514,20438458,1,3674.00000,3675.00000,0.00000,      116887,20191120

rb-GD-00006,instance1,SHFE rb rb2001,20191120,14:15:58,0,20438896,-1,-1,3676.00000,3676.00000,0.00000,      117010,20191120

rb-GD-00006,instance1,SHFE rb rb2001,20191120,14:16:34,1,20438896,20439814,1,3675.00000,3675.00000,0.00000,      117375,20191120

rb-GD-00006,instance1,SHFE rb rb2001,20191120,14:16:45,0,20440101,-1,-1,3674.00000,3674.00000,0.00000,      117457,20191120

rb-GD-00006,instance1,SHFE rb rb2001,20191120,14:17:14,1,20440101,20440793,1,3675.00000,3675.00000,0.00000,      117710,20191120

rb-GD-00006,instance1,SHFE rb rb2001,20191120,14:17:25,0,20440914,-1,-1,3675.00000,3675.00000,0.00000,      117754,20191120

rb-GD-00006,instance1,SHFE rb rb2001,20191120,14:17:32,1,20440914,20441052,1,3675.00000,3675.00000,0.00000,      117785,20191120

rb-GD-00006,instance1,SHFE rb rb2001,20191120,14:18:01,0,20441529,-1,-1,3676.00000,3676.00000,0.00000,      117991,20191120

rb-GD-00006,instance1,SHFE rb rb2001,20191120,14:19:44,1,20441529,20443424,1,3676.00000,3677.00000,0.00000,      118504,20191120

rb-GD-00006,instance1,SHFE rb rb2001,20191120,14:20:39,0,20444379,-1,1,3681.00000,3681.00000,0.00000,      118791,20191120

rb-GD-00006,instance1,SHFE rb rb2001,20191120,14:20:46,1,20444379,20444487,-1,3680.00000,3680.00000,0.00000,      118830,20191120

MA-GD-00006,instance1,CZCE MA MA001,20191120,14:38:09,0,20113288,-1,1,1910.00000,1910.00000,0.00000,      126810,20191120

MA-GD-00006,instance1,CZCE MA MA001,20191120,14:39:14,1,20113288,20113731,-1,1909.00000,1908.00000,0.00000,      127193,20191120

MA-GD-00006,instance1,CZCE MA MA001,20191120,14:42:59,0,20115351,-1,-1,1908.00000,1908.00000,0.00000,      128908,20191120

MA-GD-00006,instance1,CZCE MA MA001,20191120,14:43:55,1,20115351,20115643,1,1907.00000,1907.00000,0.00000,      129350,20191120

TA-GD-00006,instance1,CZCE TA TA001,20191120,14:44:16,0,20115759,-1,1,4718.00000,4718.00000,0.00000,      129541,20191120

MA-GD-00006,instance1,CZCE MA MA001,20191120,14:44:29,0,20115903,-1,-1,1903.00000,1903.00000,0.00000,      129698,20191120

MA-GD-00006,instance1,CZCE MA MA001,20191120,14:44:32,1,20115903,20115922,1,1904.00000,1904.00000,0.00000,      129724,20191120

MA-GD-00006,instance1,CZCE MA MA001,20191120,14:44:36,0,20115932,-1,-1,1904.00000,1904.00000,0.00000,      129752,20191120

MA-GD-00006,instance1,CZCE MA MA001,20191120,14:45:14,1,20115932,20116301,1,1905.00000,1907.00000,0.00000,      130136,20191120

MA-GD-00006,instance1,CZCE MA MA001,20191120,14:45:21,0,20116374,-1,-1,1907.00000,1907.00000,0.00000,      130236,20191120

TA-GD-00006,instance1,CZCE TA TA001,20191120,14:45:26,1,20115759,20116431,-1,4718.00000,4716.00000,0.00000,      130318,20191120

MA-GD-00006,instance1,CZCE MA MA001,20191120,14:45:59,1,20116374,20116527,1,1906.00000,1906.00000,0.00000,      130537,20191120

TA-GD-00006,instance1,CZCE TA TA001,20191120,14:46:01,0,20116552,-1,1,4718.00000,4718.00000,0.00000,      130620,20191120

rb-GD-00006,instance1,SHFE rb rb2001,20191120,14:46:15,0,20480425,-1,-1,3675.00000,3675.00000,0.00000,      130768,20191120

rb-GD-00006,instance1,SHFE rb rb2001,20191120,14:46:20,1,20480425,20480543,1,3675.00000,3675.00000,0.00000,      130804,20191120

MA-GD-00006,instance1,CZCE MA MA001,20191120,14:46:36,0,20116819,-1,-1,1906.00000,1906.00000,0.00000,      130982,20191120

rb-GD-00006,instance1,SHFE rb rb2001,20191120,14:46:46,0,20481107,-1,-1,3672.00000,3672.00000,0.00000,      131065,20191120

rb-GD-00006,instance1,SHFE rb rb2001,20191120,14:47:02,1,20481107,20481511,1,3673.00000,3673.00000,0.00000,      131177,20191120

rb-GD-00006,instance1,SHFE rb rb2001,20191120,14:47:15,0,20481818,-1,-1,3673.00000,3673.00000,0.00000,      131257,20191120

MA-GD-00006,instance1,CZCE MA MA001,20191120,14:47:31,1,20116819,20116994,1,1906.00000,1906.00000,0.00000,      131351,20191120

rb-GD-00006,instance1,SHFE rb rb2001,20191120,14:47:51,1,20481818,20482689,1,3671.00000,3672.00000,0.00000,      131540,20191120

MA-GD-00006,instance1,CZCE MA MA001,20191120,14:47:51,0,20117089,-1,-1,1906.00000,1906.00000,0.00000,      131542,20191120

rb-GD-00006,instance1,SHFE rb rb2001,20191120,14:48:00,0,20482912,-1,-1,3672.00000,3672.00000,0.00000,      131592,20191120

rb-GD-00006,instance1,SHFE rb rb2001,20191120,14:48:05,1,20482912,20483050,1,3673.00000,3673.00000,0.00000,      131638,20191120

rb-GD-00006,instance1,SHFE rb rb2001,20191120,14:48:07,0,20483113,-1,1,3673.00000,3673.00000,0.00000,      131655,20191120

rb-GD-00006,instance1,SHFE rb rb2001,20191120,14:48:15,1,20483113,20483296,-1,3672.00000,3672.00000,0.00000,      131711,20191120

TA-GD-00006,instance1,CZCE TA TA001,20191120,14:48:16,1,20116552,20117192,-1,4718.00000,4714.00000,0.00000,      131718,20191120

rb-GD-00006,instance1,SHFE rb rb2001,20191120,14:48:17,0,20483358,-1,-1,3672.00000,3672.00000,0.00000,      131726,20191120

rb-GD-00006,instance1,SHFE rb rb2001,20191120,14:49:20,1,20483358,20484720,1,3673.00000,3676.00000,0.00000,      132116,20191120

MA-GD-00006,instance1,CZCE MA MA001,20191120,14:50:10,1,20117089,20117591,1,1906.00000,1906.00000,0.00000,      132496,20191120

MA-GD-00006,instance1,CZCE MA MA001,20191120,14:50:26,0,20117638,-1,-1,1903.00000,1903.00000,0.00000,      132625,20191120

MA-GD-00006,instance1,CZCE MA MA001,20191120,14:51:20,1,20117638,20117871,1,1898.00000,1898.00000,0.00000,      133135,20191120

MA-GD-00006,instance1,CZCE MA MA001,20191120,14:51:32,0,20117993,-1,-1,1900.00000,1900.00000,0.00000,      133266,20191120

rb-GD-00006,instance1,SHFE rb rb2001,20191120,14:51:46,0,20488788,-1,-1,3686.00000,3686.00000,0.00000,      133349,20191120

rb-GD-00006,instance1,SHFE rb rb2001,20191120,14:52:00,1,20488788,20489164,1,3687.00000,3688.00000,0.00000,      133449,20191120

MA-GD-00006,instance1,CZCE MA MA001,20191120,14:52:21,1,20117993,20118080,1,1899.00000,1900.00000,0.00000,      133553,20191120

MA-GD-00006,instance1,CZCE MA MA001,20191120,14:52:22,0,20118083,-1,-1,1900.00000,1900.00000,0.00000,      133559,20191120

MA-GD-00006,instance1,CZCE MA MA001,20191120,14:53:27,1,20118083,20118284,1,1899.00000,1899.00000,0.00000,      133871,20191120

rb-GD-00006,instance1,SHFE rb rb2001,20191120,14:53:28,0,20491097,-1,-1,3680.00000,3680.00000,0.00000,      133898,20191120

MA-GD-00006,instance1,CZCE MA MA001,20191120,14:53:36,0,20118311,-1,-1,1899.00000,1899.00000,0.00000,      133954,20191120

rb-GD-00006,instance1,SHFE rb rb2001,20191120,14:53:50,1,20491097,20491592,1,3679.00000,3679.00000,0.00000,      134037,20191120

rb-GD-00006,instance1,SHFE rb rb2001,20191120,14:54:19,0,20492262,-1,-1,3675.00000,3675.00000,0.00000,      134240,20191120

MA-GD-00006,instance1,CZCE MA MA001,20191120,14:54:24,1,20118311,20118487,1,1899.00000,1902.00000,0.00000,      134342,20191120

MA-GD-00006,instance1,CZCE MA MA001,20191120,14:54:36,0,20118525,-1,-1,1902.00000,1902.00000,0.00000,      134433,20191120

rb-GD-00006,instance1,SHFE rb rb2001,20191120,14:54:47,1,20492262,20493164,1,3673.00000,3673.00000,0.00000,      134488,20191120

MA-GD-00006,instance1,CZCE MA MA001,20191120,14:56:03,1,20118525,20118896,1,1903.00000,1903.00000,0.00000,      135186,20191120

MA-GD-00006,instance1,CZCE MA MA001,20191120,14:56:30,0,20119015,-1,-1,1903.00000,1903.00000,0.00000,      135451,20191120

MA-GD-00006,instance1,CZCE MA MA001,20191120,14:57:01,1,20119015,20119146,1,1903.00000,1904.00000,0.00000,      135685,20191120

MA-GD-00006,instance1,CZCE MA MA001,20191120,14:57:25,0,20119226,-1,-1,1903.00000,1903.00000,0.00000,      135850,20191120

rb-GD-00006,instance1,SHFE rb rb2001,20191120,14:58:09,0,20499143,-1,-1,3676.00000,3676.00000,0.00000,      136675,20191120

rb-GD-00006,instance1,SHFE rb rb2001,20191120,14:58:30,1,20499143,20499960,1,3676.00000,3676.00000,0.00000,      137354,20191120

MA-GD-00006,instance1,CZCE MA MA001,20191120,14:58:59,1,20119226,20120312,1,1902.00000,1904.00000,0.00000,      137993,20191120

TA-GD-00006,instance1,CZCE TA TA001,20191120,21:00:01,0,21453,-1,1,4724.00000,4724.00000,0.00000,         509,20191121

TA-GD-00006,instance1,CZCE TA TA001,20191120,21:00:02,1,21453,21474,-1,4722.00000,4722.00000,0.00000,         575,20191121

rb-GD-00006,instance1,SHFE rb rb2001,20191120,21:00:07,0,211419,-1,1,3684.00000,3684.00000,0.00000,         923,20191121

rb-GD-00006,instance1,SHFE rb rb2001,20191120,21:00:08,1,211419,211496,-1,3683.00000,3682.00000,0.00000,         990,20191121

rb-GD-00006,instance1,SHFE rb rb2001,20191120,21:00:10,0,211584,-1,-1,3681.00000,3681.00000,0.00000,        1039,20191121

TA-GD-00006,instance1,CZCE TA TA001,20191120,21:00:16,0,21870,-1,-1,4720.00000,4720.00000,0.00000,        1243,20191121

TA-GD-00006,instance1,CZCE TA TA001,20191120,21:00:19,1,21870,21924,1,4722.00000,4722.00000,0.00000,        1359,20191121

rb-GD-00006,instance1,SHFE rb rb2001,20191120,21:00:20,1,211584,212087,1,3681.00000,3684.00000,0.00000,        1413,20191121

rb-GD-00006,instance1,SHFE rb rb2001,20191120,21:00:22,0,212178,-1,1,3684.00000,3684.00000,0.00000,        1467,20191121

rb-GD-00006,instance1,SHFE rb rb2001,20191120,21:00:26,1,212178,212280,-1,3683.00000,3683.00000,0.00000,        1553,20191121

rb-GD-00006,instance1,SHFE rb rb2001,20191120,21:00:48,0,212958,-1,1,3686.00000,3686.00000,0.00000,        2000,20191121

rb-GD-00006,instance1,SHFE rb rb2001,20191120,21:00:49,1,212958,212982,-1,3685.00000,3686.00000,0.00000,        2012,20191121

rb-GD-00006,instance1,SHFE rb rb2001,20191120,21:00:55,0,213081,-1,-1,3683.00000,3683.00000,0.00000,        2104,20191121

MA-GD-00006,instance1,CZCE MA MA001,20191120,21:01:24,0,211743,-1,1,1913.00000,1913.00000,0.00000,        2681,20191121

MA-GD-00006,instance1,CZCE MA MA001,20191120,21:01:58,1,211743,211874,-1,1914.00000,1914.00000,0.00000,        2926,20191121

rb-GD-00006,instance1,SHFE rb rb2001,20191120,21:02:28,1,213081,215309,1,3670.00000,3670.00000,0.00000,        3238,20191121

rb-GD-00006,instance1,SHFE rb rb2001,20191120,21:02:29,0,215345,-1,-1,3669.00000,3669.00000,0.00000,        3250,20191121

rb-GD-00006,instance1,SHFE rb rb2001,20191120,21:02:47,1,215345,215601,1,3670.00000,3671.00000,0.00000,        3346,20191121

rb-GD-00006,instance1,SHFE rb rb2001,20191120,21:02:49,0,215635,-1,-1,3671.00000,3671.00000,0.00000,        3362,20191121

rb-GD-00006,instance1,SHFE rb rb2001,20191120,21:02:51,1,215635,215664,1,3671.00000,3671.00000,0.00000,        3373,20191121

rb-GD-00006,instance1,SHFE rb rb2001,20191120,21:02:52,0,215686,-1,-1,3671.00000,3671.00000,0.00000,        3383,20191121

rb-GD-00006,instance1,SHFE rb rb2001,20191120,21:03:12,1,215686,215998,1,3672.00000,3672.00000,0.00000,        3518,20191121

rb-GD-00006,instance1,SHFE rb rb2001,20191120,21:03:14,0,216023,-1,-1,3671.00000,3671.00000,0.00000,        3526,20191121

rb-GD-00006,instance1,SHFE rb rb2001,20191120,21:03:29,1,216023,216275,1,3672.00000,3672.00000,0.00000,        3637,20191121

rb-GD-00006,instance1,SHFE rb rb2001,20191120,21:03:32,0,216326,-1,-1,3672.00000,3672.00000,0.00000,        3655,20191121

rb-GD-00006,instance1,SHFE rb rb2001,20191120,21:03:47,1,216326,216534,1,3673.00000,3675.00000,0.00000,        3729,20191121

rb-GD-00006,instance1,SHFE rb rb2001,20191120,21:04:02,0,216713,-1,-1,3675.00000,3675.00000,0.00000,        3796,20191121

rb-GD-00006,instance1,SHFE rb rb2001,20191120,21:06:58,1,216713,2110633,1,3666.00000,3666.00000,0.00000,        4842,20191121

rb-GD-00006,instance1,SHFE rb rb2001,20191120,21:06:59,0,2110648,-1,-1,3665.00000,3665.00000,0.00000,        4852,20191121

rb-GD-00006,instance1,SHFE rb rb2001,20191120,21:07:32,1,2110648,2111337,1,3664.00000,3664.00000,0.00000,        5075,20191121

rb-GD-00006,instance1,SHFE rb rb2001,20191120,21:08:05,0,2112292,-1,-1,3662.00000,3662.00000,0.00000,        5358,20191121

rb-GD-00006,instance1,SHFE rb rb2001,20191120,21:08:57,1,2112292,2113612,1,3661.00000,3661.00000,0.00000,        5689,20191121

rb-GD-00006,instance1,SHFE rb rb2001,20191120,21:08:58,0,2113651,-1,-1,3661.00000,3661.00000,0.00000,        5701,20191121

rb-GD-00006,instance1,SHFE rb rb2001,20191120,21:09:07,1,2113651,2113975,1,3662.00000,3662.00000,0.00000,        5794,20191121

rb-GD-00006,instance1,SHFE rb rb2001,20191120,21:09:23,0,2114355,-1,-1,3662.00000,3662.00000,0.00000,        5873,20191121

rb-GD-00006,instance1,SHFE rb rb2001,20191120,21:10:05,1,2114355,2115154,1,3661.00000,3662.00000,0.00000,        6095,20191121

rb-GD-00006,instance1,SHFE rb rb2001,20191120,21:10:12,0,2115308,-1,-1,3662.00000,3662.00000,0.00000,        6135,20191121

rb-GD-00006,instance1,SHFE rb rb2001,20191120,21:10:15,1,2115308,2115419,1,3663.00000,3663.00000,0.00000,        6169,20191121

rb-GD-00006,instance1,SHFE rb rb2001,20191120,21:10:19,0,2115503,-1,-1,3664.00000,3664.00000,0.00000,        6187,20191121

rb-GD-00006,instance1,SHFE rb rb2001,20191120,21:10:28,1,2115503,2115699,1,3665.00000,3665.00000,0.00000,        6234,20191121

rb-GD-00006,instance1,SHFE rb rb2001,20191120,21:10:37,0,2115912,-1,-1,3665.00000,3665.00000,0.00000,        6260,20191121

rb-GD-00006,instance1,SHFE rb rb2001,20191120,21:11:10,1,2115912,2116543,1,3662.00000,3663.00000,0.00000,        6435,20191121

rb-GD-00006,instance1,SHFE rb rb2001,20191120,21:11:14,0,2116580,-1,-1,3663.00000,3663.00000,0.00000,        6446,20191121

rb-GD-00006,instance1,SHFE rb rb2001,20191120,21:11:21,1,2116580,2116663,1,3664.00000,3664.00000,0.00000,        6469,20191121

rb-GD-00006,instance1,SHFE rb rb2001,20191120,21:11:41,0,2116926,-1,-1,3665.00000,3665.00000,0.00000,        6521,20191121

rb-GD-00006,instance1,SHFE rb rb2001,20191120,21:11:49,1,2116926,2117054,1,3665.00000,3665.00000,0.00000,        6545,20191121

rb-GD-00006,instance1,SHFE rb rb2001,20191120,21:11:54,0,2117176,-1,-1,3666.00000,3666.00000,0.00000,        6595,20191121

rb-GD-00006,instance1,SHFE rb rb2001,20191120,21:12:06,1,2117176,2117596,1,3667.00000,3667.00000,0.00000,        6715,20191121

rb-GD-00006,instance1,SHFE rb rb2001,20191120,21:12:07,0,2117641,-1,-1,3667.00000,3667.00000,0.00000,        6726,20191121

rb-GD-00006,instance1,SHFE rb rb2001,20191120,21:13:50,1,2117641,2119573,1,3666.00000,3666.00000,0.00000,        7212,20191121

rb-GD-00006,instance1,SHFE rb rb2001,20191120,21:13:52,0,2119724,-1,-1,3666.00000,3666.00000,0.00000,        7257,20191121

rb-GD-00006,instance1,SHFE rb rb2001,20191120,21:14:25,1,2119724,2120608,1,3664.00000,3664.00000,0.00000,        7465,20191121

rb-GD-00006,instance1,SHFE rb rb2001,20191120,21:14:28,0,2120656,-1,-1,3664.00000,3664.00000,0.00000,        7477,20191121

rb-GD-00006,instance1,SHFE rb rb2001,20191120,21:14:29,1,2120656,2120701,1,3664.00000,3664.00000,0.00000,        7496,20191121

rb-GD-00006,instance1,SHFE rb rb2001,20191120,21:14:32,0,2120746,-1,-1,3664.00000,3664.00000,0.00000,        7511,20191121

rb-GD-00006,instance1,SHFE rb rb2001,20191120,21:14:51,1,2120746,2121012,1,3665.00000,3665.00000,0.00000,        7603,20191121

rb-GD-00006,instance1,SHFE rb rb2001,20191120,21:15:01,0,2121297,-1,-1,3666.00000,3666.00000,0.00000,        7691,20191121

rb-GD-00006,instance1,SHFE rb rb2001,20191120,21:15:38,1,2121297,2122628,1,3663.00000,3663.00000,0.00000,        8068,20191121

rb-GD-00006,instance1,SHFE rb rb2001,20191120,21:15:44,0,2122785,-1,-1,3662.00000,3662.00000,0.00000,        8098,20191121

rb-GD-00006,instance1,SHFE rb rb2001,20191120,21:16:26,1,2122785,2123840,1,3662.00000,3663.00000,0.00000,        8349,20191121

rb-GD-00006,instance1,SHFE rb rb2001,20191120,21:16:37,0,2124145,-1,-1,3663.00000,3663.00000,0.00000,        8409,20191121

rb-GD-00006,instance1,SHFE rb rb2001,20191120,21:16:44,1,2124145,2124307,1,3664.00000,3664.00000,0.00000,        8427,20191121

rb-GD-00006,instance1,SHFE rb rb2001,20191120,21:17:06,0,2124792,-1,-1,3664.00000,3664.00000,0.00000,        8496,20191121

rb-GD-00006,instance1,SHFE rb rb2001,20191120,21:17:43,1,2124792,2125747,1,3664.00000,3665.00000,0.00000,        8688,20191121

rb-GD-00006,instance1,SHFE rb rb2001,20191120,21:17:46,0,2125805,-1,-1,3665.00000,3665.00000,0.00000,        8702,20191121

rb-GD-00006,instance1,SHFE rb rb2001,20191120,21:18:06,1,2125805,2126184,1,3665.00000,3665.00000,0.00000,        8791,20191121

rb-GD-00006,instance1,SHFE rb rb2001,20191120,21:18:09,0,2126291,-1,-1,3665.00000,3665.00000,0.00000,        8814,20191121

rb-GD-00006,instance1,SHFE rb rb2001,20191120,21:18:52,1,2126291,2127347,1,3664.00000,3664.00000,0.00000,        9171,20191121

rb-GD-00006,instance1,SHFE rb rb2001,20191120,21:19:08,0,2127704,-1,-1,3664.00000,3664.00000,0.00000,        9246,20191121

rb-GD-00006,instance1,SHFE rb rb2001,20191120,21:19:25,1,2127704,2128220,1,3665.00000,3665.00000,0.00000,        9346,20191121

rb-GD-00006,instance1,SHFE rb rb2001,20191120,21:19:37,0,2128550,-1,-1,3666.00000,3666.00000,0.00000,        9406,20191121

rb-GD-00006,instance1,SHFE rb rb2001,20191120,21:19:53,1,2128550,2129149,1,3667.00000,3667.00000,0.00000,        9559,20191121

rb-GD-00006,instance1,SHFE rb rb2001,20191120,21:20:23,0,2130097,-1,-1,3667.00000,3667.00000,0.00000,        9748,20191121

MA-GD-00006,instance1,CZCE MA MA001,20191120,21:20:57,0,2110509,-1,1,1917.00000,1917.00000,0.00000,        9897,20191121

rb-GD-00006,instance1,SHFE rb rb2001,20191120,21:21:15,1,2130097,2131264,1,3667.00000,3668.00000,0.00000,        9992,20191121

rb-GD-00006,instance1,SHFE rb rb2001,20191120,21:21:19,0,2131318,-1,-1,3668.00000,3668.00000,0.00000,       10005,20191121

rb-GD-00006,instance1,SHFE rb rb2001,20191120,21:21:28,1,2131318,2131652,1,3668.00000,3668.00000,0.00000,       10084,20191121

rb-GD-00006,instance1,SHFE rb rb2001,20191120,21:21:40,0,2131900,-1,-1,3667.00000,3667.00000,0.00000,       10119,20191121

MA-GD-00006,instance1,CZCE MA MA001,20191120,21:22:11,1,2110509,2111461,-1,1918.00000,1916.00000,0.00000,       10250,20191121

rb-GD-00006,instance1,SHFE rb rb2001,20191120,21:22:24,1,2131900,2132943,1,3666.00000,3666.00000,0.00000,       10375,20191121

rb-GD-00006,instance1,SHFE rb rb2001,20191120,21:22:42,0,2133363,-1,-1,3665.00000,3665.00000,0.00000,       10472,20191121

rb-GD-00006,instance1,SHFE rb rb2001,20191120,21:23:17,1,2133363,2133820,1,3664.00000,3665.00000,0.00000,       10555,20191121

rb-GD-00006,instance1,SHFE rb rb2001,20191120,21:23:22,0,2133878,-1,-1,3665.00000,3665.00000,0.00000,       10566,20191121

rb-GD-00006,instance1,SHFE rb rb2001,20191120,21:23:54,1,2133878,2134190,1,3665.00000,3666.00000,0.00000,       10629,20191121

rb-GD-00006,instance1,SHFE rb rb2001,20191120,21:24:33,0,2134549,-1,-1,3664.00000,3664.00000,0.00000,       10707,20191121

rb-GD-00006,instance1,SHFE rb rb2001,20191120,21:25:05,1,2134549,2135193,1,3663.00000,3663.00000,0.00000,       10850,20191121

rb-GD-00006,instance1,SHFE rb rb2001,20191120,21:26:30,0,2136335,-1,-1,3659.00000,3659.00000,0.00000,       11192,20191121

rb-GD-00006,instance1,SHFE rb rb2001,20191120,21:26:46,1,2136335,2136559,1,3660.00000,3660.00000,0.00000,       11224,20191121

rb-GD-00006,instance1,SHFE rb rb2001,20191120,21:28:12,0,2137988,-1,-1,3659.00000,3659.00000,0.00000,       11505,20191121

rb-GD-00006,instance1,SHFE rb rb2001,20191120,21:28:48,1,2137988,2138441,1,3659.00000,3659.00000,0.00000,       11567,20191121

rb-GD-00006,instance1,SHFE rb rb2001,20191120,21:28:56,0,2138597,-1,-1,3659.00000,3659.00000,0.00000,       11589,20191121

rb-GD-00006,instance1,SHFE rb rb2001,20191120,21:29:06,1,2138597,2138774,1,3660.00000,3660.00000,0.00000,       11626,20191121

rb-GD-00006,instance1,SHFE rb rb2001,20191120,21:30:12,0,2139829,-1,-1,3660.00000,3660.00000,0.00000,       11796,20191121

rb-GD-00006,instance1,SHFE rb rb2001,20191120,21:31:26,1,2139829,2141044,1,3660.00000,3660.00000,0.00000,       12019,20191121

rb-GD-00006,instance1,SHFE rb rb2001,20191120,21:31:33,0,2141158,-1,-1,3659.00000,3659.00000,0.00000,       12031,20191121

rb-GD-00006,instance1,SHFE rb rb2001,20191120,21:32:11,1,2141158,2141742,1,3659.00000,3659.00000,0.00000,       12122,20191121

rb-GD-00006,instance1,SHFE rb rb2001,20191120,21:32:25,0,2141941,-1,-1,3657.00000,3657.00000,0.00000,       12158,20191121

rb-GD-00006,instance1,SHFE rb rb2001,20191120,21:33:16,1,2141941,2142789,1,3657.00000,3660.00000,0.00000,       12299,20191121

rb-GD-00006,instance1,SHFE rb rb2001,20191120,21:33:56,0,2143732,-1,-1,3657.00000,3657.00000,0.00000,       12461,20191121

rb-GD-00006,instance1,SHFE rb rb2001,20191120,21:34:26,1,2143732,2144248,1,3658.00000,3659.00000,0.00000,       12537,20191121

rb-GD-00006,instance1,SHFE rb rb2001,20191120,21:34:33,0,2144383,-1,1,3659.00000,3659.00000,0.00000,       12562,20191121

rb-GD-00006,instance1,SHFE rb rb2001,20191120,21:35:16,1,2144383,2145023,-1,3659.00000,3659.00000,0.00000,       12709,20191121

rb-GD-00006,instance1,SHFE rb rb2001,20191120,21:35:47,0,2145472,-1,-1,3659.00000,3659.00000,0.00000,       12759,20191121

rb-GD-00006,instance1,SHFE rb rb2001,20191120,21:36:01,1,2145472,2145705,1,3659.00000,3659.00000,0.00000,       12801,20191121

rb-GD-00006,instance1,SHFE rb rb2001,20191120,21:36:28,0,2146512,-1,-1,3658.00000,3658.00000,0.00000,       12967,20191121

rb-GD-00006,instance1,SHFE rb rb2001,20191120,21:37:03,1,2146512,2147168,1,3656.00000,3657.00000,0.00000,       13064,20191121

rb-GD-00006,instance1,SHFE rb rb2001,20191120,21:37:06,0,2147262,-1,-1,3657.00000,3657.00000,0.00000,       13086,20191121

rb-GD-00006,instance1,SHFE rb rb2001,20191120,21:37:36,1,2147262,2147687,1,3658.00000,3658.00000,0.00000,       13143,20191121

rb-GD-00006,instance1,SHFE rb rb2001,20191120,21:37:37,0,2147721,-1,-1,3658.00000,3658.00000,0.00000,       13148,20191121

rb-GD-00006,instance1,SHFE rb rb2001,20191120,21:37:42,1,2147721,2147775,1,3658.00000,3659.00000,0.00000,       13155,20191121

rb-GD-00006,instance1,SHFE rb rb2001,20191120,21:38:53,0,2149140,-1,-1,3658.00000,3658.00000,0.00000,       13271,20191121

rb-GD-00006,instance1,SHFE rb rb2001,20191120,21:39:10,1,2149140,2149480,1,3658.00000,3658.00000,0.00000,       13328,20191121

rb-GD-00006,instance1,SHFE rb rb2001,20191120,21:39:26,0,2149810,-1,-1,3658.00000,3658.00000,0.00000,       13393,20191121

rb-GD-00006,instance1,SHFE rb rb2001,20191120,21:39:31,1,2149810,2149896,1,3659.00000,3659.00000,0.00000,       13396,20191121

rb-GD-00006,instance1,SHFE rb rb2001,20191120,21:39:33,0,2149923,-1,-1,3659.00000,3659.00000,0.00000,       13399,20191121

rb-GD-00006,instance1,SHFE rb rb2001,20191120,21:39:36,1,2149923,2149963,1,3659.00000,3659.00000,0.00000,       13401,20191121

rb-GD-00006,instance1,SHFE rb rb2001,20191120,21:39:37,0,2149973,-1,-1,3659.00000,3659.00000,0.00000,       13402,20191121

rb-GD-00006,instance1,SHFE rb rb2001,20191120,21:40:10,1,2149973,2150671,1,3658.00000,3659.00000,0.00000,       13520,20191121

rb-GD-00006,instance1,SHFE rb rb2001,20191120,21:40:26,0,2150981,-1,-1,3658.00000,3658.00000,0.00000,       13573,20191121

rb-GD-00006,instance1,SHFE rb rb2001,20191120,21:41:09,1,2150981,2151741,1,3656.00000,3658.00000,0.00000,       13714,20191121

rb-GD-00006,instance1,SHFE rb rb2001,20191120,21:41:12,0,2151807,-1,-1,3658.00000,3658.00000,0.00000,       13721,20191121

rb-GD-00006,instance1,SHFE rb rb2001,20191120,21:42:32,1,2151807,2153427,1,3658.00000,3661.00000,0.00000,       14212,20191121

rb-GD-00006,instance1,rb2001,20191120S,22:04:01,-1,-1,-1,0,-1.00000,-1.00000,0.00000,0000,20191121

MA-GD-00006,instance1,MA001,20191120S,22:04:20,-1,-1,-1,0,-1.00000,-1.00000,0.00000,0000,20191121

TA-GD-00006,instance1,TA001,20191120S,22:04:37,-1,-1,-1,0,-1.00000,-1.00000,0.00000,0000,20191121

TA-GD-00006,instance1,CZCE TA TA001,20191120,22:08:00,0,2136298,-1,1,4742.00000,4742.00000,0.00000,       19332,20191121

TA-GD-00006,instance1,CZCE TA TA001,20191120,22:08:59,1,2136298,2137189,-1,4744.00000,4744.00000,0.00000,       19579,20191121

TA-GD-00006,instance1,CZCE TA TA001,20191120,22:15:26,0,2140176,-1,1,4752.00000,4752.00000,0.00000,       20632,20191121

TA-GD-00006,instance1,CZCE TA TA001,20191120,22:15:46,1,2140176,2140214,-1,4750.00000,4750.00000,0.00000,       20666,20191121

TA-GD-00006,instance1,CZCE TA TA001,20191120,22:16:17,0,2140252,-1,1,4754.00000,4754.00000,0.00000,       20735,20191121

TA-GD-00006,instance1,CZCE TA TA001,20191120,22:16:57,1,2140252,2140314,-1,4758.00000,4756.00000,0.00000,       20839,20191121

TA-GD-00006,instance1,CZCE TA TA001,20191120,22:16:58,0,2140321,-1,1,4756.00000,4756.00000,0.00000,       20842,20191121

TA-GD-00006,instance1,CZCE TA TA001,20191120,22:17:23,1,2140321,2140384,-1,4762.00000,4760.00000,0.00000,       20906,20191121

TA-GD-00006,instance1,CZCE TA TA001,20191120,22:17:24,0,2140387,-1,1,4760.00000,4760.00000,0.00000,       20907,20191121

TA-GD-00006,instance1,CZCE TA TA001,20191120,22:17:56,1,2140387,2140447,-1,4766.00000,4766.00000,0.00000,       20965,20191121

TA-GD-00006,instance1,CZCE TA TA001,20191120,22:18:03,0,2140573,-1,1,4780.00000,4780.00000,0.00000,       21041,20191121

TA-GD-00006,instance1,CZCE TA TA001,20191120,22:18:10,1,2140573,2140647,-1,4792.00000,4792.00000,0.00000,       21078,20191121

TA-GD-00006,instance1,CZCE TA TA001,20191120,22:18:12,0,2140654,-1,1,4792.00000,4792.00000,0.00000,       21083,20191121

TA-GD-00006,instance1,CZCE TA TA001,20191120,22:18:15,1,2140654,2140664,-1,4790.00000,4790.00000,0.00000,       21094,20191121

TA-GD-00006,instance1,CZCE TA TA001,20191120,22:18:16,0,2140679,-1,1,4792.00000,4792.00000,0.00000,       21100,20191121

TA-GD-00006,instance1,CZCE TA TA001,20191120,22:18:23,1,2140679,2140711,-1,4790.00000,4788.00000,0.00000,       21113,20191121

TA-GD-00006,instance1,CZCE TA TA001,20191120,22:18:25,0,2140723,-1,1,4786.00000,4786.00000,0.00000,       21123,20191121

MA-GD-00006,instance1,CZCE MA MA001,20191120,22:18:37,0,2140793,-1,1,1925.00000,1925.00000,0.00000,       21203,20191121

TA-GD-00006,instance1,CZCE TA TA001,20191120,22:18:39,1,2140723,2140818,-1,4800.00000,4800.00000,0.00000,       21214,20191121

TA-GD-00006,instance1,CZCE TA TA001,20191120,22:18:41,0,2140827,-1,1,4798.00000,4798.00000,0.00000,       21226,20191121

TA-GD-00006,instance1,CZCE TA TA001,20191120,22:18:45,1,2140827,2140840,-1,4796.00000,4796.00000,0.00000,       21242,20191121

TA-GD-00006,instance1,CZCE TA TA001,20191120,22:18:45,0,2140845,-1,1,4796.00000,4796.00000,0.00000,       21244,20191121

TA-GD-00006,instance1,CZCE TA TA001,20191120,22:18:57,1,2140845,2140941,-1,4804.00000,4800.00000,0.00000,       21322,20191121

MA-GD-00006,instance1,CZCE MA MA001,20191120,22:18:58,1,2140793,2140946,-1,1928.00000,1928.00000,0.00000,       21325,20191121

TA-GD-00006,instance1,CZCE TA TA001,20191120,22:18:58,0,2140953,-1,1,4802.00000,4802.00000,0.00000,       21329,20191121

TA-GD-00006,instance1,CZCE TA TA001,20191120,22:19:04,1,2140953,2141033,-1,4800.00000,4800.00000,0.00000,       21386,20191121

TA-GD-00006,instance1,CZCE TA TA001,20191120,22:19:33,0,2141168,-1,1,4804.00000,4804.00000,0.00000,       21500,20191121

TA-GD-00006,instance1,CZCE TA TA001,20191120,22:19:59,1,2141168,2141260,-1,4802.00000,4802.00000,0.00000,       21555,20191121

TA-GD-00006,instance1,CZCE TA TA001,20191120,22:20:09,0,2141400,-1,1,4818.00000,4818.00000,0.00000,       21646,20191121

TA-GD-00006,instance1,CZCE TA TA001,20191120,22:20:18,1,2141400,2141430,-1,4814.00000,4814.00000,0.00000,       21670,20191121

TA-GD-00006,instance1,CZCE TA TA001,20191120,22:20:20,0,2141435,-1,1,4814.00000,4812.00000,0.00000,       21674,20191121

TA-GD-00006,instance1,CZCE TA TA001,20191120,22:20:26,1,2141435,2141450,-1,4810.00000,4808.00000,0.00000,       21684,20191121

TA-GD-00006,instance1,CZCE TA TA001,20191120,22:20:28,0,2141465,-1,-1,4806.00000,4806.00000,0.00000,       21691,20191121

TA-GD-00006,instance1,CZCE TA TA001,20191120,22:20:33,1,2141465,2141469,1,4808.00000,4808.00000,0.00000,       21700,20191121

TA-GD-00006,instance1,CZCE TA TA001,20191120,22:20:33,0,2141471,-1,1,4812.00000,4810.00000,0.00000,       21702,20191121

MA-GD-00006,instance1,CZCE MA MA001,20191120,22:20:39,0,2141488,-1,-1,1931.00000,1931.00000,0.00000,       21714,20191121

TA-GD-00006,instance1,CZCE TA TA001,20191120,22:20:49,1,2141471,2141505,-1,4806.00000,4808.00000,0.00000,       21732,20191121

TA-GD-00006,instance1,CZCE TA TA001,20191120,22:20:54,0,2141526,-1,1,4806.00000,4806.00000,0.00000,       21738,20191121

TA-GD-00006,instance1,CZCE TA TA001,20191120,22:21:12,1,2141526,2141620,-1,4808.00000,4808.00000,0.00000,       21815,20191121

TA-GD-00006,instance1,CZCE TA TA001,20191120,22:21:13,0,2141623,-1,1,4808.00000,4808.00000,0.00000,       21816,20191121

MA-GD-00006,instance1,CZCE MA MA001,20191120,22:21:15,1,2141488,2141629,1,1929.00000,1930.00000,0.00000,       21821,20191121

TA-GD-00006,instance1,CZCE TA TA001,20191120,22:21:36,1,2141623,2141662,-1,4816.00000,4812.00000,0.00000,       21843,20191121

TA-GD-00006,instance1,CZCE TA TA001,20191120,22:21:41,0,2141669,-1,1,4812.00000,4812.00000,0.00000,       21846,20191121

TA-GD-00006,instance1,CZCE TA TA001,20191120,22:21:47,1,2141669,2141673,-1,4810.00000,4810.00000,0.00000,       21852,20191121

TA-GD-00006,instance1,CZCE TA TA001,20191120,22:22:00,0,2141704,-1,1,4808.00000,4808.00000,0.00000,       21873,20191121

TA-GD-00006,instance1,CZCE TA TA001,20191120,22:22:05,1,2141704,2141717,-1,4806.00000,4806.00000,0.00000,       21883,20191121

TA-GD-00006,instance1,CZCE TA TA001,20191120,22:22:09,0,2141724,-1,1,4806.00000,4806.00000,0.00000,       21888,20191121

TA-GD-00006,instance1,CZCE TA TA001,20191120,22:22:29,1,2141724,2141735,-1,4812.00000,4812.00000,0.00000,       21900,20191121

TA-GD-00006,instance1,CZCE TA TA001,20191120,22:22:32,0,2141740,-1,1,4812.00000,4812.00000,0.00000,       21904,20191121

TA-GD-00006,instance1,CZCE TA TA001,20191120,22:22:34,1,2141740,2141742,-1,4808.00000,4810.00000,0.00000,       21907,20191121

TA-GD-00006,instance1,CZCE TA TA001,20191120,22:22:34,0,2141744,-1,1,4808.00000,4808.00000,0.00000,       21908,20191121

TA-GD-00006,instance1,CZCE TA TA001,20191120,22:22:59,1,2141744,2141772,-1,4814.00000,4812.00000,0.00000,       21946,20191121

TA-GD-00006,instance1,CZCE TA TA001,20191120,22:23:04,0,2141794,-1,1,4816.00000,4816.00000,0.00000,       21967,20191121

TA-GD-00006,instance1,CZCE TA TA001,20191120,22:23:14,1,2141794,2141814,-1,4814.00000,4814.00000,0.00000,       21991,20191121

TA-GD-00006,instance1,CZCE TA TA001,20191120,22:23:26,0,2141850,-1,1,4816.00000,4816.00000,0.00000,       22025,20191121

rb-GD-00006,instance1,SHFE rb rb2001,20191120,22:31:14,0,2194450,-1,-1,3672.00000,3672.00000,0.00000,       23209,20191121

rb-GD-00006,instance1,SHFE rb rb2001,20191120,22:31:24,1,2194450,2194520,1,3673.00000,3674.00000,0.00000,       23238,20191121

rb-GD-00006,instance1,SHFE rb rb2001,20191120,22:31:29,0,2194561,-1,1,3673.00000,3673.00000,0.00000,       23248,20191121

rb-GD-00006,instance1,SHFE rb rb2001,20191120,22:34:05,1,2194561,2195740,-1,3674.00000,3671.00000,0.00000,       23666,20191121

MA-GD-00006,instance1,CZCE MA MA001,20191120,22:54:42,0,2151892,-1,-1,1925.00000,1925.00000,0.00000,       28328,20191121

MA-GD-00006,instance1,CZCE MA MA001,20191120,22:55:14,1,2151892,2152405,1,1925.00000,1925.00000,0.00000,       28459,20191121

MA-GD-00006,instance1,CZCE MA MA001,20191120,22:55:25,0,2152567,-1,-1,1924.00000,1924.00000,0.00000,       28504,20191121

MA-GD-00006,instance1,CZCE MA MA001,20191120,22:55:57,1,2152567,2152943,1,1923.00000,1923.00000,0.00000,       28620,20191121

MA-GD-00006,instance1,CZCE MA MA001,20191120,22:55:59,0,2152977,-1,-1,1922.00000,1922.00000,0.00000,       28629,20191121

MA-GD-00006,instance1,CZCE MA MA001,20191120,22:56:57,1,2152977,2153316,1,1923.00000,1923.00000,0.00000,       28761,20191121

MA-GD-00006,instance1,CZCE MA MA001,20191120,22:57:21,0,2153389,-1,-1,1923.00000,1923.00000,0.00000,       28905,20191121

