TA-GD-00006,instance1,TA001,20191024S,08:44:55,-1,-1,-1,0,-1.00000,-1.00000,0.00000,0000,20191024

MA-GD-00006,instance1,MA001,20191024S,08:45:00,-1,-1,-1,0,-1.00000,-1.00000,0.00000,0000,20191024

rb-GD-00006,instance1,rb2001,20191024S,08:45:06,-1,-1,-1,0,-1.00000,-1.00000,0.00000,0000,20191024

rb-GD-00006,instance1,SHFE rb rb2001,20191024,09:03:04,0,24163010,-1,-1,3296.00000,3296.00000,0.00000,       78716,20191024

rb-GD-00006,instance1,SHFE rb rb2001,20191024,09:03:05,1,24163010,24163033,1,3295.00000,3296.00000,0.00000,       78738,20191024

MA-GD-00006,instance1,CZCE MA MA001,20191024,09:03:10,0,2427355,-1,-1,2131.00000,2131.00000,0.00000,       78811,20191024

MA-GD-00006,instance1,CZCE MA MA001,20191024,09:03:11,1,2427355,2427370,1,2130.00000,2132.00000,0.00000,       78821,20191024

MA-GD-00006,instance1,CZCE MA MA001,20191024,09:03:20,0,2427505,-1,-1,2132.00000,2132.00000,0.00000,       78912,20191024

MA-GD-00006,instance1,CZCE MA MA001,20191024,09:03:21,1,2427505,2427526,1,2131.00000,2133.00000,0.00000,       78925,20191024

MA-GD-00006,instance1,CZCE MA MA001,20191024,09:03:22,0,2427536,-1,-1,2132.00000,2132.00000,0.00000,       78931,20191024

MA-GD-00006,instance1,CZCE MA MA001,20191024,09:03:23,1,2427536,2427560,1,2131.00000,2132.00000,0.00000,       78949,20191024

rb-GD-00006,instance1,SHFE rb rb2001,20191024,09:03:43,0,24163689,-1,-1,3296.00000,3296.00000,0.00000,       79294,20191024

rb-GD-00006,instance1,SHFE rb rb2001,20191024,09:03:44,1,24163689,24163748,1,3295.00000,3297.00000,0.00000,       79319,20191024

rb-GD-00006,instance1,SHFE rb rb2001,20191024,09:04:43,0,24164895,-1,-1,3295.00000,3295.00000,0.00000,       79979,20191024

rb-GD-00006,instance1,SHFE rb rb2001,20191024,09:04:43,1,24164895,24164908,1,3294.00000,3296.00000,0.00000,       79990,20191024

MA-GD-00006,instance1,CZCE MA MA001,20191024,09:04:49,0,2428720,-1,-1,2130.00000,2130.00000,0.00000,       80042,20191024

MA-GD-00006,instance1,CZCE MA MA001,20191024,09:04:50,1,2428720,2428733,1,2129.00000,2131.00000,0.00000,       80052,20191024

rb-GD-00006,instance1,SHFE rb rb2001,20191024,09:05:22,0,24165799,-1,-1,3294.00000,3294.00000,0.00000,       80626,20191024

rb-GD-00006,instance1,SHFE rb rb2001,20191024,09:05:24,1,24165799,24165815,1,3293.00000,3295.00000,0.00000,       80662,20191024

TA-GD-00006,instance1,CZCE TA TA001,20191024,09:05:44,0,2429718,-1,-1,4886.00000,4886.00000,0.00000,       81039,20191024

TA-GD-00006,instance1,CZCE TA TA001,20191024,09:05:46,1,2429718,2429769,1,4884.00000,4886.00000,0.00000,       81064,20191024

TA-GD-00006,instance1,CZCE TA TA001,20191024,09:05:52,0,2429892,-1,-1,4886.00000,4886.00000,0.00000,       81163,20191024

TA-GD-00006,instance1,CZCE TA TA001,20191024,09:05:54,1,2429892,2429905,1,4884.00000,4888.00000,0.00000,       81179,20191024

rb-GD-00006,instance1,SHFE rb rb2001,20191024,09:05:57,0,24166539,-1,-1,3295.00000,3295.00000,0.00000,       81228,20191024

rb-GD-00006,instance1,SHFE rb rb2001,20191024,09:05:59,1,24166539,24166599,1,3294.00000,3296.00000,0.00000,       81253,20191024

rb-GD-00006,instance1,SHFE rb rb2001,20191024,09:06:36,0,24167544,-1,1,3297.00000,3297.00000,0.00000,       81819,20191024

MA-GD-00006,instance1,CZCE MA MA001,20191024,09:07:39,0,2431367,-1,-1,2131.00000,2131.00000,0.00000,       82700,20191024

MA-GD-00006,instance1,CZCE MA MA001,20191024,09:07:40,1,2431367,2431389,1,2130.00000,2132.00000,0.00000,       82717,20191024

TA-GD-00006,instance1,CZCE TA TA001,20191024,09:07:53,0,2431490,-1,-1,4884.00000,4884.00000,0.00000,       82817,20191024

TA-GD-00006,instance1,CZCE TA TA001,20191024,09:07:54,1,2431490,2431511,1,4882.00000,4886.00000,0.00000,       82832,20191024

TA-GD-00006,instance1,CZCE TA TA001,20191024,09:08:45,0,2432181,-1,-1,4886.00000,4886.00000,0.00000,       83465,20191024

TA-GD-00006,instance1,CZCE TA TA001,20191024,09:08:46,1,2432181,2432191,1,4884.00000,4888.00000,0.00000,       83475,20191024

TA-GD-00006,instance1,CZCE TA TA001,20191024,09:10:41,0,2433323,-1,1,4886.00000,4886.00000,0.00000,       84700,20191024

TA-GD-00006,instance1,CZCE TA TA001,20191024,09:10:42,1,2433323,2433352,-1,4888.00000,4884.00000,0.00000,       84718,20191024

MA-GD-00006,instance1,CZCE MA MA001,20191024,09:11:06,0,2433834,-1,-1,2123.00000,2123.00000,0.00000,       84999,20191024

MA-GD-00006,instance1,CZCE MA MA001,20191024,09:11:08,1,2433834,2433868,1,2122.00000,2125.00000,0.00000,       85017,20191024

TA-GD-00006,instance1,CZCE TA TA001,20191024,09:11:38,0,2434416,-1,-1,4878.00000,4878.00000,0.00000,       85474,20191024

TA-GD-00006,instance1,CZCE TA TA001,20191024,09:11:39,1,2434416,2434429,1,4876.00000,4878.00000,0.00000,       85480,20191024

MA-GD-00006,instance1,CZCE MA MA001,20191024,09:11:42,0,2434473,-1,-1,2123.00000,2123.00000,0.00000,       85520,20191024

MA-GD-00006,instance1,CZCE MA MA001,20191024,09:11:43,1,2434473,2434527,1,2122.00000,2123.00000,0.00000,       85540,20191024

MA-GD-00006,instance1,CZCE MA MA001,20191024,09:11:48,0,2434606,-1,-1,2123.00000,2123.00000,0.00000,       85611,20191024

MA-GD-00006,instance1,CZCE MA MA001,20191024,09:11:49,1,2434606,2434637,1,2122.00000,2124.00000,0.00000,       85624,20191024

TA-GD-00006,instance1,CZCE TA TA001,20191024,09:11:49,0,2434643,-1,-1,4878.00000,4878.00000,0.00000,       85627,20191024

TA-GD-00006,instance1,CZCE TA TA001,20191024,09:11:50,1,2434643,2434682,1,4876.00000,4880.00000,0.00000,       85659,20191024

TA-GD-00006,instance1,CZCE TA TA001,20191024,09:12:04,0,2434930,-1,-1,4880.00000,4880.00000,0.00000,       85853,20191024

TA-GD-00006,instance1,CZCE TA TA001,20191024,09:12:05,1,2434930,2434944,1,4878.00000,4882.00000,0.00000,       85868,20191024

MA-GD-00006,instance1,CZCE MA MA001,20191024,09:12:30,0,2435430,-1,-1,2123.00000,2123.00000,0.00000,       86254,20191024

MA-GD-00006,instance1,CZCE MA MA001,20191024,09:12:32,1,2435430,2435452,1,2122.00000,2123.00000,0.00000,       86266,20191024

MA-GD-00006,instance1,CZCE MA MA001,20191024,09:14:26,0,2436453,-1,-1,2122.00000,2122.00000,0.00000,       87263,20191024

TA-GD-00006,instance1,CZCE TA TA001,20191024,09:14:26,0,2436455,-1,1,4882.00000,4882.00000,0.00000,       87264,20191024

MA-GD-00006,instance1,CZCE MA MA001,20191024,09:14:27,1,2436453,2436466,1,2121.00000,2123.00000,0.00000,       87269,20191024

TA-GD-00006,instance1,CZCE TA TA001,20191024,09:14:27,1,2436455,2436468,-1,4884.00000,4880.00000,0.00000,       87270,20191024

TA-GD-00006,instance1,CZCE TA TA001,20191024,09:17:34,0,2437842,-1,1,4886.00000,4886.00000,0.00000,       88791,20191024

TA-GD-00006,instance1,CZCE TA TA001,20191024,09:17:35,1,2437842,2437859,-1,4888.00000,4884.00000,0.00000,       88799,20191024

TA-GD-00006,instance1,CZCE TA TA001,20191024,09:17:36,0,2437866,-1,1,4886.00000,4886.00000,0.00000,       88800,20191024

TA-GD-00006,instance1,CZCE TA TA001,20191024,09:17:37,1,2437866,2437893,-1,4888.00000,4886.00000,0.00000,       88814,20191024

MA-GD-00006,instance1,CZCE MA MA001,20191024,09:17:54,0,2438002,-1,-1,2121.00000,2121.00000,0.00000,       88947,20191024

MA-GD-00006,instance1,CZCE MA MA001,20191024,09:17:56,1,2438002,2438031,1,2120.00000,2121.00000,0.00000,       88963,20191024

MA-GD-00006,instance1,CZCE MA MA001,20191024,09:18:12,0,2438152,-1,-1,2121.00000,2121.00000,0.00000,       89124,20191024

MA-GD-00006,instance1,CZCE MA MA001,20191024,09:18:13,1,2438152,2438176,1,2120.00000,2122.00000,0.00000,       89139,20191024

MA-GD-00006,instance1,CZCE MA MA001,20191024,09:18:29,0,2438269,-1,-1,2122.00000,2122.00000,0.00000,       89266,20191024

MA-GD-00006,instance1,CZCE MA MA001,20191024,09:18:30,1,2438269,2438278,1,2121.00000,2123.00000,0.00000,       89274,20191024

TA-GD-00006,instance1,CZCE TA TA001,20191024,09:18:41,0,2438354,-1,1,4896.00000,4896.00000,0.00000,       89363,20191024

TA-GD-00006,instance1,CZCE TA TA001,20191024,09:18:43,1,2438354,2438366,-1,4898.00000,4894.00000,0.00000,       89373,20191024

TA-GD-00006,instance1,CZCE TA TA001,20191024,09:18:49,0,2438464,-1,1,4894.00000,4894.00000,0.00000,       89422,20191024

TA-GD-00006,instance1,CZCE TA TA001,20191024,09:18:50,1,2438464,2438479,-1,4896.00000,4894.00000,0.00000,       89430,20191024

TA-GD-00006,instance1,CZCE TA TA001,20191024,09:19:31,0,2438990,-1,1,4898.00000,4898.00000,0.00000,       89852,20191024

TA-GD-00006,instance1,CZCE TA TA001,20191024,09:19:32,1,2438990,2439006,-1,4900.00000,4896.00000,0.00000,       89869,20191024

TA-GD-00006,instance1,CZCE TA TA001,20191024,09:19:48,0,2439095,-1,1,4896.00000,4896.00000,0.00000,       89984,20191024

TA-GD-00006,instance1,CZCE TA TA001,20191024,09:19:49,1,2439095,2439112,-1,4898.00000,4894.00000,0.00000,       89989,20191024

TA-GD-00006,instance1,CZCE TA TA001,20191024,09:19:50,0,2439119,-1,1,4896.00000,4896.00000,0.00000,       90005,20191024

TA-GD-00006,instance1,CZCE TA TA001,20191024,09:19:50,1,2439119,2439132,-1,4898.00000,4896.00000,0.00000,       90009,20191024

TA-GD-00006,instance1,CZCE TA TA001,20191024,09:20:30,0,2439416,-1,1,4896.00000,4896.00000,0.00000,       90307,20191024

TA-GD-00006,instance1,CZCE TA TA001,20191024,09:20:31,1,2439416,2439439,-1,4898.00000,4896.00000,0.00000,       90332,20191024

TA-GD-00006,instance1,CZCE TA TA001,20191024,09:20:45,0,2439514,-1,1,4896.00000,4896.00000,0.00000,       90391,20191024

TA-GD-00006,instance1,CZCE TA TA001,20191024,09:20:46,1,2439514,2439520,-1,4898.00000,4894.00000,0.00000,       90392,20191024

TA-GD-00006,instance1,CZCE TA TA001,20191024,09:21:42,0,2439862,-1,-1,4894.00000,4894.00000,0.00000,       90741,20191024

TA-GD-00006,instance1,CZCE TA TA001,20191024,09:21:44,1,2439862,2439875,1,4892.00000,4894.00000,0.00000,       90752,20191024

MA-GD-00006,instance1,CZCE MA MA001,20191024,09:22:37,0,2440192,-1,-1,2119.00000,2119.00000,0.00000,       91137,20191024

MA-GD-00006,instance1,CZCE MA MA001,20191024,09:22:39,1,2440192,2440200,1,2118.00000,2120.00000,0.00000,       91149,20191024

MA-GD-00006,instance1,CZCE MA MA001,20191024,09:22:46,0,2440253,-1,-1,2120.00000,2120.00000,0.00000,       91195,20191024

MA-GD-00006,instance1,CZCE MA MA001,20191024,09:22:48,1,2440253,2440269,1,2119.00000,2121.00000,0.00000,       91205,20191024

MA-GD-00006,instance1,CZCE MA MA001,20191024,09:23:18,0,2440442,-1,-1,2121.00000,2121.00000,0.00000,       91380,20191024

MA-GD-00006,instance1,CZCE MA MA001,20191024,09:23:19,1,2440442,2440455,1,2120.00000,2122.00000,0.00000,       91383,20191024

TA-GD-00006,instance1,CZCE TA TA001,20191024,09:23:35,0,2440523,-1,-1,4892.00000,4892.00000,0.00000,       91433,20191024

TA-GD-00006,instance1,CZCE TA TA001,20191024,09:23:36,1,2440523,2440529,1,4890.00000,4894.00000,0.00000,       91436,20191024

TA-GD-00006,instance1,CZCE TA TA001,20191024,09:24:39,0,2440934,-1,1,4902.00000,4902.00000,0.00000,       91959,20191024

TA-GD-00006,instance1,CZCE TA TA001,20191024,09:24:40,1,2440934,2440941,-1,4904.00000,4900.00000,0.00000,       91962,20191024

TA-GD-00006,instance1,CZCE TA TA001,20191024,09:24:51,0,2440989,-1,1,4900.00000,4900.00000,0.00000,       92004,20191024

TA-GD-00006,instance1,CZCE TA TA001,20191024,09:24:51,1,2440989,2440998,-1,4902.00000,4898.00000,0.00000,       92009,20191024

TA-GD-00006,instance1,CZCE TA TA001,20191024,09:25:07,0,2441360,-1,1,4898.00000,4898.00000,0.00000,       92229,20191024

TA-GD-00006,instance1,CZCE TA TA001,20191024,09:25:08,1,2441360,2441383,-1,4900.00000,4896.00000,0.00000,       92242,20191024

TA-GD-00006,instance1,CZCE TA TA001,20191024,09:26:06,0,2441729,-1,1,4898.00000,4898.00000,0.00000,       92585,20191024

TA-GD-00006,instance1,CZCE TA TA001,20191024,09:26:08,1,2441729,2441753,-1,4900.00000,4896.00000,0.00000,       92606,20191024

MA-GD-00006,instance1,CZCE MA MA001,20191024,09:28:36,0,2442782,-1,-1,2119.00000,2119.00000,0.00000,       93747,20191024

MA-GD-00006,instance1,CZCE MA MA001,20191024,09:28:37,1,2442782,2442789,1,2118.00000,2120.00000,0.00000,       93748,20191024

TA-GD-00006,instance1,CZCE TA TA001,20191024,09:28:58,0,2442874,-1,1,4902.00000,4902.00000,0.00000,       93819,20191024

TA-GD-00006,instance1,CZCE TA TA001,20191024,09:28:59,1,2442874,2442900,-1,4904.00000,4900.00000,0.00000,       93832,20191024

TA-GD-00006,instance1,CZCE TA TA001,20191024,09:29:27,0,2443039,-1,1,4900.00000,4900.00000,0.00000,       94055,20191024

TA-GD-00006,instance1,CZCE TA TA001,20191024,09:29:28,1,2443039,2443049,-1,4902.00000,4898.00000,0.00000,       94064,20191024

MA-GD-00006,instance1,CZCE MA MA001,20191024,09:29:33,0,2443087,-1,-1,2119.00000,2119.00000,0.00000,       94103,20191024

MA-GD-00006,instance1,CZCE MA MA001,20191024,09:29:35,1,2443087,2443100,1,2118.00000,2119.00000,0.00000,       94107,20191024

MA-GD-00006,instance1,CZCE MA MA001,20191024,09:32:57,0,2444064,-1,1,2120.00000,2120.00000,0.00000,       96134,20191024

MA-GD-00006,instance1,CZCE MA MA001,20191024,09:32:58,1,2444064,2444080,-1,2121.00000,2119.00000,0.00000,       96147,20191024

MA-GD-00006,instance1,CZCE MA MA001,20191024,09:33:37,0,2444308,-1,-1,2118.00000,2118.00000,0.00000,       96435,20191024

MA-GD-00006,instance1,CZCE MA MA001,20191024,09:33:38,1,2444308,2444335,1,2117.00000,2119.00000,0.00000,       96444,20191024

MA-GD-00006,instance1,CZCE MA MA001,20191024,09:34:42,0,2444931,-1,-1,2119.00000,2119.00000,0.00000,       96983,20191024

MA-GD-00006,instance1,CZCE MA MA001,20191024,09:34:43,1,2444931,2444959,1,2118.00000,2120.00000,0.00000,       96997,20191024

MA-GD-00006,instance1,CZCE MA MA001,20191024,09:36:22,0,2445681,-1,1,2121.00000,2121.00000,0.00000,       97929,20191024

MA-GD-00006,instance1,CZCE MA MA001,20191024,09:36:24,1,2445681,2445696,-1,2122.00000,2121.00000,0.00000,       97946,20191024

MA-GD-00006,instance1,CZCE MA MA001,20191024,09:37:02,0,2445850,-1,1,2122.00000,2122.00000,0.00000,       98235,20191024

MA-GD-00006,instance1,CZCE MA MA001,20191024,09:37:04,1,2445850,2445882,-1,2123.00000,2122.00000,0.00000,       98257,20191024

MA-GD-00006,instance1,CZCE MA MA001,20191024,09:37:30,0,2445929,-1,1,2122.00000,2122.00000,0.00000,       98399,20191024

MA-GD-00006,instance1,CZCE MA MA001,20191024,09:37:31,1,2445929,2445935,-1,2123.00000,2121.00000,0.00000,       98403,20191024

MA-GD-00006,instance1,CZCE MA MA001,20191024,09:38:08,0,2446091,-1,1,2121.00000,2121.00000,0.00000,       98646,20191024

MA-GD-00006,instance1,CZCE MA MA001,20191024,09:38:09,1,2446091,2446099,-1,2122.00000,2120.00000,0.00000,       98662,20191024

MA-GD-00006,instance1,CZCE MA MA001,20191024,09:40:22,0,2446912,-1,-1,2121.00000,2121.00000,0.00000,       99749,20191024

MA-GD-00006,instance1,CZCE MA MA001,20191024,09:40:23,1,2446912,2446928,1,2120.00000,2122.00000,0.00000,       99770,20191024

TA-GD-00006,instance1,CZCE TA TA001,20191024,09:40:42,0,2447042,-1,1,4906.00000,4904.00000,0.00000,       99939,20191024

TA-GD-00006,instance1,CZCE TA TA001,20191024,09:40:42,1,2447042,2447051,-1,4908.00000,4902.00000,0.00000,       99951,20191024

MA-GD-00006,instance1,CZCE MA MA001,20191024,09:41:48,0,2447479,-1,1,2121.00000,2121.00000,0.00000,      100476,20191024

MA-GD-00006,instance1,CZCE MA MA001,20191024,09:41:50,1,2447479,2447504,-1,2122.00000,2120.00000,0.00000,      100487,20191024

TA-GD-00006,instance1,CZCE TA TA001,20191024,09:43:16,0,2448106,-1,1,4902.00000,4902.00000,0.00000,      101251,20191024

TA-GD-00006,instance1,CZCE TA TA001,20191024,09:43:17,1,2448106,2448128,-1,4904.00000,4900.00000,0.00000,      101271,20191024

TA-GD-00006,instance1,CZCE TA TA001,20191024,09:44:04,0,2448399,-1,-1,4900.00000,4900.00000,0.00000,      101592,20191024

TA-GD-00006,instance1,CZCE TA TA001,20191024,09:44:05,1,2448399,2448418,1,4898.00000,4902.00000,0.00000,      101603,20191024

TA-GD-00006,instance1,CZCE TA TA001,20191024,09:48:38,0,2449926,-1,1,4902.00000,4902.00000,0.00000,      103499,20191024

TA-GD-00006,instance1,CZCE TA TA001,20191024,09:48:39,1,2449926,2449936,-1,4904.00000,4900.00000,0.00000,      103505,20191024

TA-GD-00006,instance1,CZCE TA TA001,20191024,09:48:54,0,2449971,-1,1,4902.00000,4902.00000,0.00000,      103593,20191024

TA-GD-00006,instance1,CZCE TA TA001,20191024,09:48:55,1,2449971,2449979,-1,4904.00000,4902.00000,0.00000,      103595,20191024

TA-GD-00006,instance1,CZCE TA TA001,20191024,09:51:02,0,2450534,-1,-1,4898.00000,4898.00000,0.00000,      104557,20191024

TA-GD-00006,instance1,CZCE TA TA001,20191024,09:51:03,1,2450534,2450548,1,4896.00000,4900.00000,0.00000,      104570,20191024

MA-GD-00006,instance1,CZCE MA MA001,20191024,09:51:07,0,2450576,-1,-1,2118.00000,2118.00000,0.00000,      104593,20191024

MA-GD-00006,instance1,CZCE MA MA001,20191024,09:51:08,1,2450576,2450598,1,2117.00000,2119.00000,0.00000,      104601,20191024

MA-GD-00006,instance1,CZCE MA MA001,20191024,09:55:26,0,2451444,-1,1,2121.00000,2121.00000,0.00000,      106019,20191024

MA-GD-00006,instance1,CZCE MA MA001,20191024,09:55:28,1,2451444,2451455,-1,2122.00000,2121.00000,0.00000,      106026,20191024

MA-GD-00006,instance1,CZCE MA MA001,20191024,09:56:01,0,2451520,-1,1,2121.00000,2121.00000,0.00000,      106160,20191024

MA-GD-00006,instance1,CZCE MA MA001,20191024,09:56:01,1,2451520,2451526,-1,2122.00000,2120.00000,0.00000,      106164,20191024

TA-GD-00006,instance1,CZCE TA TA001,20191024,10:00:28,0,2452783,-1,-1,4898.00000,4898.00000,0.00000,      107878,20191024

TA-GD-00006,instance1,CZCE TA TA001,20191024,10:00:29,1,2452783,2452795,1,4896.00000,4900.00000,0.00000,      107885,20191024

MA-GD-00006,instance1,CZCE MA MA001,20191024,10:05:03,0,2455151,-1,-1,2120.00000,2120.00000,0.00000,      110445,20191024

MA-GD-00006,instance1,CZCE MA MA001,20191024,10:05:05,1,2455151,2455169,1,2119.00000,2121.00000,0.00000,      110457,20191024

TA-GD-00006,instance1,CZCE TA TA001,20191024,10:05:46,0,2455386,-1,-1,4896.00000,4896.00000,0.00000,      110686,20191024

TA-GD-00006,instance1,CZCE TA TA001,20191024,10:05:47,1,2455386,2455408,1,4894.00000,4896.00000,0.00000,      110696,20191024

MA-GD-00006,instance1,CZCE MA MA001,20191024,10:06:55,0,2455766,-1,1,2122.00000,2122.00000,0.00000,      111142,20191024

MA-GD-00006,instance1,CZCE MA MA001,20191024,10:06:57,1,2455766,2455797,-1,2123.00000,2121.00000,0.00000,      111164,20191024

MA-GD-00006,instance1,CZCE MA MA001,20191024,10:08:43,0,2456424,-1,-1,2121.00000,2121.00000,0.00000,      111914,20191024

MA-GD-00006,instance1,CZCE MA MA001,20191024,10:08:44,1,2456424,2456434,1,2120.00000,2122.00000,0.00000,      111917,20191024

TA-GD-00006,instance1,CZCE TA TA001,20191024,10:14:55,0,2458040,-1,-1,4894.00000,4894.00000,0.00000,      114135,20191024

TA-GD-00006,instance1,CZCE TA TA001,20191024,10:30:02,1,2458040,2458175,1,4892.00000,4894.00000,0.00000,      114713,20191024

TA-GD-00006,instance1,CZCE TA TA001,20191024,10:30:12,0,2458287,-1,-1,4894.00000,4894.00000,0.00000,      115044,20191024

TA-GD-00006,instance1,CZCE TA TA001,20191024,10:30:14,1,2458287,2458299,1,4892.00000,4896.00000,0.00000,      115072,20191024

MA-GD-00006,instance1,CZCE MA MA001,20191024,10:31:33,0,2459041,-1,-1,2121.00000,2121.00000,0.00000,      115958,20191024

MA-GD-00006,instance1,CZCE MA MA001,20191024,10:31:34,1,2459041,2459051,1,2120.00000,2122.00000,0.00000,      115967,20191024

MA-GD-00006,instance1,CZCE MA MA001,20191024,10:33:13,0,2459582,-1,1,2121.00000,2121.00000,0.00000,      116536,20191024

MA-GD-00006,instance1,CZCE MA MA001,20191024,10:33:14,1,2459582,2459598,-1,2122.00000,2120.00000,0.00000,      116547,20191024

MA-GD-00006,instance1,CZCE MA MA001,20191024,10:33:43,0,2459678,-1,1,2121.00000,2121.00000,0.00000,      116668,20191024

MA-GD-00006,instance1,CZCE MA MA001,20191024,10:33:44,1,2459678,2459684,-1,2122.00000,2120.00000,0.00000,      116669,20191024

TA-GD-00006,instance1,CZCE TA TA001,20191024,10:35:16,0,2459977,-1,1,4896.00000,4896.00000,0.00000,      117045,20191024

TA-GD-00006,instance1,CZCE TA TA001,20191024,10:35:18,1,2459977,2459984,-1,4898.00000,4894.00000,0.00000,      117058,20191024

MA-GD-00006,instance1,CZCE MA MA001,20191024,10:37:06,0,2460484,-1,-1,2119.00000,2119.00000,0.00000,      117733,20191024

MA-GD-00006,instance1,CZCE MA MA001,20191024,10:37:07,1,2460484,2460492,1,2118.00000,2120.00000,0.00000,      117741,20191024

TA-GD-00006,instance1,CZCE TA TA001,20191024,10:37:23,0,2460641,-1,-1,4892.00000,4892.00000,0.00000,      117815,20191024

TA-GD-00006,instance1,CZCE TA TA001,20191024,10:37:24,1,2460641,2460664,1,4890.00000,4892.00000,0.00000,      117832,20191024

TA-GD-00006,instance1,CZCE TA TA001,20191024,10:37:28,0,2460701,-1,-1,4892.00000,4892.00000,0.00000,      117846,20191024

TA-GD-00006,instance1,CZCE TA TA001,20191024,10:37:30,1,2460701,2460722,1,4890.00000,4894.00000,0.00000,      117859,20191024

MA-GD-00006,instance1,CZCE MA MA001,20191024,10:41:22,0,2461911,-1,-1,2118.00000,2118.00000,0.00000,      119440,20191024

MA-GD-00006,instance1,CZCE MA MA001,20191024,10:41:24,1,2461911,2461917,1,2117.00000,2119.00000,0.00000,      119443,20191024

MA-GD-00006,instance1,CZCE MA MA001,20191024,10:41:34,0,2461943,-1,1,2120.00000,2120.00000,0.00000,      119478,20191024

MA-GD-00006,instance1,CZCE MA MA001,20191024,10:41:36,1,2461943,2461958,-1,2121.00000,2120.00000,0.00000,      119485,20191024

MA-GD-00006,instance1,CZCE MA MA001,20191024,10:43:08,0,2462254,-1,1,2123.00000,2123.00000,0.00000,      120018,20191024

MA-GD-00006,instance1,CZCE MA MA001,20191024,10:43:10,1,2462254,2462266,-1,2124.00000,2123.00000,0.00000,      120021,20191024

MA-GD-00006,instance1,CZCE MA MA001,20191024,10:44:14,0,2462682,-1,1,2125.00000,2125.00000,0.00000,      120535,20191024

MA-GD-00006,instance1,CZCE MA MA001,20191024,10:44:16,1,2462682,2462717,-1,2126.00000,2125.00000,0.00000,      120561,20191024

MA-GD-00006,instance1,CZCE MA MA001,20191024,10:44:50,0,2462896,-1,1,2125.00000,2125.00000,0.00000,      120811,20191024

MA-GD-00006,instance1,CZCE MA MA001,20191024,10:44:51,1,2462896,2462927,-1,2126.00000,2124.00000,0.00000,      120821,20191024

TA-GD-00006,instance1,CZCE TA TA001,20191024,10:48:21,0,2464168,-1,1,4894.00000,4894.00000,0.00000,      121962,20191024

TA-GD-00006,instance1,CZCE TA TA001,20191024,10:48:22,1,2464168,2464188,-1,4896.00000,4892.00000,0.00000,      121969,20191024

TA-GD-00006,instance1,CZCE TA TA001,20191024,10:49:32,0,2464629,-1,-1,4894.00000,4894.00000,0.00000,      122553,20191024

TA-GD-00006,instance1,CZCE TA TA001,20191024,10:49:34,1,2464629,2464679,1,4892.00000,4896.00000,0.00000,      122582,20191024

MA-GD-00006,instance1,CZCE MA MA001,20191024,10:50:40,0,2465302,-1,1,2127.00000,2127.00000,0.00000,      123161,20191024

MA-GD-00006,instance1,CZCE MA MA001,20191024,10:50:41,1,2465302,2465312,-1,2128.00000,2126.00000,0.00000,      123168,20191024

MA-GD-00006,instance1,CZCE MA MA001,20191024,10:51:16,0,2465641,-1,1,2127.00000,2127.00000,0.00000,      123565,20191024

MA-GD-00006,instance1,CZCE MA MA001,20191024,10:51:17,1,2465641,2465684,-1,2128.00000,2126.00000,0.00000,      123581,20191024

TA-GD-00006,instance1,CZCE TA TA001,20191024,10:51:28,0,2465812,-1,1,4896.00000,4896.00000,0.00000,      123730,20191024

TA-GD-00006,instance1,CZCE TA TA001,20191024,10:51:30,1,2465812,2465840,-1,4898.00000,4896.00000,0.00000,      123741,20191024

MA-GD-00006,instance1,CZCE MA MA001,20191024,10:53:06,0,2466557,-1,1,2130.00000,2130.00000,0.00000,      124693,20191024

MA-GD-00006,instance1,CZCE MA MA001,20191024,10:53:08,1,2466557,2466565,-1,2131.00000,2129.00000,0.00000,      124710,20191024

MA-GD-00006,instance1,CZCE MA MA001,20191024,10:53:48,0,2466765,-1,1,2129.00000,2129.00000,0.00000,      124977,20191024

MA-GD-00006,instance1,CZCE MA MA001,20191024,10:53:48,1,2466765,2466775,-1,2130.00000,2128.00000,0.00000,      124981,20191024

TA-GD-00006,instance1,CZCE TA TA001,20191024,10:55:50,0,2467596,-1,1,4902.00000,4902.00000,0.00000,      125994,20191024

TA-GD-00006,instance1,CZCE TA TA001,20191024,10:55:51,1,2467596,2467609,-1,4904.00000,4900.00000,0.00000,      126003,20191024

TA-GD-00006,instance1,CZCE TA TA001,20191024,10:56:14,0,2467716,-1,1,4900.00000,4900.00000,0.00000,      126173,20191024

TA-GD-00006,instance1,CZCE TA TA001,20191024,10:56:15,1,2467716,2467727,-1,4902.00000,4898.00000,0.00000,      126179,20191024

TA-GD-00006,instance1,CZCE TA TA001,20191024,10:57:26,0,2468127,-1,1,4900.00000,4900.00000,0.00000,      126939,20191024

TA-GD-00006,instance1,CZCE TA TA001,20191024,10:57:27,1,2468127,2468139,-1,4902.00000,4898.00000,0.00000,      126945,20191024

MA-GD-00006,instance1,CZCE MA MA001,20191024,10:59:02,0,2468913,-1,1,2130.00000,2130.00000,0.00000,      128092,20191024

MA-GD-00006,instance1,CZCE MA MA001,20191024,10:59:02,1,2468913,2468930,-1,2131.00000,2129.00000,0.00000,      128104,20191024

MA-GD-00006,instance1,CZCE MA MA001,20191024,11:03:10,0,2470353,-1,-1,2128.00000,2128.00000,0.00000,      130380,20191024

MA-GD-00006,instance1,CZCE MA MA001,20191024,11:03:12,1,2470353,2470374,1,2127.00000,2128.00000,0.00000,      130402,20191024

MA-GD-00006,instance1,CZCE MA MA001,20191024,11:06:00,0,2471612,-1,-1,2128.00000,2128.00000,0.00000,      131699,20191024

MA-GD-00006,instance1,CZCE MA MA001,20191024,11:06:01,1,2471612,2471646,1,2127.00000,2129.00000,0.00000,      131719,20191024

TA-GD-00006,instance1,TA001,20191024S,11:08:16,-1,-1,-1,0,-1.00000,-1.00000,0.00000,0000,20191024

MA-GD-00006,instance1,MA001,20191024S,11:08:22,-1,-1,-1,0,-1.00000,-1.00000,0.00000,0000,20191024

rb-GD-00006,instance1,rb2001,20191024S,11:08:28,-1,-1,-1,0,-1.00000,-1.00000,0.00000,0000,20191024

MA-GD-00006,instance1,CZCE MA MA001,20191024,11:12:33,0,2474045,-1,1,2132.00000,2132.00000,0.00000,      135046,20191024

MA-GD-00006,instance1,CZCE MA MA001,20191024,11:12:34,1,2474045,2474063,-1,2133.00000,2131.00000,0.00000,      135066,20191024

rb-GD-00006,instance1,SHFE rb rb2001,20191024,11:12:43,0,24464551,-1,-1,3297.00000,3297.00000,0.00000,      135115,20191024

rb-GD-00006,instance1,SHFE rb rb2001,20191024,11:12:44,1,24464551,24464597,1,3296.00000,3298.00000,0.00000,      135128,20191024

rb-GD-00006,instance1,SHFE rb rb2001,20191024,11:13:38,0,24465872,-1,1,3298.00000,3298.00000,0.00000,      135592,20191024

rb-GD-00006,instance1,SHFE rb rb2001,20191024,11:13:39,1,24465872,24465905,-1,3299.00000,3297.00000,0.00000,      135597,20191024

TA-GD-00006,instance1,CZCE TA TA001,20191024,11:13:55,0,2474565,-1,1,4900.00000,4900.00000,0.00000,      135728,20191024

TA-GD-00006,instance1,CZCE TA TA001,20191024,11:13:56,1,2474565,2474572,-1,4902.00000,4898.00000,0.00000,      135740,20191024

rb-GD-00006,instance1,SHFE rb rb2001,20191024,11:14:52,0,24467571,-1,1,3297.00000,3297.00000,0.00000,      136082,20191024

rb-GD-00006,instance1,SHFE rb rb2001,20191024,11:14:53,1,24467571,24467602,-1,3298.00000,3296.00000,0.00000,      136091,20191024

MA-GD-00006,instance1,CZCE MA MA001,20191024,11:15:20,0,2474941,-1,-1,2131.00000,2131.00000,0.00000,      136394,20191024

MA-GD-00006,instance1,CZCE MA MA001,20191024,11:15:22,1,2474941,2474958,1,2130.00000,2131.00000,0.00000,      136405,20191024

rb-GD-00006,instance1,SHFE rb rb2001,20191024,11:15:39,0,24468838,-1,-1,3296.00000,3296.00000,0.00000,      136469,20191024

rb-GD-00006,instance1,SHFE rb rb2001,20191024,11:15:40,1,24468838,24468869,1,3295.00000,3297.00000,0.00000,      136477,20191024

MA-GD-00006,instance1,CZCE MA MA001,20191024,11:16:39,0,2475389,-1,-1,2131.00000,2131.00000,0.00000,      137050,20191024

MA-GD-00006,instance1,CZCE MA MA001,20191024,11:16:39,1,2475389,2475402,1,2130.00000,2132.00000,0.00000,      137054,20191024

TA-GD-00006,instance1,CZCE TA TA001,20191024,11:17:37,0,2475795,-1,1,4902.00000,4902.00000,0.00000,      137593,20191024

TA-GD-00006,instance1,CZCE TA TA001,20191024,11:17:39,1,2475795,2475825,-1,4904.00000,4900.00000,0.00000,      137607,20191024

rb-GD-00006,instance1,SHFE rb rb2001,20191024,11:17:55,0,24471869,-1,1,3301.00000,3301.00000,0.00000,      137759,20191024

rb-GD-00006,instance1,SHFE rb rb2001,20191024,11:17:56,1,24471869,24471947,-1,3302.00000,3300.00000,0.00000,      137783,20191024

MA-GD-00006,instance1,CZCE MA MA001,20191024,11:18:42,0,2476232,-1,1,2132.00000,2132.00000,0.00000,      138175,20191024

MA-GD-00006,instance1,CZCE MA MA001,20191024,11:18:43,1,2476232,2476266,-1,2133.00000,2131.00000,0.00000,      138197,20191024

rb-GD-00006,instance1,SHFE rb rb2001,20191024,11:19:36,0,24475178,-1,1,3303.00000,3303.00000,0.00000,      138692,20191024

rb-GD-00006,instance1,SHFE rb rb2001,20191024,11:19:37,1,24475178,24475222,-1,3304.00000,3302.00000,0.00000,      138707,20191024

MA-GD-00006,instance1,CZCE MA MA001,20191024,11:20:06,0,2477036,-1,-1,2132.00000,2132.00000,0.00000,      139061,20191024

MA-GD-00006,instance1,CZCE MA MA001,20191024,11:20:08,1,2477036,2477069,1,2131.00000,2133.00000,0.00000,      139076,20191024

rb-GD-00006,instance1,SHFE rb rb2001,20191024,11:20:09,0,24476129,-1,1,3303.00000,3303.00000,0.00000,      139095,20191024

rb-GD-00006,instance1,SHFE rb rb2001,20191024,11:20:10,1,24476129,24476153,-1,3304.00000,3302.00000,0.00000,      139100,20191024

rb-GD-00006,instance1,SHFE rb rb2001,20191024,11:20:24,0,24476495,-1,1,3303.00000,3303.00000,0.00000,      139210,20191024

rb-GD-00006,instance1,SHFE rb rb2001,20191024,11:20:25,1,24476495,24476538,-1,3304.00000,3302.00000,0.00000,      139220,20191024

rb-GD-00006,instance1,SHFE rb rb2001,20191024,11:21:04,0,24477439,-1,1,3305.00000,3305.00000,0.00000,      139565,20191024

rb-GD-00006,instance1,SHFE rb rb2001,20191024,11:21:05,1,24477439,24477482,-1,3306.00000,3304.00000,0.00000,      139572,20191024

rb-GD-00006,instance1,SHFE rb rb2001,20191024,11:21:20,0,24477949,-1,1,3304.00000,3304.00000,0.00000,      139644,20191024

rb-GD-00006,instance1,SHFE rb rb2001,20191024,11:21:20,1,24477949,24477983,-1,3305.00000,3303.00000,0.00000,      139664,20191024

rb-GD-00006,instance1,SHFE rb rb2001,20191024,11:22:49,0,24480881,-1,1,3302.00000,3302.00000,0.00000,      140242,20191024

rb-GD-00006,instance1,SHFE rb rb2001,20191024,11:22:50,1,24480881,24480932,-1,3303.00000,3301.00000,0.00000,      140251,20191024

rb-GD-00006,instance1,SHFE rb rb2001,20191024,11:23:23,0,24482120,-1,-1,3300.00000,3300.00000,0.00000,      140659,20191024

rb-GD-00006,instance1,SHFE rb rb2001,20191024,11:23:23,1,24482120,24482139,1,3299.00000,3301.00000,0.00000,      140666,20191024

MA-GD-00006,instance1,CZCE MA MA001,20191024,11:23:33,0,2478244,-1,-1,2131.00000,2131.00000,0.00000,      140739,20191024

MA-GD-00006,instance1,CZCE MA MA001,20191024,11:23:34,1,2478244,2478275,1,2130.00000,2132.00000,0.00000,      140748,20191024

rb-GD-00006,instance1,SHFE rb rb2001,20191024,11:23:41,0,24482767,-1,-1,3301.00000,3301.00000,0.00000,      140797,20191024

rb-GD-00006,instance1,SHFE rb rb2001,20191024,11:23:42,1,24482767,24482815,1,3300.00000,3302.00000,0.00000,      140801,20191024

MA-GD-00006,instance1,CZCE MA MA001,20191024,11:27:17,0,2479521,-1,-1,2129.00000,2129.00000,0.00000,      142226,20191024

MA-GD-00006,instance1,CZCE MA MA001,20191024,11:27:19,1,2479521,2479533,1,2128.00000,2130.00000,0.00000,      142233,20191024

TA-GD-00006,instance1,CZCE TA TA001,20191024,11:27:50,0,2479598,-1,-1,4896.00000,4896.00000,0.00000,      142324,20191024

TA-GD-00006,instance1,CZCE TA TA001,20191024,11:27:52,1,2479598,2479608,1,4894.00000,4898.00000,0.00000,      142329,20191024

rb-GD-00006,instance1,SHFE rb rb2001,20191024,11:28:06,0,24491292,-1,1,3301.00000,3301.00000,0.00000,      142394,20191024

rb-GD-00006,instance1,SHFE rb rb2001,20191024,11:28:07,1,24491292,24491322,-1,3302.00000,3300.00000,0.00000,      142401,20191024

TA-GD-00006,instance1,CZCE TA TA001,20191024,11:28:44,0,2479854,-1,-1,4896.00000,4896.00000,0.00000,      142577,20191024

TA-GD-00006,instance1,CZCE TA TA001,20191024,11:28:45,1,2479854,2479875,1,4894.00000,4898.00000,0.00000,      142591,20191024

TA-GD-00006,instance1,TA001,20191024S,13:28:14,-1,-1,-1,0,-1.00000,-1.00000,0.00000,0000,20191024

MA-GD-00006,instance1,MA001,20191024S,13:28:20,-1,-1,-1,0,-1.00000,-1.00000,0.00000,0000,20191024

rb-GD-00006,instance1,rb2001,20191024S,13:28:28,-1,-1,-1,0,-1.00000,-1.00000,0.00000,0000,20191024

MA-GD-00006,instance1,CZCE MA MA001,20191024,13:32:06,0,2483462,-1,-1,2128.00000,2128.00000,0.00000,      145536,20191024

rb-GD-00006,instance1,SHFE rb rb2001,20191024,13:32:33,0,24500976,-1,1,3308.00000,3308.00000,0.00000,      145783,20191024

TA-GD-00006,instance1,TA001,20191024S,14:04:29,-1,-1,-1,0,-1.00000,-1.00000,0.00000,0000,20191024

MA-GD-00006,instance1,MA001,20191024S,14:04:35,-1,-1,-1,0,-1.00000,-1.00000,0.00000,0000,20191024

rb-GD-00006,instance1,rb2001,20191024S,14:04:41,-1,-1,-1,0,-1.00000,-1.00000,0.00000,0000,20191024

TA-GD-00006,instance1,CZCE TA TA001,20191024,14:07:05,0,24132436,-1,1,4922.00000,4922.00000,0.00000,      163328,20191024

MA-GD-00006,instance1,CZCE MA MA001,20191024,14:07:27,0,24132728,-1,1,2137.00000,2137.00000,0.00000,      163481,20191024

TA-GD-00006,instance1,CZCE TA TA001,20191024,14:07:29,1,24132436,24132784,-1,4924.00000,4918.00000,0.00000,      163493,20191024

TA-GD-00006,instance1,CZCE TA TA001,20191024,14:08:11,0,24134215,-1,1,4920.00000,4920.00000,0.00000,      163756,20191024

TA-GD-00006,instance1,CZCE TA TA001,20191024,14:08:18,1,24134215,24134439,-1,4922.00000,4920.00000,0.00000,      163800,20191024

TA-GD-00006,instance1,TA001,20191024S,14:13:05,-1,-1,-1,0,-1.00000,-1.00000,0.00000,0000,20191024

TA-GD-00006,instance1,CZCE TA TA001,20191024,14:15:38,0,24144211,-1,1,4924.00000,4924.00000,0.00000,      167046,20191024

TA-GD-00006,instance1,CZCE TA TA001,20191024,14:16:55,1,24144211,24145627,-1,4926.00000,4922.00000,0.00000,      167692,20191024

TA-GD-00006,instance1,CZCE TA TA001,20191024,14:18:02,0,24146313,-1,-1,4918.00000,4918.00000,0.00000,      168559,20191024

TA-GD-00006,instance1,CZCE TA TA001,20191024,14:18:20,1,24146313,24146496,1,4916.00000,4918.00000,0.00000,      168766,20191024

TA-GD-00006,instance1,CZCE TA TA001,20191024,14:18:48,0,24146742,-1,-1,4918.00000,4918.00000,0.00000,      168999,20191024

TA-GD-00006,instance1,CZCE TA TA001,20191024,14:20:37,1,24146742,24147497,1,4916.00000,4914.00000,0.00000,      169863,20191024

TA-GD-00006,instance1,CZCE TA TA001,20191024,14:21:42,0,24148059,-1,1,4918.00000,4918.00000,0.00000,      170479,20191024

TA-GD-00006,instance1,TA001,20191024S,14:33:52,-1,-1,-1,0,-1.00000,-1.00000,0.00000,0000,20191024

TA-GD-00006,instance1,TA001,20191024S,14:37:08,-1,-1,-1,0,-1.00000,-1.00000,0.00000,0000,20191024

TA-GD-00006,instance1,TA001,20191024S,14:43:09,-1,-1,-1,0,-1.00000,-1.00000,0.00000,0000,20191024

TA-GD-00006,instance1,TA001,20191024S,14:48:55,-1,-1,-1,0,-1.00000,-1.00000,0.00000,0000,20191024

TA-GD-00006,instance1,CZCE TA TA001,20191024,14:52:10,0,24159529,-1,1,4930.00000,4930.00000,0.00000,      184866,20191024

TA-GD-00006,instance1,TA001,20191024S,15:00:05,-1,-1,-1,0,-1.00000,-1.00000,0.00000,0000,20191024

TA-GD-00006,instance1,TA001,20191024S,20:58:27,-1,-1,-1,0,-1.00000,-1.00000,0.00000,0000,20191025

MA-GD-00006,instance1,MA001,20191024S,20:58:34,-1,-1,-1,0,-1.00000,-1.00000,0.00000,0000,20191025

rb-GD-00006,instance1,rb2001,20191024S,20:58:41,-1,-1,-1,0,-1.00000,-1.00000,0.00000,0000,20191025

rb-GD-00006,instance1,SHFE rb rb2001,20191024,21:02:07,0,258938,-1,-1,3316.00000,3316.00000,0.00000,        3415,20191025

rb-GD-00006,instance1,SHFE rb rb2001,20191024,21:02:11,1,258938,259165,1,3315.00000,3316.00000,0.00000,        3477,20191025

rb-GD-00006,instance1,SHFE rb rb2001,20191024,21:02:21,0,259654,-1,-1,3317.00000,3317.00000,0.00000,        3611,20191025

rb-GD-00006,instance1,SHFE rb rb2001,20191024,21:02:23,1,259654,259811,1,3316.00000,3317.00000,0.00000,        3660,20191025

rb-GD-00006,instance1,SHFE rb rb2001,20191024,21:02:26,0,259999,-1,-1,3317.00000,3317.00000,0.00000,        3713,20191025

TA-GD-00006,instance1,TA001,20191024S,21:09:02,-1,-1,-1,0,-1.00000,-1.00000,0.00000,0000,20191025

TA-GD-00006,instance1,TA001,20191024S,21:12:16,-1,-1,-1,0,-1.00000,-1.00000,0.00000,0000,20191025

MA-GD-00006,instance1,MA001,20191024S,21:12:43,-1,-1,-1,0,-1.00000,-1.00000,0.00000,0000,20191025

rb-GD-00006,instance1,rb2001,20191024S,21:12:49,-1,-1,-1,0,-1.00000,-1.00000,0.00000,0000,20191025

rb-GD-00006,instance1,SHFE rb rb2001,20191024,21:15:40,0,2533707,-1,1,3323.00000,3323.00000,0.00000,       12659,20191025

MA-GD-00006,instance1,CZCE MA MA001,20191024,21:16:02,0,2542606,-1,-1,2133.00000,2133.00000,0.00000,       12810,20191025

rb-GD-00006,instance1,SHFE rb rb2001,20191024,21:16:28,1,2533707,2535348,-1,3324.00000,3321.00000,0.00000,       12999,20191025

TA-GD-00006,instance1,CZCE TA TA001,20191024,21:16:33,0,2543209,-1,-1,4946.00000,4946.00000,0.00000,       13048,20191025

TA-GD-00006,instance1,CZCE TA TA001,20191024,21:16:35,1,2543209,2543276,1,4944.00000,4946.00000,0.00000,       13060,20191025

TA-GD-00006,instance1,CZCE TA TA001,20191024,21:16:49,0,2543599,-1,-1,4946.00000,4946.00000,0.00000,       13183,20191025

TA-GD-00006,instance1,CZCE TA TA001,20191024,21:17:19,1,2543599,2544391,1,4944.00000,4946.00000,0.00000,       13407,20191025

rb-GD-00006,instance1,SHFE rb rb2001,20191024,21:18:32,0,2539657,-1,1,3323.00000,3323.00000,0.00000,       13870,20191025

TA-GD-00006,instance1,CZCE TA TA001,20191024,21:21:12,0,2550089,-1,-1,4942.00000,4942.00000,0.00000,       14972,20191025

rb-GD-00006,instance1,SHFE rb rb2001,20191024,21:21:19,1,2539657,2545143,-1,3324.00000,3320.00000,0.00000,       15058,20191025

TA-GD-00006,instance1,CZCE TA TA001,20191024,21:21:24,1,2550089,2550376,1,4940.00000,4940.00000,0.00000,       15086,20191025

TA-GD-00006,instance1,TA001,20191024S,21:24:13,-1,-1,-1,0,-1.00000,-1.00000,0.00000,0000,20191025

MA-GD-00006,instance1,MA001,20191024S,21:24:19,-1,-1,-1,0,-1.00000,-1.00000,0.00000,0000,20191025

rb-GD-00006,instance1,rb2001,20191024S,21:24:25,-1,-1,-1,0,-1.00000,-1.00000,0.00000,0000,20191025

MA-GD-00006,instance1,CZCE MA MA001,20191024,21:27:04,0,2559111,-1,1,2132.00000,2132.00000,0.00000,       17067,20191025

MA-GD-00006,instance1,CZCE MA MA001,20191024,21:27:07,1,2559111,2559159,-1,2133.00000,2132.00000,0.00000,       17081,20191025

MA-GD-00006,instance1,CZCE MA MA001,20191024,21:27:16,0,2559355,-1,1,2132.00000,2132.00000,0.00000,       17132,20191025

TA-GD-00006,instance1,CZCE TA TA001,20191024,21:27:16,0,2559358,-1,1,4944.00000,4944.00000,0.00000,       17133,20191025

MA-GD-00006,instance1,CZCE MA MA001,20191024,21:27:20,1,2559355,2559429,-1,2133.00000,2132.00000,0.00000,       17155,20191025

TA-GD-00006,instance1,CZCE TA TA001,20191024,21:27:21,1,2559358,2559450,-1,4946.00000,4944.00000,0.00000,       17161,20191025

TA-GD-00006,instance1,CZCE TA TA001,20191024,21:27:22,0,2559486,-1,1,4944.00000,4944.00000,0.00000,       17162,20191025

MA-GD-00006,instance1,CZCE MA MA001,20191024,21:27:26,0,2559581,-1,1,2132.00000,2132.00000,0.00000,       17179,20191025

TA-GD-00006,instance1,CZCE TA TA001,20191024,21:27:44,1,2559486,2560027,-1,4946.00000,4940.00000,0.00000,       17265,20191025

rb-GD-00006,instance1,SHFE rb rb2001,20191024,21:27:54,0,2559064,-1,-1,3315.00000,3315.00000,0.00000,       17304,20191025

rb-GD-00006,instance1,SHFE rb rb2001,20191024,21:27:57,1,2559064,2559135,1,3314.00000,3315.00000,0.00000,       17312,20191025

rb-GD-00006,instance1,SHFE rb rb2001,20191024,21:28:01,0,2559296,-1,-1,3315.00000,3315.00000,0.00000,       17349,20191025

rb-GD-00006,instance1,SHFE rb rb2001,20191024,21:28:13,1,2559296,2559750,1,3314.00000,3315.00000,0.00000,       17397,20191025

TA-GD-00006,instance1,CZCE TA TA001,20191024,21:28:44,0,2561447,-1,1,4942.00000,4942.00000,0.00000,       17564,20191025

rb-GD-00006,instance1,SHFE rb rb2001,20191024,21:28:49,0,2561023,-1,-1,3314.00000,3314.00000,0.00000,       17580,20191025

rb-GD-00006,instance1,SHFE rb rb2001,20191024,21:29:04,1,2561023,2561586,1,3313.00000,3314.00000,0.00000,       17697,20191025

MA-GD-00006,instance1,CZCE MA MA001,20191024,21:29:26,1,2559581,2562533,-1,2133.00000,2131.00000,0.00000,       17815,20191025

rb-GD-00006,instance1,SHFE rb rb2001,20191024,21:29:40,0,2562694,-1,-1,3313.00000,3313.00000,0.00000,       17854,20191025

MA-GD-00006,instance1,CZCE MA MA001,20191024,21:32:01,0,2566386,-1,-1,2130.00000,2130.00000,0.00000,       18814,20191025

TA-GD-00006,instance1,TA001,20191024S,21:42:03,-1,-1,-1,0,-1.00000,-1.00000,0.00000,0000,20191025

MA-GD-00006,instance1,MA001,20191024S,21:42:09,-1,-1,-1,0,-1.00000,-1.00000,0.00000,0000,20191025

rb-GD-00006,instance1,rb2001,20191024S,21:42:16,-1,-1,-1,0,-1.00000,-1.00000,0.00000,0000,20191025

rb-GD-00006,instance1,SHFE rb rb2001,20191024,21:45:36,0,2589967,-1,1,3320.00000,3320.00000,0.00000,       22579,20191025

rb-GD-00006,instance1,SHFE rb rb2001,20191024,21:45:42,1,2589967,2590098,-1,3321.00000,3320.00000,0.00000,       22598,20191025

rb-GD-00006,instance1,SHFE rb rb2001,20191024,21:46:01,0,2590487,-1,1,3320.00000,3320.00000,0.00000,       22707,20191025

MA-GD-00006,instance1,CZCE MA MA001,20191024,21:46:01,0,2585473,-1,1,2133.00000,2133.00000,0.00000,       22711,20191025

TA-GD-00006,instance1,CZCE TA TA001,20191024,21:46:33,0,2586190,-1,-1,4942.00000,4942.00000,0.00000,       22872,20191025

TA-GD-00006,instance1,CZCE TA TA001,20191024,21:46:59,1,2586190,2586758,1,4940.00000,4942.00000,0.00000,       22969,20191025

MA-GD-00006,instance1,CZCE MA MA001,20191024,21:47:22,1,2585473,2587241,-1,2134.00000,2132.00000,0.00000,       23086,20191025

TA-GD-00006,instance1,TA001,20191024S,21:54:34,-1,-1,-1,0,-1.00000,-1.00000,0.00000,0000,20191025

MA-GD-00006,instance1,MA001,20191024S,21:54:40,-1,-1,-1,0,-1.00000,-1.00000,0.00000,0000,20191025

rb-GD-00006,instance1,rb2001,20191024S,21:54:47,-1,-1,-1,0,-1.00000,-1.00000,0.00000,0000,20191025

MA-GD-00006,instance1,CZCE MA MA001,20191024,21:57:06,0,25103992,-1,-1,2130.00000,2130.00000,0.00000,       25752,20191025

MA-GD-00006,instance1,CZCE MA MA001,20191024,21:57:57,1,25103992,25105611,1,2129.00000,2130.00000,0.00000,       25918,20191025

rb-GD-00006,instance1,SHFE rb rb2001,20191024,21:58:00,0,25107987,-1,-1,3319.00000,3319.00000,0.00000,       25943,20191025

TA-GD-00006,instance1,CZCE TA TA001,20191024,21:58:11,0,25106157,-1,-1,4944.00000,4944.00000,0.00000,       25984,20191025

rb-GD-00006,instance1,SHFE rb rb2001,20191024,21:58:25,1,25107987,25108525,1,3318.00000,3318.00000,0.00000,       26014,20191025

rb-GD-00006,instance1,SHFE rb rb2001,20191024,21:58:26,0,25108559,-1,-1,3318.00000,3318.00000,0.00000,       26020,20191025

rb-GD-00006,instance1,SHFE rb rb2001,20191024,21:58:32,1,25108559,25108718,1,3317.00000,3317.00000,0.00000,       26037,20191025

rb-GD-00006,instance1,SHFE rb rb2001,20191024,21:58:54,0,25109217,-1,-1,3318.00000,3318.00000,0.00000,       26139,20191025

rb-GD-00006,instance1,SHFE rb rb2001,20191024,21:59:01,1,25109217,25109461,1,3317.00000,3319.00000,0.00000,       26200,20191025

MA-GD-00006,instance1,CZCE MA MA001,20191024,21:59:28,0,25109344,-1,-1,2129.00000,2129.00000,0.00000,       26306,20191025

TA-GD-00006,instance1,CZCE TA TA001,20191024,21:59:31,1,25106157,25109482,1,4942.00000,4944.00000,0.00000,       26317,20191025

MA-GD-00006,instance1,CZCE MA MA001,20191024,22:00:15,1,25109344,25111088,1,2128.00000,2130.00000,0.00000,       26579,20191025

TA-GD-00006,instance1,CZCE TA TA001,20191024,22:01:06,0,25111625,-1,1,4946.00000,4946.00000,0.00000,       26787,20191025

TA-GD-00006,instance1,CZCE TA TA001,20191024,22:01:09,1,25111625,25111646,-1,4948.00000,4946.00000,0.00000,       26803,20191025

TA-GD-00006,instance1,CZCE TA TA001,20191024,22:01:25,0,25111690,-1,1,4946.00000,4946.00000,0.00000,       26892,20191025

TA-GD-00006,instance1,CZCE TA TA001,20191024,22:01:28,1,25111690,25111699,-1,4948.00000,4946.00000,0.00000,       26899,20191025

MA-GD-00006,instance1,CZCE MA MA001,20191024,22:02:11,0,25112052,-1,-1,2128.00000,2128.00000,0.00000,       27229,20191025

TA-GD-00006,instance1,CZCE TA TA001,20191024,22:03:01,0,25112559,-1,1,4948.00000,4948.00000,0.00000,       27487,20191025

TA-GD-00006,instance1,CZCE TA TA001,20191024,22:03:03,1,25112559,25112592,-1,4950.00000,4948.00000,0.00000,       27497,20191025

TA-GD-00006,instance1,CZCE TA TA001,20191024,22:03:15,0,25112683,-1,1,4948.00000,4948.00000,0.00000,       27531,20191025

TA-GD-00006,instance1,CZCE TA TA001,20191024,22:04:03,1,25112683,25112981,-1,4950.00000,4948.00000,0.00000,       27720,20191025

rb-GD-00006,instance1,SHFE rb rb2001,20191024,22:04:11,0,25115062,-1,-1,3318.00000,3318.00000,0.00000,       27759,20191025

MA-GD-00006,instance1,CZCE MA MA001,20191024,22:05:01,1,25112052,25113658,1,2127.00000,2127.00000,0.00000,       27956,20191025

MA-GD-00006,instance1,CZCE MA MA001,20191024,22:06:25,0,25115971,-1,-1,2127.00000,2127.00000,0.00000,       28533,20191025

MA-GD-00006,instance1,CZCE MA MA001,20191024,22:06:37,1,25115971,25116375,1,2126.00000,2127.00000,0.00000,       28610,20191025

MA-GD-00006,instance1,CZCE MA MA001,20191024,22:06:42,0,25116600,-1,-1,2127.00000,2127.00000,0.00000,       28656,20191025

rb-GD-00006,instance1,SHFE rb rb2001,20191024,22:06:50,1,25115062,25122504,1,3317.00000,3323.00000,0.00000,       28724,20191025

rb-GD-00006,instance1,SHFE rb rb2001,20191024,22:07:27,0,25124579,-1,1,3322.00000,3322.00000,0.00000,       28938,20191025

rb-GD-00006,instance1,SHFE rb rb2001,20191024,22:07:30,1,25124579,25124768,-1,3323.00000,3322.00000,0.00000,       28948,20191025

MA-GD-00006,instance1,CZCE MA MA001,20191024,22:08:10,1,25116600,25119298,1,2126.00000,2128.00000,0.00000,       29142,20191025

rb-GD-00006,instance1,SHFE rb rb2001,20191024,22:09:24,0,25130722,-1,1,3323.00000,3323.00000,0.00000,       29509,20191025

rb-GD-00006,instance1,SHFE rb rb2001,20191024,22:11:12,1,25130722,25135800,-1,3324.00000,3322.00000,0.00000,       29975,20191025

TA-GD-00006,instance1,CZCE TA TA001,20191024,22:13:17,0,25126175,-1,1,4946.00000,4946.00000,0.00000,       30441,20191025

rb-GD-00006,instance1,SHFE rb rb2001,20191024,22:13:24,0,25140092,-1,-1,3321.00000,3321.00000,0.00000,       30469,20191025

MA-GD-00006,instance1,CZCE MA MA001,20191024,22:13:59,0,25127264,-1,1,2129.00000,2129.00000,0.00000,       30570,20191025

MA-GD-00006,instance1,CZCE MA MA001,20191024,22:16:22,1,25127264,25131188,-1,2130.00000,2128.00000,0.00000,       31231,20191025

rb-GD-00006,instance1,SHFE rb rb2001,20191024,22:16:32,1,25140092,25145642,1,3320.00000,3322.00000,0.00000,       31276,20191025

MA-GD-00006,instance1,CZCE MA MA001,20191024,22:19:00,0,25136043,-1,1,2128.00000,2128.00000,0.00000,       31747,20191025

MA-GD-00006,instance1,CZCE MA MA001,20191024,22:19:34,1,25136043,25137144,-1,2129.00000,2128.00000,0.00000,       31904,20191025

TA-GD-00006,instance1,CZCE TA TA001,20191024,22:19:50,1,25126175,25137668,-1,4948.00000,4944.00000,0.00000,       31942,20191025

TA-GD-00006,instance1,CZCE TA TA001,20191024,22:21:01,0,25140093,-1,-1,4942.00000,4942.00000,0.00000,       32317,20191025

TA-GD-00006,instance1,CZCE TA TA001,20191024,22:21:14,1,25140093,25140806,1,4940.00000,4942.00000,0.00000,       32385,20191025

TA-GD-00006,instance1,CZCE TA TA001,20191024,22:21:40,0,25142275,-1,-1,4944.00000,4944.00000,0.00000,       32529,20191025

TA-GD-00006,instance1,CZCE TA TA001,20191024,22:25:05,1,25142275,25156500,1,4942.00000,4954.00000,0.00000,       33407,20191025

TA-GD-00006,instance1,CZCE TA TA001,20191024,22:25:12,0,25156928,-1,1,4952.00000,4952.00000,0.00000,       33426,20191025

TA-GD-00006,instance1,CZCE TA TA001,20191024,22:25:35,1,25156928,25158553,-1,4954.00000,4950.00000,0.00000,       33496,20191025

TA-GD-00006,instance1,CZCE TA TA001,20191024,22:25:37,0,25158749,-1,1,4950.00000,4950.00000,0.00000,       33522,20191025

TA-GD-00006,instance1,CZCE TA TA001,20191024,22:26:02,1,25158749,25160296,-1,4952.00000,4950.00000,0.00000,       33662,20191025

MA-GD-00006,instance1,CZCE MA MA001,20191024,22:26:20,0,25161531,-1,1,2131.00000,2131.00000,0.00000,       33712,20191025

MA-GD-00006,instance1,CZCE MA MA001,20191024,22:26:22,1,25161531,25161731,-1,2132.00000,2131.00000,0.00000,       33718,20191025

rb-GD-00006,instance1,SHFE rb rb2001,20191024,22:26:29,0,25156483,-1,1,3323.00000,3323.00000,0.00000,       33740,20191025

MA-GD-00006,instance1,CZCE MA MA001,20191024,22:27:13,0,25165361,-1,1,2131.00000,2131.00000,0.00000,       33983,20191025

MA-GD-00006,instance1,CZCE MA MA001,20191024,22:27:52,1,25165361,25167857,-1,2132.00000,2131.00000,0.00000,       34072,20191025

rb-GD-00006,instance1,SHFE rb rb2001,20191024,22:29:10,1,25156483,25159605,-1,3324.00000,3323.00000,0.00000,       34355,20191025

TA-GD-00006,instance1,CZCE TA TA001,20191024,22:30:35,0,25179541,-1,1,4950.00000,4950.00000,0.00000,       34750,20191025

rb-GD-00006,instance1,SHFE rb rb2001,20191024,22:31:04,0,25162024,-1,1,3328.00000,3328.00000,0.00000,       34973,20191025

rb-GD-00006,instance1,SHFE rb rb2001,20191024,22:31:06,1,25162024,25162065,-1,3329.00000,3328.00000,0.00000,       34981,20191025

rb-GD-00006,instance1,SHFE rb rb2001,20191024,22:31:09,0,25162110,-1,1,3328.00000,3328.00000,0.00000,       34989,20191025

rb-GD-00006,instance1,SHFE rb rb2001,20191024,22:31:10,1,25162110,25162133,-1,3329.00000,3328.00000,0.00000,       34995,20191025

rb-GD-00006,instance1,SHFE rb rb2001,20191024,22:31:14,0,25162210,-1,1,3328.00000,3328.00000,0.00000,       35002,20191025

rb-GD-00006,instance1,SHFE rb rb2001,20191024,22:31:58,1,25162210,25163207,-1,3329.00000,3325.00000,0.00000,       35184,20191025

rb-GD-00006,instance1,SHFE rb rb2001,20191024,22:32:23,0,25163846,-1,1,3326.00000,3326.00000,0.00000,       35310,20191025

MA-GD-00006,instance1,CZCE MA MA001,20191024,22:32:48,0,25188257,-1,1,2133.00000,2133.00000,0.00000,       35371,20191025

rb-GD-00006,instance1,SHFE rb rb2001,20191024,22:33:19,1,25163846,25165028,-1,3327.00000,3320.00000,0.00000,       35547,20191025

TA-GD-00006,instance1,CZCE TA TA001,20191024,22:34:13,1,25179541,25194639,-1,4952.00000,4946.00000,0.00000,       35859,20191025

TA-GD-00006,instance1,TA001,20191024S,22:36:46,-1,-1,-1,0,-1.00000,-1.00000,0.00000,0000,20191025

MA-GD-00006,instance1,MA001,20191024S,22:36:52,-1,-1,-1,0,-1.00000,-1.00000,0.00000,0000,20191025

rb-GD-00006,instance1,rb2001,20191024S,22:36:58,-1,-1,-1,0,-1.00000,-1.00000,0.00000,0000,20191025

rb-GD-00006,instance1,SHFE rb rb2001,20191024,22:40:59,0,25174373,-1,-1,3318.00000,3318.00000,0.00000,       37487,20191025

rb-GD-00006,instance1,SHFE rb rb2001,20191024,22:42:05,1,25174373,25175709,1,3317.00000,3319.00000,0.00000,       37673,20191025

MA-GD-00006,instance1,CZCE MA MA001,20191024,22:42:35,0,25227246,-1,-1,2131.00000,2131.00000,0.00000,       37730,20191025

rb-GD-00006,instance1,SHFE rb rb2001,20191024,22:42:53,0,25176619,-1,1,3320.00000,3320.00000,0.00000,       37757,20191025

rb-GD-00006,instance1,SHFE rb rb2001,20191024,22:43:15,1,25176619,25177078,-1,3321.00000,3318.00000,0.00000,       37867,20191025

TA-GD-00006,instance1,CZCE TA TA001,20191024,22:43:29,0,25231157,-1,1,4948.00000,4948.00000,0.00000,       37880,20191025

