TA-GD-00006,instance1,TA001,20191023S,08:55:53,-1,-1,-1,0,-1.00000,-1.00000,0.00000,0000,20191023

MA-GD-00006,instance1,MA001,20191023S,08:55:59,-1,-1,-1,0,-1.00000,-1.00000,0.00000,0000,20191023

rb-GD-00006,instance1,rb2001,20191023S,08:56:04,-1,-1,-1,0,-1.00000,-1.00000,0.00000,0000,20191023

MA-GD-00006,instance1,CZCE MA MA001,20191023,09:02:04,0,2334702,-1,-1,2151.00000,2151.00000,0.00000,       69177,20191023

rb-GD-00006,instance1,SHFE rb rb2001,20191023,09:02:05,0,23150543,-1,-1,3336.00000,3336.00000,0.00000,       69182,20191023

rb-GD-00006,instance1,SHFE rb rb2001,20191023,09:02:06,1,23150543,23150562,1,3335.00000,3336.00000,0.00000,       69216,20191023

MA-GD-00006,instance1,CZCE MA MA001,20191023,09:02:09,1,2334702,2334762,1,2150.00000,2151.00000,0.00000,       69284,20191023

MA-GD-00006,instance1,CZCE MA MA001,20191023,09:02:17,0,2334825,-1,-1,2151.00000,2151.00000,0.00000,       69370,20191023

MA-GD-00006,instance1,CZCE MA MA001,20191023,09:02:25,1,2334825,2334889,1,2150.00000,2151.00000,0.00000,       69434,20191023

rb-GD-00006,instance1,SHFE rb rb2001,20191023,09:02:45,0,23151058,-1,-1,3336.00000,3336.00000,0.00000,       69588,20191023

MA-GD-00006,instance1,CZCE MA MA001,20191023,09:02:52,0,2335001,-1,-1,2151.00000,2151.00000,0.00000,       69609,20191023

rb-GD-00006,instance1,SHFE rb rb2001,20191023,09:02:55,1,23151058,23151125,1,3335.00000,3336.00000,0.00000,       69624,20191023

TA-GD-00006,instance1,CZCE TA TA001,20191023,09:03:01,0,2335102,-1,-1,4878.00000,4878.00000,0.00000,       69697,20191023

MA-GD-00006,instance1,CZCE MA MA001,20191023,09:03:01,1,2335001,2335131,1,2150.00000,2151.00000,0.00000,       69715,20191023

TA-GD-00006,instance1,CZCE TA TA001,20191023,09:03:04,1,2335102,2335153,1,4876.00000,4878.00000,0.00000,       69732,20191023

rb-GD-00006,instance1,SHFE rb rb2001,20191023,09:03:26,0,23151446,-1,-1,3337.00000,3337.00000,0.00000,       69887,20191023

rb-GD-00006,instance1,SHFE rb rb2001,20191023,09:03:31,1,23151446,23151491,1,3336.00000,3337.00000,0.00000,       69911,20191023

MA-GD-00006,instance1,CZCE MA MA001,20191023,09:04:01,0,2335611,-1,-1,2147.00000,2147.00000,0.00000,       70114,20191023

MA-GD-00006,instance1,CZCE MA MA001,20191023,09:04:18,1,2335611,2335694,1,2146.00000,2148.00000,0.00000,       70216,20191023

MA-GD-00006,instance1,CZCE MA MA001,20191023,09:04:28,0,2335747,-1,-1,2149.00000,2149.00000,0.00000,       70314,20191023

MA-GD-00006,instance1,CZCE MA MA001,20191023,09:04:50,1,2335747,2335866,1,2148.00000,2151.00000,0.00000,       70427,20191023

TA-GD-00006,instance1,CZCE TA TA001,20191023,09:04:59,0,2335907,-1,1,4882.00000,4882.00000,0.00000,       70499,20191023

TA-GD-00006,instance1,CZCE TA TA001,20191023,09:05:03,1,2335907,2335992,-1,4884.00000,4882.00000,0.00000,       70568,20191023

rb-GD-00006,instance1,SHFE rb rb2001,20191023,09:05:36,0,23153032,-1,1,3341.00000,3341.00000,0.00000,       71017,20191023

rb-GD-00006,instance1,SHFE rb rb2001,20191023,09:05:39,1,23153032,23153046,-1,3342.00000,3341.00000,0.00000,       71037,20191023

rb-GD-00006,instance1,SHFE rb rb2001,20191023,09:06:05,0,23153252,-1,1,3341.00000,3341.00000,0.00000,       71279,20191023

rb-GD-00006,instance1,SHFE rb rb2001,20191023,09:06:06,1,23153252,23153263,-1,3342.00000,3340.00000,0.00000,       71285,20191023

MA-GD-00006,instance1,CZCE MA MA001,20191023,09:06:50,0,2336752,-1,-1,2147.00000,2147.00000,0.00000,       71590,20191023

MA-GD-00006,instance1,CZCE MA MA001,20191023,09:07:05,1,2336752,2336830,1,2146.00000,2147.00000,0.00000,       71716,20191023

rb-GD-00006,instance1,SHFE rb rb2001,20191023,09:07:25,0,23154122,-1,-1,3337.00000,3337.00000,0.00000,       71890,20191023

rb-GD-00006,instance1,SHFE rb rb2001,20191023,09:07:27,1,23154122,23154135,1,3336.00000,3338.00000,0.00000,       71898,20191023

rb-GD-00006,instance1,SHFE rb rb2001,20191023,09:07:44,0,23154256,-1,-1,3339.00000,3339.00000,0.00000,       71988,20191023

rb-GD-00006,instance1,SHFE rb rb2001,20191023,09:08:03,1,23154256,23154564,1,3338.00000,3339.00000,0.00000,       72178,20191023

rb-GD-00006,instance1,SHFE rb rb2001,20191023,09:09:45,0,23155514,-1,1,3341.00000,3341.00000,0.00000,       72890,20191023

rb-GD-00006,instance1,SHFE rb rb2001,20191023,09:09:59,1,23155514,23155559,-1,3342.00000,3341.00000,0.00000,       72961,20191023

rb-GD-00006,instance1,SHFE rb rb2001,20191023,09:10:04,0,23155647,-1,1,3341.00000,3341.00000,0.00000,       73033,20191023

rb-GD-00006,instance1,SHFE rb rb2001,20191023,09:10:12,1,23155647,23155680,-1,3342.00000,3341.00000,0.00000,       73100,20191023

TA-GD-00006,instance1,CZCE TA TA001,20191023,09:10:28,0,2338386,-1,-1,4880.00000,4880.00000,0.00000,       73278,20191023

rb-GD-00006,instance1,SHFE rb rb2001,20191023,09:10:29,0,23155857,-1,1,3341.00000,3341.00000,0.00000,       73283,20191023

rb-GD-00006,instance1,SHFE rb rb2001,20191023,09:10:30,1,23155857,23155871,-1,3342.00000,3341.00000,0.00000,       73292,20191023

TA-GD-00006,instance1,CZCE TA TA001,20191023,09:11:31,1,2338386,2338830,1,4878.00000,4884.00000,0.00000,       73652,20191023

rb-GD-00006,instance1,SHFE rb rb2001,20191023,09:11:33,0,23156361,-1,1,3342.00000,3342.00000,0.00000,       73659,20191023

rb-GD-00006,instance1,SHFE rb rb2001,20191023,09:11:44,1,23156361,23156440,-1,3343.00000,3342.00000,0.00000,       73702,20191023

MA-GD-00006,instance1,CZCE MA MA001,20191023,09:12:04,0,2339103,-1,1,2148.00000,2148.00000,0.00000,       73815,20191023

MA-GD-00006,instance1,CZCE MA MA001,20191023,09:12:19,1,2339103,2339274,-1,2149.00000,2146.00000,0.00000,       73967,20191023

rb-GD-00006,instance1,SHFE rb rb2001,20191023,09:13:27,0,23157401,-1,1,3343.00000,3343.00000,0.00000,       74438,20191023

MA-GD-00006,instance1,CZCE MA MA001,20191023,09:13:34,0,2339788,-1,-1,2144.00000,2144.00000,0.00000,       74464,20191023

rb-GD-00006,instance1,SHFE rb rb2001,20191023,09:13:35,1,23157401,23157468,-1,3344.00000,3342.00000,0.00000,       74486,20191023

MA-GD-00006,instance1,CZCE MA MA001,20191023,09:13:53,1,2339788,2339972,1,2143.00000,2145.00000,0.00000,       74567,20191023

MA-GD-00006,instance1,CZCE MA MA001,20191023,09:13:58,0,2340080,-1,-1,2146.00000,2146.00000,0.00000,       74636,20191023

TA-GD-00006,instance1,CZCE TA TA001,20191023,09:14:10,0,2340186,-1,-1,4874.00000,4874.00000,0.00000,       74717,20191023

MA-GD-00006,instance1,CZCE MA MA001,20191023,09:14:18,1,2340080,2340254,1,2145.00000,2147.00000,0.00000,       74758,20191023

TA-GD-00006,instance1,CZCE TA TA001,20191023,09:14:31,1,2340186,2340400,1,4872.00000,4876.00000,0.00000,       74874,20191023

rb-GD-00006,instance1,SHFE rb rb2001,20191023,09:14:45,0,23157984,-1,-1,3341.00000,3341.00000,0.00000,       75013,20191023

rb-GD-00006,instance1,SHFE rb rb2001,20191023,09:14:48,1,23157984,23158015,1,3340.00000,3343.00000,0.00000,       75044,20191023

rb-GD-00006,instance1,SHFE rb rb2001,20191023,09:15:52,0,23158765,-1,-1,3340.00000,3340.00000,0.00000,       75549,20191023

rb-GD-00006,instance1,SHFE rb rb2001,20191023,09:16:00,1,23158765,23158839,1,3339.00000,3341.00000,0.00000,       75605,20191023

MA-GD-00006,instance1,CZCE MA MA001,20191023,09:18:09,0,2342079,-1,1,2149.00000,2149.00000,0.00000,       76562,20191023

rb-GD-00006,instance1,SHFE rb rb2001,20191023,09:18:10,0,23159686,-1,-1,3339.00000,3339.00000,0.00000,       76565,20191023

rb-GD-00006,instance1,SHFE rb rb2001,20191023,09:18:18,1,23159686,23159770,1,3338.00000,3339.00000,0.00000,       76609,20191023

MA-GD-00006,instance1,CZCE MA MA001,20191023,09:18:27,1,2342079,2342173,-1,2150.00000,2148.00000,0.00000,       76661,20191023

rb-GD-00006,instance1,SHFE rb rb2001,20191023,09:18:53,0,23159988,-1,-1,3339.00000,3339.00000,0.00000,       76787,20191023

rb-GD-00006,instance1,SHFE rb rb2001,20191023,09:18:56,1,23159988,23160001,1,3338.00000,3339.00000,0.00000,       76817,20191023

rb-GD-00006,instance1,SHFE rb rb2001,20191023,09:18:57,0,23160011,-1,-1,3339.00000,3339.00000,0.00000,       76821,20191023

rb-GD-00006,instance1,SHFE rb rb2001,20191023,09:19:00,1,23160011,23160037,1,3338.00000,3339.00000,0.00000,       76840,20191023

rb-GD-00006,instance1,SHFE rb rb2001,20191023,09:20:39,0,23160604,-1,1,3338.00000,3338.00000,0.00000,       77409,20191023

MA-GD-00006,instance1,CZCE MA MA001,20191023,09:20:52,0,2343132,-1,-1,2145.00000,2145.00000,0.00000,       77492,20191023

MA-GD-00006,instance1,CZCE MA MA001,20191023,09:20:59,1,2343132,2343159,1,2144.00000,2145.00000,0.00000,       77532,20191023

rb-GD-00006,instance1,SHFE rb rb2001,20191023,09:21:09,1,23160604,23160798,-1,3339.00000,3338.00000,0.00000,       77610,20191023

TA-GD-00006,instance1,CZCE TA TA001,20191023,09:21:12,0,2343233,-1,-1,4878.00000,4878.00000,0.00000,       77619,20191023

rb-GD-00006,instance1,SHFE rb rb2001,20191023,09:21:26,0,23160924,-1,-1,3338.00000,3338.00000,0.00000,       77682,20191023

rb-GD-00006,instance1,SHFE rb rb2001,20191023,09:21:38,1,23160924,23160971,1,3337.00000,3339.00000,0.00000,       77728,20191023

TA-GD-00006,instance1,CZCE TA TA001,20191023,09:22:02,1,2343233,2343483,1,4876.00000,4878.00000,0.00000,       77856,20191023

MA-GD-00006,instance1,CZCE MA MA001,20191023,09:22:20,0,2343548,-1,-1,2144.00000,2144.00000,0.00000,       77914,20191023

MA-GD-00006,instance1,CZCE MA MA001,20191023,09:22:21,1,2343548,2343565,1,2143.00000,2145.00000,0.00000,       77929,20191023

rb-GD-00006,instance1,SHFE rb rb2001,20191023,09:23:01,0,23161467,-1,1,3339.00000,3339.00000,0.00000,       78092,20191023

rb-GD-00006,instance1,SHFE rb rb2001,20191023,09:23:03,1,23161467,23161481,-1,3340.00000,3339.00000,0.00000,       78101,20191023

MA-GD-00006,instance1,CZCE MA MA001,20191023,09:23:22,0,2343779,-1,1,2144.00000,2144.00000,0.00000,       78204,20191023

MA-GD-00006,instance1,CZCE MA MA001,20191023,09:23:55,1,2343779,2343927,-1,2145.00000,2144.00000,0.00000,       78308,20191023

rb-GD-00006,instance1,SHFE rb rb2001,20191023,09:24:43,0,23162096,-1,-1,3339.00000,3339.00000,0.00000,       78543,20191023

rb-GD-00006,instance1,SHFE rb rb2001,20191023,09:25:00,1,23162096,23162173,1,3338.00000,3339.00000,0.00000,       78597,20191023

TA-GD-00006,instance1,CZCE TA TA001,20191023,09:25:21,0,2344253,-1,-1,4876.00000,4876.00000,0.00000,       78766,20191023

TA-GD-00006,instance1,CZCE TA TA001,20191023,09:25:58,1,2344253,2344424,1,4874.00000,4880.00000,0.00000,       78934,20191023

rb-GD-00006,instance1,SHFE rb rb2001,20191023,09:26:12,0,23162750,-1,-1,3339.00000,3339.00000,0.00000,       79029,20191023

TA-GD-00006,instance1,CZCE TA TA001,20191023,09:26:16,0,2344523,-1,1,4878.00000,4878.00000,0.00000,       79056,20191023

rb-GD-00006,instance1,SHFE rb rb2001,20191023,09:27:01,1,23162750,23163212,1,3338.00000,3339.00000,0.00000,       79278,20191023

TA-GD-00006,instance1,CZCE TA TA001,20191023,09:27:29,1,2344523,2344762,-1,4880.00000,4876.00000,0.00000,       79382,20191023

rb-GD-00006,instance1,SHFE rb rb2001,20191023,09:30:06,0,23165035,-1,-1,3336.00000,3336.00000,0.00000,       80604,20191023

rb-GD-00006,instance1,SHFE rb rb2001,20191023,09:30:21,1,23165035,23165213,1,3335.00000,3336.00000,0.00000,       80767,20191023

rb-GD-00006,instance1,SHFE rb rb2001,20191023,09:30:39,0,23165354,-1,-1,3336.00000,3336.00000,0.00000,       80893,20191023

rb-GD-00006,instance1,SHFE rb rb2001,20191023,09:30:42,1,23165354,23165376,1,3335.00000,3336.00000,0.00000,       80913,20191023

rb-GD-00006,instance1,SHFE rb rb2001,20191023,09:30:48,0,23165403,-1,-1,3336.00000,3336.00000,0.00000,       80938,20191023

rb-GD-00006,instance1,SHFE rb rb2001,20191023,09:30:59,1,23165403,23165496,1,3335.00000,3336.00000,0.00000,       81021,20191023

rb-GD-00006,instance1,SHFE rb rb2001,20191023,09:32:09,0,23166192,-1,-1,3335.00000,3335.00000,0.00000,       81496,20191023

rb-GD-00006,instance1,SHFE rb rb2001,20191023,09:32:10,1,23166192,23166209,1,3334.00000,3336.00000,0.00000,       81503,20191023

rb-GD-00006,instance1,SHFE rb rb2001,20191023,09:32:10,0,23166217,-1,-1,3335.00000,3335.00000,0.00000,       81505,20191023

rb-GD-00006,instance1,SHFE rb rb2001,20191023,09:32:18,1,23166217,23166264,1,3334.00000,3334.00000,0.00000,       81559,20191023

rb-GD-00006,instance1,SHFE rb rb2001,20191023,09:32:25,0,23166306,-1,-1,3334.00000,3334.00000,0.00000,       81589,20191023

rb-GD-00006,instance1,SHFE rb rb2001,20191023,09:32:30,1,23166306,23166342,1,3333.00000,3334.00000,0.00000,       81618,20191023

rb-GD-00006,instance1,SHFE rb rb2001,20191023,09:32:32,0,23166358,-1,-1,3334.00000,3334.00000,0.00000,       81625,20191023

rb-GD-00006,instance1,SHFE rb rb2001,20191023,09:32:33,1,23166358,23166364,1,3333.00000,3334.00000,0.00000,       81626,20191023

rb-GD-00006,instance1,SHFE rb rb2001,20191023,09:32:34,0,23166371,-1,-1,3334.00000,3334.00000,0.00000,       81632,20191023

rb-GD-00006,instance1,SHFE rb rb2001,20191023,09:32:56,1,23166371,23166476,1,3333.00000,3335.00000,0.00000,       81727,20191023

MA-GD-00006,instance1,CZCE MA MA001,20191023,09:33:08,0,2346790,-1,1,2142.00000,2142.00000,0.00000,       81826,20191023

MA-GD-00006,instance1,CZCE MA MA001,20191023,09:33:33,1,2346790,2346929,-1,2143.00000,2141.00000,0.00000,       81966,20191023

MA-GD-00006,instance1,CZCE MA MA001,20191023,09:34:28,0,2347410,-1,-1,2142.00000,2142.00000,0.00000,       82595,20191023

MA-GD-00006,instance1,CZCE MA MA001,20191023,09:35:04,1,2347410,2347682,1,2141.00000,2141.00000,0.00000,       82947,20191023

TA-GD-00006,instance1,CZCE TA TA001,20191023,09:35:04,0,2347684,-1,-1,4874.00000,4874.00000,0.00000,       82948,20191023

rb-GD-00006,instance1,SHFE rb rb2001,20191023,09:35:05,0,23168073,-1,-1,3328.00000,3328.00000,0.00000,       82955,20191023

rb-GD-00006,instance1,SHFE rb rb2001,20191023,09:35:07,1,23168073,23168099,1,3327.00000,3328.00000,0.00000,       82968,20191023

TA-GD-00006,instance1,CZCE TA TA001,20191023,09:35:11,1,2347684,2347739,1,4872.00000,4874.00000,0.00000,       83003,20191023

rb-GD-00006,instance1,SHFE rb rb2001,20191023,09:35:46,0,23168618,-1,-1,3327.00000,3327.00000,0.00000,       83273,20191023

rb-GD-00006,instance1,SHFE rb rb2001,20191023,09:35:47,1,23168618,23168654,1,3326.00000,3327.00000,0.00000,       83285,20191023

rb-GD-00006,instance1,SHFE rb rb2001,20191023,09:35:58,0,23168801,-1,-1,3327.00000,3327.00000,0.00000,       83383,20191023

rb-GD-00006,instance1,SHFE rb rb2001,20191023,09:36:00,1,23168801,23168823,1,3326.00000,3327.00000,0.00000,       83403,20191023

MA-GD-00006,instance1,CZCE MA MA001,20191023,09:36:03,0,2347955,-1,-1,2140.00000,2140.00000,0.00000,       83430,20191023

rb-GD-00006,instance1,SHFE rb rb2001,20191023,09:36:04,0,23168883,-1,-1,3327.00000,3327.00000,0.00000,       83447,20191023

MA-GD-00006,instance1,CZCE MA MA001,20191023,09:36:07,1,2347955,2347990,1,2139.00000,2140.00000,0.00000,       83477,20191023

MA-GD-00006,instance1,CZCE MA MA001,20191023,09:36:09,0,2348005,-1,-1,2140.00000,2140.00000,0.00000,       83487,20191023

rb-GD-00006,instance1,SHFE rb rb2001,20191023,09:36:16,1,23168883,23169014,1,3326.00000,3326.00000,0.00000,       83565,20191023

rb-GD-00006,instance1,SHFE rb rb2001,20191023,09:36:21,0,23169049,-1,-1,3326.00000,3326.00000,0.00000,       83583,20191023

rb-GD-00006,instance1,SHFE rb rb2001,20191023,09:36:22,1,23169049,23169063,1,3325.00000,3326.00000,0.00000,       83587,20191023

MA-GD-00006,instance1,CZCE MA MA001,20191023,09:36:51,1,2348005,2348339,1,2139.00000,2141.00000,0.00000,       83773,20191023

rb-GD-00006,instance1,SHFE rb rb2001,20191023,09:37:10,0,23169359,-1,-1,3327.00000,3327.00000,0.00000,       83911,20191023

rb-GD-00006,instance1,SHFE rb rb2001,20191023,09:37:36,1,23169359,23169504,1,3326.00000,3327.00000,0.00000,       84011,20191023

MA-GD-00006,instance1,CZCE MA MA001,20191023,09:37:57,0,2348991,-1,1,2141.00000,2141.00000,0.00000,       84227,20191023

MA-GD-00006,instance1,CZCE MA MA001,20191023,09:38:23,1,2348991,2349066,-1,2142.00000,2141.00000,0.00000,       84358,20191023

TA-GD-00006,instance1,CZCE TA TA001,20191023,09:38:25,0,2349082,-1,1,4872.00000,4872.00000,0.00000,       84381,20191023

MA-GD-00006,instance1,CZCE MA MA001,20191023,09:39:37,0,2349397,-1,-1,2140.00000,2140.00000,0.00000,       84748,20191023

MA-GD-00006,instance1,CZCE MA MA001,20191023,09:39:39,1,2349397,2349702,1,2139.00000,2140.00000,0.00000,       84754,20191023

MA-GD-00006,instance1,CZCE MA MA001,20191023,09:40:11,0,2350107,-1,-1,2139.00000,2139.00000,0.00000,       84938,20191023

rb-GD-00006,instance1,SHFE rb rb2001,20191023,09:40:12,0,23171222,-1,1,3328.00000,3328.00000,0.00000,       84946,20191023

MA-GD-00006,instance1,CZCE MA MA001,20191023,09:40:17,1,2350107,2350125,1,2138.00000,2139.00000,0.00000,       84977,20191023

rb-GD-00006,instance1,SHFE rb rb2001,20191023,09:40:26,1,23171222,23171383,-1,3329.00000,3329.00000,0.00000,       85006,20191023

TA-GD-00006,instance1,CZCE TA TA001,20191023,09:40:50,1,2349082,2350210,-1,4874.00000,4872.00000,0.00000,       85074,20191023

rb-GD-00006,instance1,SHFE rb rb2001,20191023,09:41:01,0,23171879,-1,1,3329.00000,3329.00000,0.00000,       85122,20191023

rb-GD-00006,instance1,SHFE rb rb2001,20191023,09:41:05,1,23171879,23172014,-1,3330.00000,3329.00000,0.00000,       85153,20191023

rb-GD-00006,instance1,SHFE rb rb2001,20191023,09:41:15,0,23172353,-1,1,3329.00000,3329.00000,0.00000,       85185,20191023

rb-GD-00006,instance1,SHFE rb rb2001,20191023,09:41:49,1,23172353,23173512,-1,3330.00000,3328.00000,0.00000,       85353,20191023

rb-GD-00006,instance1,SHFE rb rb2001,20191023,09:41:58,0,23173832,-1,-1,3329.00000,3329.00000,0.00000,       85383,20191023

rb-GD-00006,instance1,SHFE rb rb2001,20191023,09:42:00,1,23173832,23173904,1,3328.00000,3329.00000,0.00000,       85397,20191023

TA-GD-00006,instance1,CZCE TA TA001,20191023,09:43:59,0,2351148,-1,1,4874.00000,4874.00000,0.00000,       86125,20191023

rb-GD-00006,instance1,SHFE rb rb2001,20191023,09:44:39,0,23179390,-1,1,3330.00000,3330.00000,0.00000,       86546,20191023

TA-GD-00006,instance1,CZCE TA TA001,20191023,09:44:40,1,2351148,2351451,-1,4876.00000,4874.00000,0.00000,       86559,20191023

MA-GD-00006,instance1,CZCE MA MA001,20191023,09:45:03,0,2351738,-1,-1,2129.00000,2129.00000,0.00000,       86929,20191023

MA-GD-00006,instance1,CZCE MA MA001,20191023,09:45:04,1,2351738,2351744,1,2128.00000,2128.00000,0.00000,       86937,20191023

MA-GD-00006,instance1,CZCE MA MA001,20191023,09:45:16,0,2351849,-1,-1,2129.00000,2129.00000,0.00000,       87064,20191023

MA-GD-00006,instance1,CZCE MA MA001,20191023,09:45:18,1,2351849,2351882,1,2128.00000,2129.00000,0.00000,       87080,20191023

MA-GD-00006,instance1,CZCE MA MA001,20191023,09:45:19,0,2351918,-1,-1,2129.00000,2129.00000,0.00000,       87099,20191023

MA-GD-00006,instance1,CZCE MA MA001,20191023,09:45:25,1,2351918,2352068,1,2128.00000,2131.00000,0.00000,       87184,20191023

MA-GD-00006,instance1,CZCE MA MA001,20191023,09:45:26,0,2352088,-1,-1,2130.00000,2130.00000,0.00000,       87192,20191023

MA-GD-00006,instance1,CZCE MA MA001,20191023,09:45:26,1,2352088,2352098,1,2129.00000,2130.00000,0.00000,       87195,20191023

rb-GD-00006,instance1,SHFE rb rb2001,20191023,09:45:31,1,23179390,23180800,-1,3331.00000,3330.00000,0.00000,       87226,20191023

TA-GD-00006,instance1,CZCE TA TA001,20191023,09:45:33,0,2352128,-1,-1,4870.00000,4870.00000,0.00000,       87230,20191023

TA-GD-00006,instance1,CZCE TA TA001,20191023,09:45:38,1,2352128,2352156,1,4868.00000,4870.00000,0.00000,       87265,20191023

TA-GD-00006,instance1,CZCE TA TA001,20191023,09:46:11,0,2352302,-1,-1,4866.00000,4866.00000,0.00000,       87465,20191023

TA-GD-00006,instance1,CZCE TA TA001,20191023,09:46:13,1,2352302,2352318,1,4864.00000,4866.00000,0.00000,       87474,20191023

TA-GD-00006,instance1,CZCE TA TA001,20191023,09:47:00,0,2352631,-1,-1,4868.00000,4868.00000,0.00000,       87688,20191023

TA-GD-00006,instance1,CZCE TA TA001,20191023,09:47:10,1,2352631,2352730,1,4866.00000,4868.00000,0.00000,       87790,20191023

TA-GD-00006,instance1,CZCE TA TA001,20191023,09:47:21,0,2352794,-1,-1,4868.00000,4868.00000,0.00000,       87897,20191023

rb-GD-00006,instance1,SHFE rb rb2001,20191023,09:47:39,0,23184801,-1,-1,3326.00000,3326.00000,0.00000,       88065,20191023

rb-GD-00006,instance1,SHFE rb rb2001,20191023,09:47:56,1,23184801,23185318,1,3325.00000,3326.00000,0.00000,       88164,20191023

rb-GD-00006,instance1,SHFE rb rb2001,20191023,09:48:00,0,23185497,-1,-1,3326.00000,3326.00000,0.00000,       88250,20191023

rb-GD-00006,instance1,SHFE rb rb2001,20191023,09:48:12,1,23185497,23185935,1,3325.00000,3327.00000,0.00000,       88348,20191023

TA-GD-00006,instance1,CZCE TA TA001,20191023,09:49:12,1,2352794,2353549,1,4866.00000,4868.00000,0.00000,       88887,20191023

rb-GD-00006,instance1,SHFE rb rb2001,20191023,09:49:41,0,23188808,-1,1,3329.00000,3329.00000,0.00000,       89167,20191023

MA-GD-00006,instance1,CZCE MA MA001,20191023,09:50:35,0,2354121,-1,1,2131.00000,2131.00000,0.00000,       89497,20191023

MA-GD-00006,instance1,CZCE MA MA001,20191023,09:50:40,1,2354121,2354159,-1,2132.00000,2131.00000,0.00000,       89523,20191023

TA-GD-00006,instance1,CZCE TA TA001,20191023,09:50:46,0,2354191,-1,1,4874.00000,4874.00000,0.00000,       89545,20191023

rb-GD-00006,instance1,SHFE rb rb2001,20191023,09:51:09,1,23188808,23191456,-1,3330.00000,3330.00000,0.00000,       89676,20191023

MA-GD-00006,instance1,CZCE MA MA001,20191023,09:52:05,0,2354572,-1,1,2133.00000,2133.00000,0.00000,       90029,20191023

rb-GD-00006,instance1,SHFE rb rb2001,20191023,09:52:09,0,23193378,-1,1,3330.00000,3330.00000,0.00000,       90061,20191023

TA-GD-00006,instance1,CZCE TA TA001,20191023,09:52:11,1,2354191,2354595,-1,4876.00000,4872.00000,0.00000,       90079,20191023

rb-GD-00006,instance1,SHFE rb rb2001,20191023,09:52:14,1,23193378,23193509,-1,3331.00000,3330.00000,0.00000,       90093,20191023

MA-GD-00006,instance1,CZCE MA MA001,20191023,09:52:28,1,2354572,2354658,-1,2134.00000,2132.00000,0.00000,       90163,20191023

rb-GD-00006,instance1,SHFE rb rb2001,20191023,09:52:48,0,23194514,-1,1,3330.00000,3330.00000,0.00000,       90231,20191023

rb-GD-00006,instance1,SHFE rb rb2001,20191023,09:52:49,1,23194514,23194555,-1,3331.00000,3330.00000,0.00000,       90236,20191023

MA-GD-00006,instance1,CZCE MA MA001,20191023,09:53:04,0,2354790,-1,1,2132.00000,2132.00000,0.00000,       90358,20191023

rb-GD-00006,instance1,SHFE rb rb2001,20191023,09:53:16,0,23195461,-1,-1,3329.00000,3329.00000,0.00000,       90417,20191023

rb-GD-00006,instance1,SHFE rb rb2001,20191023,09:53:19,1,23195461,23195554,1,3328.00000,3329.00000,0.00000,       90422,20191023

rb-GD-00006,instance1,SHFE rb rb2001,20191023,09:54:24,0,23197544,-1,-1,3329.00000,3329.00000,0.00000,       90677,20191023

rb-GD-00006,instance1,SHFE rb rb2001,20191023,09:54:46,1,23197544,23198225,1,3328.00000,3329.00000,0.00000,       90753,20191023

MA-GD-00006,instance1,CZCE MA MA001,20191023,09:54:48,1,2354790,2355028,-1,2133.00000,2130.00000,0.00000,       90775,20191023

MA-GD-00006,instance1,CZCE MA MA001,20191023,09:55:30,0,2355174,-1,-1,2129.00000,2129.00000,0.00000,       91016,20191023

MA-GD-00006,instance1,CZCE MA MA001,20191023,09:55:34,1,2355174,2355186,1,2128.00000,2129.00000,0.00000,       91032,20191023

MA-GD-00006,instance1,CZCE MA MA001,20191023,09:55:36,0,2355192,-1,-1,2129.00000,2129.00000,0.00000,       91041,20191023

rb-GD-00006,instance1,SHFE rb rb2001,20191023,09:55:45,0,23200125,-1,-1,3329.00000,3329.00000,0.00000,       91086,20191023

MA-GD-00006,instance1,CZCE MA MA001,20191023,09:55:56,1,2355192,2355239,1,2128.00000,2129.00000,0.00000,       91117,20191023

rb-GD-00006,instance1,SHFE rb rb2001,20191023,09:56:41,1,23200125,23201736,1,3328.00000,3329.00000,0.00000,       91208,20191023

MA-GD-00006,instance1,CZCE MA MA001,20191023,09:56:53,0,2355302,-1,-1,2130.00000,2130.00000,0.00000,       91242,20191023

MA-GD-00006,instance1,CZCE MA MA001,20191023,09:56:54,1,2355302,2355308,1,2129.00000,2130.00000,0.00000,       91244,20191023

rb-GD-00006,instance1,SHFE rb rb2001,20191023,09:57:46,0,23203756,-1,1,3329.00000,3329.00000,0.00000,       91423,20191023

rb-GD-00006,instance1,SHFE rb rb2001,20191023,09:57:50,1,23203756,23203938,-1,3330.00000,3329.00000,0.00000,       91453,20191023

rb-GD-00006,instance1,SHFE rb rb2001,20191023,09:58:14,0,23204767,-1,1,3328.00000,3328.00000,0.00000,       91604,20191023

MA-GD-00006,instance1,CZCE MA MA001,20191023,09:58:16,0,2355640,-1,-1,2125.00000,2125.00000,0.00000,       91618,20191023

MA-GD-00006,instance1,CZCE MA MA001,20191023,09:58:18,1,2355640,2355661,1,2124.00000,2127.00000,0.00000,       91633,20191023

rb-GD-00006,instance1,SHFE rb rb2001,20191023,09:58:24,1,23204767,23205113,-1,3329.00000,3328.00000,0.00000,       91665,20191023

MA-GD-00006,instance1,CZCE MA MA001,20191023,09:58:29,0,2355712,-1,-1,2127.00000,2127.00000,0.00000,       91717,20191023

MA-GD-00006,instance1,CZCE MA MA001,20191023,09:58:30,1,2355712,2355718,1,2126.00000,2127.00000,0.00000,       91724,20191023

MA-GD-00006,instance1,CZCE MA MA001,20191023,09:58:56,0,2355757,-1,-1,2128.00000,2128.00000,0.00000,       91898,20191023

rb-GD-00006,instance1,SHFE rb rb2001,20191023,09:58:57,0,23206061,-1,-1,3328.00000,3328.00000,0.00000,       91906,20191023

MA-GD-00006,instance1,CZCE MA MA001,20191023,09:58:57,1,2355757,2355764,1,2127.00000,2128.00000,0.00000,       91909,20191023

MA-GD-00006,instance1,CZCE MA MA001,20191023,09:59:07,0,2355787,-1,-1,2127.00000,2127.00000,0.00000,       91997,20191023

TA-GD-00006,instance1,CZCE TA TA001,20191023,09:59:09,0,2355792,-1,-1,4870.00000,4870.00000,0.00000,       92005,20191023

rb-GD-00006,instance1,SHFE rb rb2001,20191023,09:59:22,1,23206061,23206963,1,3327.00000,3328.00000,0.00000,       92057,20191023

MA-GD-00006,instance1,CZCE MA MA001,20191023,09:59:25,1,2355787,2355846,1,2126.00000,2129.00000,0.00000,       92079,20191023

MA-GD-00006,instance1,CZCE MA MA001,20191023,09:59:57,0,2356048,-1,-1,2127.00000,2127.00000,0.00000,       92346,20191023

MA-GD-00006,instance1,CZCE MA MA001,20191023,09:59:59,1,2356048,2356069,1,2126.00000,2127.00000,0.00000,       92369,20191023

rb-GD-00006,instance1,SHFE rb rb2001,20191023,10:00:03,0,23208801,-1,-1,3326.00000,3326.00000,0.00000,       92578,20191023

rb-GD-00006,instance1,SHFE rb rb2001,20191023,10:00:07,1,23208801,23208910,1,3325.00000,3326.00000,0.00000,       92614,20191023

rb-GD-00006,instance1,SHFE rb rb2001,20191023,10:00:13,0,23209174,-1,-1,3327.00000,3327.00000,0.00000,       92648,20191023

rb-GD-00006,instance1,SHFE rb rb2001,20191023,10:00:15,1,23209174,23209267,1,3326.00000,3327.00000,0.00000,       92669,20191023

rb-GD-00006,instance1,SHFE rb rb2001,20191023,10:00:39,0,23210155,-1,-1,3328.00000,3328.00000,0.00000,       92789,20191023

TA-GD-00006,instance1,CZCE TA TA001,20191023,10:00:40,1,2355792,2356418,1,4868.00000,4872.00000,0.00000,       92791,20191023

rb-GD-00006,instance1,SHFE rb rb2001,20191023,10:00:41,1,23210155,23210220,1,3327.00000,3328.00000,0.00000,       92803,20191023

MA-GD-00006,instance1,CZCE MA MA001,20191023,10:01:16,0,2356620,-1,1,2129.00000,2129.00000,0.00000,       93026,20191023

MA-GD-00006,instance1,CZCE MA MA001,20191023,10:01:24,1,2356620,2356636,-1,2130.00000,2129.00000,0.00000,       93042,20191023

MA-GD-00006,instance1,CZCE MA MA001,20191023,10:01:29,0,2356691,-1,1,2129.00000,2129.00000,0.00000,       93083,20191023

MA-GD-00006,instance1,CZCE MA MA001,20191023,10:02:30,1,2356691,2356991,-1,2130.00000,2129.00000,0.00000,       93483,20191023

MA-GD-00006,instance1,CZCE MA MA001,20191023,10:03:03,0,2357062,-1,1,2130.00000,2130.00000,0.00000,       93670,20191023

rb-GD-00006,instance1,SHFE rb rb2001,20191023,10:03:06,0,23214541,-1,-1,3327.00000,3327.00000,0.00000,       93693,20191023

rb-GD-00006,instance1,SHFE rb rb2001,20191023,10:03:08,1,23214541,23214588,1,3326.00000,3329.00000,0.00000,       93702,20191023

MA-GD-00006,instance1,CZCE MA MA001,20191023,10:03:11,1,2357062,2357088,-1,2131.00000,2130.00000,0.00000,       93714,20191023

MA-GD-00006,instance1,CZCE MA MA001,20191023,10:03:28,0,2357120,-1,1,2130.00000,2130.00000,0.00000,       93780,20191023

TA-GD-00006,instance1,CZCE TA TA001,20191023,10:04:16,0,2357230,-1,1,4874.00000,4874.00000,0.00000,       94011,20191023

MA-GD-00006,instance1,CZCE MA MA001,20191023,10:04:54,1,2357120,2357327,-1,2131.00000,2128.00000,0.00000,       94259,20191023

rb-GD-00006,instance1,SHFE rb rb2001,20191023,10:05:06,0,23217938,-1,-1,3326.00000,3326.00000,0.00000,       94376,20191023

rb-GD-00006,instance1,SHFE rb rb2001,20191023,10:05:11,1,23217938,23218092,1,3325.00000,3326.00000,0.00000,       94412,20191023

MA-GD-00006,instance1,CZCE MA MA001,20191023,10:05:43,0,2357513,-1,-1,2128.00000,2128.00000,0.00000,       94547,20191023

rb-GD-00006,instance1,SHFE rb rb2001,20191023,10:06:03,0,23219533,-1,-1,3326.00000,3326.00000,0.00000,       94688,20191023

rb-GD-00006,instance1,SHFE rb rb2001,20191023,10:06:11,1,23219533,23219792,1,3325.00000,3326.00000,0.00000,       94759,20191023

MA-GD-00006,instance1,CZCE MA MA001,20191023,10:06:15,1,2357513,2357755,1,2127.00000,2127.00000,0.00000,       94794,20191023

TA-GD-00006,instance1,CZCE TA TA001,20191023,10:06:16,1,2357230,2357776,-1,4876.00000,4872.00000,0.00000,       94806,20191023

MA-GD-00006,instance1,CZCE MA MA001,20191023,10:06:18,0,2357787,-1,-1,2127.00000,2127.00000,0.00000,       94814,20191023

MA-GD-00006,instance1,CZCE MA MA001,20191023,10:06:55,1,2357787,2358061,1,2126.00000,2127.00000,0.00000,       95051,20191023

MA-GD-00006,instance1,CZCE MA MA001,20191023,10:07:24,0,2358280,-1,-1,2127.00000,2127.00000,0.00000,       95269,20191023

rb-GD-00006,instance1,SHFE rb rb2001,20191023,10:08:03,0,23222996,-1,1,3327.00000,3327.00000,0.00000,       95641,20191023

rb-GD-00006,instance1,SHFE rb rb2001,20191023,10:08:06,1,23222996,23223086,-1,3328.00000,3325.00000,0.00000,       95660,20191023

rb-GD-00006,instance1,SHFE rb rb2001,20191023,10:08:22,0,23223555,-1,1,3327.00000,3327.00000,0.00000,       95794,20191023

rb-GD-00006,instance1,SHFE rb rb2001,20191023,10:08:28,1,23223555,23223712,-1,3328.00000,3327.00000,0.00000,       95852,20191023

rb-GD-00006,instance1,SHFE rb rb2001,20191023,10:09:02,0,23224627,-1,1,3328.00000,3328.00000,0.00000,       96075,20191023

rb-GD-00006,instance1,SHFE rb rb2001,20191023,10:09:47,1,23224627,23225855,-1,3329.00000,3327.00000,0.00000,       96389,20191023

TA-GD-00006,instance1,CZCE TA TA001,20191023,10:09:48,0,2359285,-1,1,4878.00000,4878.00000,0.00000,       96397,20191023

rb-GD-00006,instance1,SHFE rb rb2001,20191023,10:10:00,0,23226193,-1,-1,3327.00000,3327.00000,0.00000,       96485,20191023

TA-GD-00006,instance1,CZCE TA TA001,20191023,10:10:00,1,2359285,2359386,-1,4880.00000,4878.00000,0.00000,       96494,20191023

rb-GD-00006,instance1,SHFE rb rb2001,20191023,10:10:14,1,23226193,23226656,1,3326.00000,3327.00000,0.00000,       96653,20191023

MA-GD-00006,instance1,CZCE MA MA001,20191023,10:10:38,1,2358280,2359639,1,2126.00000,2128.00000,0.00000,       96774,20191023

MA-GD-00006,instance1,CZCE MA MA001,20191023,10:11:39,0,2360022,-1,1,2129.00000,2129.00000,0.00000,       97145,20191023

MA-GD-00006,instance1,CZCE MA MA001,20191023,10:12:33,1,2360022,2360396,-1,2130.00000,2128.00000,0.00000,       97479,20191023

MA-GD-00006,instance1,CZCE MA MA001,20191023,10:13:03,0,2360567,-1,1,2129.00000,2129.00000,0.00000,       97663,20191023

rb-GD-00006,instance1,SHFE rb rb2001,20191023,10:13:12,0,23231765,-1,-1,3327.00000,3327.00000,0.00000,       97737,20191023

rb-GD-00006,instance1,SHFE rb rb2001,20191023,10:13:13,1,23231765,23231791,1,3326.00000,3327.00000,0.00000,       97741,20191023

MA-GD-00006,instance1,CZCE MA MA001,20191023,10:13:13,1,2360567,2360653,-1,2130.00000,2129.00000,0.00000,       97743,20191023

rb-GD-00006,instance1,SHFE rb rb2001,20191023,10:13:15,0,23231835,-1,-1,3327.00000,3327.00000,0.00000,       97751,20191023

rb-GD-00006,instance1,SHFE rb rb2001,20191023,10:13:16,1,23231835,23231886,1,3326.00000,3327.00000,0.00000,       97757,20191023

rb-GD-00006,instance1,SHFE rb rb2001,20191023,10:13:42,0,23232657,-1,-1,3327.00000,3327.00000,0.00000,       97865,20191023

rb-GD-00006,instance1,SHFE rb rb2001,20191023,10:13:46,1,23232657,23232786,1,3326.00000,3327.00000,0.00000,       97877,20191023

MA-GD-00006,instance1,CZCE MA MA001,20191023,10:14:02,0,2360944,-1,-1,2128.00000,2128.00000,0.00000,       97996,20191023

MA-GD-00006,instance1,CZCE MA MA001,20191023,10:14:03,1,2360944,2360980,1,2127.00000,2128.00000,0.00000,       98019,20191023

TA-GD-00006,instance1,CZCE TA TA001,20191023,10:14:30,0,2361111,-1,-1,4876.00000,4876.00000,0.00000,       98133,20191023

MA-GD-00006,instance1,CZCE MA MA001,20191023,10:14:54,0,2361211,-1,-1,2127.00000,2127.00000,0.00000,       98257,20191023

MA-GD-00006,instance1,CZCE MA MA001,20191023,10:14:57,1,2361211,2361219,1,2126.00000,2127.00000,0.00000,       98280,20191023

MA-GD-00006,instance1,CZCE MA MA001,20191023,10:30:49,0,2361754,-1,-1,2127.00000,2127.00000,0.00000,       99247,20191023

MA-GD-00006,instance1,CZCE MA MA001,20191023,10:31:44,1,2361754,2362179,1,2126.00000,2127.00000,0.00000,       99781,20191023

TA-GD-00006,instance1,CZCE TA TA001,20191023,10:31:57,1,2361111,2362228,1,4874.00000,4876.00000,0.00000,       99900,20191023

rb-GD-00006,instance1,SHFE rb rb2001,20191023,10:33:16,0,23238812,-1,1,3328.00000,3328.00000,0.00000,      100595,20191023

rb-GD-00006,instance1,SHFE rb rb2001,20191023,10:33:21,1,23238812,23239004,-1,3329.00000,3329.00000,0.00000,      100652,20191023

rb-GD-00006,instance1,SHFE rb rb2001,20191023,10:34:08,0,23240638,-1,1,3330.00000,3330.00000,0.00000,      101012,20191023

rb-GD-00006,instance1,SHFE rb rb2001,20191023,10:34:11,1,23240638,23240736,-1,3331.00000,3330.00000,0.00000,      101027,20191023

rb-GD-00006,instance1,SHFE rb rb2001,20191023,10:34:46,0,23241979,-1,1,3333.00000,3333.00000,0.00000,      101328,20191023

rb-GD-00006,instance1,SHFE rb rb2001,20191023,10:34:51,1,23241979,23242100,-1,3334.00000,3333.00000,0.00000,      101353,20191023

rb-GD-00006,instance1,SHFE rb rb2001,20191023,10:35:00,0,23242429,-1,1,3333.00000,3333.00000,0.00000,      101473,20191023

rb-GD-00006,instance1,SHFE rb rb2001,20191023,10:35:10,1,23242429,23242788,-1,3334.00000,3333.00000,0.00000,      101606,20191023

rb-GD-00006,instance1,SHFE rb rb2001,20191023,10:35:52,0,23243857,-1,1,3333.00000,3333.00000,0.00000,      101890,20191023

rb-GD-00006,instance1,SHFE rb rb2001,20191023,10:36:15,1,23243857,23244895,-1,3334.00000,3333.00000,0.00000,      102097,20191023

MA-GD-00006,instance1,CZCE MA MA001,20191023,10:36:35,0,2364135,-1,-1,2124.00000,2124.00000,0.00000,      102250,20191023

MA-GD-00006,instance1,CZCE MA MA001,20191023,10:36:53,1,2364135,2364203,1,2123.00000,2126.00000,0.00000,      102316,20191023

rb-GD-00006,instance1,SHFE rb rb2001,20191023,10:38:34,0,23248826,-1,1,3332.00000,3332.00000,0.00000,      102918,20191023

rb-GD-00006,instance1,SHFE rb rb2001,20191023,10:39:35,1,23248826,23250570,-1,3333.00000,3331.00000,0.00000,      103367,20191023

TA-GD-00006,instance1,CZCE TA TA001,20191023,10:39:35,0,2365580,-1,-1,4866.00000,4866.00000,0.00000,      103377,20191023

MA-GD-00006,instance1,CZCE MA MA001,20191023,10:39:36,0,2365593,-1,-1,2121.00000,2121.00000,0.00000,      103381,20191023

rb-GD-00006,instance1,SHFE rb rb2001,20191023,10:39:36,0,23250616,-1,-1,3331.00000,3331.00000,0.00000,      103382,20191023

rb-GD-00006,instance1,SHFE rb rb2001,20191023,10:39:38,1,23250616,23250700,1,3330.00000,3332.00000,0.00000,      103400,20191023

MA-GD-00006,instance1,CZCE MA MA001,20191023,10:39:43,1,2365593,2365656,1,2120.00000,2121.00000,0.00000,      103424,20191023

MA-GD-00006,instance1,CZCE MA MA001,20191023,10:40:00,0,2365787,-1,-1,2121.00000,2121.00000,0.00000,      103530,20191023

MA-GD-00006,instance1,CZCE MA MA001,20191023,10:40:01,1,2365787,2365823,1,2120.00000,2121.00000,0.00000,      103551,20191023

TA-GD-00006,instance1,CZCE TA TA001,20191023,10:40:01,1,2365580,2365844,1,4864.00000,4866.00000,0.00000,      103566,20191023

MA-GD-00006,instance1,CZCE MA MA001,20191023,10:40:08,0,2365931,-1,-1,2121.00000,2121.00000,0.00000,      103629,20191023

MA-GD-00006,instance1,CZCE MA MA001,20191023,10:40:12,1,2365931,2365959,1,2120.00000,2121.00000,0.00000,      103651,20191023

TA-GD-00006,instance1,CZCE TA TA001,20191023,10:40:14,0,2365980,-1,-1,4866.00000,4866.00000,0.00000,      103658,20191023

TA-GD-00006,instance1,CZCE TA TA001,20191023,10:40:21,1,2365980,2366030,1,4864.00000,4866.00000,0.00000,      103706,20191023

TA-GD-00006,instance1,CZCE TA TA001,20191023,10:40:43,0,2366141,-1,-1,4866.00000,4866.00000,0.00000,      103806,20191023

TA-GD-00006,instance1,CZCE TA TA001,20191023,10:40:43,1,2366141,2366150,1,4864.00000,4868.00000,0.00000,      103808,20191023

rb-GD-00006,instance1,SHFE rb rb2001,20191023,10:42:13,0,23255557,-1,-1,3328.00000,3328.00000,0.00000,      104404,20191023

rb-GD-00006,instance1,SHFE rb rb2001,20191023,10:42:25,1,23255557,23255914,1,3327.00000,3328.00000,0.00000,      104459,20191023

rb-GD-00006,instance1,SHFE rb rb2001,20191023,10:43:44,0,23258597,-1,-1,3327.00000,3327.00000,0.00000,      104854,20191023

rb-GD-00006,instance1,SHFE rb rb2001,20191023,10:43:44,1,23258597,23258640,1,3326.00000,3327.00000,0.00000,      104863,20191023

MA-GD-00006,instance1,CZCE MA MA001,20191023,10:44:29,0,2367542,-1,-1,2122.00000,2122.00000,0.00000,      105063,20191023

MA-GD-00006,instance1,CZCE MA MA001,20191023,10:44:40,1,2367542,2367643,1,2121.00000,2124.00000,0.00000,      105132,20191023

MA-GD-00006,instance1,CZCE MA MA001,20191023,10:45:11,0,2367931,-1,1,2125.00000,2125.00000,0.00000,      105370,20191023

MA-GD-00006,instance1,CZCE MA MA001,20191023,10:45:21,1,2367931,2367992,-1,2126.00000,2125.00000,0.00000,      105419,20191023

MA-GD-00006,instance1,CZCE MA MA001,20191023,10:46:38,0,2368373,-1,1,2125.00000,2125.00000,0.00000,      105809,20191023

TA-GD-00006,instance1,CZCE TA TA001,20191023,10:46:43,0,2368433,-1,-1,4868.00000,4868.00000,0.00000,      105864,20191023

MA-GD-00006,instance1,CZCE MA MA001,20191023,10:46:44,1,2368373,2368438,-1,2126.00000,2125.00000,0.00000,      105866,20191023

rb-GD-00006,instance1,SHFE rb rb2001,20191023,10:48:43,0,23268548,-1,1,3329.00000,3329.00000,0.00000,      106601,20191023

rb-GD-00006,instance1,SHFE rb rb2001,20191023,10:49:01,1,23268548,23269195,-1,3330.00000,3329.00000,0.00000,      106713,20191023

rb-GD-00006,instance1,SHFE rb rb2001,20191023,10:52:05,0,23275040,-1,-1,3328.00000,3328.00000,0.00000,      107712,20191023

TA-GD-00006,instance1,CZCE TA TA001,20191023,10:52:10,1,2368433,2371554,1,4866.00000,4870.00000,0.00000,      107760,20191023

rb-GD-00006,instance1,SHFE rb rb2001,20191023,10:52:36,1,23275040,23276039,1,3327.00000,3328.00000,0.00000,      107911,20191023

rb-GD-00006,instance1,SHFE rb rb2001,20191023,10:55:13,0,23280873,-1,-1,3327.00000,3327.00000,0.00000,      108608,20191023

rb-GD-00006,instance1,SHFE rb rb2001,20191023,10:55:54,1,23280873,23282253,1,3326.00000,3327.00000,0.00000,      108799,20191023

MA-GD-00006,instance1,CZCE MA MA001,20191023,10:56:05,0,2373275,-1,1,2128.00000,2128.00000,0.00000,      108857,20191023

MA-GD-00006,instance1,CZCE MA MA001,20191023,10:56:25,1,2373275,2373321,-1,2129.00000,2128.00000,0.00000,      108945,20191023

MA-GD-00006,instance1,CZCE MA MA001,20191023,10:57:07,0,2373465,-1,1,2128.00000,2128.00000,0.00000,      109112,20191023

MA-GD-00006,instance1,CZCE MA MA001,20191023,10:57:09,1,2373465,2373471,-1,2129.00000,2128.00000,0.00000,      109116,20191023

rb-GD-00006,instance1,SHFE rb rb2001,20191023,10:59:32,0,23288477,-1,1,3327.00000,3327.00000,0.00000,      109698,20191023

rb-GD-00006,instance1,SHFE rb rb2001,20191023,11:00:01,1,23288477,23289366,-1,3328.00000,3326.00000,0.00000,      109875,20191023

rb-GD-00006,instance1,SHFE rb rb2001,20191023,11:00:12,0,23289817,-1,-1,3326.00000,3326.00000,0.00000,      110001,20191023

rb-GD-00006,instance1,SHFE rb rb2001,20191023,11:00:26,1,23289817,23290325,1,3325.00000,3327.00000,0.00000,      110076,20191023

rb-GD-00006,instance1,SHFE rb rb2001,20191023,11:02:04,0,23293396,-1,1,3333.00000,3333.00000,0.00000,      110597,20191023

rb-GD-00006,instance1,SHFE rb rb2001,20191023,11:02:04,1,23293396,23293418,-1,3334.00000,3333.00000,0.00000,      110600,20191023

rb-GD-00006,instance1,SHFE rb rb2001,20191023,11:02:55,0,23294969,-1,1,3333.00000,3333.00000,0.00000,      110763,20191023

rb-GD-00006,instance1,SHFE rb rb2001,20191023,11:02:56,1,23294969,23295020,-1,3334.00000,3331.00000,0.00000,      110776,20191023

MA-GD-00006,instance1,CZCE MA MA001,20191023,11:03:36,0,2375730,-1,-1,2127.00000,2127.00000,0.00000,      110974,20191023

MA-GD-00006,instance1,CZCE MA MA001,20191023,11:03:49,1,2375730,2375860,1,2126.00000,2128.00000,0.00000,      111075,20191023

TA-GD-00006,instance1,CZCE TA TA001,20191023,11:04:24,0,2376248,-1,1,4872.00000,4872.00000,0.00000,      111287,20191023

TA-GD-00006,instance1,CZCE TA TA001,20191023,11:04:38,1,2376248,2376373,-1,4874.00000,4872.00000,0.00000,      111378,20191023

TA-GD-00006,instance1,CZCE TA TA001,20191023,11:04:47,0,2376419,-1,1,4872.00000,4872.00000,0.00000,      111410,20191023

TA-GD-00006,instance1,CZCE TA TA001,20191023,11:04:48,1,2376419,2376433,-1,4874.00000,4872.00000,0.00000,      111416,20191023

MA-GD-00006,instance1,CZCE MA MA001,20191023,11:05:57,0,2376897,-1,1,2130.00000,2130.00000,0.00000,      111765,20191023

rb-GD-00006,instance1,SHFE rb rb2001,20191023,11:06:31,0,23301591,-1,-1,3332.00000,3332.00000,0.00000,      111990,20191023

MA-GD-00006,instance1,CZCE MA MA001,20191023,11:06:59,1,2376897,2377322,-1,2131.00000,2131.00000,0.00000,      112092,20191023

rb-GD-00006,instance1,SHFE rb rb2001,20191023,11:07:26,1,23301591,23303300,1,3331.00000,3334.00000,0.00000,      112232,20191023

MA-GD-00006,instance1,CZCE MA MA001,20191023,11:07:43,0,2377700,-1,1,2132.00000,2132.00000,0.00000,      112305,20191023

MA-GD-00006,instance1,CZCE MA MA001,20191023,11:07:59,1,2377700,2377847,-1,2133.00000,2132.00000,0.00000,      112390,20191023

MA-GD-00006,instance1,CZCE MA MA001,20191023,11:08:28,0,2378093,-1,1,2132.00000,2132.00000,0.00000,      112577,20191023

rb-GD-00006,instance1,SHFE rb rb2001,20191023,11:08:28,0,23305120,-1,1,3333.00000,3333.00000,0.00000,      112582,20191023

TA-GD-00006,instance1,CZCE TA TA001,20191023,11:08:32,0,2378121,-1,1,4872.00000,4872.00000,0.00000,      112609,20191023

MA-GD-00006,instance1,CZCE MA MA001,20191023,11:08:47,1,2378093,2378197,-1,2133.00000,2132.00000,0.00000,      112682,20191023

rb-GD-00006,instance1,SHFE rb rb2001,20191023,11:09:25,1,23305120,23306987,-1,3334.00000,3332.00000,0.00000,      112907,20191023

rb-GD-00006,instance1,SHFE rb rb2001,20191023,11:10:58,0,23309970,-1,-1,3330.00000,3330.00000,0.00000,      113436,20191023

rb-GD-00006,instance1,SHFE rb rb2001,20191023,11:11:01,1,23309970,23310096,1,3329.00000,3330.00000,0.00000,      113454,20191023

TA-GD-00006,instance1,CZCE TA TA001,20191023,11:12:33,1,2378121,2379516,-1,4874.00000,4868.00000,0.00000,      113838,20191023

rb-GD-00006,instance1,SHFE rb rb2001,20191023,11:13:00,0,23313784,-1,-1,3331.00000,3331.00000,0.00000,      113991,20191023

rb-GD-00006,instance1,SHFE rb rb2001,20191023,11:13:08,1,23313784,23314030,1,3330.00000,3331.00000,0.00000,      114058,20191023

MA-GD-00006,instance1,CZCE MA MA001,20191023,11:13:47,0,2380046,-1,-1,2130.00000,2130.00000,0.00000,      114305,20191023

MA-GD-00006,instance1,CZCE MA MA001,20191023,11:14:00,1,2380046,2380101,1,2129.00000,2130.00000,0.00000,      114353,20191023

MA-GD-00006,instance1,CZCE MA MA001,20191023,11:14:15,0,2380230,-1,1,2130.00000,2130.00000,0.00000,      114458,20191023

rb-GD-00006,instance1,SHFE rb rb2001,20191023,11:14:36,0,23315474,-1,1,3331.00000,3331.00000,0.00000,      114601,20191023

rb-GD-00006,instance1,SHFE rb rb2001,20191023,11:14:49,1,23315474,23315700,-1,3332.00000,3331.00000,0.00000,      114675,20191023

MA-GD-00006,instance1,CZCE MA MA001,20191023,11:16:16,1,2380230,2381044,-1,2131.00000,2130.00000,0.00000,      115207,20191023

rb-GD-00006,instance1,SHFE rb rb2001,20191023,11:16:35,0,23317415,-1,1,3333.00000,3333.00000,0.00000,      115309,20191023

rb-GD-00006,instance1,SHFE rb rb2001,20191023,11:18:33,1,23317415,23319487,-1,3334.00000,3332.00000,0.00000,      115828,20191023

rb-GD-00006,instance1,SHFE rb rb2001,20191023,11:19:10,0,23320201,-1,-1,3330.00000,3330.00000,0.00000,      116125,20191023

rb-GD-00006,instance1,SHFE rb rb2001,20191023,11:19:11,1,23320201,23320225,1,3329.00000,3331.00000,0.00000,      116137,20191023

TA-GD-00006,instance1,CZCE TA TA001,20191023,11:20:18,0,2382665,-1,1,4868.00000,4868.00000,0.00000,      116666,20191023

rb-GD-00006,instance1,SHFE rb rb2001,20191023,11:21:34,0,23322620,-1,-1,3328.00000,3328.00000,0.00000,      117065,20191023

rb-GD-00006,instance1,SHFE rb rb2001,20191023,11:21:36,1,23322620,23322661,1,3327.00000,3328.00000,0.00000,      117080,20191023

TA-GD-00006,instance1,CZCE TA TA001,20191023,11:21:59,1,2382665,2383291,-1,4870.00000,4866.00000,0.00000,      117126,20191023

rb-GD-00006,instance1,SHFE rb rb2001,20191023,11:22:45,0,23324133,-1,-1,3322.00000,3322.00000,0.00000,      117559,20191023

rb-GD-00006,instance1,SHFE rb rb2001,20191023,11:22:50,1,23324133,23324263,1,3321.00000,3324.00000,0.00000,      117616,20191023

rb-GD-00006,instance1,SHFE rb rb2001,20191023,11:22:50,0,23324277,-1,-1,3323.00000,3323.00000,0.00000,      117619,20191023

rb-GD-00006,instance1,SHFE rb rb2001,20191023,11:22:57,1,23324277,23324407,1,3322.00000,3322.00000,0.00000,      117673,20191023

MA-GD-00006,instance1,CZCE MA MA001,20191023,11:23:05,0,2383781,-1,-1,2127.00000,2127.00000,0.00000,      117774,20191023

MA-GD-00006,instance1,CZCE MA MA001,20191023,11:23:06,1,2383781,2383791,1,2126.00000,2127.00000,0.00000,      117787,20191023

MA-GD-00006,instance1,CZCE MA MA001,20191023,11:23:11,0,2383824,-1,-1,2127.00000,2127.00000,0.00000,      117843,20191023

rb-GD-00006,instance1,SHFE rb rb2001,20191023,11:23:15,0,23324851,-1,-1,3322.00000,3322.00000,0.00000,      117877,20191023

rb-GD-00006,instance1,SHFE rb rb2001,20191023,11:23:18,1,23324851,23324905,1,3321.00000,3322.00000,0.00000,      117893,20191023

rb-GD-00006,instance1,SHFE rb rb2001,20191023,11:23:18,0,23324925,-1,-1,3323.00000,3323.00000,0.00000,      117897,20191023

rb-GD-00006,instance1,SHFE rb rb2001,20191023,11:23:19,1,23324925,23324947,1,3322.00000,3323.00000,0.00000,      117901,20191023

rb-GD-00006,instance1,SHFE rb rb2001,20191023,11:23:21,0,23324981,-1,-1,3323.00000,3323.00000,0.00000,      117916,20191023

rb-GD-00006,instance1,SHFE rb rb2001,20191023,11:23:23,1,23324981,23325014,1,3322.00000,3323.00000,0.00000,      117921,20191023

rb-GD-00006,instance1,SHFE rb rb2001,20191023,11:23:27,0,23325089,-1,-1,3323.00000,3323.00000,0.00000,      117943,20191023

rb-GD-00006,instance1,SHFE rb rb2001,20191023,11:23:28,1,23325089,23325106,1,3322.00000,3323.00000,0.00000,      117946,20191023

rb-GD-00006,instance1,SHFE rb rb2001,20191023,11:23:29,0,23325125,-1,-1,3323.00000,3323.00000,0.00000,      117949,20191023

rb-GD-00006,instance1,SHFE rb rb2001,20191023,11:23:32,1,23325125,23325172,1,3322.00000,3323.00000,0.00000,      117972,20191023

rb-GD-00006,instance1,SHFE rb rb2001,20191023,11:23:32,0,23325178,-1,-1,3323.00000,3323.00000,0.00000,      117973,20191023

rb-GD-00006,instance1,SHFE rb rb2001,20191023,11:23:33,1,23325178,23325191,1,3322.00000,3323.00000,0.00000,      117974,20191023

MA-GD-00006,instance1,CZCE MA MA001,20191023,11:24:06,1,2383824,2384073,1,2126.00000,2127.00000,0.00000,      118169,20191023

TA-GD-00006,instance1,CZCE TA TA001,20191023,11:24:09,0,2384113,-1,-1,4864.00000,4864.00000,0.00000,      118197,20191023

TA-GD-00006,instance1,CZCE TA TA001,20191023,11:24:18,1,2384113,2384285,1,4862.00000,4864.00000,0.00000,      118267,20191023

TA-GD-00006,instance1,CZCE TA TA001,20191023,11:24:27,0,2384383,-1,-1,4864.00000,4864.00000,0.00000,      118325,20191023

TA-GD-00006,instance1,CZCE TA TA001,20191023,11:24:33,1,2384383,2384419,1,4862.00000,4864.00000,0.00000,      118361,20191023

rb-GD-00006,instance1,SHFE rb rb2001,20191023,11:24:49,0,23326496,-1,-1,3322.00000,3322.00000,0.00000,      118469,20191023

rb-GD-00006,instance1,SHFE rb rb2001,20191023,11:24:56,1,23326496,23326652,1,3321.00000,3322.00000,0.00000,      118534,20191023

rb-GD-00006,instance1,SHFE rb rb2001,20191023,11:25:35,0,23327338,-1,1,3322.00000,3321.00000,0.00000,      118735,20191023

rb-GD-00006,instance1,SHFE rb rb2001,20191023,11:25:38,1,23327338,23327414,-1,3323.00000,3321.00000,0.00000,      118745,20191023

TA-GD-00006,instance1,CZCE TA TA001,20191023,11:25:45,0,2384828,-1,1,4864.00000,4864.00000,0.00000,      118780,20191023

TA-GD-00006,instance1,CZCE TA TA001,20191023,11:25:48,1,2384828,2384856,-1,4866.00000,4864.00000,0.00000,      118799,20191023

MA-GD-00006,instance1,CZCE MA MA001,20191023,11:26:12,0,2385037,-1,-1,2126.00000,2126.00000,0.00000,      118935,20191023

rb-GD-00006,instance1,SHFE rb rb2001,20191023,11:27:42,0,23330170,-1,1,3324.00000,3324.00000,0.00000,      119684,20191023

rb-GD-00006,instance1,SHFE rb rb2001,20191023,11:28:01,1,23330170,23330526,-1,3325.00000,3324.00000,0.00000,      119816,20191023

rb-GD-00006,instance1,SHFE rb rb2001,20191023,11:28:37,0,23330787,-1,1,3323.00000,3323.00000,0.00000,      119973,20191023

rb-GD-00006,instance1,SHFE rb rb2001,20191023,11:28:55,1,23330787,23330952,-1,3324.00000,3323.00000,0.00000,      120067,20191023

MA-GD-00006,instance1,CZCE MA MA001,20191023,11:28:59,1,2385037,2385997,1,2125.00000,2127.00000,0.00000,      120078,20191023

TA-GD-00006,instance1,CZCE TA TA001,20191023,11:29:00,0,2386010,-1,1,4866.00000,4866.00000,0.00000,      120087,20191023

TA-GD-00006,instance1,CZCE TA TA001,20191023,11:29:01,1,2386010,2386029,-1,4868.00000,4864.00000,0.00000,      120112,20191023

rb-GD-00006,instance1,SHFE rb rb2001,20191023,11:29:28,0,23331450,-1,1,3323.00000,3323.00000,0.00000,      120377,20191023

rb-GD-00006,instance1,SHFE rb rb2001,20191023,11:29:29,1,23331450,23331471,-1,3324.00000,3322.00000,0.00000,      120388,20191023

rb-GD-00006,instance1,SHFE rb rb2001,20191023,13:30:05,0,23332477,-1,-1,3319.00000,3319.00000,0.00000,      121597,20191023

rb-GD-00006,instance1,SHFE rb rb2001,20191023,13:30:07,1,23332477,23332577,1,3318.00000,3318.00000,0.00000,      121654,20191023

rb-GD-00006,instance1,SHFE rb rb2001,20191023,13:30:42,0,23333433,-1,-1,3317.00000,3317.00000,0.00000,      122128,20191023

rb-GD-00006,instance1,SHFE rb rb2001,20191023,13:30:43,1,23333433,23333455,1,3316.00000,3317.00000,0.00000,      122147,20191023

MA-GD-00006,instance1,CZCE MA MA001,20191023,13:30:43,0,2387077,-1,1,2130.00000,2130.00000,0.00000,      122152,20191023

TA-GD-00006,instance1,CZCE TA TA001,20191023,13:30:53,0,2387159,-1,1,4870.00000,4870.00000,0.00000,      122261,20191023

TA-GD-00006,instance1,CZCE TA TA001,20191023,13:30:57,1,2387159,2387189,-1,4872.00000,4870.00000,0.00000,      122360,20191023

MA-GD-00006,instance1,CZCE MA MA001,20191023,13:30:59,1,2387077,2387194,-1,2131.00000,2128.00000,0.00000,      122381,20191023

TA-GD-00006,instance1,CZCE TA TA001,20191023,13:31:08,0,2387356,-1,1,4868.00000,4868.00000,0.00000,      122560,20191023

TA-GD-00006,instance1,CZCE TA TA001,20191023,13:31:14,1,2387356,2387405,-1,4870.00000,4868.00000,0.00000,      122719,20191023

rb-GD-00006,instance1,SHFE rb rb2001,20191023,13:31:15,0,23334551,-1,-1,3307.00000,3307.00000,0.00000,      122729,20191023

rb-GD-00006,instance1,SHFE rb rb2001,20191023,13:31:16,1,23334551,23334576,1,3306.00000,3308.00000,0.00000,      122739,20191023

rb-GD-00006,instance1,SHFE rb rb2001,20191023,13:31:16,0,23334594,-1,-1,3308.00000,3308.00000,0.00000,      122747,20191023

rb-GD-00006,instance1,SHFE rb rb2001,20191023,13:31:17,1,23334594,23334626,1,3307.00000,3309.00000,0.00000,      122751,20191023

rb-GD-00006,instance1,SHFE rb rb2001,20191023,13:31:19,0,23334675,-1,-1,3310.00000,3310.00000,0.00000,      122771,20191023

rb-GD-00006,instance1,SHFE rb rb2001,20191023,13:31:20,1,23334675,23334703,1,3309.00000,3309.00000,0.00000,      122777,20191023

rb-GD-00006,instance1,SHFE rb rb2001,20191023,13:31:21,0,23334716,-1,-1,3309.00000,3309.00000,0.00000,      122785,20191023

rb-GD-00006,instance1,SHFE rb rb2001,20191023,13:31:23,1,23334716,23334764,1,3308.00000,3310.00000,0.00000,      122799,20191023

rb-GD-00006,instance1,SHFE rb rb2001,20191023,13:31:26,0,23334826,-1,-1,3310.00000,3310.00000,0.00000,      122835,20191023

rb-GD-00006,instance1,SHFE rb rb2001,20191023,13:31:30,1,23334826,23334891,1,3309.00000,3311.00000,0.00000,      122881,20191023

rb-GD-00006,instance1,SHFE rb rb2001,20191023,13:32:38,0,23336512,-1,-1,3309.00000,3309.00000,0.00000,      123422,20191023

rb-GD-00006,instance1,SHFE rb rb2001,20191023,13:32:41,1,23336512,23336580,1,3308.00000,3309.00000,0.00000,      123443,20191023

MA-GD-00006,instance1,CZCE MA MA001,20191023,13:32:56,0,2388147,-1,-1,2128.00000,2128.00000,0.00000,      123599,20191023

rb-GD-00006,instance1,SHFE rb rb2001,20191023,13:33:15,0,23337490,-1,-1,3309.00000,3309.00000,0.00000,      123788,20191023

rb-GD-00006,instance1,SHFE rb rb2001,20191023,13:33:16,1,23337490,23337531,1,3308.00000,3309.00000,0.00000,      123801,20191023

TA-GD-00006,instance1,CZCE TA TA001,20191023,13:33:27,0,2388351,-1,1,4870.00000,4870.00000,0.00000,      123852,20191023

TA-GD-00006,instance1,CZCE TA TA001,20191023,13:33:49,1,2388351,2388455,-1,4872.00000,4866.00000,0.00000,      124023,20191023

MA-GD-00006,instance1,CZCE MA MA001,20191023,13:34:43,1,2388147,2388757,1,2127.00000,2128.00000,0.00000,      124533,20191023

rb-GD-00006,instance1,SHFE rb rb2001,20191023,13:35:19,0,23340774,-1,1,3310.00000,3310.00000,0.00000,      124858,20191023

rb-GD-00006,instance1,SHFE rb rb2001,20191023,13:35:22,1,23340774,23340839,-1,3311.00000,3310.00000,0.00000,      124870,20191023

rb-GD-00006,instance1,SHFE rb rb2001,20191023,13:35:32,0,23341058,-1,1,3310.00000,3310.00000,0.00000,      124925,20191023

rb-GD-00006,instance1,SHFE rb rb2001,20191023,13:35:34,1,23341058,23341111,-1,3311.00000,3310.00000,0.00000,      124936,20191023

rb-GD-00006,instance1,SHFE rb rb2001,20191023,13:36:25,0,23342171,-1,1,3311.00000,3311.00000,0.00000,      125293,20191023

rb-GD-00006,instance1,SHFE rb rb2001,20191023,13:36:29,1,23342171,23342279,-1,3312.00000,3311.00000,0.00000,      125335,20191023

rb-GD-00006,instance1,SHFE rb rb2001,20191023,13:36:33,0,23342372,-1,1,3310.00000,3310.00000,0.00000,      125359,20191023

rb-GD-00006,instance1,SHFE rb rb2001,20191023,13:36:48,1,23342372,23342651,-1,3311.00000,3308.00000,0.00000,      125414,20191023

rb-GD-00006,instance1,SHFE rb rb2001,20191023,13:37:04,0,23343032,-1,-1,3309.00000,3309.00000,0.00000,      125558,20191023

rb-GD-00006,instance1,SHFE rb rb2001,20191023,13:37:05,1,23343032,23343056,1,3308.00000,3309.00000,0.00000,      125566,20191023

rb-GD-00006,instance1,SHFE rb rb2001,20191023,13:37:05,0,23343064,-1,-1,3309.00000,3309.00000,0.00000,      125572,20191023

MA-GD-00006,instance1,CZCE MA MA001,20191023,13:37:10,0,2389609,-1,1,2130.00000,2130.00000,0.00000,      125608,20191023

MA-GD-00006,instance1,CZCE MA MA001,20191023,13:37:13,1,2389609,2389630,-1,2131.00000,2130.00000,0.00000,      125641,20191023

rb-GD-00006,instance1,SHFE rb rb2001,20191023,13:37:18,1,23343064,23343439,1,3308.00000,3308.00000,0.00000,      125683,20191023

rb-GD-00006,instance1,SHFE rb rb2001,20191023,13:37:21,0,23343520,-1,-1,3308.00000,3308.00000,0.00000,      125714,20191023

rb-GD-00006,instance1,SHFE rb rb2001,20191023,13:37:25,1,23343520,23343609,1,3307.00000,3308.00000,0.00000,      125758,20191023

rb-GD-00006,instance1,SHFE rb rb2001,20191023,13:37:26,0,23343635,-1,-1,3308.00000,3308.00000,0.00000,      125768,20191023

rb-GD-00006,instance1,SHFE rb rb2001,20191023,13:37:27,1,23343635,23343661,1,3307.00000,3308.00000,0.00000,      125779,20191023

rb-GD-00006,instance1,SHFE rb rb2001,20191023,13:37:32,0,23343767,-1,-1,3308.00000,3308.00000,0.00000,      125829,20191023

rb-GD-00006,instance1,SHFE rb rb2001,20191023,13:37:34,1,23343767,23343823,1,3307.00000,3308.00000,0.00000,      125843,20191023

rb-GD-00006,instance1,SHFE rb rb2001,20191023,13:37:37,0,23343893,-1,-1,3308.00000,3308.00000,0.00000,      125857,20191023

rb-GD-00006,instance1,SHFE rb rb2001,20191023,13:37:40,1,23343893,23343955,1,3307.00000,3308.00000,0.00000,      125870,20191023

