rb-GD-00006,instance1,SHFE rb rb2001,20191205,09:00:03,1,579056,5102705,-1,3623.00000,3619.00000,0.00000,       41955,20191205

rb-GD-00006,instance1,SHFE rb rb2001,20191205,09:00:04,0,5102763,-1,-1,3619.00000,3619.00000,0.00000,       41993,20191205

rb-GD-00006,instance1,SHFE rb rb2001,20191205,09:00:10,1,5102763,5102974,1,3620.00000,3620.00000,0.00000,       42146,20191205

rb-GD-00006,instance1,SHFE rb rb2001,20191205,09:00:17,0,5103123,-1,1,3622.00000,3622.00000,0.00000,       42258,20191205

rb-GD-00006,instance1,SHFE rb rb2001,20191205,09:00:42,1,5103123,5103555,-1,3621.00000,3621.00000,0.00000,       42584,20191205

rb-GD-00006,instance1,SHFE rb rb2001,20191205,09:00:44,0,5103610,-1,-1,3620.00000,3620.00000,0.00000,       42610,20191205

rb-GD-00006,instance1,SHFE rb rb2001,20191205,09:01:12,1,5103610,5104314,1,3621.00000,3622.00000,0.00000,       42952,20191205

rb-GD-00006,instance1,SHFE rb rb2001,20191205,09:01:12,0,5104326,-1,1,3623.00000,3623.00000,0.00000,       42956,20191205

rb-GD-00006,instance1,SHFE rb rb2001,20191205,09:02:13,1,5104326,5105080,-1,3623.00000,3622.00000,0.00000,       43396,20191205

rb-GD-00006,instance1,SHFE rb rb2001,20191205,09:02:21,0,5105175,-1,1,3624.00000,3624.00000,0.00000,       43469,20191205

rb-GD-00006,instance1,SHFE rb rb2001,20191205,09:02:53,1,5105175,5105376,-1,3625.00000,3624.00000,0.00000,       43579,20191205

rb-GD-00006,instance1,SHFE rb rb2001,20191205,09:07:54,0,5107717,-1,-1,3617.00000,3617.00000,0.00000,       44990,20191205

rb-GD-00006,instance1,SHFE rb rb2001,20191205,09:08:25,1,5107717,5108066,1,3615.00000,3615.00000,0.00000,       45171,20191205

rb-GD-00006,instance1,SHFE rb rb2001,20191205,09:09:04,0,5108445,-1,-1,3613.00000,3613.00000,0.00000,       45356,20191205

rb-GD-00006,instance1,SHFE rb rb2001,20191205,09:09:11,1,5108445,5108515,1,3614.00000,3614.00000,0.00000,       45405,20191205

rb-GD-00006,instance1,SHFE rb rb2001,20191205,09:09:15,0,5108536,-1,1,3614.00000,3614.00000,0.00000,       45417,20191205

rb-GD-00006,instance1,SHFE rb rb2001,20191205,09:09:46,1,5108536,5108775,-1,3616.00000,3616.00000,0.00000,       45551,20191205

rb-GD-00006,instance1,SHFE rb rb2001,20191205,09:12:15,0,5110725,-1,-1,3615.00000,3615.00000,0.00000,       46182,20191205

rb-GD-00006,instance1,SHFE rb rb2001,20191205,09:12:59,1,5110725,5111042,1,3615.00000,3615.00000,0.00000,       46338,20191205

rb-GD-00006,instance1,SHFE rb rb2001,20191205,09:13:54,0,5111478,-1,1,3617.00000,3617.00000,0.00000,       46553,20191205

rb-GD-00006,instance1,SHFE rb rb2001,20191205,09:14:29,1,5111478,5111916,-1,3617.00000,3616.00000,0.00000,       46661,20191205

MA-GD-00006,instance1,CZCE MA MA001,20191205,09:16:21,0,523396,-1,-1,2012.00000,2013.00000,0.00000,       47341,20191205

rb-GD-00006,instance1,SHFE rb rb2001,20191205,09:16:25,0,5113805,-1,-1,3612.00000,3612.00000,0.00000,       47376,20191205

MA-GD-00006,instance1,CZCE MA MA001,20191205,09:16:34,1,523396,523449,1,2014.00000,2013.00000,0.00000,       47404,20191205

MA-GD-00006,instance1,CZCE MA MA001,20191205,09:16:43,0,523483,-1,1,2014.00000,2014.00000,0.00000,       47448,20191205

rb-GD-00006,instance1,SHFE rb rb2001,20191205,09:16:48,1,5113805,5114192,1,3613.00000,3613.00000,0.00000,       47466,20191205

MA-GD-00006,instance1,CZCE MA MA001,20191205,09:17:19,1,523483,523602,-1,2016.00000,2015.00000,0.00000,       47587,20191205

TA-GD-00006,instance1,CZCE TA TA001,20191205,09:19:14,0,523847,-1,1,4774.00000,4774.00000,0.00000,       47974,20191205

TA-GD-00006,instance1,CZCE TA TA001,20191205,09:19:21,1,523847,523864,-1,4772.00000,4772.00000,0.00000,       47987,20191205

TA-GD-00006,instance1,CZCE TA TA001,20191205,09:21:33,0,524315,-1,1,4778.00000,4778.00000,0.00000,       48386,20191205

TA-GD-00006,instance1,CZCE TA TA001,20191205,09:22:27,1,524315,524498,-1,4784.00000,4780.00000,0.00000,       48624,20191205

TA-GD-00006,instance1,CZCE TA TA001,20191205,09:22:47,0,524569,-1,1,4778.00000,4778.00000,0.00000,       48685,20191205

TA-GD-00006,instance1,CZCE TA TA001,20191205,09:23:21,1,524569,524637,-1,4780.00000,4780.00000,0.00000,       48761,20191205

TA-GD-00006,instance1,CZCE TA TA001,20191205,09:23:22,0,524641,-1,1,4780.00000,4780.00000,0.00000,       48762,20191205

rb-GD-00006,instance1,SHFE rb rb2001,20191205,09:24:47,0,5119460,-1,1,3622.00000,3622.00000,0.00000,       49061,20191205

rb-GD-00006,instance1,SHFE rb rb2001,20191205,09:24:50,1,5119460,5119491,-1,3621.00000,3621.00000,0.00000,       49075,20191205

TA-GD-00006,instance1,CZCE TA TA001,20191205,09:24:59,1,524641,524917,-1,4780.00000,4778.00000,0.00000,       49117,20191205

rb-GD-00006,instance1,SHFE rb rb2001,20191205,09:25:16,0,5119829,-1,1,3623.00000,3623.00000,0.00000,       49274,20191205

TA-GD-00006,instance1,CZCE TA TA001,20191205,09:25:24,0,525057,-1,1,4778.00000,4776.00000,0.00000,       49311,20191205

rb-GD-00006,instance1,SHFE rb rb2001,20191205,09:25:26,1,5119829,5119928,-1,3622.00000,3622.00000,0.00000,       49322,20191205

rb-GD-00006,instance1,SHFE rb rb2001,20191205,09:25:33,0,5119972,-1,-1,3621.00000,3621.00000,0.00000,       49356,20191205

TA-GD-00006,instance1,CZCE TA TA001,20191205,09:25:43,1,525057,525095,-1,4774.00000,4774.00000,0.00000,       49412,20191205

rb-GD-00006,instance1,SHFE rb rb2001,20191205,09:26:21,1,5119972,5120340,1,3621.00000,3622.00000,0.00000,       49563,20191205

TA-GD-00006,instance1,CZCE TA TA001,20191205,09:26:50,0,525286,-1,1,4780.00000,4780.00000,0.00000,       49638,20191205

TA-GD-00006,instance1,CZCE TA TA001,20191205,09:27:23,1,525286,525438,-1,4784.00000,4784.00000,0.00000,       49764,20191205

TA-GD-00006,instance1,CZCE TA TA001,20191205,09:27:25,0,525448,-1,1,4784.00000,4784.00000,0.00000,       49767,20191205

rb-GD-00006,instance1,SHFE rb rb2001,20191205,09:27:29,0,5120855,-1,-1,3622.00000,3622.00000,0.00000,       49775,20191205

TA-GD-00006,instance1,CZCE TA TA001,20191205,09:27:59,1,525448,525609,-1,4788.00000,4786.00000,0.00000,       49859,20191205

rb-GD-00006,instance1,SHFE rb rb2001,20191205,09:28:10,1,5120855,5121123,1,3621.00000,3622.00000,0.00000,       49907,20191205

TA-GD-00006,instance1,CZCE TA TA001,20191205,09:28:17,0,525761,-1,1,4784.00000,4784.00000,0.00000,       49966,20191205

TA-GD-00006,instance1,CZCE TA TA001,20191205,09:29:06,1,525761,526140,-1,4788.00000,4790.00000,0.00000,       50246,20191205

TA-GD-00006,instance1,CZCE TA TA001,20191205,09:29:06,0,526156,-1,1,4792.00000,4792.00000,0.00000,       50252,20191205

rb-GD-00006,instance1,SHFE rb rb2001,20191205,09:29:11,0,5121701,-1,1,3623.00000,3623.00000,0.00000,       50286,20191205

TA-GD-00006,instance1,CZCE TA TA001,20191205,09:29:11,1,526156,526245,-1,4790.00000,4790.00000,0.00000,       50290,20191205

TA-GD-00006,instance1,CZCE TA TA001,20191205,09:29:14,0,526276,-1,1,4790.00000,4790.00000,0.00000,       50320,20191205

TA-GD-00006,instance1,CZCE TA TA001,20191205,09:29:45,1,526276,526573,-1,4792.00000,4792.00000,0.00000,       50531,20191205

TA-GD-00006,instance1,CZCE TA TA001,20191205,09:29:58,0,526656,-1,1,4794.00000,4794.00000,0.00000,       50597,20191205

rb-GD-00006,instance1,SHFE rb rb2001,20191205,09:30:01,1,5121701,5122263,-1,3626.00000,3624.00000,0.00000,       50691,20191205

MA-GD-00006,instance1,CZCE MA MA001,20191205,09:30:08,0,526762,-1,1,2023.00000,2023.00000,0.00000,       50813,20191205

rb-GD-00006,instance1,SHFE rb rb2001,20191205,09:30:12,0,5122476,-1,1,3627.00000,3627.00000,0.00000,       50879,20191205

MA-GD-00006,instance1,CZCE MA MA001,20191205,09:30:59,1,526762,527026,-1,2022.00000,2021.00000,0.00000,       51253,20191205

TA-GD-00006,instance1,CZCE TA TA001,20191205,09:31:00,1,526656,527034,-1,4794.00000,4794.00000,0.00000,       51259,20191205

rb-GD-00006,instance1,SHFE rb rb2001,20191205,09:31:01,1,5122476,5123170,-1,3627.00000,3627.00000,0.00000,       51278,20191205

rb-GD-00006,instance1,SHFE rb rb2001,20191205,09:31:03,0,5123183,-1,1,3627.00000,3627.00000,0.00000,       51288,20191205

TA-GD-00006,instance1,CZCE TA TA001,20191205,09:31:09,0,527069,-1,1,4794.00000,4794.00000,0.00000,       51385,20191205

rb-GD-00006,instance1,SHFE rb rb2001,20191205,09:31:11,1,5123183,5123365,-1,3626.00000,3624.00000,0.00000,       51391,20191205

rb-GD-00006,instance1,SHFE rb rb2001,20191205,09:31:12,0,5123382,-1,-1,3623.00000,3623.00000,0.00000,       51399,20191205

rb-GD-00006,instance1,SHFE rb rb2001,20191205,09:31:42,1,5123382,5123618,1,3623.00000,3623.00000,0.00000,       51553,20191205

TA-GD-00006,instance1,CZCE TA TA001,20191205,09:32:02,1,527069,527208,-1,4794.00000,4794.00000,0.00000,       51662,20191205

rb-GD-00006,instance1,SHFE rb rb2001,20191205,09:33:00,0,5124531,-1,-1,3621.00000,3621.00000,0.00000,       51904,20191205

rb-GD-00006,instance1,SHFE rb rb2001,20191205,09:33:51,1,5124531,5125085,1,3622.00000,3622.00000,0.00000,       52137,20191205

rb-GD-00006,instance1,SHFE rb rb2001,20191205,09:34:45,0,5125526,-1,-1,3621.00000,3621.00000,0.00000,       52389,20191205

TA-GD-00006,instance1,CZCE TA TA001,20191205,09:34:51,0,527621,-1,-1,4796.00000,4796.00000,0.00000,       52418,20191205

TA-GD-00006,instance1,CZCE TA TA001,20191205,09:34:53,1,527621,527626,1,4798.00000,4798.00000,0.00000,       52424,20191205

rb-GD-00006,instance1,SHFE rb rb2001,20191205,09:35:26,1,5125526,5125873,1,3618.00000,3618.00000,0.00000,       52619,20191205

rb-GD-00006,instance1,SHFE rb rb2001,20191205,09:43:55,0,5128923,-1,-1,3616.00000,3616.00000,0.00000,       54587,20191205

rb-GD-00006,instance1,SHFE rb rb2001,20191205,09:43:55,1,5128923,5128933,1,3617.00000,3617.00000,0.00000,       54592,20191205

rb-GD-00006,instance1,SHFE rb rb2001,20191205,10:06:08,0,5140979,-1,-1,3616.00000,3616.00000,0.00000,       60378,20191205

rb-GD-00006,instance1,SHFE rb rb2001,20191205,10:06:32,1,5140979,5141244,1,3616.00000,3616.00000,0.00000,       60485,20191205

rb-GD-00006,instance1,SHFE rb rb2001,20191205,10:06:34,0,5141295,-1,-1,3616.00000,3616.00000,0.00000,       60502,20191205

rb-GD-00006,instance1,SHFE rb rb2001,20191205,10:07:12,1,5141295,5141583,1,3615.00000,3617.00000,0.00000,       60649,20191205

rb-GD-00006,instance1,SHFE rb rb2001,20191205,10:07:25,0,5141729,-1,-1,3614.00000,3614.00000,0.00000,       60713,20191205

rb-GD-00006,instance1,SHFE rb rb2001,20191205,10:08:01,1,5141729,5141999,1,3614.00000,3614.00000,0.00000,       60838,20191205

rb-GD-00006,instance1,SHFE rb rb2001,20191205,10:08:19,0,5142082,-1,-1,3614.00000,3614.00000,0.00000,       60885,20191205

rb-GD-00006,instance1,SHFE rb rb2001,20191205,10:09:14,1,5142082,5142376,1,3614.00000,3613.00000,0.00000,       61049,20191205

rb-GD-00006,instance1,SHFE rb rb2001,20191205,10:09:17,0,5142433,-1,-1,3612.00000,3612.00000,0.00000,       61071,20191205

rb-GD-00006,instance1,SHFE rb rb2001,20191205,10:09:36,1,5142433,5142690,1,3610.00000,3610.00000,0.00000,       61194,20191205

rb-GD-00006,instance1,SHFE rb rb2001,20191205,10:09:38,0,5142697,-1,-1,3610.00000,3610.00000,0.00000,       61197,20191205

rb-GD-00006,instance1,SHFE rb rb2001,20191205,10:09:40,1,5142697,5142712,1,3611.00000,3611.00000,0.00000,       61202,20191205

rb-GD-00006,instance1,SHFE rb rb2001,20191205,10:09:41,0,5142729,-1,-1,3610.00000,3610.00000,0.00000,       61205,20191205

rb-GD-00006,instance1,SHFE rb rb2001,20191205,10:10:11,1,5142729,5143269,1,3605.00000,3605.00000,0.00000,       61452,20191205

rb-GD-00006,instance1,SHFE rb rb2001,20191205,10:10:16,0,5143325,-1,-1,3606.00000,3606.00000,0.00000,       61487,20191205

rb-GD-00006,instance1,SHFE rb rb2001,20191205,10:10:19,1,5143325,5143349,1,3607.00000,3607.00000,0.00000,       61498,20191205

rb-GD-00006,instance1,SHFE rb rb2001,20191205,10:10:20,0,5143370,-1,-1,3607.00000,3607.00000,0.00000,       61506,20191205

rb-GD-00006,instance1,SHFE rb rb2001,20191205,10:10:50,1,5143370,5143492,1,3608.00000,3608.00000,0.00000,       61576,20191205

rb-GD-00006,instance1,SHFE rb rb2001,20191205,10:10:56,0,5143535,-1,-1,3608.00000,3608.00000,0.00000,       61606,20191205

rb-GD-00006,instance1,SHFE rb rb2001,20191205,10:11:01,1,5143535,5143592,1,3609.00000,3609.00000,0.00000,       61630,20191205

rb-GD-00006,instance1,SHFE rb rb2001,20191205,10:11:09,0,5143643,-1,-1,3609.00000,3609.00000,0.00000,       61663,20191205

rb-GD-00006,instance1,SHFE rb rb2001,20191205,10:11:53,1,5143643,5144068,1,3608.00000,3609.00000,0.00000,       61872,20191205

rb-GD-00006,instance1,SHFE rb rb2001,20191205,10:12:03,0,5144141,-1,-1,3608.00000,3608.00000,0.00000,       61910,20191205

rb-GD-00006,instance1,SHFE rb rb2001,20191205,10:12:12,1,5144141,5144199,1,3609.00000,3609.00000,0.00000,       61945,20191205

rb-GD-00006,instance1,SHFE rb rb2001,20191205,10:12:14,0,5144223,-1,-1,3609.00000,3609.00000,0.00000,       61956,20191205

rb-GD-00006,instance1,SHFE rb rb2001,20191205,10:12:20,1,5144223,5144245,1,3610.00000,3610.00000,0.00000,       61967,20191205

rb-GD-00006,instance1,SHFE rb rb2001,20191205,10:12:26,0,5144304,-1,-1,3610.00000,3610.00000,0.00000,       62001,20191205

rb-GD-00006,instance1,SHFE rb rb2001,20191205,10:12:32,1,5144304,5144342,1,3611.00000,3610.00000,0.00000,       62024,20191205

rb-GD-00006,instance1,SHFE rb rb2001,20191205,10:12:33,0,5144372,-1,-1,3611.00000,3611.00000,0.00000,       62040,20191205

rb-GD-00006,instance1,SHFE rb rb2001,20191205,10:13:59,1,5144372,5144782,1,3609.00000,3610.00000,0.00000,       62350,20191205

rb-GD-00006,instance1,SHFE rb rb2001,20191205,10:14:06,0,5144893,-1,-1,3609.00000,3609.00000,0.00000,       62416,20191205

rb-GD-00006,instance1,SHFE rb rb2001,20191205,10:14:55,1,5144893,5145130,1,3607.00000,3608.00000,0.00000,       62649,20191205

rb-GD-00006,instance1,SHFE rb rb2001,20191205,10:30:10,0,5145333,-1,-1,3608.00000,3608.00000,0.00000,       63112,20191205

rb-GD-00006,instance1,SHFE rb rb2001,20191205,10:30:19,1,5145333,5145412,1,3609.00000,3609.00000,0.00000,       63165,20191205

rb-GD-00006,instance1,SHFE rb rb2001,20191205,10:30:25,0,5145497,-1,-1,3609.00000,3609.00000,0.00000,       63204,20191205

rb-GD-00006,instance1,SHFE rb rb2001,20191205,10:30:56,1,5145497,5145665,1,3608.00000,3608.00000,0.00000,       63320,20191205

rb-GD-00006,instance1,SHFE rb rb2001,20191205,10:31:02,0,5145753,-1,-1,3608.00000,3608.00000,0.00000,       63357,20191205

rb-GD-00006,instance1,SHFE rb rb2001,20191205,10:31:28,1,5145753,5145853,1,3609.00000,3609.00000,0.00000,       63433,20191205

rb-GD-00006,instance1,SHFE rb rb2001,20191205,10:32:13,0,5146213,-1,-1,3607.00000,3607.00000,0.00000,       63626,20191205

rb-GD-00006,instance1,SHFE rb rb2001,20191205,10:32:23,1,5146213,5146327,1,3608.00000,3608.00000,0.00000,       63686,20191205

rb-GD-00006,instance1,SHFE rb rb2001,20191205,10:42:35,0,5149584,-1,-1,3607.00000,3607.00000,0.00000,       65805,20191205

rb-GD-00006,instance1,SHFE rb rb2001,20191205,10:43:30,1,5149584,5149874,1,3607.00000,3608.00000,0.00000,       66008,20191205

rb-GD-00006,instance1,SHFE rb rb2001,20191205,10:46:12,0,5150794,-1,-1,3604.00000,3604.00000,0.00000,       66619,20191205

rb-GD-00006,instance1,SHFE rb rb2001,20191205,10:46:20,1,5150794,5150835,1,3605.00000,3605.00000,0.00000,       66638,20191205

rb-GD-00006,instance1,SHFE rb rb2001,20191205,10:47:49,0,5151251,-1,-1,3603.00000,3603.00000,0.00000,       66886,20191205

rb-GD-00006,instance1,SHFE rb rb2001,20191205,10:47:50,1,5151251,5151269,1,3604.00000,3604.00000,0.00000,       66893,20191205

rb-GD-00006,instance1,SHFE rb rb2001,20191205,10:48:07,0,5151418,-1,-1,3603.00000,3603.00000,0.00000,       66970,20191205

rb-GD-00006,instance1,SHFE rb rb2001,20191205,10:48:25,1,5151418,5151673,1,3601.00000,3601.00000,0.00000,       67069,20191205

rb-GD-00006,instance1,SHFE rb rb2001,20191205,10:48:26,0,5151678,-1,-1,3601.00000,3601.00000,0.00000,       67072,20191205

rb-GD-00006,instance1,SHFE rb rb2001,20191205,10:48:56,1,5151678,5151959,1,3598.00000,3598.00000,0.00000,       67227,20191205

rb-GD-00006,instance1,SHFE rb rb2001,20191205,10:49:00,0,5152013,-1,-1,3598.00000,3598.00000,0.00000,       67255,20191205

rb-GD-00006,instance1,SHFE rb rb2001,20191205,10:49:06,1,5152013,5152090,1,3599.00000,3599.00000,0.00000,       67293,20191205

rb-GD-00006,instance1,SHFE rb rb2001,20191205,10:49:11,0,5152140,-1,-1,3600.00000,3600.00000,0.00000,       67321,20191205

rb-GD-00006,instance1,SHFE rb rb2001,20191205,10:49:30,1,5152140,5152294,1,3601.00000,3604.00000,0.00000,       67436,20191205

rb-GD-00006,instance1,SHFE rb rb2001,20191205,10:49:32,0,5152320,-1,-1,3603.00000,3603.00000,0.00000,       67446,20191205

rb-GD-00006,instance1,SHFE rb rb2001,20191205,10:50:17,1,5152320,5152601,1,3601.00000,3601.00000,0.00000,       67609,20191205

rb-GD-00006,instance1,SHFE rb rb2001,20191205,10:50:22,0,5152622,-1,-1,3601.00000,3601.00000,0.00000,       67626,20191205

rb-GD-00006,instance1,SHFE rb rb2001,20191205,10:50:56,1,5152622,5152675,1,3602.00000,3602.00000,0.00000,       67710,20191205

rb-GD-00006,instance1,SHFE rb rb2001,20191205,10:51:03,0,5152740,-1,-1,3600.00000,3600.00000,0.00000,       67757,20191205

rb-GD-00006,instance1,SHFE rb rb2001,20191205,10:51:41,1,5152740,5152923,1,3599.00000,3600.00000,0.00000,       67840,20191205

rb-GD-00006,instance1,SHFE rb rb2001,20191205,10:51:54,0,5152978,-1,-1,3600.00000,3600.00000,0.00000,       67872,20191205

rb-GD-00006,instance1,SHFE rb rb2001,20191205,10:51:59,1,5152978,5153032,1,3601.00000,3601.00000,0.00000,       67899,20191205

rb-GD-00006,instance1,SHFE rb rb2001,20191205,10:52:06,0,5153095,-1,-1,3600.00000,3600.00000,0.00000,       67920,20191205

rb-GD-00006,instance1,SHFE rb rb2001,20191205,10:52:12,1,5153095,5153136,1,3601.00000,3601.00000,0.00000,       67944,20191205

rb-GD-00006,instance1,SHFE rb rb2001,20191205,10:52:15,0,5153167,-1,-1,3601.00000,3601.00000,0.00000,       67959,20191205

rb-GD-00006,instance1,SHFE rb rb2001,20191205,10:52:25,1,5153167,5153258,1,3602.00000,3602.00000,0.00000,       68005,20191205

rb-GD-00006,instance1,SHFE rb rb2001,20191205,10:52:32,0,5153287,-1,-1,3602.00000,3602.00000,0.00000,       68022,20191205

rb-GD-00006,instance1,SHFE rb rb2001,20191205,10:52:57,1,5153287,5153361,1,3602.00000,3603.00000,0.00000,       68102,20191205

rb-GD-00006,instance1,SHFE rb rb2001,20191205,10:53:15,0,5153514,-1,-1,3603.00000,3603.00000,0.00000,       68226,20191205

rb-GD-00006,instance1,SHFE rb rb2001,20191205,10:54:14,1,5153514,5153931,1,3602.00000,3604.00000,0.00000,       68532,20191205

rb-GD-00006,instance1,SHFE rb rb2001,20191205,10:55:10,0,5154286,-1,-1,3604.00000,3604.00000,0.00000,       68787,20191205

rb-GD-00006,instance1,SHFE rb rb2001,20191205,10:55:47,1,5154286,5154454,1,3603.00000,3604.00000,0.00000,       68891,20191205

rb-GD-00006,instance1,SHFE rb rb2001,20191205,10:57:03,0,5154759,-1,-1,3602.00000,3602.00000,0.00000,       69127,20191205

rb-GD-00006,instance1,SHFE rb rb2001,20191205,10:57:55,1,5154759,5155031,1,3602.00000,3605.00000,0.00000,       69233,20191205

MA-GD-00006,instance1,CZCE MA MA001,20191205,11:03:09,0,537164,-1,-1,2025.00000,2025.00000,0.00000,       70335,20191205

MA-GD-00006,instance1,CZCE MA MA001,20191205,11:03:45,1,537164,537235,1,2023.00000,2023.00000,0.00000,       70418,20191205

rb-GD-00006,instance1,SHFE rb rb2001,20191205,11:04:11,0,5156878,-1,-1,3598.00000,3598.00000,0.00000,       70494,20191205

MA-GD-00006,instance1,CZCE MA MA001,20191205,11:04:12,0,537258,-1,-1,2023.00000,2023.00000,0.00000,       70501,20191205

MA-GD-00006,instance1,CZCE MA MA001,20191205,11:04:46,1,537258,537310,1,2022.00000,2022.00000,0.00000,       70600,20191205

rb-GD-00006,instance1,SHFE rb rb2001,20191205,11:05:00,1,5156878,5157053,1,3597.00000,3597.00000,0.00000,       70656,20191205

MA-GD-00006,instance1,CZCE MA MA001,20191205,11:05:03,0,537361,-1,-1,2022.00000,2022.00000,0.00000,       70697,20191205

rb-GD-00006,instance1,SHFE rb rb2001,20191205,11:05:05,0,5157155,-1,-1,3595.00000,3595.00000,0.00000,       70711,20191205

MA-GD-00006,instance1,CZCE MA MA001,20191205,11:05:08,1,537361,537377,1,2023.00000,2023.00000,0.00000,       70724,20191205

rb-GD-00006,instance1,SHFE rb rb2001,20191205,11:05:09,1,5157155,5157177,1,3596.00000,3596.00000,0.00000,       70732,20191205

rb-GD-00006,instance1,SHFE rb rb2001,20191205,11:05:23,0,5157235,-1,-1,3596.00000,3596.00000,0.00000,       70775,20191205

rb-GD-00006,instance1,SHFE rb rb2001,20191205,11:05:32,1,5157235,5157272,1,3597.00000,3597.00000,0.00000,       70797,20191205

MA-GD-00006,instance1,CZCE MA MA001,20191205,11:05:39,0,537436,-1,-1,2022.00000,2022.00000,0.00000,       70806,20191205

rb-GD-00006,instance1,SHFE rb rb2001,20191205,11:05:43,0,5157307,-1,-1,3597.00000,3597.00000,0.00000,       70816,20191205

rb-GD-00006,instance1,SHFE rb rb2001,20191205,11:05:59,1,5157307,5157382,1,3595.00000,3595.00000,0.00000,       70865,20191205

MA-GD-00006,instance1,CZCE MA MA001,20191205,11:06:02,1,537436,537458,1,2023.00000,2023.00000,0.00000,       70891,20191205

rb-GD-00006,instance1,SHFE rb rb2001,20191205,11:06:04,0,5157485,-1,-1,3593.00000,3593.00000,0.00000,       70905,20191205

rb-GD-00006,instance1,SHFE rb rb2001,20191205,11:06:10,1,5157485,5157600,1,3593.00000,3594.00000,0.00000,       70947,20191205

rb-GD-00006,instance1,SHFE rb rb2001,20191205,11:06:11,0,5157626,-1,-1,3594.00000,3594.00000,0.00000,       70958,20191205

rb-GD-00006,instance1,SHFE rb rb2001,20191205,11:06:29,1,5157626,5157715,1,3595.00000,3596.00000,0.00000,       71024,20191205

rb-GD-00006,instance1,SHFE rb rb2001,20191205,11:06:32,0,5157756,-1,-1,3596.00000,3596.00000,0.00000,       71044,20191205

rb-GD-00006,instance1,SHFE rb rb2001,20191205,11:07:03,1,5157756,5157830,1,3594.00000,3594.00000,0.00000,       71116,20191205

rb-GD-00006,instance1,SHFE rb rb2001,20191205,11:07:05,0,5157839,-1,-1,3594.00000,3594.00000,0.00000,       71120,20191205

rb-GD-00006,instance1,SHFE rb rb2001,20191205,11:07:06,1,5157839,5157844,1,3594.00000,3594.00000,0.00000,       71124,20191205

rb-GD-00006,instance1,SHFE rb rb2001,20191205,11:07:07,0,5157849,-1,-1,3594.00000,3594.00000,0.00000,       71126,20191205

MA-GD-00006,instance1,CZCE MA MA001,20191205,11:07:35,0,537624,-1,-1,2023.00000,2023.00000,0.00000,       71177,20191205

rb-GD-00006,instance1,SHFE rb rb2001,20191205,11:07:39,1,5157849,5158030,1,3595.00000,3598.00000,0.00000,       71236,20191205

rb-GD-00006,instance1,SHFE rb rb2001,20191205,11:07:43,0,5158068,-1,1,3598.00000,3598.00000,0.00000,       71284,20191205

rb-GD-00006,instance1,SHFE rb rb2001,20191205,11:08:25,1,5158068,5158543,-1,3598.00000,3596.00000,0.00000,       71527,20191205

rb-GD-00006,instance1,SHFE rb rb2001,20191205,11:08:37,0,5158652,-1,-1,3597.00000,3597.00000,0.00000,       71585,20191205

MA-GD-00006,instance1,CZCE MA MA001,20191205,11:09:44,1,537624,537959,1,2022.00000,2022.00000,0.00000,       71830,20191205

rb-GD-00006,instance1,SHFE rb rb2001,20191205,11:10:00,1,5158652,5159077,1,3595.00000,3596.00000,0.00000,       71875,20191205

MA-GD-00006,instance1,CZCE MA MA001,20191205,11:10:03,0,537979,-1,-1,2021.00000,2021.00000,0.00000,       71898,20191205

rb-GD-00006,instance1,SHFE rb rb2001,20191205,11:10:10,0,5159193,-1,-1,3595.00000,3595.00000,0.00000,       71947,20191205

MA-GD-00006,instance1,CZCE MA MA001,20191205,11:10:46,1,537979,538078,1,2019.00000,2020.00000,0.00000,       72027,20191205

MA-GD-00006,instance1,CZCE MA MA001,20191205,11:10:50,0,538088,-1,-1,2020.00000,2020.00000,0.00000,       72032,20191205

TA-GD-00006,instance1,CZCE TA TA001,20191205,11:11:00,0,538125,-1,-1,4796.00000,4796.00000,0.00000,       72075,20191205

MA-GD-00006,instance1,CZCE MA MA001,20191205,11:11:12,1,538088,538143,1,2021.00000,2021.00000,0.00000,       72099,20191205

rb-GD-00006,instance1,SHFE rb rb2001,20191205,11:11:13,1,5159193,5159523,1,3594.00000,3595.00000,0.00000,       72102,20191205

rb-GD-00006,instance1,SHFE rb rb2001,20191205,11:11:16,0,5159541,-1,-1,3595.00000,3595.00000,0.00000,       72111,20191205

rb-GD-00006,instance1,SHFE rb rb2001,20191205,11:11:20,1,5159541,5159577,1,3595.00000,3595.00000,0.00000,       72125,20191205

rb-GD-00006,instance1,SHFE rb rb2001,20191205,11:11:26,0,5159621,-1,-1,3595.00000,3595.00000,0.00000,       72144,20191205

rb-GD-00006,instance1,SHFE rb rb2001,20191205,11:11:27,1,5159621,5159631,1,3595.00000,3595.00000,0.00000,       72147,20191205

rb-GD-00006,instance1,SHFE rb rb2001,20191205,11:11:31,0,5159651,-1,-1,3595.00000,3595.00000,0.00000,       72155,20191205

TA-GD-00006,instance1,CZCE TA TA001,20191205,11:11:35,1,538125,538178,1,4796.00000,4796.00000,0.00000,       72165,20191205

rb-GD-00006,instance1,SHFE rb rb2001,20191205,11:12:14,1,5159651,5159831,1,3595.00000,3596.00000,0.00000,       72263,20191205

rb-GD-00006,instance1,SHFE rb rb2001,20191205,11:12:16,0,5159873,-1,-1,3596.00000,3596.00000,0.00000,       72278,20191205

rb-GD-00006,instance1,SHFE rb rb2001,20191205,11:12:28,1,5159873,5159970,1,3597.00000,3597.00000,0.00000,       72318,20191205

rb-GD-00006,instance1,SHFE rb rb2001,20191205,11:12:28,0,5159977,-1,-1,3597.00000,3597.00000,0.00000,       72320,20191205

MA-GD-00006,instance1,CZCE MA MA001,20191205,11:12:29,0,538280,-1,-1,2021.00000,2021.00000,0.00000,       72332,20191205

rb-GD-00006,instance1,SHFE rb rb2001,20191205,11:12:33,1,5159977,5160017,1,3597.00000,3597.00000,0.00000,       72356,20191205

rb-GD-00006,instance1,SHFE rb rb2001,20191205,11:12:35,0,5160028,-1,-1,3597.00000,3597.00000,0.00000,       72362,20191205

MA-GD-00006,instance1,CZCE MA MA001,20191205,11:12:46,1,538280,538330,1,2022.00000,2023.00000,0.00000,       72393,20191205

rb-GD-00006,instance1,SHFE rb rb2001,20191205,11:12:58,1,5160028,5160114,1,3598.00000,3598.00000,0.00000,       72411,20191205

MA-GD-00006,instance1,CZCE MA MA001,20191205,11:14:01,0,538498,-1,-1,2022.00000,2022.00000,0.00000,       72655,20191205

rb-GD-00006,instance1,SHFE rb rb2001,20191205,11:14:06,0,5160609,-1,-1,3597.00000,3597.00000,0.00000,       72682,20191205

rb-GD-00006,instance1,SHFE rb rb2001,20191205,11:14:26,1,5160609,5160732,1,3598.00000,3598.00000,0.00000,       72764,20191205

rb-GD-00006,instance1,SHFE rb rb2001,20191205,11:15:17,0,5161167,-1,-1,3598.00000,3598.00000,0.00000,       73011,20191205

rb-GD-00006,instance1,SHFE rb rb2001,20191205,11:15:34,1,5161167,5161255,1,3599.00000,3599.00000,0.00000,       73090,20191205

MA-GD-00006,instance1,CZCE MA MA001,20191205,11:16:15,1,538498,538915,1,2021.00000,2021.00000,0.00000,       73256,20191205

rb-GD-00006,instance1,SHFE rb rb2001,20191205,11:18:36,0,5161870,-1,-1,3597.00000,3597.00000,0.00000,       73626,20191205

MA-GD-00006,instance1,CZCE MA MA001,20191205,11:19:02,0,539214,-1,-1,2019.00000,2019.00000,0.00000,       73673,20191205

TA-GD-00006,instance1,CZCE TA TA001,20191205,11:19:09,0,539234,-1,-1,4796.00000,4796.00000,0.00000,       73688,20191205

MA-GD-00006,instance1,CZCE MA MA001,20191205,11:19:33,1,539214,539281,1,2021.00000,2021.00000,0.00000,       73745,20191205

rb-GD-00006,instance1,SHFE rb rb2001,20191205,11:19:36,1,5161870,5162068,1,3597.00000,3600.00000,0.00000,       73763,20191205

TA-GD-00006,instance1,CZCE TA TA001,20191205,11:19:37,1,539234,539293,1,4798.00000,4798.00000,0.00000,       73764,20191205

MA-GD-00006,instance1,CZCE MA MA001,20191205,11:19:37,0,539295,-1,-1,2021.00000,2021.00000,0.00000,       73765,20191205

MA-GD-00006,instance1,CZCE MA MA001,20191205,11:20:44,1,539295,539399,1,2020.00000,2020.00000,0.00000,       73972,20191205

MA-GD-00006,instance1,CZCE MA MA001,20191205,11:20:48,0,539415,-1,-1,2020.00000,2020.00000,0.00000,       73979,20191205

MA-GD-00006,instance1,CZCE MA MA001,20191205,11:21:45,1,539415,539467,1,2021.00000,2022.00000,0.00000,       74215,20191205

MA-GD-00006,instance1,CZCE MA MA001,20191205,11:22:07,0,539501,-1,-1,2022.00000,2022.00000,0.00000,       74280,20191205

MA-GD-00006,instance1,CZCE MA MA001,20191205,11:23:40,1,539501,539578,1,2022.00000,2022.00000,0.00000,       74435,20191205

MA-GD-00006,instance1,CZCE MA MA001,20191205,11:25:13,0,539690,-1,-1,2021.00000,2021.00000,0.00000,       74764,20191205

MA-GD-00006,instance1,CZCE MA MA001,20191205,11:26:07,1,539690,539749,1,2020.00000,2021.00000,0.00000,       74959,20191205

MA-GD-00006,instance1,CZCE MA MA001,20191205,11:26:51,0,539789,-1,-1,2021.00000,2021.00000,0.00000,       75134,20191205

MA-GD-00006,instance1,CZCE MA MA001,20191205,11:29:00,1,539789,539943,1,2021.00000,2022.00000,0.00000,       75570,20191205

rb-GD-00006,instance1,SHFE rb rb2001,20191205,13:30:08,0,5165862,-1,1,3599.00000,3599.00000,0.00000,       76688,20191205

rb-GD-00006,instance1,SHFE rb rb2001,20191205,13:30:12,1,5165862,5165983,-1,3598.00000,3598.00000,0.00000,       76750,20191205

rb-GD-00006,instance1,SHFE rb rb2001,20191205,13:30:18,0,5166147,-1,1,3600.00000,3600.00000,0.00000,       76820,20191205

MA-GD-00006,instance1,CZCE MA MA001,20191205,13:30:22,0,540301,-1,-1,2018.00000,2018.00000,0.00000,       76865,20191205

rb-GD-00006,instance1,SHFE rb rb2001,20191205,13:30:33,1,5166147,5166557,-1,3604.00000,3604.00000,0.00000,       76980,20191205

MA-GD-00006,instance1,CZCE MA MA001,20191205,13:30:33,1,540301,540358,1,2019.00000,2019.00000,0.00000,       76982,20191205

rb-GD-00006,instance1,SHFE rb rb2001,20191205,13:30:35,0,5166589,-1,1,3604.00000,3604.00000,0.00000,       76991,20191205

rb-GD-00006,instance1,SHFE rb rb2001,20191205,13:30:46,1,5166589,5166724,-1,3603.00000,3602.00000,0.00000,       77055,20191205

MA-GD-00006,instance1,CZCE MA MA001,20191205,13:30:48,0,540399,-1,-1,2018.00000,2018.00000,0.00000,       77066,20191205

MA-GD-00006,instance1,CZCE MA MA001,20191205,13:31:20,1,540399,540509,1,2017.00000,2018.00000,0.00000,       77271,20191205

rb-GD-00006,instance1,SHFE rb rb2001,20191205,13:31:30,0,5167194,-1,1,3606.00000,3606.00000,0.00000,       77316,20191205

rb-GD-00006,instance1,SHFE rb rb2001,20191205,13:31:31,1,5167194,5167212,-1,3605.00000,3606.00000,0.00000,       77323,20191205

MA-GD-00006,instance1,CZCE MA MA001,20191205,13:31:36,0,540556,-1,-1,2018.00000,2018.00000,0.00000,       77342,20191205

rb-GD-00006,instance1,SHFE rb rb2001,20191205,13:31:36,0,5167258,-1,1,3605.00000,3605.00000,0.00000,       77345,20191205

MA-GD-00006,instance1,CZCE MA MA001,20191205,13:31:48,1,540556,540600,1,2019.00000,2019.00000,0.00000,       77405,20191205

rb-GD-00006,instance1,SHFE rb rb2001,20191205,13:31:50,1,5167258,5167380,-1,3604.00000,3604.00000,0.00000,       77412,20191205

MA-GD-00006,instance1,CZCE MA MA001,20191205,13:31:54,0,540614,-1,-1,2019.00000,2019.00000,0.00000,       77424,20191205

rb-GD-00006,instance1,SHFE rb rb2001,20191205,13:32:12,0,5167525,-1,-1,3601.00000,3601.00000,0.00000,       77531,20191205

MA-GD-00006,instance1,CZCE MA MA001,20191205,13:32:37,1,540614,540715,1,2019.00000,2020.00000,0.00000,       77615,20191205

rb-GD-00006,instance1,SHFE rb rb2001,20191205,13:32:45,1,5167525,5167751,1,3601.00000,3601.00000,0.00000,       77669,20191205

MA-GD-00006,instance1,CZCE MA MA001,20191205,13:34:47,0,541006,-1,-1,2019.00000,2019.00000,0.00000,       78148,20191205

rb-GD-00006,instance1,SHFE rb rb2001,20191205,13:35:18,0,5168654,-1,1,3601.00000,3601.00000,0.00000,       78291,20191205

MA-GD-00006,instance1,CZCE MA MA001,20191205,13:35:28,1,541006,541114,1,2018.00000,2018.00000,0.00000,       78329,20191205

rb-GD-00006,instance1,SHFE rb rb2001,20191205,13:35:58,1,5168654,5168854,-1,3603.00000,3603.00000,0.00000,       78432,20191205

MA-GD-00006,instance1,CZCE MA MA001,20191205,13:36:22,0,541215,-1,-1,2017.00000,2017.00000,0.00000,       78503,20191205

MA-GD-00006,instance1,CZCE MA MA001,20191205,13:37:01,1,541215,541333,1,2015.00000,2016.00000,0.00000,       78662,20191205

MA-GD-00006,instance1,CZCE MA MA001,20191205,13:37:07,0,541348,-1,-1,2016.00000,2016.00000,0.00000,       78690,20191205

MA-GD-00006,instance1,CZCE MA MA001,20191205,13:38:44,1,541348,541606,1,2016.00000,2018.00000,0.00000,       79081,20191205

MA-GD-00006,instance1,CZCE MA MA001,20191205,13:38:57,0,541627,-1,-1,2017.00000,2017.00000,0.00000,       79150,20191205

MA-GD-00006,instance1,CZCE MA MA001,20191205,13:39:55,1,541627,541806,1,2014.00000,2016.00000,0.00000,       79411,20191205

MA-GD-00006,instance1,CZCE MA MA001,20191205,13:40:09,0,541864,-1,-1,2015.00000,2015.00000,0.00000,       79470,20191205

MA-GD-00006,instance1,CZCE MA MA001,20191205,13:40:30,1,541864,541917,1,2016.00000,2016.00000,0.00000,       79570,20191205

MA-GD-00006,instance1,CZCE MA MA001,20191205,13:40:46,0,541977,-1,-1,2016.00000,2016.00000,0.00000,       79625,20191205

MA-GD-00006,instance1,CZCE MA MA001,20191205,13:41:21,1,541977,542095,1,2015.00000,2016.00000,0.00000,       79798,20191205

MA-GD-00006,instance1,CZCE MA MA001,20191205,13:41:23,0,542101,-1,-1,2016.00000,2016.00000,0.00000,       79809,20191205

MA-GD-00006,instance1,CZCE MA MA001,20191205,13:41:56,1,542101,542300,1,2015.00000,2015.00000,0.00000,       80030,20191205

MA-GD-00006,instance1,CZCE MA MA001,20191205,13:41:57,0,542378,-1,-1,2015.00000,2015.00000,0.00000,       80037,20191205

MA-GD-00006,instance1,CZCE MA MA001,20191205,13:42:53,1,542378,542797,1,2015.00000,2018.00000,0.00000,       80353,20191205

rb-GD-00006,instance1,SHFE rb rb2001,20191205,13:43:38,0,5172228,-1,1,3606.00000,3606.00000,0.00000,       80571,20191205

MA-GD-00006,instance1,CZCE MA MA001,20191205,13:44:03,0,543108,-1,-1,2017.00000,2017.00000,0.00000,       80733,20191205

rb-GD-00006,instance1,SHFE rb rb2001,20191205,13:44:09,1,5172228,5172430,-1,3608.00000,3607.00000,0.00000,       80777,20191205

rb-GD-00006,instance1,SHFE rb rb2001,20191205,13:44:10,0,5172446,-1,1,3607.00000,3607.00000,0.00000,       80785,20191205

rb-GD-00006,instance1,SHFE rb rb2001,20191205,13:44:48,1,5172446,5172678,-1,3608.00000,3608.00000,0.00000,       81010,20191205

rb-GD-00006,instance1,SHFE rb rb2001,20191205,13:44:51,0,5172739,-1,1,3610.00000,3610.00000,0.00000,       81029,20191205

rb-GD-00006,instance1,SHFE rb rb2001,20191205,13:45:04,1,5172739,5172965,-1,3609.00000,3609.00000,0.00000,       81200,20191205

rb-GD-00006,instance1,SHFE rb rb2001,20191205,13:45:06,0,5173005,-1,1,3608.00000,3608.00000,0.00000,       81221,20191205

MA-GD-00006,instance1,CZCE MA MA001,20191205,13:45:18,1,543108,543388,1,2017.00000,2018.00000,0.00000,       81294,20191205

rb-GD-00006,instance1,SHFE rb rb2001,20191205,13:46:03,1,5173005,5173480,-1,3608.00000,3607.00000,0.00000,       81493,20191205

rb-GD-00006,instance1,SHFE rb rb2001,20191205,13:46:13,0,5173549,-1,1,3606.00000,3606.00000,0.00000,       81536,20191205

rb-GD-00006,instance1,SHFE rb rb2001,20191205,13:46:50,1,5173549,5173762,-1,3608.00000,3607.00000,0.00000,       81662,20191205

MA-GD-00006,instance1,CZCE MA MA001,20191205,13:47:09,0,543665,-1,-1,2018.00000,2018.00000,0.00000,       81713,20191205

TA-GD-00006,instance1,CZCE TA TA001,20191205,13:48:16,0,543824,-1,-1,4794.00000,4794.00000,0.00000,       81920,20191205

TA-GD-00006,instance1,CZCE TA TA001,20191205,13:48:57,1,543824,543903,1,4794.00000,4794.00000,0.00000,       82012,20191205

TA-GD-00006,instance1,CZCE TA TA001,20191205,13:48:59,0,543912,-1,-1,4794.00000,4794.00000,0.00000,       82019,20191205

MA-GD-00006,instance1,CZCE MA MA001,20191205,13:49:06,1,543665,543941,1,2018.00000,2018.00000,0.00000,       82057,20191205

TA-GD-00006,instance1,CZCE TA TA001,20191205,13:49:09,1,543912,543946,1,4796.00000,4796.00000,0.00000,       82064,20191205

rb-GD-00006,instance1,SHFE rb rb2001,20191205,13:49:41,0,5174708,-1,-1,3605.00000,3605.00000,0.00000,       82206,20191205

rb-GD-00006,instance1,SHFE rb rb2001,20191205,13:49:57,1,5174708,5174824,1,3606.00000,3606.00000,0.00000,       82260,20191205

MA-GD-00006,instance1,CZCE MA MA001,20191205,13:50:56,0,544293,-1,-1,2017.00000,2017.00000,0.00000,       82411,20191205

MA-GD-00006,instance1,CZCE MA MA001,20191205,13:52:29,1,544293,544488,1,2017.00000,2017.00000,0.00000,       82694,20191205

MA-GD-00006,instance1,CZCE MA MA001,20191205,13:55:51,0,544978,-1,-1,2013.00000,2013.00000,0.00000,       83277,20191205

MA-GD-00006,instance1,CZCE MA MA001,20191205,13:56:47,1,544978,545198,1,2012.00000,2013.00000,0.00000,       83501,20191205

MA-GD-00006,instance1,CZCE MA MA001,20191205,13:56:51,0,545212,-1,-1,2013.00000,2013.00000,0.00000,       83508,20191205

MA-GD-00006,instance1,CZCE MA MA001,20191205,13:57:10,1,545212,545316,1,2014.00000,2014.00000,0.00000,       83607,20191205

TA-GD-00006,instance1,CZCE TA TA001,20191205,13:58:12,0,545569,-1,-1,4794.00000,4794.00000,0.00000,       83804,20191205

TA-GD-00006,instance1,CZCE TA TA001,20191205,13:58:45,1,545569,545778,1,4788.00000,4790.00000,0.00000,       83927,20191205

TA-GD-00006,instance1,CZCE TA TA001,20191205,13:58:46,0,545782,-1,-1,4790.00000,4790.00000,0.00000,       83929,20191205

MA-GD-00006,instance1,CZCE MA MA001,20191205,13:59:22,0,545971,-1,-1,2014.00000,2014.00000,0.00000,       84057,20191205

MA-GD-00006,instance1,CZCE MA MA001,20191205,13:59:56,1,545971,546093,1,2013.00000,2013.00000,0.00000,       84244,20191205

MA-GD-00006,instance1,CZCE MA MA001,20191205,13:59:59,0,546107,-1,-1,2013.00000,2013.00000,0.00000,       84254,20191205

TA-GD-00006,instance1,CZCE TA TA001,20191205,14:00:06,1,545782,546180,1,4790.00000,4792.00000,0.00000,       84335,20191205

TA-GD-00006,instance1,CZCE TA TA001,20191205,14:00:19,0,546217,-1,-1,4792.00000,4792.00000,0.00000,       84400,20191205

TA-GD-00006,instance1,CZCE TA TA001,20191205,14:01:19,1,546217,546449,1,4790.00000,4790.00000,0.00000,       84586,20191205

TA-GD-00006,instance1,CZCE TA TA001,20191205,14:01:31,0,546511,-1,-1,4790.00000,4790.00000,0.00000,       84629,20191205

TA-GD-00006,instance1,CZCE TA TA001,20191205,14:02:11,1,546511,546596,1,4788.00000,4790.00000,0.00000,       84721,20191205

TA-GD-00006,instance1,CZCE TA TA001,20191205,14:02:49,0,546708,-1,-1,4790.00000,4790.00000,0.00000,       84833,20191205

TA-GD-00006,instance1,CZCE TA TA001,20191205,14:03:00,1,546708,546731,1,4792.00000,4792.00000,0.00000,       84857,20191205

TA-GD-00006,instance1,CZCE TA TA001,20191205,14:03:02,0,546742,-1,-1,4792.00000,4792.00000,0.00000,       84865,20191205

MA-GD-00006,instance1,CZCE MA MA001,20191205,14:03:25,1,546107,546803,1,2011.00000,2015.00000,0.00000,       84958,20191205

TA-GD-00006,instance1,CZCE TA TA001,20191205,14:08:20,1,546742,547685,1,4790.00000,4792.00000,0.00000,       86041,20191205

rb-GD-00006,instance1,SHFE rb rb2001,20191205,14:08:21,0,5181553,-1,-1,3599.00000,3599.00000,0.00000,       86046,20191205

TA-GD-00006,instance1,CZCE TA TA001,20191205,14:08:45,0,547769,-1,-1,4792.00000,4792.00000,0.00000,       86192,20191205

TA-GD-00006,instance1,CZCE TA TA001,20191205,14:09:19,1,547769,547860,1,4792.00000,4792.00000,0.00000,       86331,20191205

rb-GD-00006,instance1,SHFE rb rb2001,20191205,14:09:36,1,5181553,5182360,1,3598.00000,3599.00000,0.00000,       86390,20191205

TA-GD-00006,instance1,CZCE TA TA001,20191205,14:10:26,0,548047,-1,-1,4792.00000,4792.00000,0.00000,       86585,20191205

rb-GD-00006,instance1,SHFE rb rb2001,20191205,14:10:56,0,5182869,-1,-1,3597.00000,3597.00000,0.00000,       86664,20191205

rb-GD-00006,instance1,SHFE rb rb2001,20191205,14:12:07,1,5182869,5183251,1,3597.00000,3598.00000,0.00000,       86879,20191205

MA-GD-00006,instance1,CZCE MA MA001,20191205,14:16:43,0,548970,-1,-1,2013.00000,2013.00000,0.00000,       87737,20191205

MA-GD-00006,instance1,CZCE MA MA001,20191205,14:17:27,1,548970,549091,1,2013.00000,2013.00000,0.00000,       87898,20191205

MA-GD-00006,instance1,CZCE MA MA001,20191205,14:18:13,0,549238,-1,-1,2013.00000,2013.00000,0.00000,       88025,20191205

MA-GD-00006,instance1,CZCE MA MA001,20191205,14:18:41,1,549238,549292,1,2014.00000,2014.00000,0.00000,       88117,20191205

MA-GD-00006,instance1,CZCE MA MA001,20191205,14:20:10,0,549583,-1,-1,2014.00000,2014.00000,0.00000,       88455,20191205

MA-GD-00006,instance1,CZCE MA MA001,20191205,14:20:43,1,549583,549631,1,2014.00000,2015.00000,0.00000,       88521,20191205

rb-GD-00006,instance1,SHFE rb rb2001,20191205,14:39:47,0,5193599,-1,-1,3599.00000,3599.00000,0.00000,       92411,20191205

rb-GD-00006,instance1,SHFE rb rb2001,20191205,14:39:51,1,5193599,5193611,1,3599.00000,3599.00000,0.00000,       92421,20191205

rb-GD-00006,instance1,SHFE rb rb2001,20191205,14:41:05,0,5193996,-1,-1,3598.00000,3598.00000,0.00000,       92626,20191205

rb-GD-00006,instance1,SHFE rb rb2001,20191205,14:43:28,1,5193996,5194787,1,3598.00000,3601.00000,0.00000,       93045,20191205

rb-GD-00006,instance1,SHFE rb rb2001,20191205,14:43:35,0,5194846,-1,1,3600.00000,3600.00000,0.00000,       93071,20191205

rb-GD-00006,instance1,SHFE rb rb2001,20191205,14:44:25,1,5194846,5195455,-1,3600.00000,3597.00000,0.00000,       93263,20191205

rb-GD-00006,instance1,SHFE rb rb2001,20191205,14:44:32,0,5195558,-1,-1,3598.00000,3598.00000,0.00000,       93293,20191205

rb-GD-00006,instance1,SHFE rb rb2001,20191205,14:44:44,1,5195558,5195686,1,3598.00000,3598.00000,0.00000,       93341,20191205

rb-GD-00006,instance1,SHFE rb rb2001,20191205,14:44:52,0,5195735,-1,-1,3598.00000,3598.00000,0.00000,       93380,20191205

rb-GD-00006,instance1,SHFE rb rb2001,20191205,14:45:37,1,5195735,5196120,1,3596.00000,3597.00000,0.00000,       93593,20191205

rb-GD-00006,instance1,SHFE rb rb2001,20191205,14:45:44,0,5196196,-1,-1,3597.00000,3597.00000,0.00000,       93627,20191205

rb-GD-00006,instance1,SHFE rb rb2001,20191205,14:46:31,1,5196196,5196524,1,3597.00000,3597.00000,0.00000,       93813,20191205

rb-GD-00006,instance1,SHFE rb rb2001,20191205,14:46:34,0,5196557,-1,-1,3597.00000,3597.00000,0.00000,       93835,20191205

rb-GD-00006,instance1,SHFE rb rb2001,20191205,14:47:19,1,5196557,5196915,1,3596.00000,3596.00000,0.00000,       94007,20191205

rb-GD-00006,instance1,SHFE rb rb2001,20191205,14:47:24,0,5196947,-1,-1,3596.00000,3596.00000,0.00000,       94038,20191205

rb-GD-00006,instance1,SHFE rb rb2001,20191205,14:47:58,1,5196947,5197168,1,3595.00000,3595.00000,0.00000,       94134,20191205

rb-GD-00006,instance1,SHFE rb rb2001,20191205,14:48:19,0,5197291,-1,-1,3595.00000,3595.00000,0.00000,       94252,20191205

rb-GD-00006,instance1,SHFE rb rb2001,20191205,14:49:28,1,5197291,5197752,1,3596.00000,3596.00000,0.00000,       94687,20191205

rb-GD-00006,instance1,SHFE rb rb2001,20191205,14:50:09,0,5198091,-1,-1,3595.00000,3595.00000,0.00000,       94873,20191205

rb-GD-00006,instance1,SHFE rb rb2001,20191205,14:50:44,1,5198091,5198467,1,3593.00000,3594.00000,0.00000,       95049,20191205

rb-GD-00006,instance1,SHFE rb rb2001,20191205,14:50:52,0,5198530,-1,-1,3593.00000,3593.00000,0.00000,       95092,20191205

rb-GD-00006,instance1,SHFE rb rb2001,20191205,14:51:13,1,5198530,5198905,1,3591.00000,3591.00000,0.00000,       95285,20191205

rb-GD-00006,instance1,SHFE rb rb2001,20191205,14:51:15,0,5198913,-1,-1,3591.00000,3591.00000,0.00000,       95290,20191205

rb-GD-00006,instance1,SHFE rb rb2001,20191205,14:51:25,1,5198913,5199014,1,3592.00000,3592.00000,0.00000,       95341,20191205

rb-GD-00006,instance1,SHFE rb rb2001,20191205,14:51:44,0,5199227,-1,-1,3593.00000,3593.00000,0.00000,       95442,20191205

rb-GD-00006,instance1,SHFE rb rb2001,20191205,14:52:14,1,5199227,5199436,1,3593.00000,3593.00000,0.00000,       95592,20191205

rb-GD-00006,instance1,SHFE rb rb2001,20191205,14:52:16,0,5199443,-1,-1,3593.00000,3593.00000,0.00000,       95594,20191205

rb-GD-00006,instance1,SHFE rb rb2001,20191205,14:52:47,1,5199443,5199652,1,3592.00000,3593.00000,0.00000,       95708,20191205

rb-GD-00006,instance1,SHFE rb rb2001,20191205,14:52:48,0,5199660,-1,-1,3593.00000,3593.00000,0.00000,       95711,20191205

rb-GD-00006,instance1,SHFE rb rb2001,20191205,14:53:27,1,5199660,5200063,1,3590.00000,3590.00000,0.00000,       95922,20191205

rb-GD-00006,instance1,SHFE rb rb2001,20191205,14:53:29,0,5200079,-1,-1,3590.00000,3590.00000,0.00000,       95933,20191205

rb-GD-00006,instance1,SHFE rb rb2001,20191205,14:53:50,1,5200079,5200489,1,3587.00000,3587.00000,0.00000,       96073,20191205

rb-GD-00006,instance1,SHFE rb rb2001,20191205,14:53:58,0,5200608,-1,-1,3588.00000,3588.00000,0.00000,       96131,20191205

rb-GD-00006,instance1,SHFE rb rb2001,20191205,14:54:31,1,5200608,5201143,1,3586.00000,3587.00000,0.00000,       96445,20191205

rb-GD-00006,instance1,SHFE rb rb2001,20191205,14:54:35,0,5201184,-1,-1,3588.00000,3588.00000,0.00000,       96462,20191205

rb-GD-00006,instance1,SHFE rb rb2001,20191205,14:54:39,1,5201184,5201225,1,3589.00000,3589.00000,0.00000,       96482,20191205

rb-GD-00006,instance1,SHFE rb rb2001,20191205,14:54:44,0,5201329,-1,-1,3590.00000,3590.00000,0.00000,       96538,20191205

rb-GD-00006,instance1,SHFE rb rb2001,20191205,14:55:13,1,5201329,5201948,1,3588.00000,3589.00000,0.00000,       96849,20191205

rb-GD-00006,instance1,SHFE rb rb2001,20191205,14:55:20,0,5202069,-1,-1,3590.00000,3590.00000,0.00000,       96907,20191205

rb-GD-00006,instance1,SHFE rb rb2001,20191205,14:55:37,1,5202069,5202429,1,3586.00000,3587.00000,0.00000,       97027,20191205

rb-GD-00006,instance1,SHFE rb rb2001,20191205,14:55:41,0,5202507,-1,-1,3587.00000,3587.00000,0.00000,       97050,20191205

rb-GD-00006,instance1,SHFE rb rb2001,20191205,14:55:46,1,5202507,5202629,1,3588.00000,3588.00000,0.00000,       97083,20191205

rb-GD-00006,instance1,SHFE rb rb2001,20191205,14:55:46,0,5202653,-1,-1,3588.00000,3588.00000,0.00000,       97091,20191205

rb-GD-00006,instance1,SHFE rb rb2001,20191205,14:55:54,1,5202653,5202815,1,3588.00000,3588.00000,0.00000,       97130,20191205

rb-GD-00006,instance1,SHFE rb rb2001,20191205,14:56:37,0,5203726,-1,-1,3586.00000,3586.00000,0.00000,       97430,20191205

rb-GD-00006,instance1,SHFE rb rb2001,20191205,14:56:43,1,5203726,5203858,1,3587.00000,3587.00000,0.00000,       97467,20191205

rb-GD-00006,instance1,SHFE rb rb2001,20191205,14:56:44,0,5203875,-1,-1,3587.00000,3587.00000,0.00000,       97476,20191205

rb-GD-00006,instance1,SHFE rb rb2001,20191205,14:57:35,1,5203875,5204502,1,3585.00000,3585.00000,0.00000,       97808,20191205

rb-GD-00006,instance1,SHFE rb rb2001,20191205,14:57:42,0,5204562,-1,-1,3585.00000,3585.00000,0.00000,       97833,20191205

rb-GD-00006,instance1,SHFE rb rb2001,20191205,14:58:18,1,5204562,5205892,1,3584.00000,3585.00000,0.00000,       98854,20191205

rb-GD-00006,instance1,SHFE rb rb2001,20191205,14:58:23,0,5206101,-1,-1,3585.00000,3585.00000,0.00000,       99016,20191205

rb-GD-00006,instance1,SHFE rb rb2001,20191205,14:58:24,1,5206101,5206128,1,3586.00000,3586.00000,0.00000,       99042,20191205

rb-GD-00006,instance1,SHFE rb rb2001,20191205,14:58:25,0,5206223,-1,-1,3586.00000,3586.00000,0.00000,       99110,20191205

rb-GD-00006,instance1,SHFE rb rb2001,20191205,14:58:36,1,5206223,5206689,1,3587.00000,3587.00000,0.00000,       99431,20191205

rb-GD-00006,instance1,SHFE rb rb2001,20191205,14:58:37,0,5206761,-1,-1,3587.00000,3587.00000,0.00000,       99469,20191205

rb-GD-00006,instance1,SHFE rb rb2001,20191205,14:59:00,1,5206761,5207285,1,3586.00000,3586.00000,0.00000,       99984,20191205

rb-GD-00006,instance1,rb2001,20191205S,21:08:00,-1,-1,-1,0,-1.00000,-1.00000,0.00000,0000,20191206

MA-GD-00006,instance1,MA001,20191205S,21:08:11,-1,-1,-1,0,-1.00000,-1.00000,0.00000,0000,20191206

TA-GD-00006,instance1,TA001,20191205S,21:08:19,-1,-1,-1,0,-1.00000,-1.00000,0.00000,0000,20191206

rb-GD-00006,instance1,SHFE rb rb2001,20191205,21:07:39,0,613799,-1,-1,3586.00000,3586.00000,0.00000,        6971,20191206

rb-GD-00006,instance1,SHFE rb rb2001,20191205,21:08:42,1,613799,615258,1,3585.00000,3587.00000,0.00000,        7574,20191206

TA-GD-00006,instance1,TA001,20191205S,21:11:09,-1,-1,-1,0,-1.00000,-1.00000,0.00000,0000,20191206

MA-GD-00006,instance1,MA001,20191205S,21:11:16,-1,-1,-1,0,-1.00000,-1.00000,0.00000,0000,20191206

rb-GD-00006,instance1,rb2001,20191205S,21:11:22,-1,-1,-1,0,-1.00000,-1.00000,0.00000,0000,20191206

TA-GD-00006,instance1,TA001,20191205S,21:17:03,-1,-1,-1,0,-1.00000,-1.00000,0.00000,0000,20191206

MA-GD-00006,instance1,MA001,20191205S,21:17:10,-1,-1,-1,0,-1.00000,-1.00000,0.00000,0000,20191206

rb-GD-00006,instance1,rb2001,20191205S,21:17:15,-1,-1,-1,0,-1.00000,-1.00000,0.00000,0000,20191206

rb-GD-00006,instance1,SHFE rb rb2001,20191205,21:42:26,0,639134,-1,-1,3584.00000,3584.00000,0.00000,       16976,20191206

MA-GD-00006,instance1,CZCE MA MA001,20191205,21:44:09,0,69406,-1,-1,2019.00000,2019.00000,0.00000,       17278,20191206

rb-GD-00006,instance1,SHFE rb rb2001,20191205,21:44:21,1,639134,639739,1,3584.00000,3584.00000,0.00000,       17304,20191206

MA-GD-00006,instance1,CZCE MA MA001,20191205,21:44:44,1,69406,69418,1,2019.00000,2019.00000,0.00000,       17341,20191206

MA-GD-00006,instance1,CZCE MA MA001,20191205,21:45:16,0,69469,-1,-1,2018.00000,2018.00000,0.00000,       17570,20191206

rb-GD-00006,instance1,SHFE rb rb2001,20191205,21:45:23,0,640492,-1,-1,3581.00000,3581.00000,0.00000,       17634,20191206

MA-GD-00006,instance1,CZCE MA MA001,20191205,21:45:34,1,69469,69541,1,2015.00000,2016.00000,0.00000,       17702,20191206

MA-GD-00006,instance1,CZCE MA MA001,20191205,21:45:37,0,69555,-1,-1,2016.00000,2017.00000,0.00000,       17713,20191206

rb-GD-00006,instance1,SHFE rb rb2001,20191205,21:45:58,1,640492,640813,1,3581.00000,3582.00000,0.00000,       17760,20191206

rb-GD-00006,instance1,SHFE rb rb2001,20191205,21:46:05,0,641053,-1,-1,3583.00000,3583.00000,0.00000,       17812,20191206

rb-GD-00006,instance1,SHFE rb rb2001,20191205,21:46:12,1,641053,641134,1,3584.00000,3584.00000,0.00000,       17843,20191206

MA-GD-00006,instance1,CZCE MA MA001,20191205,21:46:13,1,69555,69630,1,2016.00000,2016.00000,0.00000,       17849,20191206

MA-GD-00006,instance1,CZCE MA MA001,20191205,21:46:19,0,69647,-1,-1,2016.00000,2016.00000,0.00000,       17885,20191206

rb-GD-00006,instance1,SHFE rb rb2001,20191205,21:46:20,0,641190,-1,-1,3584.00000,3584.00000,0.00000,       17888,20191206

TA-GD-00006,instance1,CZCE TA TA001,20191205,21:46:22,0,69654,-1,-1,4790.00000,4790.00000,0.00000,       17898,20191206

rb-GD-00006,instance1,SHFE rb rb2001,20191205,21:46:28,1,641190,641234,1,3584.00000,3585.00000,0.00000,       17901,20191206

MA-GD-00006,instance1,CZCE MA MA001,20191205,21:46:32,1,69647,69668,1,2017.00000,2017.00000,0.00000,       17921,20191206

MA-GD-00006,instance1,CZCE MA MA001,20191205,21:46:35,0,69672,-1,-1,2017.00000,2017.00000,0.00000,       17928,20191206

MA-GD-00006,instance1,CZCE MA MA001,20191205,21:47:07,1,69672,69766,1,2016.00000,2016.00000,0.00000,       18065,20191206

MA-GD-00006,instance1,CZCE MA MA001,20191205,21:47:15,0,69795,-1,-1,2015.00000,2015.00000,0.00000,       18107,20191206

MA-GD-00006,instance1,CZCE MA MA001,20191205,21:47:46,1,69795,69828,1,2013.00000,2013.00000,0.00000,       18186,20191206

MA-GD-00006,instance1,CZCE MA MA001,20191205,21:47:50,0,69833,-1,-1,2014.00000,2014.00000,0.00000,       18194,20191206

TA-GD-00006,instance1,CZCE TA TA001,20191205,21:48:02,1,69654,69883,1,4790.00000,4790.00000,0.00000,       18239,20191206

MA-GD-00006,instance1,CZCE MA MA001,20191205,21:48:03,1,69833,69893,1,2012.00000,2013.00000,0.00000,       18255,20191206

MA-GD-00006,instance1,CZCE MA MA001,20191205,21:48:05,0,69903,-1,-1,2013.00000,2013.00000,0.00000,       18256,20191206

MA-GD-00006,instance1,CZCE MA MA001,20191205,21:48:11,1,69903,69911,1,2014.00000,2014.00000,0.00000,       18270,20191206

TA-GD-00006,instance1,CZCE TA TA001,20191205,21:48:12,0,69914,-1,-1,4790.00000,4790.00000,0.00000,       18284,20191206

MA-GD-00006,instance1,CZCE MA MA001,20191205,21:48:17,0,69921,-1,-1,2014.00000,2014.00000,0.00000,       18296,20191206

MA-GD-00006,instance1,CZCE MA MA001,20191205,21:48:53,1,69921,69938,1,2014.00000,2014.00000,0.00000,       18351,20191206

TA-GD-00006,instance1,CZCE TA TA001,20191205,21:48:54,1,69914,69941,1,4790.00000,4790.00000,0.00000,       18363,20191206

TA-GD-00006,instance1,CZCE TA TA001,20191205,21:49:05,0,69961,-1,-1,4788.00000,4788.00000,0.00000,       18434,20191206

MA-GD-00006,instance1,CZCE MA MA001,20191205,21:49:05,0,610006,-1,-1,2011.00000,2011.00000,0.00000,       18458,20191206

MA-GD-00006,instance1,CZCE MA MA001,20191205,21:49:37,1,610006,610105,1,2009.00000,2011.00000,0.00000,       18731,20191206

TA-GD-00006,instance1,CZCE TA TA001,20191205,21:49:41,1,69961,610123,1,4786.00000,4788.00000,0.00000,       18738,20191206

MA-GD-00006,instance1,CZCE MA MA001,20191205,21:49:42,0,610145,-1,-1,2010.00000,2010.00000,0.00000,       18748,20191206

TA-GD-00006,instance1,CZCE TA TA001,20191205,21:49:48,0,610184,-1,-1,4788.00000,4788.00000,0.00000,       18762,20191206

TA-GD-00006,instance1,CZCE TA TA001,20191205,21:50:52,1,610184,610444,1,4786.00000,4788.00000,0.00000,       19125,20191206

TA-GD-00006,instance1,CZCE TA TA001,20191205,21:50:53,0,610447,-1,-1,4788.00000,4788.00000,0.00000,       19127,20191206

MA-GD-00006,instance1,CZCE MA MA001,20191205,21:51:04,1,610145,610462,1,2009.00000,2011.00000,0.00000,       19163,20191206

TA-GD-00006,instance1,CZCE TA TA001,20191205,21:51:14,1,610447,610469,1,4790.00000,4790.00000,0.00000,       19197,20191206

MA-GD-00006,instance1,CZCE MA MA001,20191205,21:51:28,0,610498,-1,-1,2011.00000,2011.00000,0.00000,       19259,20191206

MA-GD-00006,instance1,CZCE MA MA001,20191205,21:52:04,1,610498,610768,1,2012.00000,2012.00000,0.00000,       19495,20191206

TA-GD-00006,instance1,CZCE TA TA001,20191205,21:52:18,0,610806,-1,-1,4790.00000,4790.00000,0.00000,       19577,20191206

MA-GD-00006,instance1,CZCE MA MA001,20191205,21:52:19,0,610811,-1,-1,2012.00000,2012.00000,0.00000,       19588,20191206

MA-GD-00006,instance1,CZCE MA MA001,20191205,21:53:07,1,610811,610877,1,2011.00000,2011.00000,0.00000,       19683,20191206

MA-GD-00006,instance1,CZCE MA MA001,20191205,21:53:23,0,610899,-1,-1,2011.00000,2011.00000,0.00000,       19708,20191206

MA-GD-00006,instance1,CZCE MA MA001,20191205,21:54:43,1,610899,611050,1,2011.00000,2011.00000,0.00000,       20134,20191206

TA-GD-00006,instance1,CZCE TA TA001,20191205,21:54:59,1,610806,611099,1,4788.00000,4788.00000,0.00000,       20236,20191206

MA-GD-00006,instance1,CZCE MA MA001,20191205,21:55:14,0,611130,-1,-1,2010.00000,2010.00000,0.00000,       20350,20191206

MA-GD-00006,instance1,CZCE MA MA001,20191205,21:55:41,1,611130,611205,1,2008.00000,2008.00000,0.00000,       20476,20191206

MA-GD-00006,instance1,CZCE MA MA001,20191205,21:55:51,0,611223,-1,-1,2008.00000,2008.00000,0.00000,       20509,20191206

MA-GD-00006,instance1,CZCE MA MA001,20191205,21:55:56,1,611223,611232,1,2009.00000,2009.00000,0.00000,       20520,20191206

TA-GD-00006,instance1,CZCE TA TA001,20191205,21:55:59,0,611236,-1,-1,4786.00000,4786.00000,0.00000,       20524,20191206

MA-GD-00006,instance1,CZCE MA MA001,20191205,21:56:06,0,611377,-1,-1,2008.00000,2008.00000,0.00000,       20610,20191206

TA-GD-00006,instance1,CZCE TA TA001,20191205,21:56:34,1,611236,611430,1,4784.00000,4786.00000,0.00000,       20688,20191206

MA-GD-00006,instance1,CZCE MA MA001,20191205,21:56:41,1,611377,611443,1,2007.00000,2008.00000,0.00000,       20697,20191206

MA-GD-00006,instance1,CZCE MA MA001,20191205,21:56:48,0,611449,-1,-1,2007.00000,2007.00000,0.00000,       20714,20191206

TA-GD-00006,instance1,CZCE TA TA001,20191205,21:56:51,0,611463,-1,-1,4786.00000,4786.00000,0.00000,       20722,20191206

MA-GD-00006,instance1,CZCE MA MA001,20191205,21:57:18,1,611449,611576,1,2006.00000,2006.00000,0.00000,       20827,20191206

MA-GD-00006,instance1,CZCE MA MA001,20191205,21:57:21,0,611587,-1,-1,2007.00000,2007.00000,0.00000,       20854,20191206

TA-GD-00006,instance1,CZCE TA TA001,20191205,21:57:26,1,611463,611597,1,4786.00000,4788.00000,0.00000,       20905,20191206

TA-GD-00006,instance1,CZCE TA TA001,20191205,21:57:43,0,611628,-1,-1,4788.00000,4788.00000,0.00000,       20980,20191206

MA-GD-00006,instance1,CZCE MA MA001,20191205,21:57:53,1,611587,611688,1,2008.00000,2008.00000,0.00000,       21062,20191206

MA-GD-00006,instance1,CZCE MA MA001,20191205,21:58:02,0,611750,-1,-1,2008.00000,2008.00000,0.00000,       21097,20191206

MA-GD-00006,instance1,CZCE MA MA001,20191205,21:58:46,1,611750,611974,1,2007.00000,2008.00000,0.00000,       21222,20191206

MA-GD-00006,instance1,CZCE MA MA001,20191205,21:58:57,0,611992,-1,-1,2008.00000,2008.00000,0.00000,       21252,20191206

TA-GD-00006,instance1,CZCE TA TA001,20191205,21:59:37,1,611628,612151,1,4788.00000,4790.00000,0.00000,       21392,20191206

MA-GD-00006,instance1,CZCE MA MA001,20191205,21:59:43,1,611992,612161,1,2007.00000,2007.00000,0.00000,       21428,20191206

MA-GD-00006,instance1,CZCE MA MA001,20191205,21:59:45,0,612168,-1,-1,2006.00000,2006.00000,0.00000,       21444,20191206

MA-GD-00006,instance1,CZCE MA MA001,20191205,22:00:16,1,612168,612283,1,2006.00000,2006.00000,0.00000,       21683,20191206

MA-GD-00006,instance1,CZCE MA MA001,20191205,22:00:18,0,612290,-1,-1,2006.00000,2006.00000,0.00000,       21688,20191206

TA-GD-00006,instance1,CZCE TA TA001,20191205,22:00:29,0,612327,-1,-1,4790.00000,4790.00000,0.00000,       21747,20191206

MA-GD-00006,instance1,CZCE MA MA001,20191205,22:00:37,1,612290,612334,1,2007.00000,2007.00000,0.00000,       21765,20191206

MA-GD-00006,instance1,CZCE MA MA001,20191205,22:00:53,0,612356,-1,-1,2007.00000,2007.00000,0.00000,       21825,20191206

TA-GD-00006,instance1,CZCE TA TA001,20191205,22:01:00,1,612327,612417,1,4790.00000,4790.00000,0.00000,       21890,20191206

MA-GD-00006,instance1,CZCE MA MA001,20191205,22:01:34,1,612356,612480,1,2007.00000,2008.00000,0.00000,       22062,20191206

MA-GD-00006,instance1,CZCE MA MA001,20191205,22:01:37,0,612487,-1,-1,2008.00000,2008.00000,0.00000,       22066,20191206

MA-GD-00006,instance1,CZCE MA MA001,20191205,22:02:41,1,612487,612663,1,2008.00000,2009.00000,0.00000,       22376,20191206

MA-GD-00006,instance1,CZCE MA MA001,20191205,22:03:01,0,612680,-1,-1,2009.00000,2009.00000,0.00000,       22416,20191206

rb-GD-00006,instance1,SHFE rb rb2001,20191205,22:03:38,0,651691,-1,1,3590.00000,3590.00000,0.00000,       22595,20191206

rb-GD-00006,instance1,SHFE rb rb2001,20191205,22:03:58,1,651691,651959,-1,3592.00000,3592.00000,0.00000,       22679,20191206

rb-GD-00006,instance1,SHFE rb rb2001,20191205,22:04:04,0,652047,-1,1,3591.00000,3591.00000,0.00000,       22722,20191206

MA-GD-00006,instance1,CZCE MA MA001,20191205,22:04:11,1,612680,613156,1,2009.00000,2009.00000,0.00000,       22825,20191206

rb-GD-00006,instance1,SHFE rb rb2001,20191205,22:04:39,1,652047,652345,-1,3591.00000,3590.00000,0.00000,       22912,20191206

MA-GD-00006,instance1,CZCE MA MA001,20191205,22:04:50,0,613211,-1,-1,2008.00000,2008.00000,0.00000,       22975,20191206

rb-GD-00006,instance1,SHFE rb rb2001,20191205,22:04:52,0,652585,-1,1,3591.00000,3591.00000,0.00000,       22986,20191206

MA-GD-00006,instance1,CZCE MA MA001,20191205,22:05:33,1,613211,613331,1,2008.00000,2008.00000,0.00000,       23146,20191206

MA-GD-00006,instance1,CZCE MA MA001,20191205,22:05:36,0,613337,-1,-1,2008.00000,2008.00000,0.00000,       23163,20191206

rb-GD-00006,instance1,SHFE rb rb2001,20191205,22:05:41,1,652585,653076,-1,3590.00000,3590.00000,0.00000,       23174,20191206

rb-GD-00006,instance1,SHFE rb rb2001,20191205,22:05:46,0,653116,-1,1,3590.00000,3590.00000,0.00000,       23195,20191206

rb-GD-00006,instance1,SHFE rb rb2001,20191205,22:06:40,1,653116,653501,-1,3591.00000,3590.00000,0.00000,       23301,20191206

MA-GD-00006,instance1,CZCE MA MA001,20191205,22:06:54,1,613337,613378,1,2007.00000,2009.00000,0.00000,       23318,20191206

TA-GD-00006,instance1,CZCE TA TA001,20191205,22:07:35,0,613414,-1,-1,4790.00000,4790.00000,0.00000,       23425,20191206

MA-GD-00006,instance1,CZCE MA MA001,20191205,22:09:47,0,613709,-1,-1,2006.00000,2006.00000,0.00000,       23971,20191206

MA-GD-00006,instance1,CZCE MA MA001,20191205,22:10:37,1,613709,613769,1,2006.00000,2009.00000,0.00000,       24227,20191206

TA-GD-00006,instance1,CZCE TA TA001,20191205,22:12:17,1,613414,613894,1,4790.00000,4790.00000,0.00000,       24558,20191206

TA-GD-00006,instance1,CZCE TA TA001,20191205,22:12:38,0,613923,-1,-1,4790.00000,4790.00000,0.00000,       24584,20191206

TA-GD-00006,instance1,CZCE TA TA001,20191205,22:13:55,1,613923,614002,1,4790.00000,4790.00000,0.00000,       24754,20191206

TA-GD-00006,instance1,CZCE TA TA001,20191205,22:14:51,0,614066,-1,-1,4790.00000,4790.00000,0.00000,       24913,20191206

TA-GD-00006,instance1,CZCE TA TA001,20191205,22:15:42,1,614066,614128,1,4792.00000,4794.00000,0.00000,       25117,20191206

MA-GD-00006,instance1,CZCE MA MA001,20191205,22:33:33,0,615113,-1,-1,2006.00000,2006.00000,0.00000,       27460,20191206

MA-GD-00006,instance1,CZCE MA MA001,20191205,22:34:13,1,615113,615156,1,2005.00000,2005.00000,0.00000,       27505,20191206

MA-GD-00006,instance1,CZCE MA MA001,20191205,22:34:14,0,615168,-1,-1,2004.00000,2004.00000,0.00000,       27510,20191206

MA-GD-00006,instance1,CZCE MA MA001,20191205,22:35:02,1,615168,615255,1,2004.00000,2005.00000,0.00000,       27641,20191206

rb-GD-00006,instance1,SHFE rb rb2001,20191205,22:35:30,0,665957,-1,-1,3585.00000,3585.00000,0.00000,       27723,20191206

MA-GD-00006,instance1,CZCE MA MA001,20191205,22:35:38,0,615301,-1,-1,2003.00000,2003.00000,0.00000,       27743,20191206

rb-GD-00006,instance1,SHFE rb rb2001,20191205,22:35:45,1,665957,666024,1,3586.00000,3586.00000,0.00000,       27749,20191206

MA-GD-00006,instance1,CZCE MA MA001,20191205,22:35:54,1,615301,615317,1,2004.00000,2004.00000,0.00000,       27782,20191206

MA-GD-00006,instance1,CZCE MA MA001,20191205,22:36:11,0,615341,-1,-1,2003.00000,2003.00000,0.00000,       27813,20191206

MA-GD-00006,instance1,CZCE MA MA001,20191205,22:36:58,1,615341,615717,1,2003.00000,2004.00000,0.00000,       28050,20191206

MA-GD-00006,instance1,CZCE MA MA001,20191205,22:37:08,0,615791,-1,-1,2003.00000,2003.00000,0.00000,       28124,20191206

MA-GD-00006,instance1,CZCE MA MA001,20191205,22:37:34,1,615791,615953,1,2001.00000,2001.00000,0.00000,       28301,20191206

MA-GD-00006,instance1,CZCE MA MA001,20191205,22:37:37,0,615970,-1,-1,2000.00000,2000.00000,0.00000,       28312,20191206

MA-GD-00006,instance1,CZCE MA MA001,20191205,22:37:48,1,615970,615988,1,2001.00000,2001.00000,0.00000,       28336,20191206

MA-GD-00006,instance1,CZCE MA MA001,20191205,22:37:59,0,616007,-1,-1,2000.00000,2000.00000,0.00000,       28369,20191206

MA-GD-00006,instance1,CZCE MA MA001,20191205,22:38:15,1,616007,616026,1,2001.00000,2001.00000,0.00000,       28449,20191206

MA-GD-00006,instance1,CZCE MA MA001,20191205,22:38:42,0,616148,-1,-1,2001.00000,2001.00000,0.00000,       28510,20191206

MA-GD-00006,instance1,CZCE MA MA001,20191205,22:39:32,1,616148,616364,1,2000.00000,2002.00000,0.00000,       28600,20191206

MA-GD-00006,instance1,CZCE MA MA001,20191205,22:39:52,0,616425,-1,-1,2002.00000,2002.00000,0.00000,       28635,20191206

MA-GD-00006,instance1,CZCE MA MA001,20191205,22:40:30,1,616425,616572,1,2000.00000,2001.00000,0.00000,       28765,20191206

MA-GD-00006,instance1,CZCE MA MA001,20191205,22:40:38,0,616590,-1,-1,2001.00000,2001.00000,0.00000,       28776,20191206

MA-GD-00006,instance1,CZCE MA MA001,20191205,22:41:15,1,616590,616727,1,2001.00000,2002.00000,0.00000,       28835,20191206

MA-GD-00006,instance1,CZCE MA MA001,20191205,22:41:21,0,616738,-1,-1,2002.00000,2002.00000,0.00000,       28844,20191206

MA-GD-00006,instance1,CZCE MA MA001,20191205,22:42:32,1,616738,616989,1,2002.00000,2003.00000,0.00000,       28954,20191206

MA-GD-00006,instance1,CZCE MA MA001,20191205,22:43:16,0,617098,-1,-1,2003.00000,2003.00000,0.00000,       29106,20191206

MA-GD-00006,instance1,CZCE MA MA001,20191205,22:44:13,1,617098,617334,1,2003.00000,2003.00000,0.00000,       29193,20191206

MA-GD-00006,instance1,CZCE MA MA001,20191205,22:44:32,0,617413,-1,-1,2003.00000,2003.00000,0.00000,       29226,20191206

MA-GD-00006,instance1,CZCE MA MA001,20191205,22:45:07,1,617413,617596,1,2003.00000,2003.00000,0.00000,       29544,20191206

MA-GD-00006,instance1,CZCE MA MA001,20191205,22:45:54,0,617787,-1,-1,2002.00000,2002.00000,0.00000,       29756,20191206

rb-GD-00006,instance1,SHFE rb rb2001,20191205,22:46:33,0,674522,-1,-1,3584.00000,3584.00000,0.00000,       29830,20191206

MA-GD-00006,instance1,CZCE MA MA001,20191205,22:47:13,1,617787,618065,1,2001.00000,2003.00000,0.00000,       29944,20191206

MA-GD-00006,instance1,CZCE MA MA001,20191205,22:47:16,0,618073,-1,-1,2003.00000,2003.00000,0.00000,       29945,20191206

rb-GD-00006,instance1,SHFE rb rb2001,20191205,22:48:14,1,674522,676542,1,3584.00000,3584.00000,0.00000,       30180,20191206

rb-GD-00006,instance1,SHFE rb rb2001,20191205,22:48:50,0,677245,-1,-1,3584.00000,3584.00000,0.00000,       30330,20191206

MA-GD-00006,instance1,CZCE MA MA001,20191205,22:48:58,1,618073,618315,1,2003.00000,2004.00000,0.00000,       30362,20191206

rb-GD-00006,instance1,SHFE rb rb2001,20191205,22:49:27,1,677245,677828,1,3583.00000,3584.00000,0.00000,       30489,20191206

rb-GD-00006,instance1,SHFE rb rb2001,20191205,22:49:31,0,677898,-1,-1,3584.00000,3584.00000,0.00000,       30509,20191206

rb-GD-00006,instance1,SHFE rb rb2001,20191205,22:50:29,1,677898,679148,1,3585.00000,3587.00000,0.00000,       30995,20191206

MA-GD-00006,instance1,CZCE MA MA001,20191205,22:50:56,0,619213,-1,-1,2004.00000,2004.00000,0.00000,       31050,20191206

MA-GD-00006,instance1,CZCE MA MA001,20191205,22:53:36,1,619213,620192,1,2003.00000,2005.00000,0.00000,       31954,20191206

MA-GD-00006,instance1,CZCE MA MA001,20191205,22:57:13,0,621649,-1,-1,2003.00000,2003.00000,0.00000,       32804,20191206

MA-GD-00006,instance1,CZCE MA MA001,20191205,22:58:50,1,621649,622179,1,2002.00000,2003.00000,0.00000,       33055,20191206

MA-GD-00006,instance1,CZCE MA MA001,20191205,22:58:52,0,622198,-1,-1,2003.00000,2003.00000,0.00000,       33059,20191206

MA-GD-00006,instance1,CZCE MA MA001,20191205,23:00:00,1,622198,622547,1,2002.00000,2002.00000,0.00000,       33326,20191206

MA-GD-00006,instance1,CZCE MA MA001,20191205,23:03:32,0,623127,-1,1,2005.00000,2005.00000,0.00000,       34054,20191206

TA-GD-00006,instance1,CZCE TA TA001,20191205,23:04:50,0,623165,-1,-1,4788.00000,4788.00000,0.00000,       34306,20191206

MA-GD-00006,instance1,CZCE MA MA001,20191205,23:04:58,1,623127,623169,-1,2005.00000,2005.00000,0.00000,       34327,20191206

MA-GD-00006,instance1,CZCE MA MA001,20191205,23:05:00,0,623186,-1,1,2005.00000,2005.00000,0.00000,       34337,20191206

MA-GD-00006,instance1,CZCE MA MA001,20191205,23:06:18,1,623186,623259,-1,2006.00000,2005.00000,0.00000,       34503,20191206

TA-GD-00006,instance1,CZCE TA TA001,20191205,23:06:18,1,623165,623261,1,4788.00000,4788.00000,0.00000,       34504,20191206

TA-GD-00006,instance1,CZCE TA TA001,20191205,23:06:20,0,623267,-1,-1,4786.00000,4786.00000,0.00000,       34514,20191206

TA-GD-00006,instance1,CZCE TA TA001,20191205,23:07:08,1,623267,623479,1,4784.00000,4786.00000,0.00000,       34737,20191206

TA-GD-00006,instance1,CZCE TA TA001,20191205,23:07:43,0,623531,-1,-1,4786.00000,4786.00000,0.00000,       34803,20191206

TA-GD-00006,instance1,CZCE TA TA001,20191205,23:08:20,1,623531,623713,1,4784.00000,4786.00000,0.00000,       34890,20191206

TA-GD-00006,instance1,CZCE TA TA001,20191205,23:08:35,0,623737,-1,-1,4786.00000,4786.00000,0.00000,       34903,20191206

TA-GD-00006,instance1,CZCE TA TA001,20191205,23:10:05,1,623737,623798,1,4786.00000,4788.00000,0.00000,       35033,20191206

TA-GD-00006,instance1,CZCE TA TA001,20191205,23:10:18,0,623808,-1,-1,4788.00000,4788.00000,0.00000,       35041,20191206

TA-GD-00006,instance1,CZCE TA TA001,20191205,23:12:31,1,623808,624060,1,4788.00000,4794.00000,0.00000,       35313,20191206

