MA-GD-00006,instance1,CZCE MA MA001,20191112,09:00:00,0,1259591,-1,-1,1961.00000,1961.00000,0.00000,       75716,20191112

TA-GD-00006,instance1,CZCE TA TA001,20191112,09:00:02,0,1259675,-1,-1,4686.00000,4686.00000,0.00000,       75855,20191112

TA-GD-00006,instance1,CZCE TA TA001,20191112,09:00:14,0,1260003,-1,-1,4686.00000,4686.00000,0.00000,       76329,20191112

TA-GD-00006,instance1,CZCE TA TA001,20191112,09:00:17,0,1260020,-1,-1,4686.00000,4686.00000,0.00000,       76368,20191112

TA-GD-00006,instance1,CZCE TA TA001,20191112,09:00:30,0,1260105,-1,-1,4688.00000,4688.00000,0.00000,       76562,20191112

TA-GD-00006,instance1,CZCE TA TA001,20191112,09:00:38,0,1260170,-1,-1,4688.00000,4688.00000,0.00000,       76656,20191112

TA-GD-00006,instance1,CZCE TA TA001,20191112,09:01:19,0,1260480,-1,-1,4682.00000,4682.00000,0.00000,       77194,20191112

rb-GD-00006,instance1,SHFE rb rb2001,20191112,09:01:52,0,12181554,-1,-1,3379.00000,3379.00000,0.00000,       77466,20191112

rb-GD-00006,instance1,SHFE rb rb2001,20191112,09:02:02,0,12181850,-1,-1,3378.00000,3378.00000,0.00000,       77560,20191112

rb-GD-00006,instance1,SHFE rb rb2001,20191112,09:02:08,0,12182018,-1,-1,3378.00000,3378.00000,0.00000,       77610,20191112

rb-GD-00006,instance1,SHFE rb rb2001,20191112,09:02:46,0,12182906,-1,-1,3378.00000,3378.00000,0.00000,       77852,20191112

TA-GD-00006,instance1,CZCE TA TA001,20191112,09:03:19,0,1261315,-1,1,4680.00000,4680.00000,0.00000,       78228,20191112

MA-GD-00006,instance1,CZCE MA MA001,20191112,09:03:51,0,1261817,-1,-1,1953.00000,1953.00000,0.00000,       78520,20191112

rb-GD-00006,instance1,SHFE rb rb2001,20191112,09:03:56,0,12185090,-1,1,3378.00000,3378.00000,0.00000,       78547,20191112

rb-GD-00006,instance1,SHFE rb rb2001,20191112,09:04:17,0,12186362,-1,-1,3378.00000,3378.00000,0.00000,       78818,20191112

rb-GD-00006,instance1,SHFE rb rb2001,20191112,09:04:22,0,12186657,-1,-1,3378.00000,3378.00000,0.00000,       78892,20191112

MA-GD-00006,instance1,CZCE MA MA001,20191112,09:04:33,0,1262032,-1,-1,1954.00000,1954.00000,0.00000,       78963,20191112

MA-GD-00006,instance1,CZCE MA MA001,20191112,09:04:56,0,1262159,-1,1,1954.00000,1954.00000,0.00000,       79127,20191112

TA-GD-00006,instance1,CZCE TA TA001,20191112,09:05:49,0,1262731,-1,-1,4676.00000,4676.00000,0.00000,       79960,20191112

TA-GD-00006,instance1,CZCE TA TA001,20191112,09:06:25,0,1263292,-1,-1,4670.00000,4670.00000,0.00000,       80415,20191112

rb-GD-00006,instance1,SHFE rb rb2001,20191112,09:07:23,0,12194490,-1,-1,3375.00000,3375.00000,0.00000,       80946,20191112

MA-GD-00006,instance1,CZCE MA MA001,20191112,09:09:16,0,1265188,-1,-1,1950.00000,1950.00000,0.00000,       81751,20191112

TA-GD-00006,instance1,CZCE TA TA001,20191112,09:09:48,0,1265605,-1,1,4662.00000,4662.00000,0.00000,       82017,20191112

TA-GD-00006,instance1,CZCE TA TA001,20191112,09:09:55,0,1265647,-1,1,4662.00000,4662.00000,0.00000,       82083,20191112

MA-GD-00006,instance1,CZCE MA MA001,20191112,09:09:57,0,1265706,-1,1,1950.00000,1950.00000,0.00000,       82142,20191112

TA-GD-00006,instance1,CZCE TA TA001,20191112,09:10:03,0,1265822,-1,1,4662.00000,4662.00000,0.00000,       82250,20191112

TA-GD-00006,instance1,CZCE TA TA001,20191112,09:10:37,0,1266294,-1,-1,4662.00000,4662.00000,0.00000,       82662,20191112

MA-GD-00006,instance1,CZCE MA MA001,20191112,09:10:55,0,1266463,-1,1,1951.00000,1951.00000,0.00000,       82765,20191112

TA-GD-00006,instance1,CZCE TA TA001,20191112,09:11:11,0,1266636,-1,1,4664.00000,4664.00000,0.00000,       82908,20191112

rb-GD-00006,instance1,SHFE rb rb2001,20191112,09:11:31,0,12202973,-1,1,3378.00000,3378.00000,0.00000,       83036,20191112

TA-GD-00006,instance1,CZCE TA TA001,20191112,09:11:34,0,1266909,-1,1,4662.00000,4662.00000,0.00000,       83084,20191112

TA-GD-00006,instance1,CZCE TA TA001,20191112,09:12:20,0,1267395,-1,-1,4658.00000,4658.00000,0.00000,       83449,20191112

TA-GD-00006,instance1,CZCE TA TA001,20191112,09:12:30,0,1267453,-1,-1,4660.00000,4660.00000,0.00000,       83493,20191112

TA-GD-00006,instance1,CZCE TA TA001,20191112,09:13:47,0,1267917,-1,-1,4656.00000,4656.00000,0.00000,       84027,20191112

rb-GD-00006,instance1,SHFE rb rb2001,20191112,09:13:47,0,12207154,-1,1,3379.00000,3379.00000,0.00000,       84030,20191112

TA-GD-00006,instance1,CZCE TA TA001,20191112,09:14:21,0,1268167,-1,-1,4654.00000,4654.00000,0.00000,       84244,20191112

MA-GD-00006,instance1,CZCE MA MA001,20191112,09:14:22,0,1268170,-1,-1,1949.00000,1949.00000,0.00000,       84246,20191112

TA-GD-00006,instance1,CZCE TA TA001,20191112,09:14:47,0,1268391,-1,-1,4654.00000,4654.00000,0.00000,       84478,20191112

TA-GD-00006,instance1,CZCE TA TA001,20191112,09:15:07,0,1268648,-1,1,4654.00000,4654.00000,0.00000,       84682,20191112

TA-GD-00006,instance1,CZCE TA TA001,20191112,09:15:49,0,1268961,-1,-1,4652.00000,4652.00000,0.00000,       84975,20191112

rb-GD-00006,instance1,SHFE rb rb2001,20191112,09:15:57,0,12210657,-1,-1,3377.00000,3377.00000,0.00000,       85037,20191112

MA-GD-00006,instance1,CZCE MA MA001,20191112,09:15:58,0,1269067,-1,-1,1950.00000,1950.00000,0.00000,       85042,20191112

rb-GD-00006,instance1,SHFE rb rb2001,20191112,09:15:58,0,12210692,-1,-1,3377.00000,3377.00000,0.00000,       85043,20191112

MA-GD-00006,instance1,CZCE MA MA001,20191112,09:16:11,0,1269186,-1,-1,1950.00000,1950.00000,0.00000,       85123,20191112

MA-GD-00006,instance1,CZCE MA MA001,20191112,09:16:30,0,1269294,-1,-1,1950.00000,1950.00000,0.00000,       85217,20191112

TA-GD-00006,instance1,CZCE TA TA001,20191112,09:18:18,0,1270173,-1,1,4654.00000,4654.00000,0.00000,       85880,20191112

MA-GD-00006,instance1,CZCE MA MA001,20191112,09:19:23,0,1270661,-1,1,1953.00000,1953.00000,0.00000,       86257,20191112

rb-GD-00006,instance1,SHFE rb rb2001,20191112,09:19:37,0,12215754,-1,-1,3376.00000,3376.00000,0.00000,       86325,20191112

rb-GD-00006,instance1,SHFE rb rb2001,20191112,09:19:43,0,12216036,-1,-1,3376.00000,3376.00000,0.00000,       86389,20191112

MA-GD-00006,instance1,CZCE MA MA001,20191112,09:20:10,0,1271004,-1,-1,1953.00000,1953.00000,0.00000,       86620,20191112

TA-GD-00006,instance1,CZCE TA TA001,20191112,09:20:26,0,1271075,-1,1,4658.00000,4658.00000,0.00000,       86720,20191112

MA-GD-00006,instance1,CZCE MA MA001,20191112,09:21:58,0,1271829,-1,1,1956.00000,1956.00000,0.00000,       87440,20191112

MA-GD-00006,instance1,CZCE MA MA001,20191112,09:22:11,0,1271881,-1,1,1956.00000,1956.00000,0.00000,       87551,20191112

TA-GD-00006,instance1,CZCE TA TA001,20191112,09:24:53,0,1272818,-1,1,4664.00000,4664.00000,0.00000,       88463,20191112

MA-GD-00006,instance1,CZCE MA MA001,20191112,09:24:53,0,1272820,-1,-1,1953.00000,1953.00000,0.00000,       88464,20191112

TA-GD-00006,instance1,CZCE TA TA001,20191112,09:24:58,0,1272864,-1,1,4664.00000,4664.00000,0.00000,       88512,20191112

MA-GD-00006,instance1,CZCE MA MA001,20191112,09:25:00,0,1272901,-1,-1,1954.00000,1954.00000,0.00000,       88554,20191112

MA-GD-00006,instance1,CZCE MA MA001,20191112,09:25:10,0,1272986,-1,-1,1954.00000,1954.00000,0.00000,       88651,20191112

rb-GD-00006,instance1,SHFE rb rb2001,20191112,09:25:29,0,12223090,-1,1,3378.00000,3378.00000,0.00000,       88770,20191112

TA-GD-00006,instance1,CZCE TA TA001,20191112,09:26:22,0,1273552,-1,1,4666.00000,4666.00000,0.00000,       89107,20191112

TA-GD-00006,instance1,CZCE TA TA001,20191112,09:26:55,0,1273761,-1,1,4666.00000,4666.00000,0.00000,       89324,20191112

rb-GD-00006,instance1,SHFE rb rb2001,20191112,09:27:38,0,12226057,-1,1,3377.00000,3377.00000,0.00000,       89626,20191112

TA-GD-00006,instance1,CZCE TA TA001,20191112,09:28:03,0,1274231,-1,1,4668.00000,4668.00000,0.00000,       89753,20191112

TA-GD-00006,instance1,CZCE TA TA001,20191112,09:30:04,0,1275714,-1,1,4668.00000,4668.00000,0.00000,       90765,20191112

MA-GD-00006,instance1,CZCE MA MA001,20191112,09:30:16,0,1275907,-1,1,1957.00000,1957.00000,0.00000,       90915,20191112

TA-GD-00006,instance1,CZCE TA TA001,20191112,09:31:03,0,1276324,-1,1,4668.00000,4668.00000,0.00000,       91332,20191112

MA-GD-00006,instance1,CZCE MA MA001,20191112,09:34:58,0,1277884,-1,-1,1954.00000,1954.00000,0.00000,       93179,20191112

rb-GD-00006,instance1,SHFE rb rb2001,20191112,09:35:09,0,12239975,-1,-1,3377.00000,3377.00000,0.00000,       93309,20191112

rb-GD-00006,instance1,SHFE rb rb2001,20191112,09:36:01,0,12241993,-1,1,3378.00000,3378.00000,0.00000,       93749,20191112

MA-GD-00006,instance1,CZCE MA MA001,20191112,09:36:48,0,1278623,-1,1,1954.00000,1954.00000,0.00000,       94129,20191112

MA-GD-00006,instance1,CZCE MA MA001,20191112,09:37:20,0,1278867,-1,-1,1952.00000,1952.00000,0.00000,       94331,20191112

rb-GD-00006,instance1,SHFE rb rb2001,20191112,09:37:33,0,12244512,-1,1,3377.00000,3377.00000,0.00000,       94404,20191112

MA-GD-00006,instance1,CZCE MA MA001,20191112,09:37:44,0,1278978,-1,-1,1953.00000,1953.00000,0.00000,       94478,20191112

TA-GD-00006,instance1,CZCE TA TA001,20191112,09:40:24,0,1280313,-1,-1,4662.00000,4662.00000,0.00000,       95680,20191112

TA-GD-00006,instance1,CZCE TA TA001,20191112,09:40:24,0,1280315,-1,-1,4662.00000,4662.00000,0.00000,       95681,20191112

rb-GD-00006,instance1,SHFE rb rb2001,20191112,09:41:29,0,12252000,-1,-1,3372.00000,3372.00000,0.00000,       96160,20191112

TA-GD-00006,instance1,CZCE TA TA001,20191112,09:42:37,0,1281043,-1,1,4662.00000,4662.00000,0.00000,       96708,20191112

rb-GD-00006,instance1,SHFE rb rb2001,20191112,09:42:51,0,12254693,-1,-1,3368.00000,3368.00000,0.00000,       96855,20191112

TA-GD-00006,instance1,CZCE TA TA001,20191112,09:43:08,0,1281183,-1,-1,4662.00000,4662.00000,0.00000,       97049,20191112

rb-GD-00006,instance1,SHFE rb rb2001,20191112,09:43:55,0,12257024,-1,-1,3364.00000,3364.00000,0.00000,       97486,20191112

MA-GD-00006,instance1,CZCE MA MA001,20191112,09:44:09,0,1281499,-1,-1,1952.00000,1952.00000,0.00000,       97628,20191112

MA-GD-00006,instance1,CZCE MA MA001,20191112,09:44:11,0,1281520,-1,-1,1952.00000,1952.00000,0.00000,       97644,20191112

rb-GD-00006,instance1,SHFE rb rb2001,20191112,09:44:33,0,12258316,-1,-1,3364.00000,3364.00000,0.00000,       97848,20191112

rb-GD-00006,instance1,SHFE rb rb2001,20191112,09:44:48,0,12258748,-1,1,3365.00000,3365.00000,0.00000,       97942,20191112

rb-GD-00006,instance1,SHFE rb rb2001,20191112,09:45:01,0,12259198,-1,1,3364.00000,3364.00000,0.00000,       98073,20191112

TA-GD-00006,instance1,CZCE TA TA001,20191112,09:46:34,0,1282821,-1,-1,4662.00000,4662.00000,0.00000,       98903,20191112

MA-GD-00006,instance1,CZCE MA MA001,20191112,09:47:42,0,1283347,-1,1,1953.00000,1953.00000,0.00000,       99471,20191112

rb-GD-00006,instance1,SHFE rb rb2001,20191112,09:48:03,0,12265743,-1,1,3369.00000,3369.00000,0.00000,       99643,20191112

rb-GD-00006,instance1,SHFE rb rb2001,20191112,09:48:25,0,12266305,-1,-1,3369.00000,3369.00000,0.00000,       99808,20191112

rb-GD-00006,instance1,SHFE rb rb2001,20191112,09:49:16,0,12267953,-1,1,3369.00000,3369.00000,0.00000,      100255,20191112

rb-GD-00006,instance1,SHFE rb rb2001,20191112,09:51:10,0,12271816,-1,-1,3368.00000,3368.00000,0.00000,      101186,20191112

rb-GD-00006,instance1,SHFE rb rb2001,20191112,09:51:31,0,12272205,-1,-1,3368.00000,3368.00000,0.00000,      101321,20191112

MA-GD-00006,instance1,CZCE MA MA001,20191112,09:52:29,0,1286393,-1,-1,1949.00000,1949.00000,0.00000,      101710,20191112

rb-GD-00006,instance1,SHFE rb rb2001,20191112,09:52:55,0,12274341,-1,1,3368.00000,3368.00000,0.00000,      101899,20191112

MA-GD-00006,instance1,CZCE MA MA001,20191112,09:53:35,0,1286809,-1,-1,1946.00000,1946.00000,0.00000,      102278,20191112

MA-GD-00006,instance1,CZCE MA MA001,20191112,09:54:30,0,1287377,-1,1,1947.00000,1947.00000,0.00000,      102661,20191112

rb-GD-00006,instance1,SHFE rb rb2001,20191112,09:54:42,0,12277616,-1,-1,3367.00000,3367.00000,0.00000,      102735,20191112

TA-GD-00006,instance1,CZCE TA TA001,20191112,09:55:29,0,1287836,-1,-1,4660.00000,4660.00000,0.00000,      103184,20191112

rb-GD-00006,instance1,SHFE rb rb2001,20191112,09:56:07,0,12279941,-1,1,3367.00000,3367.00000,0.00000,      103353,20191112

rb-GD-00006,instance1,SHFE rb rb2001,20191112,09:56:41,0,12280489,-1,-1,3367.00000,3367.00000,0.00000,      103544,20191112

TA-GD-00006,instance1,CZCE TA TA001,20191112,09:57:26,0,1288523,-1,-1,4658.00000,4658.00000,0.00000,      103821,20191112

rb-GD-00006,instance1,SHFE rb rb2001,20191112,09:57:42,0,12281737,-1,1,3368.00000,3368.00000,0.00000,      103902,20191112

MA-GD-00006,instance1,CZCE MA MA001,20191112,09:58:20,0,1289048,-1,-1,1945.00000,1945.00000,0.00000,      104105,20191112

MA-GD-00006,instance1,CZCE MA MA001,20191112,09:58:56,0,1289346,-1,1,1947.00000,1947.00000,0.00000,      104351,20191112

MA-GD-00006,instance1,CZCE MA MA001,20191112,09:59:03,0,1289411,-1,1,1946.00000,1946.00000,0.00000,      104398,20191112

MA-GD-00006,instance1,CZCE MA MA001,20191112,09:59:07,0,1289449,-1,1,1946.00000,1946.00000,0.00000,      104421,20191112

MA-GD-00006,instance1,CZCE MA MA001,20191112,09:59:10,0,1289483,-1,1,1946.00000,1946.00000,0.00000,      104449,20191112

rb-GD-00006,instance1,SHFE rb rb2001,20191112,09:59:53,0,12285549,-1,1,3373.00000,3373.00000,0.00000,      104855,20191112

rb-GD-00006,instance1,SHFE rb rb2001,20191112,10:00:04,0,12286252,-1,1,3373.00000,3373.00000,0.00000,      105065,20191112

rb-GD-00006,instance1,SHFE rb rb2001,20191112,10:00:21,0,12286974,-1,1,3373.00000,3373.00000,0.00000,      105285,20191112

MA-GD-00006,instance1,CZCE MA MA001,20191112,10:01:25,0,1290307,-1,-1,1945.00000,1945.00000,0.00000,      105770,20191112

rb-GD-00006,instance1,SHFE rb rb2001,20191112,10:01:28,0,12288760,-1,-1,3371.00000,3371.00000,0.00000,      105789,20191112

MA-GD-00006,instance1,CZCE MA MA001,20191112,10:01:37,0,1290332,-1,-1,1945.00000,1945.00000,0.00000,      105832,20191112

TA-GD-00006,instance1,CZCE TA TA001,20191112,10:02:56,0,1290785,-1,-1,4658.00000,4658.00000,0.00000,      106332,20191112

rb-GD-00006,instance1,SHFE rb rb2001,20191112,10:03:24,0,12292468,-1,1,3377.00000,3377.00000,0.00000,      106610,20191112

rb-GD-00006,instance1,SHFE rb rb2001,20191112,10:03:25,0,12292479,-1,1,3377.00000,3377.00000,0.00000,      106612,20191112

MA-GD-00006,instance1,CZCE MA MA001,20191112,10:03:31,0,1291080,-1,-1,1942.00000,1942.00000,0.00000,      106696,20191112

MA-GD-00006,instance1,CZCE MA MA001,20191112,10:03:32,0,1291094,-1,-1,1943.00000,1943.00000,0.00000,      106705,20191112

MA-GD-00006,instance1,CZCE MA MA001,20191112,10:03:47,0,1291218,-1,-1,1943.00000,1943.00000,0.00000,      106797,20191112

TA-GD-00006,instance1,CZCE TA TA001,20191112,10:04:02,0,1291362,-1,1,4660.00000,4660.00000,0.00000,      106942,20191112

rb-GD-00006,instance1,SHFE rb rb2001,20191112,10:04:51,0,12294849,-1,1,3378.00000,3378.00000,0.00000,      107226,20191112

MA-GD-00006,instance1,CZCE MA MA001,20191112,10:04:52,0,1291881,-1,-1,1938.00000,1938.00000,0.00000,      107237,20191112

TA-GD-00006,instance1,CZCE TA TA001,20191112,10:04:52,0,1291893,-1,-1,4660.00000,4660.00000,0.00000,      107245,20191112

MA-GD-00006,instance1,CZCE MA MA001,20191112,10:04:54,0,1291896,-1,-1,1939.00000,1939.00000,0.00000,      107255,20191112

MA-GD-00006,instance1,CZCE MA MA001,20191112,10:04:56,0,1291901,-1,-1,1940.00000,1940.00000,0.00000,      107264,20191112

MA-GD-00006,instance1,CZCE MA MA001,20191112,10:04:56,0,1291903,-1,-1,1940.00000,1940.00000,0.00000,      107266,20191112

MA-GD-00006,instance1,CZCE MA MA001,20191112,10:05:04,0,1292006,-1,-1,1939.00000,1939.00000,0.00000,      107353,20191112

MA-GD-00006,instance1,CZCE MA MA001,20191112,10:05:29,0,1292229,-1,-1,1940.00000,1940.00000,0.00000,      107501,20191112

TA-GD-00006,instance1,CZCE TA TA001,20191112,10:05:32,0,1292245,-1,1,4660.00000,4660.00000,0.00000,      107568,20191112

MA-GD-00006,instance1,CZCE MA MA001,20191112,10:05:48,0,1292340,-1,1,1942.00000,1942.00000,0.00000,      107783,20191112

rb-GD-00006,instance1,SHFE rb rb2001,20191112,10:06:26,0,12298690,-1,1,3384.00000,3384.00000,0.00000,      108187,20191112

rb-GD-00006,instance1,SHFE rb rb2001,20191112,10:07:32,0,12301281,-1,1,3387.00000,3387.00000,0.00000,      108802,20191112

rb-GD-00006,instance1,SHFE rb rb2001,20191112,10:07:39,0,12301514,-1,1,3387.00000,3387.00000,0.00000,      108833,20191112

MA-GD-00006,instance1,CZCE MA MA001,20191112,10:07:45,0,1293169,-1,1,1944.00000,1944.00000,0.00000,      108855,20191112

MA-GD-00006,instance1,CZCE MA MA001,20191112,10:08:52,0,1293742,-1,1,1946.00000,1946.00000,0.00000,      109349,20191112

rb-GD-00006,instance1,SHFE rb rb2001,20191112,10:08:52,0,12303573,-1,1,3388.00000,3388.00000,0.00000,      109382,20191112

rb-GD-00006,instance1,SHFE rb rb2001,20191112,10:09:03,0,12303775,-1,1,3388.00000,3388.00000,0.00000,      109459,20191112

rb-GD-00006,instance1,SHFE rb rb2001,20191112,10:09:13,0,12304017,-1,1,3388.00000,3388.00000,0.00000,      109501,20191112

rb-GD-00006,instance1,SHFE rb rb2001,20191112,10:09:16,0,12304100,-1,1,3388.00000,3388.00000,0.00000,      109511,20191112

MA-GD-00006,instance1,CZCE MA MA001,20191112,10:10:11,0,1294521,-1,-1,1945.00000,1945.00000,0.00000,      110074,20191112

TA-GD-00006,instance1,CZCE TA TA001,20191112,10:10:28,0,1294635,-1,-1,4660.00000,4660.00000,0.00000,      110262,20191112

TA-GD-00006,instance1,CZCE TA TA001,20191112,10:10:28,0,1294645,-1,-1,4660.00000,4660.00000,0.00000,      110265,20191112

TA-GD-00006,instance1,CZCE TA TA001,20191112,10:10:39,0,1294687,-1,-1,4660.00000,4660.00000,0.00000,      110345,20191112

rb-GD-00006,instance1,SHFE rb rb2001,20191112,10:11:06,0,12307703,-1,1,3390.00000,3390.00000,0.00000,      110493,20191112

MA-GD-00006,instance1,CZCE MA MA001,20191112,10:11:07,0,1294840,-1,1,1946.00000,1946.00000,0.00000,      110504,20191112

rb-GD-00006,instance1,SHFE rb rb2001,20191112,10:11:40,0,12308558,-1,-1,3390.00000,3390.00000,0.00000,      110641,20191112

TA-GD-00006,instance1,CZCE TA TA001,20191112,10:12:48,0,1295359,-1,-1,4660.00000,4660.00000,0.00000,      111300,20191112

MA-GD-00006,instance1,CZCE MA MA001,20191112,10:13:22,0,1295650,-1,1,1947.00000,1947.00000,0.00000,      111552,20191112

MA-GD-00006,instance1,CZCE MA MA001,20191112,10:13:58,0,1295858,-1,-1,1946.00000,1946.00000,0.00000,      111770,20191112

TA-GD-00006,instance1,CZCE TA TA001,20191112,10:14:17,0,1296040,-1,-1,4660.00000,4660.00000,0.00000,      111938,20191112

MA-GD-00006,instance1,CZCE MA MA001,20191112,10:14:22,0,1296099,-1,-1,1947.00000,1947.00000,0.00000,      111978,20191112

MA-GD-00006,instance1,CZCE MA MA001,20191112,10:14:54,0,1296300,-1,1,1947.00000,1947.00000,0.00000,      112215,20191112

rb-GD-00006,instance1,SHFE rb rb2001,20191112,10:30:33,0,12315296,-1,1,3392.00000,3392.00000,0.00000,      113197,20191112

rb-GD-00006,instance1,SHFE rb rb2001,20191112,10:30:55,0,12315636,-1,1,3391.00000,3391.00000,0.00000,      113323,20191112

MA-GD-00006,instance1,CZCE MA MA001,20191112,10:31:20,0,1296880,-1,1,1949.00000,1949.00000,0.00000,      113729,20191112

TA-GD-00006,instance1,CZCE TA TA001,20191112,10:31:32,0,1296965,-1,1,4666.00000,4666.00000,0.00000,      113950,20191112

MA-GD-00006,instance1,CZCE MA MA001,20191112,10:31:33,0,1296976,-1,1,1948.00000,1948.00000,0.00000,      113961,20191112

rb-GD-00006,instance1,SHFE rb rb2001,20191112,10:32:55,0,12319133,-1,-1,3389.00000,3389.00000,0.00000,      114851,20191112

MA-GD-00006,instance1,CZCE MA MA001,20191112,10:34:16,0,1298188,-1,-1,1948.00000,1948.00000,0.00000,      115661,20191112

rb-GD-00006,instance1,SHFE rb rb2001,20191112,10:35:23,0,12324407,-1,1,3394.00000,3394.00000,0.00000,      116619,20191112

rb-GD-00006,instance1,SHFE rb rb2001,20191112,10:35:26,0,12324790,-1,1,3394.00000,3394.00000,0.00000,      116792,20191112

rb-GD-00006,instance1,SHFE rb rb2001,20191112,10:35:48,0,12325558,-1,1,3394.00000,3394.00000,0.00000,      117068,20191112

TA-GD-00006,instance1,CZCE TA TA001,20191112,10:36:10,0,1299079,-1,1,4668.00000,4668.00000,0.00000,      117226,20191112

rb-GD-00006,instance1,SHFE rb rb2001,20191112,10:36:31,0,12326567,-1,1,3394.00000,3394.00000,0.00000,      117490,20191112

MA-GD-00006,instance1,CZCE MA MA001,20191112,10:36:33,0,1299391,-1,1,1949.00000,1949.00000,0.00000,      117516,20191112

rb-GD-00006,instance1,SHFE rb rb2001,20191112,10:36:34,0,12326643,-1,-1,3394.00000,3394.00000,0.00000,      117523,20191112

MA-GD-00006,instance1,CZCE MA MA001,20191112,10:37:00,0,1299533,-1,-1,1949.00000,1949.00000,0.00000,      117644,20191112

TA-GD-00006,instance1,CZCE TA TA001,20191112,10:37:10,0,1299574,-1,-1,4668.00000,4668.00000,0.00000,      117762,20191112

MA-GD-00006,instance1,CZCE MA MA001,20191112,10:37:11,0,1299580,-1,-1,1949.00000,1949.00000,0.00000,      117767,20191112

rb-GD-00006,instance1,SHFE rb rb2001,20191112,10:37:49,0,12328749,-1,-1,3393.00000,3393.00000,0.00000,      118061,20191112

TA-GD-00006,instance1,CZCE TA TA001,20191112,10:38:25,0,12100276,-1,-1,4666.00000,4666.00000,0.00000,      118445,20191112

rb-GD-00006,instance1,SHFE rb rb2001,20191112,10:38:48,0,12330095,-1,1,3393.00000,3393.00000,0.00000,      118561,20191112

MA-GD-00006,instance1,CZCE MA MA001,20191112,10:38:53,0,12100401,-1,1,1950.00000,1950.00000,0.00000,      118595,20191112

MA-GD-00006,instance1,CZCE MA MA001,20191112,10:40:18,0,12101088,-1,1,1951.00000,1951.00000,0.00000,      119344,20191112

rb-GD-00006,instance1,SHFE rb rb2001,20191112,10:41:21,0,12334182,-1,1,3392.00000,3392.00000,0.00000,      119794,20191112

MA-GD-00006,instance1,CZCE MA MA001,20191112,10:41:56,0,12101461,-1,1,1951.00000,1951.00000,0.00000,      120006,20191112

MA-GD-00006,instance1,CZCE MA MA001,20191112,10:41:56,0,12101463,-1,1,1951.00000,1951.00000,0.00000,      120007,20191112

MA-GD-00006,instance1,CZCE MA MA001,20191112,10:43:54,0,12101929,-1,1,1952.00000,1952.00000,0.00000,      120634,20191112

TA-GD-00006,instance1,CZCE TA TA001,20191112,10:44:57,0,12102531,-1,1,4668.00000,4668.00000,0.00000,      121147,20191112

TA-GD-00006,instance1,CZCE TA TA001,20191112,10:45:48,0,12102797,-1,-1,4668.00000,4668.00000,0.00000,      121624,20191112

rb-GD-00006,instance1,SHFE rb rb2001,20191112,10:46:27,0,12342459,-1,1,3392.00000,3392.00000,0.00000,      121928,20191112

MA-GD-00006,instance1,CZCE MA MA001,20191112,10:46:42,0,12103166,-1,-1,1950.00000,1950.00000,0.00000,      122072,20191112

rb-GD-00006,instance1,SHFE rb rb2001,20191112,10:47:05,0,12343448,-1,-1,3392.00000,3392.00000,0.00000,      122185,20191112

TA-GD-00006,instance1,CZCE TA TA001,20191112,10:47:40,0,12103275,-1,1,4670.00000,4670.00000,0.00000,      122467,20191112

MA-GD-00006,instance1,CZCE MA MA001,20191112,10:48:28,0,12103636,-1,-1,1949.00000,1949.00000,0.00000,      122941,20191112

MA-GD-00006,instance1,CZCE MA MA001,20191112,10:48:42,0,12103682,-1,-1,1949.00000,1949.00000,0.00000,      123112,20191112

rb-GD-00006,instance1,SHFE rb rb2001,20191112,10:49:26,0,12349082,-1,1,3418.00000,3418.00000,0.00000,      123776,20191112

rb-GD-00006,instance1,SHFE rb rb2001,20191112,10:49:31,0,12349273,-1,1,3417.00000,3417.00000,0.00000,      123822,20191112

rb-GD-00006,instance1,SHFE rb rb2001,20191112,10:49:31,0,12349277,-1,1,3416.00000,3416.00000,0.00000,      123825,20191112

rb-GD-00006,instance1,SHFE rb rb2001,20191112,10:49:32,0,12349312,-1,1,3416.00000,3416.00000,0.00000,      123833,20191112

rb-GD-00006,instance1,SHFE rb rb2001,20191112,10:49:37,0,12349554,-1,1,3415.00000,3415.00000,0.00000,      123883,20191112

rb-GD-00006,instance1,SHFE rb rb2001,20191112,10:49:38,0,12349617,-1,1,3415.00000,3415.00000,0.00000,      123894,20191112

rb-GD-00006,instance1,SHFE rb rb2001,20191112,10:49:39,0,12349652,-1,1,3415.00000,3415.00000,0.00000,      123895,20191112

TA-GD-00006,instance1,CZCE TA TA001,20191112,10:49:57,0,12104174,-1,1,4672.00000,4672.00000,0.00000,      124070,20191112

rb-GD-00006,instance1,SHFE rb rb2001,20191112,10:50:14,0,12351677,-1,1,3417.00000,3417.00000,0.00000,      124371,20191112

MA-GD-00006,instance1,CZCE MA MA001,20191112,10:50:15,0,12104289,-1,-1,1950.00000,1950.00000,0.00000,      124390,20191112

rb-GD-00006,instance1,SHFE rb rb2001,20191112,10:50:16,0,12351890,-1,1,3417.00000,3417.00000,0.00000,      124420,20191112

MA-GD-00006,instance1,CZCE MA MA001,20191112,10:50:49,0,12104398,-1,1,1950.00000,1950.00000,0.00000,      124719,20191112

rb-GD-00006,instance1,SHFE rb rb2001,20191112,10:51:18,0,12354448,-1,-1,3413.00000,3413.00000,0.00000,      125048,20191112

rb-GD-00006,instance1,SHFE rb rb2001,20191112,10:51:32,0,12354947,-1,-1,3414.00000,3414.00000,0.00000,      125153,20191112

MA-GD-00006,instance1,CZCE MA MA001,20191112,10:51:37,0,12104668,-1,1,1953.00000,1953.00000,0.00000,      125201,20191112

rb-GD-00006,instance1,SHFE rb rb2001,20191112,10:51:48,0,12355746,-1,1,3417.00000,3417.00000,0.00000,      125375,20191112

rb-GD-00006,instance1,SHFE rb rb2001,20191112,10:51:48,0,12355775,-1,1,3417.00000,3417.00000,0.00000,      125379,20191112

rb-GD-00006,instance1,SHFE rb rb2001,20191112,10:51:55,0,12355984,-1,1,3417.00000,3417.00000,0.00000,      125442,20191112

rb-GD-00006,instance1,SHFE rb rb2001,20191112,10:52:06,0,12356411,-1,1,3416.00000,3416.00000,0.00000,      125588,20191112

rb-GD-00006,instance1,SHFE rb rb2001,20191112,10:52:09,0,12356503,-1,1,3415.00000,3415.00000,0.00000,      125640,20191112

TA-GD-00006,instance1,CZCE TA TA001,20191112,10:52:20,0,12104901,-1,1,4686.00000,4686.00000,0.00000,      125775,20191112

rb-GD-00006,instance1,SHFE rb rb2001,20191112,10:52:20,0,12357020,-1,1,3414.00000,3414.00000,0.00000,      125777,20191112

TA-GD-00006,instance1,CZCE TA TA001,20191112,10:52:24,0,12104929,-1,1,4684.00000,4684.00000,0.00000,      125809,20191112

MA-GD-00006,instance1,CZCE MA MA001,20191112,10:52:38,0,12105046,-1,1,1954.00000,1954.00000,0.00000,      125924,20191112

rb-GD-00006,instance1,SHFE rb rb2001,20191112,10:52:48,0,12357805,-1,-1,3415.00000,3415.00000,0.00000,      126005,20191112

rb-GD-00006,instance1,SHFE rb rb2001,20191112,10:53:14,0,12359141,-1,-1,3415.00000,3415.00000,0.00000,      126329,20191112

rb-GD-00006,instance1,SHFE rb rb2001,20191112,10:53:48,0,12360357,-1,1,3418.00000,3418.00000,0.00000,      126702,20191112

rb-GD-00006,instance1,SHFE rb rb2001,20191112,10:53:53,0,12360597,-1,1,3417.00000,3417.00000,0.00000,      126789,20191112

TA-GD-00006,instance1,CZCE TA TA001,20191112,10:54:11,0,12106084,-1,1,4690.00000,4690.00000,0.00000,      127113,20191112

MA-GD-00006,instance1,CZCE MA MA001,20191112,10:54:23,0,12106314,-1,1,1963.00000,1963.00000,0.00000,      127349,20191112

MA-GD-00006,instance1,CZCE MA MA001,20191112,10:54:27,0,12106418,-1,1,1964.00000,1963.00000,0.00000,      127404,20191112

TA-GD-00006,instance1,CZCE TA TA001,20191112,10:54:49,0,12106953,-1,1,4692.00000,4692.00000,0.00000,      127760,20191112

TA-GD-00006,instance1,CZCE TA TA001,20191112,10:54:59,0,12107100,-1,-1,4692.00000,4692.00000,0.00000,      127899,20191112

MA-GD-00006,instance1,CZCE MA MA001,20191112,10:55:04,0,12107164,-1,1,1965.00000,1965.00000,0.00000,      128067,20191112

MA-GD-00006,instance1,CZCE MA MA001,20191112,10:55:05,0,12107171,-1,1,1966.00000,1965.00000,0.00000,      128086,20191112

MA-GD-00006,instance1,CZCE MA MA001,20191112,10:55:06,0,12107213,-1,1,1966.00000,1966.00000,0.00000,      128129,20191112

rb-GD-00006,instance1,SHFE rb rb2001,20191112,10:55:20,0,12364395,-1,1,3428.00000,3428.00000,0.00000,      128387,20191112

TA-GD-00006,instance1,CZCE TA TA001,20191112,10:55:57,0,12107695,-1,1,4694.00000,4694.00000,0.00000,      128901,20191112

TA-GD-00006,instance1,CZCE TA TA001,20191112,10:56:12,0,12107864,-1,1,4694.00000,4694.00000,0.00000,      129118,20191112

MA-GD-00006,instance1,CZCE MA MA001,20191112,10:56:18,0,12107925,-1,1,1972.00000,1972.00000,0.00000,      129196,20191112

MA-GD-00006,instance1,CZCE MA MA001,20191112,10:56:21,0,12107990,-1,1,1972.00000,1972.00000,0.00000,      129262,20191112

MA-GD-00006,instance1,CZCE MA MA001,20191112,10:56:25,0,12108023,-1,1,1971.00000,1971.00000,0.00000,      129299,20191112

rb-GD-00006,instance1,SHFE rb rb2001,20191112,10:56:26,0,12367002,-1,-1,3429.00000,3429.00000,0.00000,      129301,20191112

rb-GD-00006,instance1,SHFE rb rb2001,20191112,10:56:28,0,12367096,-1,-1,3429.00000,3429.00000,0.00000,      129328,20191112

rb-GD-00006,instance1,SHFE rb rb2001,20191112,10:56:31,0,12367163,-1,-1,3429.00000,3429.00000,0.00000,      129366,20191112

TA-GD-00006,instance1,CZCE TA TA001,20191112,10:56:58,0,12108332,-1,1,4694.00000,4694.00000,0.00000,      129594,20191112

MA-GD-00006,instance1,CZCE MA MA001,20191112,10:57:03,0,12108374,-1,1,1971.00000,1971.00000,0.00000,      129703,20191112

MA-GD-00006,instance1,CZCE MA MA001,20191112,10:57:18,0,12108461,-1,-1,1969.00000,1969.00000,0.00000,      129851,20191112

rb-GD-00006,instance1,SHFE rb rb2001,20191112,10:58:00,0,12369928,-1,-1,3424.00000,3424.00000,0.00000,      130541,20191112

TA-GD-00006,instance1,CZCE TA TA001,20191112,10:58:05,0,12109214,-1,-1,4692.00000,4692.00000,0.00000,      130632,20191112

rb-GD-00006,instance1,SHFE rb rb2001,20191112,10:58:22,0,12370743,-1,-1,3423.00000,3423.00000,0.00000,      130813,20191112

rb-GD-00006,instance1,SHFE rb rb2001,20191112,10:58:31,0,12371053,-1,1,3422.00000,3422.00000,0.00000,      130935,20191112

MA-GD-00006,instance1,CZCE MA MA001,20191112,10:58:47,0,12110165,-1,-1,1967.00000,1967.00000,0.00000,      131085,20191112

rb-GD-00006,instance1,SHFE rb rb2001,20191112,10:59:34,0,12373235,-1,-1,3421.00000,3421.00000,0.00000,      131896,20191112

rb-GD-00006,instance1,SHFE rb rb2001,20191112,10:59:38,0,12373353,-1,-1,3421.00000,3421.00000,0.00000,      131935,20191112

MA-GD-00006,instance1,CZCE MA MA001,20191112,10:59:47,0,12111085,-1,-1,1965.00000,1965.00000,0.00000,      132008,20191112

rb-GD-00006,instance1,SHFE rb rb2001,20191112,10:59:49,0,12373562,-1,-1,3421.00000,3421.00000,0.00000,      132020,20191112

MA-GD-00006,instance1,CZCE MA MA001,20191112,10:59:53,0,12111128,-1,-1,1965.00000,1965.00000,0.00000,      132056,20191112

TA-GD-00006,instance1,CZCE TA TA001,20191112,10:59:58,0,12111164,-1,-1,4690.00000,4690.00000,0.00000,      132103,20191112

rb-GD-00006,instance1,SHFE rb rb2001,20191112,11:00:17,0,12374648,-1,1,3426.00000,3426.00000,0.00000,      132461,20191112

rb-GD-00006,instance1,SHFE rb rb2001,20191112,11:00:18,0,12374673,-1,1,3426.00000,3426.00000,0.00000,      132467,20191112

MA-GD-00006,instance1,CZCE MA MA001,20191112,11:00:45,0,12111536,-1,-1,1965.00000,1965.00000,0.00000,      132780,20191112

MA-GD-00006,instance1,CZCE MA MA001,20191112,11:00:46,0,12111538,-1,-1,1965.00000,1965.00000,0.00000,      132790,20191112

rb-GD-00006,instance1,SHFE rb rb2001,20191112,11:00:48,0,12376009,-1,1,3425.00000,3425.00000,0.00000,      132809,20191112

rb-GD-00006,instance1,SHFE rb rb2001,20191112,11:01:45,0,12378083,-1,-1,3425.00000,3425.00000,0.00000,      133289,20191112

rb-GD-00006,instance1,SHFE rb rb2001,20191112,11:01:48,0,12378209,-1,1,3425.00000,3425.00000,0.00000,      133335,20191112

MA-GD-00006,instance1,CZCE MA MA001,20191112,11:02:01,0,12113151,-1,1,1965.00000,1965.00000,0.00000,      133492,20191112

rb-GD-00006,instance1,SHFE rb rb2001,20191112,11:02:52,0,12380288,-1,1,3429.00000,3429.00000,0.00000,      133880,20191112

rb-GD-00006,instance1,SHFE rb rb2001,20191112,11:03:35,0,12382122,-1,1,3433.00000,3433.00000,0.00000,      134552,20191112

rb-GD-00006,instance1,SHFE rb rb2001,20191112,11:03:41,0,12382282,-1,1,3432.00000,3432.00000,0.00000,      134648,20191112

rb-GD-00006,instance1,SHFE rb rb2001,20191112,11:03:45,0,12382436,-1,1,3431.00000,3431.00000,0.00000,      134693,20191112

MA-GD-00006,instance1,CZCE MA MA001,20191112,11:03:50,0,12115704,-1,1,1967.00000,1967.00000,0.00000,      134770,20191112

rb-GD-00006,instance1,SHFE rb rb2001,20191112,11:04:47,0,12384691,-1,-1,3430.00000,3430.00000,0.00000,      135476,20191112

MA-GD-00006,instance1,CZCE MA MA001,20191112,11:04:56,0,12116833,-1,1,1969.00000,1969.00000,0.00000,      135576,20191112

rb-GD-00006,instance1,SHFE rb rb2001,20191112,11:04:58,0,12384974,-1,1,3430.00000,3430.00000,0.00000,      135593,20191112

MA-GD-00006,instance1,CZCE MA MA001,20191112,11:04:59,0,12116883,-1,1,1969.00000,1969.00000,0.00000,      135612,20191112

TA-GD-00006,instance1,CZCE TA TA001,20191112,11:05:21,0,12117416,-1,1,4690.00000,4690.00000,0.00000,      135997,20191112

rb-GD-00006,instance1,SHFE rb rb2001,20191112,11:05:48,0,12386788,-1,1,3434.00000,3434.00000,0.00000,      136385,20191112

TA-GD-00006,instance1,CZCE TA TA001,20191112,11:06:01,0,12118013,-1,1,4692.00000,4692.00000,0.00000,      136472,20191112

rb-GD-00006,instance1,SHFE rb rb2001,20191112,11:06:04,0,12387136,-1,1,3435.00000,3435.00000,0.00000,      136501,20191112

rb-GD-00006,instance1,SHFE rb rb2001,20191112,11:06:06,0,12387199,-1,1,3434.00000,3434.00000,0.00000,      136523,20191112

TA-GD-00006,instance1,CZCE TA TA001,20191112,11:06:12,0,12118139,-1,1,4692.00000,4692.00000,0.00000,      136566,20191112

MA-GD-00006,instance1,CZCE MA MA001,20191112,11:06:18,0,12118180,-1,1,1970.00000,1970.00000,0.00000,      136642,20191112

TA-GD-00006,instance1,CZCE TA TA001,20191112,11:06:37,0,12118306,-1,1,4692.00000,4692.00000,0.00000,      136767,20191112

rb-GD-00006,instance1,SHFE rb rb2001,20191112,11:06:49,0,12388158,-1,1,3435.00000,3435.00000,0.00000,      136871,20191112

rb-GD-00006,instance1,SHFE rb rb2001,20191112,11:06:50,0,12388180,-1,1,3435.00000,3435.00000,0.00000,      136876,20191112

MA-GD-00006,instance1,CZCE MA MA001,20191112,11:07:49,0,12118654,-1,1,1974.00000,1974.00000,0.00000,      137377,20191112

rb-GD-00006,instance1,SHFE rb rb2001,20191112,11:08:21,0,12390588,-1,-1,3430.00000,3430.00000,0.00000,      137642,20191112

MA-GD-00006,instance1,CZCE MA MA001,20191112,11:08:29,0,12118914,-1,-1,1973.00000,1973.00000,0.00000,      137722,20191112

rb-GD-00006,instance1,SHFE rb rb2001,20191112,11:09:07,0,12392335,-1,-1,3429.00000,3429.00000,0.00000,      138113,20191112

TA-GD-00006,instance1,CZCE TA TA001,20191112,11:09:14,0,12119495,-1,-1,4688.00000,4688.00000,0.00000,      138201,20191112

MA-GD-00006,instance1,CZCE MA MA001,20191112,11:09:38,0,12119672,-1,-1,1970.00000,1970.00000,0.00000,      138383,20191112

rb-GD-00006,instance1,SHFE rb rb2001,20191112,11:09:48,0,12393557,-1,-1,3426.00000,3426.00000,0.00000,      138516,20191112

TA-GD-00006,instance1,CZCE TA TA001,20191112,11:10:25,0,12120202,-1,1,4688.00000,4688.00000,0.00000,      138872,20191112

MA-GD-00006,instance1,CZCE MA MA001,20191112,11:10:36,0,12120330,-1,-1,1971.00000,1971.00000,0.00000,      138982,20191112

TA-GD-00006,instance1,CZCE TA TA001,20191112,11:10:36,0,12120335,-1,-1,4688.00000,4688.00000,0.00000,      138987,20191112

MA-GD-00006,instance1,CZCE MA MA001,20191112,11:10:55,0,12120465,-1,1,1971.00000,1971.00000,0.00000,      139149,20191112

MA-GD-00006,instance1,CZCE MA MA001,20191112,11:11:22,0,12120674,-1,1,1971.00000,1971.00000,0.00000,      139416,20191112

rb-GD-00006,instance1,SHFE rb rb2001,20191112,11:12:01,0,12396951,-1,-1,3424.00000,3424.00000,0.00000,      139764,20191112

rb-GD-00006,instance1,SHFE rb rb2001,20191112,11:12:23,0,12397501,-1,1,3423.00000,3423.00000,0.00000,      139961,20191112

rb-GD-00006,instance1,SHFE rb rb2001,20191112,11:12:33,0,12397738,-1,-1,3423.00000,3423.00000,0.00000,      140048,20191112

rb-GD-00006,instance1,SHFE rb rb2001,20191112,11:12:45,0,12398291,-1,-1,3424.00000,3424.00000,0.00000,      140259,20191112

MA-GD-00006,instance1,CZCE MA MA001,20191112,11:13:12,0,12121365,-1,-1,1968.00000,1968.00000,0.00000,      140571,20191112

rb-GD-00006,instance1,SHFE rb rb2001,20191112,11:13:25,0,12399608,-1,1,3426.00000,3426.00000,0.00000,      140670,20191112

TA-GD-00006,instance1,CZCE TA TA001,20191112,11:14:19,0,12122185,-1,-1,4686.00000,4686.00000,0.00000,      141336,20191112

MA-GD-00006,instance1,CZCE MA MA001,20191112,11:14:20,0,12122232,-1,1,1969.00000,1969.00000,0.00000,      141374,20191112

rb-GD-00006,instance1,SHFE rb rb2001,20191112,11:15:10,0,12403261,-1,1,3428.00000,3428.00000,0.00000,      141971,20191112

rb-GD-00006,instance1,SHFE rb rb2001,20191112,11:15:29,0,12403923,-1,1,3428.00000,3428.00000,0.00000,      142163,20191112

rb-GD-00006,instance1,SHFE rb rb2001,20191112,11:15:35,0,12404102,-1,1,3428.00000,3428.00000,0.00000,      142190,20191112

rb-GD-00006,instance1,SHFE rb rb2001,20191112,11:15:53,0,12404454,-1,-1,3428.00000,3428.00000,0.00000,      142287,20191112

rb-GD-00006,instance1,SHFE rb rb2001,20191112,11:15:59,0,12404739,-1,-1,3428.00000,3428.00000,0.00000,      142344,20191112

rb-GD-00006,instance1,SHFE rb rb2001,20191112,11:16:26,0,12405612,-1,-1,3428.00000,3428.00000,0.00000,      142561,20191112

rb-GD-00006,instance1,SHFE rb rb2001,20191112,11:16:54,0,12406185,-1,1,3429.00000,3429.00000,0.00000,      142690,20191112

MA-GD-00006,instance1,CZCE MA MA001,20191112,11:18:11,0,12123938,-1,-1,1969.00000,1969.00000,0.00000,      143161,20191112

rb-GD-00006,instance1,SHFE rb rb2001,20191112,11:19:47,0,12409960,-1,-1,3424.00000,3424.00000,0.00000,      143961,20191112

rb-GD-00006,instance1,SHFE rb rb2001,20191112,11:19:51,0,12410113,-1,-1,3425.00000,3425.00000,0.00000,      144009,20191112

MA-GD-00006,instance1,CZCE MA MA001,20191112,11:20:05,0,12125377,-1,-1,1964.00000,1964.00000,0.00000,      144212,20191112

TA-GD-00006,instance1,CZCE TA TA001,20191112,11:20:22,0,12125477,-1,-1,4680.00000,4680.00000,0.00000,      144430,20191112

rb-GD-00006,instance1,SHFE rb rb2001,20191112,11:20:45,0,12411874,-1,-1,3424.00000,3424.00000,0.00000,      144581,20191112

rb-GD-00006,instance1,SHFE rb rb2001,20191112,11:21:51,0,12413016,-1,1,3425.00000,3425.00000,0.00000,      144891,20191112

rb-GD-00006,instance1,SHFE rb rb2001,20191112,11:22:26,0,12413793,-1,1,3426.00000,3426.00000,0.00000,      145097,20191112

rb-GD-00006,instance1,SHFE rb rb2001,20191112,11:23:04,0,12414533,-1,1,3425.00000,3425.00000,0.00000,      145263,20191112

rb-GD-00006,instance1,SHFE rb rb2001,20191112,11:23:49,0,12415604,-1,-1,3424.00000,3424.00000,0.00000,      145551,20191112

MA-GD-00006,instance1,CZCE MA MA001,20191112,11:24:00,0,12126554,-1,-1,1962.00000,1962.00000,0.00000,      145585,20191112

MA-GD-00006,instance1,CZCE MA MA001,20191112,11:24:13,0,12126659,-1,-1,1963.00000,1963.00000,0.00000,      145718,20191112

rb-GD-00006,instance1,SHFE rb rb2001,20191112,11:24:18,0,12416059,-1,-1,3424.00000,3424.00000,0.00000,      145771,20191112

TA-GD-00006,instance1,CZCE TA TA001,20191112,11:24:45,0,12126936,-1,-1,4680.00000,4680.00000,0.00000,      145924,20191112

rb-GD-00006,instance1,SHFE rb rb2001,20191112,11:25:53,0,12417804,-1,1,3428.00000,3428.00000,0.00000,      146317,20191112

rb-GD-00006,instance1,SHFE rb rb2001,20191112,11:27:50,0,12419752,-1,1,3430.00000,3430.00000,0.00000,      146895,20191112

rb-GD-00006,instance1,SHFE rb rb2001,20191112,11:27:52,0,12419786,-1,1,3430.00000,3430.00000,0.00000,      146907,20191112

rb-GD-00006,instance1,SHFE rb rb2001,20191112,11:28:17,0,12420113,-1,1,3430.00000,3430.00000,0.00000,      147042,20191112

TA-GD-00006,instance1,CZCE TA TA001,20191112,11:28:22,0,12128133,-1,1,4688.00000,4688.00000,0.00000,      147083,20191112

TA-GD-00006,instance1,CZCE TA TA001,20191112,11:29:01,0,12128332,-1,-1,4688.00000,4688.00000,0.00000,      147292,20191112

TA-GD-00006,instance1,TA001,20191112S,21:08:17,-1,-1,-1,0,-1.00000,-1.00000,0.00000,0000,20191113

MA-GD-00006,instance1,MA001,20191112S,21:08:25,-1,-1,-1,0,-1.00000,-1.00000,0.00000,0000,20191113

rb-GD-00006,instance1,rb2001,20191112S,21:08:32,-1,-1,-1,0,-1.00000,-1.00000,0.00000,0000,20191113

MA-GD-00006,instance1,CZCE MA MA001,20191112,21:09:53,0,137425,-1,1,1970.00000,1970.00000,0.00000,        6101,20191113

rb-GD-00006,instance1,SHFE rb rb2001,20191112,21:10:35,0,1321216,-1,1,3447.00000,3447.00000,0.00000,        6441,20191113

MA-GD-00006,instance1,CZCE MA MA001,20191112,21:10:51,0,138332,-1,1,1971.00000,1971.00000,0.00000,        6554,20191113

MA-GD-00006,instance1,CZCE MA MA001,20191112,21:11:12,0,138691,-1,1,1971.00000,1971.00000,0.00000,        6978,20191113

TA-GD-00006,instance1,CZCE TA TA001,20191112,21:11:59,0,139518,-1,1,4692.00000,4692.00000,0.00000,        7898,20191113

rb-GD-00006,instance1,SHFE rb rb2001,20191112,21:12:03,0,1324326,-1,1,3446.00000,3446.00000,0.00000,        7984,20191113

TA-GD-00006,instance1,CZCE TA TA001,20191112,21:12:24,0,1310090,-1,-1,4690.00000,4690.00000,0.00000,        8333,20191113

MA-GD-00006,instance1,CZCE MA MA001,20191112,21:12:30,0,1310213,-1,-1,1970.00000,1970.00000,0.00000,        8389,20191113

MA-GD-00006,instance1,CZCE MA MA001,20191112,21:12:40,0,1310424,-1,-1,1970.00000,1970.00000,0.00000,        8478,20191113

TA-GD-00006,instance1,CZCE TA TA001,20191112,21:12:54,0,1310719,-1,-1,4692.00000,4692.00000,0.00000,        8570,20191113

rb-GD-00006,instance1,SHFE rb rb2001,20191112,21:13:44,0,1326934,-1,1,3446.00000,3446.00000,0.00000,        8853,20191113

MA-GD-00006,instance1,CZCE MA MA001,20191112,21:14:10,0,1312112,-1,1,1972.00000,1972.00000,0.00000,        9066,20191113

MA-GD-00006,instance1,CZCE MA MA001,20191112,21:14:21,0,1312323,-1,1,1972.00000,1972.00000,0.00000,        9157,20191113

TA-GD-00006,instance1,CZCE TA TA001,20191112,21:14:22,0,1312349,-1,1,4696.00000,4696.00000,0.00000,        9181,20191113

TA-GD-00006,instance1,CZCE TA TA001,20191112,21:14:26,0,1312440,-1,1,4696.00000,4696.00000,0.00000,        9208,20191113

rb-GD-00006,instance1,SHFE rb rb2001,20191112,21:14:45,0,1328523,-1,-1,3444.00000,3444.00000,0.00000,        9350,20191113

MA-GD-00006,instance1,CZCE MA MA001,20191112,21:15:51,0,1313887,-1,-1,1970.00000,1970.00000,0.00000,        9756,20191113

TA-GD-00006,instance1,CZCE TA TA001,20191112,21:16:16,0,1314244,-1,1,4698.00000,4698.00000,0.00000,        9925,20191113

MA-GD-00006,instance1,CZCE MA MA001,20191112,21:17:05,0,1314913,-1,-1,1968.00000,1968.00000,0.00000,       10254,20191113

rb-GD-00006,instance1,SHFE rb rb2001,20191112,21:17:15,0,1332637,-1,1,3443.00000,3443.00000,0.00000,       10312,20191113

rb-GD-00006,instance1,SHFE rb rb2001,20191112,21:17:35,0,1333166,-1,1,3442.00000,3442.00000,0.00000,       10422,20191113

TA-GD-00006,instance1,CZCE TA TA001,20191112,21:17:55,0,1315415,-1,-1,4698.00000,4698.00000,0.00000,       10526,20191113

MA-GD-00006,instance1,CZCE MA MA001,20191112,21:18:00,0,1315456,-1,1,1969.00000,1969.00000,0.00000,       10544,20191113

rb-GD-00006,instance1,SHFE rb rb2001,20191112,21:18:00,0,1333866,-1,1,3442.00000,3442.00000,0.00000,       10570,20191113

MA-GD-00006,instance1,CZCE MA MA001,20191112,21:18:45,0,1315932,-1,-1,1966.00000,1966.00000,0.00000,       10796,20191113

MA-GD-00006,instance1,CZCE MA MA001,20191112,21:18:51,0,1316035,-1,-1,1966.00000,1966.00000,0.00000,       10828,20191113

TA-GD-00006,instance1,CZCE TA TA001,20191112,21:19:04,0,1316157,-1,1,4698.00000,4698.00000,0.00000,       10917,20191113

MA-GD-00006,instance1,CZCE MA MA001,20191112,21:19:08,0,1316212,-1,-1,1967.00000,1967.00000,0.00000,       10940,20191113

MA-GD-00006,instance1,CZCE MA MA001,20191112,21:19:08,0,1316214,-1,-1,1967.00000,1967.00000,0.00000,       10941,20191113

MA-GD-00006,instance1,CZCE MA MA001,20191112,21:19:09,0,1316220,-1,-1,1967.00000,1967.00000,0.00000,       10942,20191113

MA-GD-00006,instance1,CZCE MA MA001,20191112,21:19:14,0,1316296,-1,-1,1967.00000,1967.00000,0.00000,       10952,20191113

rb-GD-00006,instance1,SHFE rb rb2001,20191112,21:19:26,0,1335695,-1,-1,3441.00000,3441.00000,0.00000,       10976,20191113

TA-GD-00006,instance1,CZCE TA TA001,20191112,21:20:12,0,1316938,-1,-1,4698.00000,4698.00000,0.00000,       11247,20191113

rb-GD-00006,instance1,SHFE rb rb2001,20191112,21:20:21,0,1336888,-1,1,3442.00000,3442.00000,0.00000,       11309,20191113

rb-GD-00006,instance1,SHFE rb rb2001,20191112,21:22:26,0,1339792,-1,-1,3442.00000,3442.00000,0.00000,       11996,20191113

TA-GD-00006,instance1,CZCE TA TA001,20191112,21:22:29,0,1318253,-1,1,4704.00000,4704.00000,0.00000,       12014,20191113

TA-GD-00006,instance1,CZCE TA TA001,20191112,21:22:39,0,1318386,-1,1,4704.00000,4704.00000,0.00000,       12074,20191113

MA-GD-00006,instance1,CZCE MA MA001,20191112,21:22:46,0,1318542,-1,1,1969.00000,1969.00000,0.00000,       12108,20191113

TA-GD-00006,instance1,CZCE TA TA001,20191112,21:23:07,0,1318808,-1,1,4704.00000,4704.00000,0.00000,       12215,20191113

rb-GD-00006,instance1,SHFE rb rb2001,20191112,21:23:43,0,1341230,-1,1,3442.00000,3442.00000,0.00000,       12414,20191113

rb-GD-00006,instance1,SHFE rb rb2001,20191112,21:24:49,0,1342562,-1,-1,3441.00000,3441.00000,0.00000,       12781,20191113

rb-GD-00006,instance1,SHFE rb rb2001,20191112,21:25:12,0,1342967,-1,-1,3441.00000,3441.00000,0.00000,       12927,20191113

rb-GD-00006,instance1,SHFE rb rb2001,20191112,21:27:00,0,1344700,-1,1,3444.00000,3444.00000,0.00000,       13373,20191113

TA-GD-00006,instance1,CZCE TA TA001,20191112,21:28:03,0,1321802,-1,-1,4700.00000,4700.00000,0.00000,       13723,20191113

MA-GD-00006,instance1,CZCE MA MA001,20191112,21:28:21,0,1321998,-1,-1,1969.00000,1969.00000,0.00000,       13758,20191113

TA-GD-00006,instance1,CZCE TA TA001,20191112,21:28:47,0,1322237,-1,1,4702.00000,4702.00000,0.00000,       13897,20191113

rb-GD-00006,instance1,SHFE rb rb2001,20191112,21:29:43,0,1347813,-1,1,3444.00000,3444.00000,0.00000,       14176,20191113

rb-GD-00006,instance1,SHFE rb rb2001,20191112,21:30:22,0,1348730,-1,-1,3443.00000,3443.00000,0.00000,       14456,20191113

MA-GD-00006,instance1,CZCE MA MA001,20191112,21:30:44,0,1322967,-1,1,1970.00000,1970.00000,0.00000,       14514,20191113

TA-GD-00006,instance1,CZCE TA TA001,20191112,21:32:18,0,1323543,-1,-1,4700.00000,4700.00000,0.00000,       14960,20191113

rb-GD-00006,instance1,SHFE rb rb2001,20191112,21:33:12,0,1351950,-1,1,3443.00000,3443.00000,0.00000,       15266,20191113

MA-GD-00006,instance1,CZCE MA MA001,20191112,21:33:23,0,1323994,-1,1,1973.00000,1973.00000,0.00000,       15307,20191113

TA-GD-00006,instance1,CZCE TA TA001,20191112,21:33:58,0,1324261,-1,1,4704.00000,4704.00000,0.00000,       15401,20191113

rb-GD-00006,instance1,SHFE rb rb2001,20191112,21:34:19,0,1353188,-1,-1,3443.00000,3443.00000,0.00000,       15493,20191113

MA-GD-00006,instance1,CZCE MA MA001,20191112,21:35:30,0,1324879,-1,1,1973.00000,1973.00000,0.00000,       15819,20191113

rb-GD-00006,instance1,SHFE rb rb2001,20191112,21:37:08,0,1356424,-1,1,3444.00000,3444.00000,0.00000,       16298,20191113

TA-GD-00006,instance1,CZCE TA TA001,20191112,21:37:26,0,1325782,-1,-1,4704.00000,4704.00000,0.00000,       16375,20191113

rb-GD-00006,instance1,SHFE rb rb2001,20191112,21:38:47,0,1358923,-1,-1,3439.00000,3439.00000,0.00000,       16839,20191113

MA-GD-00006,instance1,CZCE MA MA001,20191112,21:38:57,0,1326265,-1,1,1973.00000,1973.00000,0.00000,       16869,20191113

rb-GD-00006,instance1,SHFE rb rb2001,20191112,21:39:01,0,1359151,-1,-1,3440.00000,3440.00000,0.00000,       16899,20191113

TA-GD-00006,instance1,CZCE TA TA001,20191112,21:39:17,0,1326430,-1,1,4708.00000,4708.00000,0.00000,       16949,20191113

TA-GD-00006,instance1,CZCE TA TA001,20191112,21:39:22,0,1326474,-1,1,4708.00000,4708.00000,0.00000,       16966,20191113

TA-GD-00006,instance1,CZCE TA TA001,20191112,21:39:23,0,1326478,-1,1,4708.00000,4708.00000,0.00000,       16967,20191113

rb-GD-00006,instance1,SHFE rb rb2001,20191112,21:39:45,0,1360099,-1,-1,3438.00000,3438.00000,0.00000,       17090,20191113

rb-GD-00006,instance1,SHFE rb rb2001,20191112,21:40:04,0,1360626,-1,-1,3439.00000,3439.00000,0.00000,       17221,20191113

rb-GD-00006,instance1,SHFE rb rb2001,20191112,21:40:19,0,1360942,-1,-1,3439.00000,3439.00000,0.00000,       17241,20191113

TA-GD-00006,instance1,CZCE TA TA001,20191112,21:40:46,0,1326946,-1,1,4712.00000,4712.00000,0.00000,       17340,20191113

rb-GD-00006,instance1,SHFE rb rb2001,20191112,21:41:18,0,1362298,-1,1,3439.00000,3439.00000,0.00000,       17487,20191113

TA-GD-00006,instance1,CZCE TA TA001,20191112,21:41:21,0,1327217,-1,1,4710.00000,4710.00000,0.00000,       17498,20191113

MA-GD-00006,instance1,CZCE MA MA001,20191112,21:41:33,0,1327328,-1,-1,1973.00000,1973.00000,0.00000,       17521,20191113

rb-GD-00006,instance1,SHFE rb rb2001,20191112,21:42:03,0,1363120,-1,-1,3438.00000,3438.00000,0.00000,       17624,20191113

TA-GD-00006,instance1,CZCE TA TA001,20191112,21:43:27,0,1328414,-1,-1,4708.00000,4708.00000,0.00000,       17874,20191113

TA-GD-00006,instance1,CZCE TA TA001,20191112,21:43:42,0,1328615,-1,-1,4708.00000,4708.00000,0.00000,       17991,20191113

TA-GD-00006,instance1,CZCE TA TA001,20191112,21:43:48,0,1328702,-1,1,4708.00000,4708.00000,0.00000,       18024,20191113

rb-GD-00006,instance1,SHFE rb rb2001,20191112,21:44:35,0,1365698,-1,1,3438.00000,3438.00000,0.00000,       18214,20191113

MA-GD-00006,instance1,CZCE MA MA001,20191112,21:45:18,0,1329881,-1,-1,1972.00000,1972.00000,0.00000,       18415,20191113

rb-GD-00006,instance1,SHFE rb rb2001,20191112,21:46:04,0,1368590,-1,-1,3438.00000,3438.00000,0.00000,       18738,20191113

TA-GD-00006,instance1,CZCE TA TA001,20191112,21:46:56,0,1331116,-1,1,4708.00000,4708.00000,0.00000,       19021,20191113

rb-GD-00006,instance1,SHFE rb rb2001,20191112,21:47:02,0,1369991,-1,1,3439.00000,3439.00000,0.00000,       19065,20191113

TA-GD-00006,instance1,CZCE TA TA001,20191112,21:47:55,0,1331733,-1,-1,4708.00000,4708.00000,0.00000,       19296,20191113

MA-GD-00006,instance1,CZCE MA MA001,20191112,21:48:20,0,1332037,-1,1,1976.00000,1976.00000,0.00000,       19422,20191113

TA-GD-00006,instance1,CZCE TA TA001,20191112,21:48:24,0,1332112,-1,1,4708.00000,4708.00000,0.00000,       19453,20191113

TA-GD-00006,instance1,CZCE TA TA001,20191112,21:49:45,0,1332980,-1,-1,4706.00000,4706.00000,0.00000,       19869,20191113

MA-GD-00006,instance1,CZCE MA MA001,20191112,21:50:35,0,1333730,-1,-1,1974.00000,1974.00000,0.00000,       20129,20191113

rb-GD-00006,instance1,SHFE rb rb2001,20191112,21:51:57,0,1376618,-1,1,3439.00000,3439.00000,0.00000,       20458,20191113

rb-GD-00006,instance1,SHFE rb rb2001,20191112,21:52:45,0,1377467,-1,-1,3439.00000,3439.00000,0.00000,       20673,20191113

TA-GD-00006,instance1,CZCE TA TA001,20191112,21:54:47,0,1337071,-1,-1,4702.00000,4702.00000,0.00000,       21052,20191113

TA-GD-00006,instance1,CZCE TA TA001,20191112,21:55:31,0,1337466,-1,-1,4704.00000,4704.00000,0.00000,       21179,20191113

rb-GD-00006,instance1,SHFE rb rb2001,20191112,21:55:47,0,1380405,-1,1,3442.00000,3442.00000,0.00000,       21263,20191113

TA-GD-00006,instance1,CZCE TA TA001,20191112,21:56:03,0,1337777,-1,1,4704.00000,4704.00000,0.00000,       21368,20191113

TA-GD-00006,instance1,CZCE TA TA001,20191112,21:56:04,0,1337785,-1,1,4704.00000,4704.00000,0.00000,       21373,20191113

TA-GD-00006,instance1,CZCE TA TA001,20191112,21:56:08,0,1337821,-1,1,4704.00000,4704.00000,0.00000,       21379,20191113

TA-GD-00006,instance1,CZCE TA TA001,20191112,21:56:12,0,1337867,-1,1,4704.00000,4704.00000,0.00000,       21390,20191113

MA-GD-00006,instance1,CZCE MA MA001,20191112,21:56:19,0,1337954,-1,1,1974.00000,1974.00000,0.00000,       21432,20191113

TA-GD-00006,instance1,CZCE TA TA001,20191112,21:56:33,0,1338128,-1,1,4704.00000,4704.00000,0.00000,       21501,20191113

MA-GD-00006,instance1,CZCE MA MA001,20191112,21:56:54,0,1338369,-1,1,1974.00000,1974.00000,0.00000,       21608,20191113

rb-GD-00006,instance1,SHFE rb rb2001,20191112,21:57:14,0,1382255,-1,-1,3442.00000,3442.00000,0.00000,       21719,20191113

rb-GD-00006,instance1,SHFE rb rb2001,20191112,21:57:16,0,1382329,-1,-1,3442.00000,3442.00000,0.00000,       21732,20191113

rb-GD-00006,instance1,SHFE rb rb2001,20191112,21:57:16,0,1382341,-1,-1,3442.00000,3442.00000,0.00000,       21734,20191113

rb-GD-00006,instance1,SHFE rb rb2001,20191112,21:57:32,0,1382622,-1,-1,3442.00000,3442.00000,0.00000,       21783,20191113

rb-GD-00006,instance1,SHFE rb rb2001,20191112,21:58:01,0,1383348,-1,-1,3443.00000,3443.00000,0.00000,       21956,20191113

MA-GD-00006,instance1,CZCE MA MA001,20191112,21:58:25,0,1339311,-1,1,1973.00000,1973.00000,0.00000,       22075,20191113

rb-GD-00006,instance1,SHFE rb rb2001,20191112,21:58:44,0,1384092,-1,1,3443.00000,3443.00000,0.00000,       22155,20191113

rb-GD-00006,instance1,SHFE rb rb2001,20191112,22:00:05,0,1385519,-1,-1,3442.00000,3442.00000,0.00000,       22496,20191113

TA-GD-00006,instance1,CZCE TA TA001,20191112,22:00:17,0,1340870,-1,-1,4702.00000,4702.00000,0.00000,       22591,20191113

TA-GD-00006,instance1,CZCE TA TA001,20191112,22:00:46,0,1341240,-1,-1,4702.00000,4702.00000,0.00000,       22747,20191113

MA-GD-00006,instance1,CZCE MA MA001,20191112,22:04:29,0,1343605,-1,1,1975.00000,1975.00000,0.00000,       23653,20191113

MA-GD-00006,instance1,CZCE MA MA001,20191112,22:04:34,0,1343664,-1,1,1975.00000,1975.00000,0.00000,       23664,20191113

TA-GD-00006,instance1,CZCE TA TA001,20191112,22:04:37,0,1343687,-1,1,4704.00000,4704.00000,0.00000,       23689,20191113

TA-GD-00006,instance1,CZCE TA TA001,20191112,22:05:48,0,1344444,-1,-1,4702.00000,4702.00000,0.00000,       24068,20191113

MA-GD-00006,instance1,CZCE MA MA001,20191112,22:06:43,0,1345110,-1,-1,1974.00000,1974.00000,0.00000,       24264,20191113

TA-GD-00006,instance1,CZCE TA TA001,20191112,22:09:22,0,1346648,-1,1,4708.00000,4708.00000,0.00000,       24752,20191113

rb-GD-00006,instance1,SHFE rb rb2001,20191112,22:10:03,0,1395988,-1,-1,3442.00000,3442.00000,0.00000,       24865,20191113

MA-GD-00006,instance1,CZCE MA MA001,20191112,22:10:46,0,1347547,-1,1,1976.00000,1976.00000,0.00000,       25013,20191113

rb-GD-00006,instance1,SHFE rb rb2001,20191112,22:10:54,0,1396773,-1,1,3443.00000,3443.00000,0.00000,       25037,20191113

rb-GD-00006,instance1,SHFE rb rb2001,20191112,22:11:06,0,1397107,-1,1,3443.00000,3443.00000,0.00000,       25136,20191113

TA-GD-00006,instance1,CZCE TA TA001,20191112,22:11:21,0,1347832,-1,-1,4708.00000,4708.00000,0.00000,       25201,20191113

rb-GD-00006,instance1,SHFE rb rb2001,20191112,22:11:27,0,1397476,-1,1,3442.00000,3442.00000,0.00000,       25210,20191113

rb-GD-00006,instance1,SHFE rb rb2001,20191112,22:12:04,0,1397963,-1,-1,3442.00000,3442.00000,0.00000,       25307,20191113

MA-GD-00006,instance1,CZCE MA MA001,20191112,22:12:45,0,1348509,-1,-1,1975.00000,1975.00000,0.00000,       25372,20191113

rb-GD-00006,instance1,SHFE rb rb2001,20191112,22:14:02,0,1399704,-1,1,3444.00000,3444.00000,0.00000,       25623,20191113

rb-GD-00006,instance1,SHFE rb rb2001,20191112,22:14:38,0,13100247,-1,1,3446.00000,3446.00000,0.00000,       25688,20191113

rb-GD-00006,instance1,SHFE rb rb2001,20191112,22:14:38,0,13100259,-1,1,3446.00000,3446.00000,0.00000,       25689,20191113

TA-GD-00006,instance1,CZCE TA TA001,20191112,22:14:39,0,1349217,-1,-1,4706.00000,4706.00000,0.00000,       25690,20191113

rb-GD-00006,instance1,SHFE rb rb2001,20191112,22:14:50,0,13100356,-1,1,3446.00000,3446.00000,0.00000,       25748,20191113

MA-GD-00006,instance1,CZCE MA MA001,20191112,22:15:18,0,1349666,-1,1,1975.00000,1975.00000,0.00000,       25883,20191113

MA-GD-00006,instance1,CZCE MA MA001,20191112,22:17:32,0,1351226,-1,-1,1972.00000,1972.00000,0.00000,       26394,20191113

rb-GD-00006,instance1,SHFE rb rb2001,20191112,22:18:35,0,13104093,-1,-1,3446.00000,3446.00000,0.00000,       26657,20191113

rb-GD-00006,instance1,SHFE rb rb2001,20191112,22:19:02,0,13104364,-1,1,3446.00000,3446.00000,0.00000,       26758,20191113

rb-GD-00006,instance1,SHFE rb rb2001,20191112,22:19:10,0,13104493,-1,1,3446.00000,3446.00000,0.00000,       26793,20191113

TA-GD-00006,instance1,CZCE TA TA001,20191112,22:19:27,0,1352803,-1,-1,4700.00000,4700.00000,0.00000,       26827,20191113

TA-GD-00006,instance1,CZCE TA TA001,20191112,22:20:10,0,1353117,-1,1,4700.00000,4700.00000,0.00000,       27014,20191113

rb-GD-00006,instance1,SHFE rb rb2001,20191112,22:20:34,0,13105768,-1,1,3446.00000,3446.00000,0.00000,       27082,20191113

rb-GD-00006,instance1,SHFE rb rb2001,20191112,22:21:25,0,13106311,-1,-1,3446.00000,3446.00000,0.00000,       27237,20191113

MA-GD-00006,instance1,CZCE MA MA001,20191112,22:21:27,0,1353913,-1,-1,1972.00000,1972.00000,0.00000,       27243,20191113

TA-GD-00006,instance1,CZCE TA TA001,20191112,22:22:16,0,1354246,-1,-1,4698.00000,4698.00000,0.00000,       27464,20191113

rb-GD-00006,instance1,SHFE rb rb2001,20191112,22:22:43,0,13107450,-1,1,3447.00000,3447.00000,0.00000,       27498,20191113

TA-GD-00006,instance1,TA001,20191112S,22:25:40,-1,-1,-1,0,-1.00000,-1.00000,0.00000,0000,20191113

MA-GD-00006,instance1,MA001,20191112S,22:25:49,-1,-1,-1,0,-1.00000,-1.00000,0.00000,0000,20191113

rb-GD-00006,instance1,rb2001,20191112S,22:25:57,-1,-1,-1,0,-1.00000,-1.00000,0.00000,0000,20191113

TA-GD-00006,instance1,CZCE TA TA001,20191112,22:27:50,0,1357447,-1,-1,4696.00000,4696.00000,0.00000,       28574,20191113

MA-GD-00006,instance1,CZCE MA MA001,20191112,22:29:23,0,1359200,-1,-1,1968.00000,1968.00000,0.00000,       28919,20191113

rb-GD-00006,instance1,SHFE rb rb2001,20191112,22:30:03,0,13112388,-1,1,3445.00000,3445.00000,0.00000,       29158,20191113

rb-GD-00006,instance1,rb2001,20191112S,22:46:02,-1,-1,-1,0,-1.00000,-1.00000,0.00000,0000,20191113

TA-GD-00006,instance1,TA001,20191112S,22:58:07,-1,-1,-1,0,-1.00000,-1.00000,0.00000,0000,20191113

TA-GD-00006,instance1,CZCE TA TA001,20191112,23:08:13,0,1382937,-1,1,4704.00000,4704.00000,0.00000,       37691,20191113

