rb-GD-00006,instance1,SHFE rb rb2001,20191105,09:00:01,1,569756,595254,-1,3376.00000,3374.00000,0.00000,       40599,20191105

rb-GD-00006,instance1,SHFE rb rb2001,20191105,09:00:36,0,596110,-1,1,3373.00000,3373.00000,0.00000,       41289,20191105

TA-GD-00006,instance1,CZCE TA TA001,20191105,09:00:42,0,546998,-1,1,4840.00000,4840.00000,0.00000,       41339,20191105

MA-GD-00006,instance1,CZCE MA MA001,20191105,09:00:44,0,547016,-1,1,2101.00000,2101.00000,0.00000,       41358,20191105

MA-GD-00006,instance1,CZCE MA MA001,20191105,09:00:47,1,547016,547044,-1,2102.00000,2100.00000,0.00000,       41387,20191105

TA-GD-00006,instance1,CZCE TA TA001,20191105,09:00:57,1,546998,547155,-1,4842.00000,4836.00000,0.00000,       41483,20191105

rb-GD-00006,instance1,SHFE rb rb2001,20191105,09:01:01,1,596110,596502,-1,3374.00000,3374.00000,0.00000,       41609,20191105

MA-GD-00006,instance1,CZCE MA MA001,20191105,09:01:15,0,547356,-1,1,2099.00000,2099.00000,0.00000,       41780,20191105

MA-GD-00006,instance1,CZCE MA MA001,20191105,09:01:28,1,547356,547572,-1,2100.00000,2100.00000,0.00000,       41985,20191105

MA-GD-00006,instance1,CZCE MA MA001,20191105,09:01:39,0,547640,-1,1,2099.00000,2099.00000,0.00000,       42052,20191105

MA-GD-00006,instance1,CZCE MA MA001,20191105,09:02:03,1,547640,547771,-1,2100.00000,2097.00000,0.00000,       42178,20191105

TA-GD-00006,instance1,CZCE TA TA001,20191105,09:02:13,0,547867,-1,1,4826.00000,4826.00000,0.00000,       42266,20191105

rb-GD-00006,instance1,SHFE rb rb2001,20191105,09:02:22,0,597543,-1,-1,3374.00000,3374.00000,0.00000,       42346,20191105

rb-GD-00006,instance1,SHFE rb rb2001,20191105,09:02:36,1,597543,597653,1,3373.00000,3375.00000,0.00000,       42413,20191105

TA-GD-00006,instance1,CZCE TA TA001,20191105,09:02:42,1,547867,548053,-1,4828.00000,4830.00000,0.00000,       42445,20191105

MA-GD-00006,instance1,CZCE MA MA001,20191105,09:03:11,0,548176,-1,1,2098.00000,2098.00000,0.00000,       42637,20191105

MA-GD-00006,instance1,CZCE MA MA001,20191105,09:04:15,1,548176,548625,-1,2099.00000,2098.00000,0.00000,       43079,20191105

MA-GD-00006,instance1,CZCE MA MA001,20191105,09:05:08,0,549057,-1,-1,2100.00000,2100.00000,0.00000,       43466,20191105

MA-GD-00006,instance1,CZCE MA MA001,20191105,09:05:43,1,549057,549277,1,2099.00000,2101.00000,0.00000,       43760,20191105

MA-GD-00006,instance1,CZCE MA MA001,20191105,09:06:15,0,549434,-1,-1,2101.00000,2101.00000,0.00000,       43946,20191105

rb-GD-00006,instance1,SHFE rb rb2001,20191105,09:07:45,0,5100799,-1,-1,3375.00000,3375.00000,0.00000,       44494,20191105

TA-GD-00006,instance1,CZCE TA TA001,20191105,09:07:48,0,549862,-1,-1,4832.00000,4832.00000,0.00000,       44508,20191105

rb-GD-00006,instance1,SHFE rb rb2001,20191105,09:07:58,1,5100799,5100911,1,3374.00000,3376.00000,0.00000,       44570,20191105

MA-GD-00006,instance1,CZCE MA MA001,20191105,09:08:02,1,549434,549912,1,2100.00000,2100.00000,0.00000,       44624,20191105

TA-GD-00006,instance1,CZCE TA TA001,20191105,09:08:22,1,549862,550030,1,4830.00000,4834.00000,0.00000,       44763,20191105

rb-GD-00006,instance1,SHFE rb rb2001,20191105,09:12:04,0,5105849,-1,1,3373.00000,3373.00000,0.00000,       46333,20191105

rb-GD-00006,instance1,SHFE rb rb2001,20191105,09:12:53,1,5105849,5106403,-1,3374.00000,3372.00000,0.00000,       46671,20191105

MA-GD-00006,instance1,CZCE MA MA001,20191105,09:13:38,0,551430,-1,1,2100.00000,2100.00000,0.00000,       46887,20191105

TA-GD-00006,instance1,CZCE TA TA001,20191105,09:14:00,0,551535,-1,-1,4836.00000,4836.00000,0.00000,       47014,20191105

MA-GD-00006,instance1,CZCE MA MA001,20191105,09:14:10,1,551430,551579,-1,2101.00000,2101.00000,0.00000,       47075,20191105

rb-GD-00006,instance1,SHFE rb rb2001,20191105,09:15:02,0,5107512,-1,1,3371.00000,3371.00000,0.00000,       47502,20191105

rb-GD-00006,instance1,SHFE rb rb2001,20191105,09:15:17,1,5107512,5107961,-1,3372.00000,3372.00000,0.00000,       47639,20191105

TA-GD-00006,instance1,CZCE TA TA001,20191105,09:16:55,1,551535,552153,1,4834.00000,4834.00000,0.00000,       48169,20191105

rb-GD-00006,instance1,SHFE rb rb2001,20191105,09:17:56,0,5109966,-1,-1,3374.00000,3374.00000,0.00000,       48440,20191105

rb-GD-00006,instance1,SHFE rb rb2001,20191105,09:19:05,1,5109966,5110765,1,3373.00000,3375.00000,0.00000,       48836,20191105

TA-GD-00006,instance1,CZCE TA TA001,20191105,09:19:07,0,552732,-1,1,4832.00000,4832.00000,0.00000,       48868,20191105

rb-GD-00006,instance1,SHFE rb rb2001,20191105,09:19:40,0,5111319,-1,-1,3376.00000,3376.00000,0.00000,       49117,20191105

rb-GD-00006,instance1,SHFE rb rb2001,20191105,09:21:05,1,5111319,5111857,1,3375.00000,3377.00000,0.00000,       49534,20191105

TA-GD-00006,instance1,CZCE TA TA001,20191105,09:24:23,1,552732,554088,-1,4834.00000,4834.00000,0.00000,       50757,20191105

MA-GD-00006,instance1,CZCE MA MA001,20191105,09:24:33,0,554164,-1,-1,2103.00000,2103.00000,0.00000,       50866,20191105

MA-GD-00006,instance1,CZCE MA MA001,20191105,09:25:01,1,554164,554343,1,2102.00000,2105.00000,0.00000,       51168,20191105

rb-GD-00006,instance1,SHFE rb rb2001,20191105,09:25:14,0,5113877,-1,-1,3379.00000,3379.00000,0.00000,       51307,20191105

rb-GD-00006,instance1,SHFE rb rb2001,20191105,09:25:20,1,5113877,5113933,1,3378.00000,3381.00000,0.00000,       51355,20191105

TA-GD-00006,instance1,CZCE TA TA001,20191105,09:25:42,0,554566,-1,-1,4836.00000,4836.00000,0.00000,       51453,20191105

MA-GD-00006,instance1,CZCE MA MA001,20191105,09:26:59,0,554883,-1,-1,2105.00000,2105.00000,0.00000,       51810,20191105

MA-GD-00006,instance1,CZCE MA MA001,20191105,09:27:17,1,554883,554941,1,2104.00000,2106.00000,0.00000,       51915,20191105

MA-GD-00006,instance1,CZCE MA MA001,20191105,09:27:49,0,555126,-1,-1,2108.00000,2108.00000,0.00000,       52098,20191105

TA-GD-00006,instance1,CZCE TA TA001,20191105,09:27:51,1,554566,555165,1,4834.00000,4838.00000,0.00000,       52119,20191105

MA-GD-00006,instance1,CZCE MA MA001,20191105,09:27:52,1,555126,555178,1,2107.00000,2109.00000,0.00000,       52127,20191105

MA-GD-00006,instance1,CZCE MA MA001,20191105,09:27:52,0,555195,-1,-1,2109.00000,2109.00000,0.00000,       52132,20191105

MA-GD-00006,instance1,CZCE MA MA001,20191105,09:28:01,1,555195,555305,1,2108.00000,2110.00000,0.00000,       52465,20191105

MA-GD-00006,instance1,CZCE MA MA001,20191105,09:28:17,0,555446,-1,-1,2111.00000,2111.00000,0.00000,       52826,20191105

rb-GD-00006,instance1,SHFE rb rb2001,20191105,09:28:31,0,5115640,-1,-1,3381.00000,3381.00000,0.00000,       52926,20191105

MA-GD-00006,instance1,CZCE MA MA001,20191105,09:28:46,1,555446,555560,1,2110.00000,2110.00000,0.00000,       53005,20191105

MA-GD-00006,instance1,CZCE MA MA001,20191105,09:28:51,0,555578,-1,-1,2110.00000,2110.00000,0.00000,       53023,20191105

TA-GD-00006,instance1,CZCE TA TA001,20191105,09:28:55,0,555609,-1,-1,4846.00000,4846.00000,0.00000,       53056,20191105

MA-GD-00006,instance1,CZCE MA MA001,20191105,09:29:13,1,555578,555778,1,2109.00000,2111.00000,0.00000,       53206,20191105

TA-GD-00006,instance1,CZCE TA TA001,20191105,09:29:13,1,555609,555780,1,4844.00000,4848.00000,0.00000,       53207,20191105

MA-GD-00006,instance1,CZCE MA MA001,20191105,09:29:26,0,555880,-1,-1,2113.00000,2113.00000,0.00000,       53331,20191105

MA-GD-00006,instance1,CZCE MA MA001,20191105,09:29:28,1,555880,555897,1,2112.00000,2114.00000,0.00000,       53349,20191105

rb-GD-00006,instance1,SHFE rb rb2001,20191105,09:29:29,1,5115640,5116538,1,3380.00000,3380.00000,0.00000,       53356,20191105

MA-GD-00006,instance1,CZCE MA MA001,20191105,09:29:30,0,555909,-1,-1,2116.00000,2116.00000,0.00000,       53365,20191105

TA-GD-00006,instance1,CZCE TA TA001,20191105,09:29:30,0,555919,-1,-1,4848.00000,4848.00000,0.00000,       53368,20191105

MA-GD-00006,instance1,CZCE MA MA001,20191105,09:29:31,1,555909,555949,1,2115.00000,2116.00000,0.00000,       53384,20191105

MA-GD-00006,instance1,CZCE MA MA001,20191105,09:29:34,0,555959,-1,-1,2116.00000,2116.00000,0.00000,       53396,20191105

MA-GD-00006,instance1,CZCE MA MA001,20191105,09:29:47,1,555959,556053,1,2115.00000,2115.00000,0.00000,       53472,20191105

MA-GD-00006,instance1,CZCE MA MA001,20191105,09:29:48,0,556079,-1,-1,2115.00000,2115.00000,0.00000,       53485,20191105

MA-GD-00006,instance1,CZCE MA MA001,20191105,09:29:52,1,556079,556103,1,2114.00000,2116.00000,0.00000,       53508,20191105

MA-GD-00006,instance1,CZCE MA MA001,20191105,09:29:53,0,556108,-1,-1,2117.00000,2117.00000,0.00000,       53518,20191105

MA-GD-00006,instance1,CZCE MA MA001,20191105,09:29:57,1,556108,556160,1,2116.00000,2119.00000,0.00000,       53558,20191105

MA-GD-00006,instance1,CZCE MA MA001,20191105,09:29:59,0,556220,-1,-1,2119.00000,2119.00000,0.00000,       53632,20191105

MA-GD-00006,instance1,CZCE MA MA001,20191105,09:30:00,1,556220,556231,1,2118.00000,2120.00000,0.00000,       53662,20191105

MA-GD-00006,instance1,CZCE MA MA001,20191105,09:30:02,0,556347,-1,-1,2121.00000,2121.00000,0.00000,       53795,20191105

MA-GD-00006,instance1,CZCE MA MA001,20191105,09:30:04,1,556347,556436,1,2120.00000,2122.00000,0.00000,       53865,20191105

MA-GD-00006,instance1,CZCE MA MA001,20191105,09:30:05,0,556464,-1,-1,2122.00000,2122.00000,0.00000,       53887,20191105

MA-GD-00006,instance1,CZCE MA MA001,20191105,09:30:24,1,556464,556598,1,2121.00000,2123.00000,0.00000,       54141,20191105

MA-GD-00006,instance1,CZCE MA MA001,20191105,09:30:26,0,556612,-1,-1,2124.00000,2124.00000,0.00000,       54154,20191105

MA-GD-00006,instance1,CZCE MA MA001,20191105,09:30:31,1,556612,556658,1,2123.00000,2125.00000,0.00000,       54189,20191105

MA-GD-00006,instance1,CZCE MA MA001,20191105,09:30:31,0,556667,-1,-1,2125.00000,2125.00000,0.00000,       54192,20191105

MA-GD-00006,instance1,CZCE MA MA001,20191105,09:30:35,1,556667,556694,1,2124.00000,2124.00000,0.00000,       54226,20191105

MA-GD-00006,instance1,CZCE MA MA001,20191105,09:30:41,0,556734,-1,-1,2124.00000,2124.00000,0.00000,       54281,20191105

TA-GD-00006,instance1,CZCE TA TA001,20191105,09:30:58,1,555919,556821,1,4846.00000,4850.00000,0.00000,       54404,20191105

MA-GD-00006,instance1,CZCE MA MA001,20191105,09:31:13,1,556734,556925,1,2123.00000,2122.00000,0.00000,       54550,20191105

rb-GD-00006,instance1,SHFE rb rb2001,20191105,09:31:15,0,5118291,-1,-1,3382.00000,3382.00000,0.00000,       54573,20191105

rb-GD-00006,instance1,SHFE rb rb2001,20191105,09:31:29,1,5118291,5118660,1,3381.00000,3383.00000,0.00000,       54709,20191105

rb-GD-00006,instance1,SHFE rb rb2001,20191105,09:31:30,0,5118686,-1,-1,3383.00000,3383.00000,0.00000,       54719,20191105

TA-GD-00006,instance1,CZCE TA TA001,20191105,09:31:59,0,557274,-1,-1,4852.00000,4852.00000,0.00000,       55221,20191105

TA-GD-00006,instance1,CZCE TA TA001,20191105,09:32:07,1,557274,557322,1,4850.00000,4856.00000,0.00000,       55305,20191105

TA-GD-00006,instance1,CZCE TA TA001,20191105,09:32:11,0,557340,-1,-1,4856.00000,4856.00000,0.00000,       55329,20191105

TA-GD-00006,instance1,CZCE TA TA001,20191105,09:32:13,1,557340,557377,1,4854.00000,4858.00000,0.00000,       55354,20191105

TA-GD-00006,instance1,CZCE TA TA001,20191105,09:32:16,0,557398,-1,-1,4860.00000,4860.00000,0.00000,       55379,20191105

TA-GD-00006,instance1,CZCE TA TA001,20191105,09:32:20,1,557398,557445,1,4858.00000,4862.00000,0.00000,       55430,20191105

TA-GD-00006,instance1,CZCE TA TA001,20191105,09:32:21,0,557447,-1,-1,4862.00000,4862.00000,0.00000,       55434,20191105

TA-GD-00006,instance1,CZCE TA TA001,20191105,09:32:23,1,557447,557452,1,4860.00000,4860.00000,0.00000,       55446,20191105

MA-GD-00006,instance1,CZCE MA MA001,20191105,09:35:24,0,558942,-1,1,2120.00000,2120.00000,0.00000,       56913,20191105

TA-GD-00006,instance1,CZCE TA TA001,20191105,09:35:48,0,559009,-1,1,4852.00000,4852.00000,0.00000,       57046,20191105

MA-GD-00006,instance1,CZCE MA MA001,20191105,09:35:55,1,558942,559063,-1,2121.00000,2119.00000,0.00000,       57097,20191105

TA-GD-00006,instance1,CZCE TA TA001,20191105,09:36:51,1,559009,559436,-1,4854.00000,4848.00000,0.00000,       57507,20191105

MA-GD-00006,instance1,CZCE MA MA001,20191105,09:36:55,0,559480,-1,1,2118.00000,2118.00000,0.00000,       57564,20191105

MA-GD-00006,instance1,CZCE MA MA001,20191105,09:37:37,1,559480,559625,-1,2119.00000,2119.00000,0.00000,       57819,20191105

TA-GD-00006,instance1,CZCE TA TA001,20191105,09:37:37,0,559629,-1,1,4850.00000,4850.00000,0.00000,       57820,20191105

MA-GD-00006,instance1,CZCE MA MA001,20191105,09:39:05,0,560105,-1,1,2116.00000,2116.00000,0.00000,       58519,20191105

MA-GD-00006,instance1,CZCE MA MA001,20191105,09:39:45,1,560105,560331,-1,2117.00000,2117.00000,0.00000,       58836,20191105

MA-GD-00006,instance1,CZCE MA MA001,20191105,09:41:21,0,560710,-1,-1,2118.00000,2118.00000,0.00000,       59617,20191105

MA-GD-00006,instance1,CZCE MA MA001,20191105,09:41:31,1,560710,560752,1,2117.00000,2120.00000,0.00000,       59672,20191105

MA-GD-00006,instance1,CZCE MA MA001,20191105,09:42:20,0,561037,-1,-1,2119.00000,2119.00000,0.00000,       60135,20191105

MA-GD-00006,instance1,CZCE MA MA001,20191105,09:44:23,1,561037,561676,1,2118.00000,2119.00000,0.00000,       61048,20191105

rb-GD-00006,instance1,SHFE rb rb2001,20191105,09:44:52,1,5118686,5141954,1,3382.00000,3383.00000,0.00000,       61259,20191105

TA-GD-00006,instance1,CZCE TA TA001,20191105,09:45:02,1,559629,561870,-1,4852.00000,4852.00000,0.00000,       61402,20191105

rb-GD-00006,instance1,SHFE rb rb2001,20191105,09:45:12,0,5142524,-1,-1,3384.00000,3384.00000,0.00000,       61512,20191105

TA-GD-00006,instance1,CZCE TA TA001,20191105,09:46:00,0,562303,-1,-1,4854.00000,4854.00000,0.00000,       61952,20191105

rb-GD-00006,instance1,SHFE rb rb2001,20191105,09:46:06,1,5142524,5144073,1,3383.00000,3382.00000,0.00000,       62020,20191105

TA-GD-00006,instance1,CZCE TA TA001,20191105,09:46:11,1,562303,562395,1,4852.00000,4856.00000,0.00000,       62053,20191105

TA-GD-00006,instance1,CZCE TA TA001,20191105,09:46:56,0,562618,-1,-1,4856.00000,4856.00000,0.00000,       62359,20191105

TA-GD-00006,instance1,CZCE TA TA001,20191105,09:47:33,1,562618,562795,1,4854.00000,4854.00000,0.00000,       62592,20191105

rb-GD-00006,instance1,SHFE rb rb2001,20191105,09:47:33,0,5146213,-1,1,3381.00000,3381.00000,0.00000,       62595,20191105

TA-GD-00006,instance1,CZCE TA TA001,20191105,09:48:48,0,563173,-1,1,4850.00000,4850.00000,0.00000,       63205,20191105

TA-GD-00006,instance1,CZCE TA TA001,20191105,09:50:16,1,563173,563716,-1,4852.00000,4852.00000,0.00000,       64004,20191105

TA-GD-00006,instance1,CZCE TA TA001,20191105,09:51:48,0,564062,-1,-1,4854.00000,4854.00000,0.00000,       64649,20191105

TA-GD-00006,instance1,CZCE TA TA001,20191105,09:51:55,1,564062,564108,1,4852.00000,4856.00000,0.00000,       64692,20191105

TA-GD-00006,instance1,CZCE TA TA001,20191105,09:52:45,0,564543,-1,-1,4866.00000,4866.00000,0.00000,       65092,20191105

TA-GD-00006,instance1,CZCE TA TA001,20191105,09:52:49,1,564543,564570,1,4864.00000,4868.00000,0.00000,       65118,20191105

TA-GD-00006,instance1,CZCE TA TA001,20191105,09:52:54,0,564610,-1,-1,4870.00000,4870.00000,0.00000,       65170,20191105

TA-GD-00006,instance1,CZCE TA TA001,20191105,09:53:00,1,564610,564666,1,4868.00000,4872.00000,0.00000,       65248,20191105

TA-GD-00006,instance1,CZCE TA TA001,20191105,09:54:06,0,565279,-1,-1,4870.00000,4870.00000,0.00000,       65767,20191105

TA-GD-00006,instance1,CZCE TA TA001,20191105,09:54:12,1,565279,565338,1,4868.00000,4872.00000,0.00000,       65821,20191105

TA-GD-00006,instance1,CZCE TA TA001,20191105,09:54:14,0,565353,-1,-1,4874.00000,4874.00000,0.00000,       65841,20191105

TA-GD-00006,instance1,CZCE TA TA001,20191105,09:54:28,1,565353,565484,1,4872.00000,4876.00000,0.00000,       66017,20191105

MA-GD-00006,instance1,CZCE MA MA001,20191105,09:54:46,0,565792,-1,-1,2124.00000,2124.00000,0.00000,       66210,20191105

TA-GD-00006,instance1,CZCE TA TA001,20191105,09:54:52,0,565828,-1,-1,4878.00000,4878.00000,0.00000,       66265,20191105

TA-GD-00006,instance1,CZCE TA TA001,20191105,09:54:58,1,565828,565895,1,4876.00000,4880.00000,0.00000,       66320,20191105

TA-GD-00006,instance1,CZCE TA TA001,20191105,09:54:58,0,565915,-1,-1,4880.00000,4880.00000,0.00000,       66338,20191105

TA-GD-00006,instance1,CZCE TA TA001,20191105,09:55:01,1,565915,565966,1,4878.00000,4878.00000,0.00000,       66408,20191105

MA-GD-00006,instance1,CZCE MA MA001,20191105,09:55:11,1,565792,566032,1,2123.00000,2125.00000,0.00000,       66503,20191105

TA-GD-00006,instance1,CZCE TA TA001,20191105,09:55:41,0,566214,-1,-1,4874.00000,4874.00000,0.00000,       66938,20191105

TA-GD-00006,instance1,CZCE TA TA001,20191105,09:55:55,1,566214,566285,1,4872.00000,4876.00000,0.00000,       67024,20191105

MA-GD-00006,instance1,CZCE MA MA001,20191105,10:00:44,0,569376,-1,1,2119.00000,2119.00000,0.00000,       69811,20191105

MA-GD-00006,instance1,CZCE MA MA001,20191105,10:01:04,1,569376,569592,-1,2120.00000,2118.00000,0.00000,       69991,20191105

MA-GD-00006,instance1,CZCE MA MA001,20191105,10:01:09,0,569622,-1,1,2118.00000,2118.00000,0.00000,       70036,20191105

MA-GD-00006,instance1,CZCE MA MA001,20191105,10:01:37,1,569622,569819,-1,2119.00000,2116.00000,0.00000,       70203,20191105

MA-GD-00006,instance1,CZCE MA MA001,20191105,10:01:43,0,569859,-1,1,2116.00000,2116.00000,0.00000,       70246,20191105

MA-GD-00006,instance1,CZCE MA MA001,20191105,10:01:49,1,569859,569898,-1,2117.00000,2117.00000,0.00000,       70299,20191105

TA-GD-00006,instance1,CZCE TA TA001,20191105,10:01:53,0,569921,-1,1,4864.00000,4864.00000,0.00000,       70314,20191105

MA-GD-00006,instance1,CZCE MA MA001,20191105,10:01:53,0,569932,-1,1,2117.00000,2117.00000,0.00000,       70318,20191105

MA-GD-00006,instance1,CZCE MA MA001,20191105,10:02:14,1,569932,570118,-1,2118.00000,2115.00000,0.00000,       70518,20191105

TA-GD-00006,instance1,CZCE TA TA001,20191105,10:02:27,1,569921,570190,-1,4866.00000,4866.00000,0.00000,       70601,20191105

TA-GD-00006,instance1,CZCE TA TA001,20191105,10:08:44,0,572639,-1,-1,4872.00000,4872.00000,0.00000,       73203,20191105

TA-GD-00006,instance1,CZCE TA TA001,20191105,10:09:01,1,572639,572855,1,4870.00000,4876.00000,0.00000,       73445,20191105

TA-GD-00006,instance1,CZCE TA TA001,20191105,10:12:24,0,574097,-1,1,4870.00000,4870.00000,0.00000,       75060,20191105

MA-GD-00006,instance1,CZCE MA MA001,20191105,10:13:19,0,574573,-1,1,2116.00000,2116.00000,0.00000,       75409,20191105

MA-GD-00006,instance1,CZCE MA MA001,20191105,10:13:42,1,574573,574901,-1,2117.00000,2117.00000,0.00000,       75544,20191105

MA-GD-00006,instance1,CZCE MA MA001,20191105,10:31:08,0,576279,-1,-1,2118.00000,2118.00000,0.00000,       77445,20191105

MA-GD-00006,instance1,CZCE MA MA001,20191105,10:31:45,1,576279,576499,1,2117.00000,2120.00000,0.00000,       77726,20191105

MA-GD-00006,instance1,CZCE MA MA001,20191105,10:32:10,0,576573,-1,-1,2120.00000,2120.00000,0.00000,       77919,20191105

MA-GD-00006,instance1,CZCE MA MA001,20191105,10:32:14,1,576573,576588,1,2119.00000,2121.00000,0.00000,       77956,20191105

TA-GD-00006,instance1,CZCE TA TA001,20191105,10:32:14,1,574097,576590,-1,4872.00000,4872.00000,0.00000,       77957,20191105

MA-GD-00006,instance1,CZCE MA MA001,20191105,10:32:36,0,576639,-1,-1,2122.00000,2122.00000,0.00000,       78111,20191105

TA-GD-00006,instance1,CZCE TA TA001,20191105,10:32:46,0,576759,-1,-1,4880.00000,4880.00000,0.00000,       78203,20191105

TA-GD-00006,instance1,CZCE TA TA001,20191105,10:32:48,1,576759,576814,1,4878.00000,4882.00000,0.00000,       78229,20191105

MA-GD-00006,instance1,CZCE MA MA001,20191105,10:32:56,1,576639,576888,1,2121.00000,2124.00000,0.00000,       78290,20191105

TA-GD-00006,instance1,CZCE TA TA001,20191105,10:32:58,0,576903,-1,-1,4884.00000,4884.00000,0.00000,       78310,20191105

TA-GD-00006,instance1,CZCE TA TA001,20191105,10:33:01,1,576903,576971,1,4882.00000,4886.00000,0.00000,       78381,20191105

rb-GD-00006,instance1,SHFE rb rb2001,20191105,10:34:14,1,5146213,5189655,-1,3382.00000,3385.00000,0.00000,       78985,20191105

TA-GD-00006,instance1,CZCE TA TA001,20191105,10:34:41,0,577616,-1,-1,4886.00000,4886.00000,0.00000,       79282,20191105

TA-GD-00006,instance1,CZCE TA TA001,20191105,10:34:59,1,577616,577690,1,4884.00000,4888.00000,0.00000,       79394,20191105

rb-GD-00006,instance1,SHFE rb rb2001,20191105,10:35:02,0,5190882,-1,-1,3386.00000,3386.00000,0.00000,       79436,20191105

rb-GD-00006,instance1,SHFE rb rb2001,20191105,10:35:04,1,5190882,5191013,1,3385.00000,3387.00000,0.00000,       79478,20191105

rb-GD-00006,instance1,SHFE rb rb2001,20191105,10:35:45,0,5191883,-1,-1,3386.00000,3386.00000,0.00000,       79791,20191105

TA-GD-00006,instance1,CZCE TA TA001,20191105,10:36:24,0,578048,-1,-1,4888.00000,4888.00000,0.00000,       80117,20191105

TA-GD-00006,instance1,CZCE TA TA001,20191105,10:36:34,1,578048,578095,1,4886.00000,4890.00000,0.00000,       80166,20191105

TA-GD-00006,instance1,CZCE TA TA001,20191105,10:37:14,0,578299,-1,-1,4890.00000,4890.00000,0.00000,       80372,20191105

rb-GD-00006,instance1,SHFE rb rb2001,20191105,10:37:26,1,5191883,5193239,1,3385.00000,3386.00000,0.00000,       80460,20191105

rb-GD-00006,instance1,SHFE rb rb2001,20191105,10:37:48,0,5193572,-1,-1,3388.00000,3388.00000,0.00000,       80631,20191105

rb-GD-00006,instance1,SHFE rb rb2001,20191105,10:37:54,1,5193572,5193699,1,3387.00000,3388.00000,0.00000,       80690,20191105

rb-GD-00006,instance1,SHFE rb rb2001,20191105,10:37:54,0,5193728,-1,-1,3388.00000,3388.00000,0.00000,       80696,20191105

rb-GD-00006,instance1,SHFE rb rb2001,20191105,10:38:02,1,5193728,5193829,1,3387.00000,3389.00000,0.00000,       80743,20191105

TA-GD-00006,instance1,CZCE TA TA001,20191105,10:39:05,1,578299,579282,1,4888.00000,4896.00000,0.00000,       81275,20191105

rb-GD-00006,instance1,SHFE rb rb2001,20191105,10:39:13,0,5194972,-1,-1,3389.00000,3389.00000,0.00000,       81361,20191105

rb-GD-00006,instance1,SHFE rb rb2001,20191105,10:39:38,1,5194972,5195366,1,3388.00000,3388.00000,0.00000,       81578,20191105

TA-GD-00006,instance1,CZCE TA TA001,20191105,10:39:50,0,579672,-1,-1,4896.00000,4896.00000,0.00000,       81660,20191105

TA-GD-00006,instance1,CZCE TA TA001,20191105,10:40:01,1,579672,579769,1,4894.00000,4898.00000,0.00000,       81805,20191105

MA-GD-00006,instance1,CZCE MA MA001,20191105,10:40:04,0,579849,-1,-1,2123.00000,2123.00000,0.00000,       81837,20191105

TA-GD-00006,instance1,CZCE TA TA001,20191105,10:40:35,0,579995,-1,-1,4896.00000,4896.00000,0.00000,       82125,20191105

MA-GD-00006,instance1,CZCE MA MA001,20191105,10:40:56,1,579849,580062,1,2122.00000,2121.00000,0.00000,       82278,20191105

TA-GD-00006,instance1,CZCE TA TA001,20191105,10:42:32,1,579995,580471,1,4894.00000,4898.00000,0.00000,       82911,20191105

TA-GD-00006,instance1,CZCE TA TA001,20191105,10:42:42,0,580535,-1,-1,4898.00000,4898.00000,0.00000,       82968,20191105

MA-GD-00006,instance1,CZCE MA MA001,20191105,10:43:03,0,580653,-1,1,2120.00000,2120.00000,0.00000,       83105,20191105

rb-GD-00006,instance1,SHFE rb rb2001,20191105,10:43:06,0,5199233,-1,-1,3389.00000,3389.00000,0.00000,       83130,20191105

rb-GD-00006,instance1,SHFE rb rb2001,20191105,10:43:45,1,5199233,5199914,1,3388.00000,3391.00000,0.00000,       83388,20191105

rb-GD-00006,instance1,SHFE rb rb2001,20191105,10:43:50,0,5200059,-1,-1,3391.00000,3391.00000,0.00000,       83416,20191105

rb-GD-00006,instance1,SHFE rb rb2001,20191105,10:43:57,1,5200059,5200343,1,3390.00000,3393.00000,0.00000,       83508,20191105

rb-GD-00006,instance1,SHFE rb rb2001,20191105,10:43:59,0,5200385,-1,-1,3393.00000,3393.00000,0.00000,       83526,20191105

rb-GD-00006,instance1,SHFE rb rb2001,20191105,10:44:04,1,5200385,5200530,1,3392.00000,3394.00000,0.00000,       83593,20191105

rb-GD-00006,instance1,SHFE rb rb2001,20191105,10:44:06,0,5200568,-1,-1,3394.00000,3394.00000,0.00000,       83613,20191105

TA-GD-00006,instance1,CZCE TA TA001,20191105,10:44:07,1,580535,581046,1,4896.00000,4900.00000,0.00000,       83634,20191105

rb-GD-00006,instance1,SHFE rb rb2001,20191105,10:44:28,1,5200568,5200990,1,3393.00000,3396.00000,0.00000,       83832,20191105

MA-GD-00006,instance1,CZCE MA MA001,20191105,10:45:16,1,580653,581596,-1,2121.00000,2118.00000,0.00000,       84324,20191105

TA-GD-00006,instance1,TA001,20191105S,21:57:47,-1,-1,-1,0,-1.00000,-1.00000,0.00000,0000,20191106

MA-GD-00006,instance1,MA001,20191105S,21:57:54,-1,-1,-1,0,-1.00000,-1.00000,0.00000,0000,20191106

rb-GD-00006,instance1,rb2001,20191105S,21:58:02,-1,-1,-1,0,-1.00000,-1.00000,0.00000,0000,20191106

TA-GD-00006,instance1,CZCE TA TA001,20191105,22:00:51,0,616215,-1,-1,4860.00000,4860.00000,0.00000,       19423,20191106

rb-GD-00006,instance1,SHFE rb rb2001,20191105,22:00:53,0,642750,-1,-1,3439.00000,3439.00000,0.00000,       19429,20191106

TA-GD-00006,instance1,CZCE TA TA001,20191105,22:01:16,1,616215,616279,1,4858.00000,4864.00000,0.00000,       19573,20191106

MA-GD-00006,instance1,CZCE MA MA001,20191105,22:01:27,0,616343,-1,-1,2118.00000,2118.00000,0.00000,       19597,20191106

TA-GD-00006,instance1,CZCE TA TA001,20191105,22:01:43,0,616370,-1,-1,4864.00000,4864.00000,0.00000,       19672,20191106

TA-GD-00006,instance1,CZCE TA TA001,20191105,22:02:15,1,616370,616407,1,4862.00000,4862.00000,0.00000,       19778,20191106

TA-GD-00006,instance1,CZCE TA TA001,20191105,22:02:24,0,616415,-1,-1,4862.00000,4862.00000,0.00000,       19812,20191106

MA-GD-00006,instance1,CZCE MA MA001,20191105,22:02:53,1,616343,616482,1,2117.00000,2117.00000,0.00000,       19909,20191106

TA-GD-00006,instance1,CZCE TA TA001,20191105,22:03:27,1,616415,616639,1,4860.00000,4864.00000,0.00000,       20057,20191106

TA-GD-00006,instance1,CZCE TA TA001,20191105,22:05:42,0,617309,-1,-1,4868.00000,4868.00000,0.00000,       20517,20191106

TA-GD-00006,instance1,CZCE TA TA001,20191105,22:06:34,1,617309,617484,1,4866.00000,4872.00000,0.00000,       20716,20191106

MA-GD-00006,instance1,CZCE MA MA001,20191105,22:06:41,0,617491,-1,-1,2119.00000,2119.00000,0.00000,       20730,20191106

TA-GD-00006,instance1,CZCE TA TA001,20191105,22:07:25,0,617590,-1,-1,4870.00000,4870.00000,0.00000,       20858,20191106

MA-GD-00006,instance1,CZCE MA MA001,20191105,22:07:50,1,617491,617645,1,2118.00000,2118.00000,0.00000,       20922,20191106

rb-GD-00006,instance1,SHFE rb rb2001,20191105,22:11:45,1,642750,648419,1,3438.00000,3441.00000,0.00000,       21814,20191106

rb-GD-00006,instance1,SHFE rb rb2001,20191105,22:13:49,0,649195,-1,-1,3441.00000,3441.00000,0.00000,       22119,20191106

rb-GD-00006,instance1,SHFE rb rb2001,20191105,22:13:51,1,649195,649227,1,3440.00000,3442.00000,0.00000,       22125,20191106

TA-GD-00006,instance1,CZCE TA TA001,20191105,22:14:27,1,617590,618937,1,4868.00000,4874.00000,0.00000,       22268,20191106

rb-GD-00006,instance1,SHFE rb rb2001,20191105,22:14:34,0,649631,-1,-1,3442.00000,3442.00000,0.00000,       22290,20191106

TA-GD-00006,instance1,CZCE TA TA001,20191105,22:14:35,0,618996,-1,-1,4874.00000,4874.00000,0.00000,       22300,20191106

rb-GD-00006,instance1,SHFE rb rb2001,20191105,22:14:36,1,649631,649657,1,3441.00000,3442.00000,0.00000,       22308,20191106

TA-GD-00006,instance1,CZCE TA TA001,20191105,22:14:38,1,618996,619022,1,4872.00000,4878.00000,0.00000,       22318,20191106

rb-GD-00006,instance1,SHFE rb rb2001,20191105,22:14:53,0,649877,-1,-1,3443.00000,3443.00000,0.00000,       22378,20191106

rb-GD-00006,instance1,SHFE rb rb2001,20191105,22:14:54,1,649877,649890,1,3442.00000,3443.00000,0.00000,       22380,20191106

rb-GD-00006,instance1,SHFE rb rb2001,20191105,22:14:55,0,649902,-1,-1,3443.00000,3443.00000,0.00000,       22384,20191106

rb-GD-00006,instance1,SHFE rb rb2001,20191105,22:15:40,1,649902,650410,1,3442.00000,3443.00000,0.00000,       22638,20191106

MA-GD-00006,instance1,CZCE MA MA001,20191105,22:16:20,0,619436,-1,-1,2121.00000,2121.00000,0.00000,       22821,20191106

rb-GD-00006,instance1,SHFE rb rb2001,20191105,22:19:00,0,652141,-1,-1,3443.00000,3443.00000,0.00000,       23249,20191106

rb-GD-00006,instance1,SHFE rb rb2001,20191105,22:20:02,1,652141,655005,1,3442.00000,3445.00000,0.00000,       23617,20191106

MA-GD-00006,instance1,CZCE MA MA001,20191105,22:20:34,1,619436,620097,1,2120.00000,2123.00000,0.00000,       23816,20191106

rb-GD-00006,instance1,SHFE rb rb2001,20191105,22:22:04,0,656206,-1,1,3442.00000,3442.00000,0.00000,       24048,20191106

rb-GD-00006,instance1,SHFE rb rb2001,20191105,22:23:16,1,656206,657049,-1,3443.00000,3440.00000,0.00000,       24358,20191106

rb-GD-00006,instance1,SHFE rb rb2001,20191105,22:23:45,0,657306,-1,1,3440.00000,3440.00000,0.00000,       24469,20191106

MA-GD-00006,instance1,CZCE MA MA001,20191105,22:24:49,0,620827,-1,1,2120.00000,2120.00000,0.00000,       24720,20191106

rb-GD-00006,instance1,SHFE rb rb2001,20191105,22:25:35,1,657306,658356,-1,3441.00000,3438.00000,0.00000,       24866,20191106

MA-GD-00006,instance1,CZCE MA MA001,20191105,22:29:25,1,620827,621583,-1,2121.00000,2119.00000,0.00000,       25696,20191106

rb-GD-00006,instance1,SHFE rb rb2001,20191105,22:29:35,0,660971,-1,-1,3442.00000,3442.00000,0.00000,       25771,20191106

TA-GD-00006,instance1,CZCE TA TA001,20191105,22:30:05,0,621779,-1,1,4868.00000,4868.00000,0.00000,       25906,20191106

rb-GD-00006,instance1,SHFE rb rb2001,20191105,22:30:39,1,660971,661657,1,3441.00000,3441.00000,0.00000,       26067,20191106

TA-GD-00006,instance1,CZCE TA TA001,20191105,22:32:11,1,621779,622194,-1,4870.00000,4870.00000,0.00000,       26486,20191106

TA-GD-00006,instance1,CZCE TA TA001,20191105,22:32:50,0,622235,-1,-1,4870.00000,4870.00000,0.00000,       26648,20191106

rb-GD-00006,instance1,SHFE rb rb2001,20191105,22:33:19,0,663385,-1,-1,3443.00000,3443.00000,0.00000,       26809,20191106

MA-GD-00006,instance1,CZCE MA MA001,20191105,22:33:58,0,622413,-1,-1,2120.00000,2120.00000,0.00000,       26908,20191106

rb-GD-00006,instance1,SHFE rb rb2001,20191105,22:34:00,1,663385,663606,1,3442.00000,3444.00000,0.00000,       26925,20191106

MA-GD-00006,instance1,CZCE MA MA001,20191105,22:34:47,1,622413,622677,1,2119.00000,2122.00000,0.00000,       27115,20191106

rb-GD-00006,instance1,SHFE rb rb2001,20191105,22:37:31,0,665221,-1,1,3442.00000,3442.00000,0.00000,       27888,20191106

rb-GD-00006,instance1,SHFE rb rb2001,20191105,22:38:00,1,665221,665412,-1,3443.00000,3443.00000,0.00000,       28007,20191106

TA-GD-00006,instance1,CZCE TA TA001,20191105,22:38:56,1,622235,623411,1,4868.00000,4866.00000,0.00000,       28207,20191106

MA-GD-00006,instance1,CZCE MA MA001,20191105,22:38:58,0,623435,-1,1,2120.00000,2120.00000,0.00000,       28220,20191106

TA-GD-00006,instance1,CZCE TA TA001,20191105,22:40:08,0,623813,-1,1,4864.00000,4864.00000,0.00000,       28620,20191106

TA-GD-00006,instance1,CZCE TA TA001,20191105,22:43:01,1,623813,624171,-1,4866.00000,4866.00000,0.00000,       29111,20191106

rb-GD-00006,instance1,SHFE rb rb2001,20191105,22:43:48,0,668510,-1,-1,3444.00000,3444.00000,0.00000,       29227,20191106

rb-GD-00006,instance1,SHFE rb rb2001,20191105,22:43:49,1,668510,668548,1,3443.00000,3445.00000,0.00000,       29235,20191106

rb-GD-00006,instance1,SHFE rb rb2001,20191105,22:47:38,0,670454,-1,1,3442.00000,3442.00000,0.00000,       30192,20191106

rb-GD-00006,instance1,SHFE rb rb2001,20191105,22:47:50,1,670454,670614,-1,3443.00000,3440.00000,0.00000,       30255,20191106

MA-GD-00006,instance1,CZCE MA MA001,20191105,22:48:04,1,623435,625029,-1,2121.00000,2119.00000,0.00000,       30324,20191106

rb-GD-00006,instance1,SHFE rb rb2001,20191105,22:50:27,0,672111,-1,-1,3442.00000,3442.00000,0.00000,       30949,20191106

rb-GD-00006,instance1,SHFE rb rb2001,20191105,22:51:42,1,672111,672541,1,3441.00000,3443.00000,0.00000,       31113,20191106

MA-GD-00006,instance1,CZCE MA MA001,20191105,22:52:41,0,626000,-1,1,2116.00000,2116.00000,0.00000,       31498,20191106

MA-GD-00006,instance1,CZCE MA MA001,20191105,22:53:07,1,626000,626113,-1,2117.00000,2117.00000,0.00000,       31689,20191106

MA-GD-00006,instance1,CZCE MA MA001,20191105,22:53:19,0,626198,-1,1,2117.00000,2117.00000,0.00000,       31798,20191106

rb-GD-00006,instance1,SHFE rb rb2001,20191105,22:54:35,0,675255,-1,-1,3443.00000,3443.00000,0.00000,       32281,20191106

rb-GD-00006,instance1,SHFE rb rb2001,20191105,22:54:37,1,675255,675319,1,3442.00000,3443.00000,0.00000,       32306,20191106

rb-GD-00006,instance1,SHFE rb rb2001,20191105,22:55:27,0,675927,-1,-1,3444.00000,3444.00000,0.00000,       32639,20191106

MA-GD-00006,instance1,CZCE MA MA001,20191105,22:55:42,1,626198,626947,-1,2118.00000,2118.00000,0.00000,       32720,20191106

rb-GD-00006,instance1,SHFE rb rb2001,20191105,22:56:52,1,675927,676942,1,3443.00000,3445.00000,0.00000,       33074,20191106

rb-GD-00006,instance1,SHFE rb rb2001,20191105,22:56:53,0,676958,-1,-1,3445.00000,3445.00000,0.00000,       33081,20191106

TA-GD-00006,instance1,CZCE TA TA001,20191105,22:58:23,0,627403,-1,-1,4866.00000,4866.00000,0.00000,       33766,20191106

rb-GD-00006,instance1,SHFE rb rb2001,20191105,22:58:52,1,676958,679123,1,3444.00000,3446.00000,0.00000,       34040,20191106

MA-GD-00006,instance1,CZCE MA MA001,20191105,22:59:37,0,627761,-1,-1,2119.00000,2119.00000,0.00000,       34454,20191106

TA-GD-00006,instance1,CZCE TA TA001,20191105,23:00:41,1,627403,627976,1,4864.00000,4868.00000,0.00000,       35004,20191106

TA-GD-00006,instance1,CZCE TA TA001,20191105,23:02:09,0,628056,-1,-1,4870.00000,4870.00000,0.00000,       35408,20191106

TA-GD-00006,instance1,CZCE TA TA001,20191105,23:06:11,1,628056,628565,1,4868.00000,4868.00000,0.00000,       36416,20191106

MA-GD-00006,instance1,CZCE MA MA001,20191105,23:06:32,1,627761,628595,1,2118.00000,2118.00000,0.00000,       36482,20191106

TA-GD-00006,instance1,CZCE TA TA001,20191105,23:07:40,0,628670,-1,1,4866.00000,4866.00000,0.00000,       36764,20191106

MA-GD-00006,instance1,CZCE MA MA001,20191105,23:08:13,0,628738,-1,1,2117.00000,2117.00000,0.00000,       36955,20191106

TA-GD-00006,instance1,CZCE TA TA001,20191105,23:10:46,1,628670,629094,-1,4868.00000,4862.00000,0.00000,       37544,20191106

MA-GD-00006,instance1,CZCE MA MA001,20191105,23:11:05,1,628738,629138,-1,2118.00000,2115.00000,0.00000,       37634,20191106

TA-GD-00006,instance1,CZCE TA TA001,20191105,23:14:11,0,629559,-1,1,4862.00000,4862.00000,0.00000,       38232,20191106

MA-GD-00006,instance1,CZCE MA MA001,20191105,23:19:44,0,630445,-1,1,2115.00000,2115.00000,0.00000,       38988,20191106

MA-GD-00006,instance1,CZCE MA MA001,20191105,23:23:43,1,630445,631015,-1,2116.00000,2116.00000,0.00000,       39565,20191106

TA-GD-00006,instance1,CZCE TA TA001,20191105,23:26:31,1,629559,631359,-1,4864.00000,4858.00000,0.00000,       39858,20191106

TA-GD-00006,instance1,CZCE TA TA001,20191105,23:29:30,0,631899,-1,1,4858.00000,4858.00000,0.00000,       40222,20191106

MA-GD-00006,instance1,CZCE MA MA001,20191105,23:29:48,0,632115,-1,-1,2116.00000,2116.00000,0.00000,       40270,20191106

