[17:38:52.928]发送登陆请求,客户号:89501009,请求ID:1,返回值:0
[17:38:52.928]4D2C3457235F2D2E4A102A54185B56256D402C2D4640236B224132305D554D5B
[17:38:53.007]登陆用户:89501009,服务器时间:2018-07-04 17:34:36,登陆身份:c
[17:38:53.007]392A30565F282A584D175C201F2C5725184A5D573747506A5744474426524A53
[18:04:16.274]发送登陆请求,客户号:C1171,请求ID:1,返回值:0
[18:04:16.274]3929415F51585D2E43655A2016555E506C3A5D2D314453685340354351204F51
[18:04:16.312]登陆用户:C1171,服务器时间:2018-07-04 18:04:11,登陆身份:c
[18:04:16.312]3F5B4651252858514E145C221B5456506A385E5C3645551D214331365D5F4B50
[18:04:56.474]发送报单请求,客户号:C1171,商品代码:CL,合约代码:1808,委托类型:49,委托模式:51,有效日期:,风险类型:0,买卖方向:83,开平标志:78,投保标志:84,委托价格:74.77,触发价格:0,委托数量:1,最小成交量:1,保留字段1:0,保留字段2:0,保留字段3:,请求ID:7,返回值:0
[18:04:56.474]4A2C43235F2C5D584E172F5B1B552A566B38565D4D40566D2544354653224222
[18:04:56.490]收到报单应答,委托流号:656195,委托号:469224,本地号:2018070400480447,客户交易账号:,下单人:,下单时间:2018-07-04 18:04:51,委托状态:1,请求ID:7
[18:04:56.490]495E4555215D2E593B18575B6A555751173C565D3445211D5242463127204F20
[18:04:56.493]收到订单状态更新:订单类型49,开平标志:78,投保标志:84,委托价格:74.77,触发价格:0,订单数量:1,委托流号:656196,委托ID:469224,本地号:2018070400480447,系统号:00201807050000000033,更新人:,更新时间:,订单状态:51,成交价:0,成交数量:0,错误码:0,操作人号:
[18:04:56.493]4A5B46525F5E5A5A436459566F2C5E556840595C4230511D2742413556203953
[18:07:31.374]发送撤单请求,订单ID:469224,请求ID:10,返回值:0
[18:07:31.374]42294023262A575E4C192C506F555E201E385B5B4541561754344F355C564954
[18:07:31.394]收到订单状态更新:订单类型49,开平标志:78,投保标志:84,委托价格:74.77,触发价格:0,订单数量:1,委托流号:656196,委托ID:469224,本地号:2018070400480447,系统号:00201807050000000033,更新人:,更新时间:2018-07-04 18:07:26,订单状态:52,成交价:0,成交数量:0,错误码:0,操作人号:
[18:07:31.394]4B57472353575A2C42105B506D5D2C2517405E5C4735561C5546364420523852
[18:07:31.395]收到订单状态更新:订单类型49,开平标志:78,投保标志:84,委托价格:74.77,触发价格:0,订单数量:1,委托流号:656197,委托ID:469224,本地号:2018070400480447,系统号:00201807050000000033,更新人:,更新时间:2018-07-04 18:07:26,订单状态:55,成交价:0,成交数量:0,错误码:0,操作人号:
[18:07:31.395]3F5A4C52232C2E5A3E195C2068595A521C4D5F5A423521192034333150504827
[18:09:24.886]发送登陆请求,客户号:C1171,请求ID:1,返回值:0
[18:09:24.886]3929415F51585D2E43655A2016555E506C3A5D2D314453685340354351204F51
[18:09:24.916]登陆用户:C1171,服务器时间:2018-07-04 18:09:19,登陆身份:c
[18:09:24.916]435C415551572E5F3C1657511D5F585B1E3C2B2F4D35556A2647324B21503F26
[18:10:01.461]发送报单请求,客户号:C1171,商品代码:CL,合约代码:1808,委托类型:49,委托模式:51,有效日期:,风险类型:0,买卖方向:83,开平标志:78,投保标志:84,委托价格:74.77,触发价格:0,委托数量:1,最小成交量:1,保留字段1:0,保留字段2:0,保留字段3:,请求ID:7,返回值:0
[18:10:01.461]4A2C43235F2C5D584E172F5B1B552A566B38565D4D40566D2544354653224222
[18:10:01.480]收到报单应答,委托流号:656198,委托号:469225,本地号:2018070400480449,客户交易账号:,下单人:,下单时间:2018-07-04 18:09:56,委托状态:1,请求ID:7
[18:10:01.480]482C302552572A5B4E612F5A16582E5B6C4B282F3446271C20344F442056485A
[18:10:01.481]收到订单状态更新:订单类型49,开平标志:78,投保标志:84,委托价格:74.77,触发价格:0,订单数量:1,委托流号:656199,委托ID:469225,本地号:2018070400480449,系统号:00201807050000000034,更新人:,更新时间:,订单状态:51,成交价:0,成交数量:0,错误码:0,操作人号:
[18:10:01.481]3B5F42545556592D3E1356561C2829206D4A5E2D3635521C224B364B5725485B
[21:27:43.812]发送报单请求,客户号:C1171,商品代码:CL,合约代码:1808,委托类型:49,委托模式:51,有效日期:,风险类型:0,买卖方向:83,开平标志:78,投保标志:84,委托价格:73.8,触发价格:0,委托数量:1,最小成交量:1,保留字段1:0,保留字段2:0,保留字段3:,请求ID:17,返回值:0
[21:27:43.812]4B56362226582E5D4A172F256D585A556F3B2C564437521C2145474552543F53
[21:27:43.828]收到报单应答,委托流号:656204,委托号:469227,本地号:2018070400480452,客户交易账号:,下单人:,下单时间:2018-07-04 21:27:37,委托状态:1,请求ID:17
[21:27:43.828]395A4D50212D5C5C43142B5B1A5F2E226B485C5B4545276C51334F3727563E53
[21:27:43.830]收到订单状态更新:订单类型49,开平标志:78,投保标志:84,委托价格:73.8,触发价格:0,订单数量:1,委托流号:656205,委托ID:469227,本地号:2018070400480452,系统号:00201807050000000036,更新人:,更新时间:,订单状态:51,成交价:0,成交数量:0,错误码:0,操作人号:
[21:27:43.830]4F2D40245F2B5F5149155A561D5D5B501A3D28573043546B5245434624274F52
[21:27:44.342]发送撤单请求,订单ID:-1,请求ID:-1,返回值:215
[21:27:44.342]4D2D455E5E592D2B4F152F501E282B52683D5A563436531D5C34454526514A27
[21:27:49.830]发送报单请求,客户号:C1171,商品代码:CL,合约代码:1808,委托类型:49,委托模式:51,有效日期:,风险类型:0,买卖方向:83,开平标志:78,投保标志:84,委托价格:73.66,触发价格:0,委托数量:1,最小成交量:1,保留字段1:0,保留字段2:0,保留字段3:,请求ID:18,返回值:0
[21:27:49.830]392D3356515A592A4F165A271C5A5C206A3C5B5E4644511D224A424624273C22
[21:27:49.850]收到报单应答,委托流号:656206,委托号:469228,本地号:2018070400480453,客户交易账号:,下单人:,下单时间:2018-07-04 21:27:43,委托状态:1,请求ID:18
[21:27:49.850]4C5B4424572C2A5F39145A53182E2D521B415E5B3741516C53314241205F435B
[21:27:49.851]收到订单状态更新:订单类型49,开平标志:78,投保标志:84,委托价格:73.66,触发价格:0,订单数量:1,委托流号:656207,委托ID:469228,本地号:2018070400480453,系统号:00201807050000000037,更新人:,更新时间:,订单状态:51,成交价:0,成交数量:0,错误码:0,操作人号:
[21:27:49.851]4A573455212F572C39112C56175D5E50164858574030571E2146454256274250
[21:27:50.044]收到成交状态更新:成交流号9,客户号:C1171,系统号:00201807050000000037,成交号:000000000011,成交模式:78,成交方式:83,成交价格:73.67,成交数量:1,成交时间:2018-07-04 21:27:44,成交费用:12,手续费币种:,T+1标志:78,手工手续费:78,删除标志:78,委托ID:469228,成交ID:9
[21:27:50.044]4D564C23515F2D2B4F155D511A5E29571F4D2A5C434721165531424123504252
[21:27:50.045]收到订单状态更新:订单类型49,开平标志:78,投保标志:84,委托价格:73.66,触发价格:0,订单数量:1,委托流号:656208,委托ID:469228,本地号:2018070400480453,系统号:00201807050000000037,更新人:,更新时间:,订单状态:57,成交价:73.67,成交数量:1,错误码:0,操作人号:
[21:27:50.045]392A455255285B2C426128211E5E5D576B4F585D4C32576C544B444221244E57
[21:27:52.336]发送报单请求,客户号:C1171,商品代码:CL,合约代码:1808,委托类型:49,委托模式:51,有效日期:,风险类型:0,买卖方向:66,开平标志:78,投保标志:84,委托价格:73.77,触发价格:0,委托数量:1,最小成交量:1,保留字段1:0,保留字段2:0,保留字段3:,请求ID:19,返回值:0
[21:27:52.336]4C5D4256235E5A2D4E645C22172B5D221A3A2B5C4630276C52463247505E4956
[21:27:52.353]收到报单应答,委托流号:656209,委托号:469229,本地号:2018070400480454,客户交易账号:,下单人:,下单时间:2018-07-04 21:27:46,委托状态:1,请求ID:19
[21:27:52.353]48583323552A575D4E162A221F5A57211A3F2B593436521B5445404251564A26
[21:27:52.354]收到订单状态更新:订单类型49,开平标志:78,投保标志:84,委托价格:73.77,触发价格:0,订单数量:1,委托流号:656210,委托ID:469229,本地号:2018070400480454,系统号:00201807050000000038,更新人:,更新时间:,订单状态:51,成交价:0,成交数量:0,错误码:0,操作人号:
[21:27:52.354]4E2E472326562C2D39122B506D5E585B6F4C2B5C434427162747464353253C51
[21:27:52.555]收到成交状态更新:成交流号10,客户号:C1171,系统号:00201807050000000036,成交号:000000000012,成交模式:78,成交方式:83,成交价格:73.96,成交数量:1,成交时间:2018-07-04 21:27:46,成交费用:12,手续费币种:,T+1标志:78,手工手续费:78,删除标志:78,委托ID:469227,成交ID:10
[21:27:52.555]492C4623552B59293B1856211C5A5D2616495D284344201922463643515E3B56
[21:27:52.556]收到订单状态更新:订单类型49,开平标志:78,投保标志:84,委托价格:73.8,触发价格:0,订单数量:1,委托流号:656211,委托ID:469227,本地号:2018070400480452,系统号:00201807050000000036,更新人:,更新时间:,订单状态:57,成交价:73.96,成交数量:1,错误码:0,操作人号:
[21:27:52.556]435C4D5E525C5D503C155D521D28585A1D4C565D43355C1E204144322350435B
[21:27:53.838]发送报单请求,客户号:C1171,商品代码:CL,合约代码:1808,委托类型:49,委托模式:51,有效日期:,风险类型:0,买卖方向:66,开平标志:78,投保标志:84,委托价格:73.8,触发价格:0,委托数量:1,最小成交量:1,保留字段1:0,保留字段2:0,保留字段3:,请求ID:20,返回值:0
[21:27:53.838]39564352552F5C294E192D2668292E531D382C59364B506821364F3223534350
[21:27:53.855]收到报单应答,委托流号:656212,委托号:469230,本地号:2018070400480455,客户交易账号:,下单人:,下单时间:2018-07-04 21:27:47,委托状态:1,请求ID:20
[21:27:53.855]4256345321595C594E625F571A5529541B3D5E59414B521D5446404A21273E52
[21:27:53.856]收到订单状态更新:订单类型49,开平标志:78,投保标志:84,委托价格:73.8,触发价格:0,订单数量:1,委托流号:656213,委托ID:469230,本地号:2018070400480455,系统号:00201807050000000039,更新人:,更新时间:,订单状态:51,成交价:0,成交数量:0,错误码:0,操作人号:
[21:27:53.856]4C5D435155582B5E3E1458516B2C57561E4D2B2A414A521E224A474223543852
[21:27:54.054]收到成交状态更新:成交流号11,客户号:C1171,系统号:00201807050000000039,成交号:000000000013,成交模式:78,成交方式:83,成交价格:73.75,成交数量:1,成交时间:2018-07-04 21:27:48,成交费用:12,手续费币种:,T+1标志:78,手工手续费:78,删除标志:78,委托ID:469230,成交ID:11
[21:27:54.054]3C2E3352265C2B594F6456251B5F5A226D3F2A2F4637571C274646355D234C50
[21:27:54.056]收到订单状态更新:订单类型49,开平标志:78,投保标志:84,委托价格:73.8,触发价格:0,订单数量:1,委托流号:656214,委托ID:469230,本地号:2018070400480455,系统号:00201807050000000039,更新人:,更新时间:,订单状态:57,成交价:73.75,成交数量:1,错误码:0,操作人号:
[21:27:54.056]432C4057235E58593E662A5A192F5C56164A582F363551182030364B27544C57
[21:27:54.057]收到成交状态更新:成交流号12,客户号:C1171,系统号:00201807050000000038,成交号:000000000014,成交模式:78,成交方式:83,成交价格:73.71,成交数量:1,成交时间:2018-07-04 21:27:48,成交费用:12,手续费币种:,T+1标志:78,手工手续费:78,删除标志:78,委托ID:469229,成交ID:12
[21:27:54.057]4A2B365E25572E2E48665E516C2E5C5A684D5C583036501C5745403050234B25
[21:27:54.067]收到订单状态更新:订单类型49,开平标志:78,投保标志:84,委托价格:73.77,触发价格:0,订单数量:1,委托流号:656215,委托ID:469229,本地号:2018070400480454,系统号:00201807050000000038,更新人:,更新时间:,订单状态:57,成交价:73.71,成交数量:1,错误码:0,操作人号:
[21:27:54.067]425F442152285C29381159506B5D5E546F3B285F454B511B25413545525E4E20
[23:14:51.458]发送报单请求,客户号:C1171,商品代码:CL,合约代码:1808,委托类型:49,委托模式:51,有效日期:,风险类型:0,买卖方向:66,开平标志:78,投保标志:84,委托价格:74.2,触发价格:0,委托数量:1,最小成交量:1,保留字段1:0,保留字段2:0,保留字段3:,请求ID:21,返回值:0
[23:14:51.458]392A33222456595C4F192A501D2F2B5B1B382C2D4C4427162733323124234A51
[23:14:51.478]收到报单应答,委托流号:656216,委托号:469231,本地号:2018070400480456,客户交易账号:,下单人:,下单时间:2018-07-04 23:14:44,委托状态:1,请求ID:21
[23:14:51.478]4A294D57565A5F5D4A17595A165F59261D482A5A3344566A204A4E4226564A22
[23:14:51.480]收到订单状态更新:订单类型49,开平标志:78,投保标志:84,委托价格:74.2,触发价格:0,订单数量:1,委托流号:656217,委托ID:469231,本地号:2018070400480456,系统号:00201807050000000040,更新人:,更新时间:,订单状态:51,成交价:0,成交数量:0,错误码:0,操作人号:
[23:14:51.480]3F5C4D53245C2B5C4B622A5068295F531D3F5D5D4447511E5C47463626543926
[23:14:51.760]收到成交状态更新:成交流号13,客户号:C1171,系统号:00201807050000000040,成交号:000000000015,成交模式:78,成交方式:83,成交价格:74.2,成交数量:1,成交时间:2018-07-04 23:14:45,成交费用:12,手续费币种:,T+1标志:78,手工手续费:78,删除标志:78,委托ID:469231,成交ID:13
[23:14:51.760]3E2A3051505C2E5C421728531C295B541F3C5A2B4630506B2140314B20524356
[23:14:51.952]收到订单状态更新:订单类型49,开平标志:78,投保标志:84,委托价格:74.2,触发价格:0,订单数量:1,委托流号:656218,委托ID:469231,本地号:2018070400480456,系统号:00201807050000000040,更新人:,更新时间:,订单状态:57,成交价:74.2,成交数量:1,错误码:0,操作人号:
[23:14:51.952]3C5C3623252A5D2E4C642C5B6D585E541A482B2C4242526D5C36343155564F5B
[23:15:21.962]发送报单请求,客户号:C1171,商品代码:CL,合约代码:1808,委托类型:49,委托模式:51,有效日期:,风险类型:0,买卖方向:83,开平标志:78,投保标志:84,委托价格:74.25,触发价格:0,委托数量:1,最小成交量:1,保留字段1:0,保留字段2:0,保留字段3:,请求ID:22,返回值:0
[23:15:21.962]425747535E585F2B43655D526C545A5617412F284030201D264B334A51224C54
[23:15:21.981]收到报单应答,委托流号:656219,委托号:469232,本地号:2018070400480457,客户交易账号:,下单人:,下单时间:2018-07-04 23:15:15,委托状态:1,请求ID:22
[23:15:21.981]4B5B4623512B2A2A48122D25165E2E526C4D5D5930365C1F5045404A57554922
[23:15:21.982]收到订单状态更新:订单类型49,开平标志:78,投保标志:84,委托价格:74.25,触发价格:0,订单数量:1,委托流号:656220,委托ID:469232,本地号:2018070400480457,系统号:00201807050000000041,更新人:,更新时间:,订单状态:51,成交价:0,成交数量:0,错误码:0,操作人号:
[23:15:21.982]4E5A3623252F2C2B4D115F521C5C565B1B4C2F2F4D30576821344637515E3B52
[23:15:22.183]收到成交状态更新:成交流号14,客户号:C1171,系统号:00201807050000000041,成交号:000000000016,成交模式:78,成交方式:83,成交价格:74.25,成交数量:1,成交时间:2018-07-04 23:15:15,成交费用:12,手续费币种:,T+1标志:78,手工手续费:78,删除标志:78,委托ID:469232,成交ID:14
[23:15:22.183]3B2E3652505F2B2E4E132A276F5429276F3F5F5B40305C6822464F4A5D274226
[23:15:22.184]收到订单状态更新:订单类型49,开平标志:78,投保标志:84,委托价格:74.25,触发价格:0,订单数量:1,委托流号:656221,委托ID:469232,本地号:2018070400480457,系统号:00201807050000000041,更新人:,更新时间:,订单状态:57,成交价:74.25,成交数量:1,错误码:0,操作人号:
[23:15:22.184]3C564454232F585C49192D22685D5720684C5A284543561C26374636205E4D53
