[14:09:01.864]发送登陆请求,客户号:C1171,请求ID:1,返回值:0
[14:09:01.864]3929415F51585D2E43655A2016555E506C3A5D2D314453685340354351204F51
[14:09:01.894]登陆用户:C1171,服务器时间:2018-07-05 14:08:57,登陆身份:c
[14:09:01.894]385E4055215C595F3C102F576B5929256B4B2B5745425D6F5C314231565E3F22
[14:09:31.851]发送报单请求,客户号:C1171,商品代码:CL,合约代码:1808,委托类型:49,委托模式:51,有效日期:,风险类型:0,买卖方向:66,开平标志:78,投保标志:84,委托价格:73.75,触发价格:0,委托数量:1,最小成交量:1,保留字段1:0,保留字段2:0,保留字段3:,请求ID:7,返回值:0
[14:09:31.851]392D36525458595B4D1459516D5E5E25684E582A37435D1D2736453524254D21
[14:09:31.869]收到报单应答,委托流号:656183,委托号:469219,本地号:2018070500480440,客户交易账号:,下单人:,下单时间:2018-07-05 14:09:27,委托状态:1,请求ID:7
[14:09:31.869]4B574721245A562D42612F21165F58261F3B2B2B46365D6C574441305D524A51
[14:09:31.870]收到订单状态更新:订单类型49,开平标志:78,投保标志:84,委托价格:73.75,触发价格:0,订单数量:1,委托流号:656184,委托ID:469219,本地号:2018070500480440,系统号:00201807060000000019,更新人:,更新时间:,订单状态:51,成交价:0,成交数量:0,错误码:0,操作人号:
[14:09:31.870]4C5631265E2F565D4B152F5B18292D521E4856284631531F5C4536365C244A27
[14:48:42.051]收到成交状态更新:成交流号5,客户号:C1171,系统号:00201807060000000019,成交号:000000000007,成交模式:78,成交方式:83,成交价格:73.74,成交数量:1,成交时间:2018-07-05 14:48:37,成交费用:12,手续费币种:,T+1标志:78,手工手续费:78,删除标志:78,委托ID:469219,成交ID:5
[14:48:42.051]3C294D5355562D5C38182D216F5D56501F385C57404353192637324756533E22
[14:48:42.267]收到订单状态更新:订单类型49,开平标志:78,投保标志:84,委托价格:73.75,触发价格:0,订单数量:1,委托流号:656185,委托ID:469219,本地号:2018070500480440,系统号:00201807060000000019,更新人:,更新时间:,订单状态:57,成交价:73.74,成交数量:1,错误码:0,操作人号:
[14:48:42.267]3958465F532D5A5D3C192C276B2C2A5A6A4D2D594136271B514B464524243953
[19:39:39.083]发送报单请求,客户号:C1171,商品代码:CL,合约代码:1808,委托类型:49,委托模式:51,有效日期:,风险类型:0,买卖方向:66,开平标志:78,投保标志:84,委托价格:74.71,触发价格:0,委托数量:1,最小成交量:1,保留字段1:0,保留字段2:0,保留字段3:,请求ID:11,返回值:0
[19:39:39.083]4D5B4026542C58514B655C561E2C2C276D3A5D5E37475516274A314552234225
[19:39:39.102]收到报单应答,委托流号:656195,委托号:469223,本地号:2018070500480444,客户交易账号:,下单人:,下单时间:2018-07-05 19:39:33,委托状态:1,请求ID:11
[19:39:39.102]4C2D345E502A5B503B17285A185C2B541B3D2A573431211C2540424256223920
[19:39:39.103]收到订单状态更新:订单类型49,开平标志:78,投保标志:84,委托价格:74.71,触发价格:0,订单数量:1,委托流号:656196,委托ID:469223,本地号:2018070500480444,系统号:00201807060000000023,更新人:,更新时间:,订单状态:51,成交价:0,成交数量:0,错误码:0,操作人号:
[19:39:39.103]435A4D26512A572D3F662F216F2B56276A4928584D47501E5140444153234D27
[19:39:39.299]收到成交状态更新:成交流号9,客户号:C1171,系统号:00201807060000000023,成交号:000000000011,成交模式:78,成交方式:83,成交价格:74.7,成交数量:1,成交时间:2018-07-05 19:39:33,成交费用:12,手续费币种:,T+1标志:78,手工手续费:78,删除标志:78,委托ID:469223,成交ID:9
[19:39:39.299]43584254515B58504A195B521A585651163C5B5F4741521D5637363552243B54
[19:39:39.299]收到订单状态更新:订单类型49,开平标志:78,投保标志:84,委托价格:74.71,触发价格:0,订单数量:1,委托流号:656197,委托ID:469223,本地号:2018070500480444,系统号:00201807060000000023,更新人:,更新时间:,订单状态:57,成交价:74.7,成交数量:1,错误码:0,操作人号:
[19:39:39.299]435A3755552B2C2C4C145D571B2B2C226B4E592C434B5D6854404F3221233B27
[19:43:29.622]发送报单请求,客户号:C1171,商品代码:CL,合约代码:1808,委托类型:49,委托模式:51,有效日期:,风险类型:0,买卖方向:83,开平标志:78,投保标志:84,委托价格:74.6,触发价格:0,委托数量:1,最小成交量:1,保留字段1:0,保留字段2:0,保留字段3:,请求ID:12,返回值:0
[19:43:29.622]4D2B30222259565C4F152D5A6C2E56206C38575E4C40261B574144445C504C21
[19:43:29.648]收到报单应答,委托流号:656198,委托号:469224,本地号:2018070500480445,客户交易账号:,下单人:,下单时间:2018-07-05 19:43:23,委托状态:1,请求ID:12
[19:43:29.648]382B4757242D2D2C42635F211E5C2A211D4F5F5E41365C1C57364F3624554E54
[19:43:29.648]收到订单状态更新:订单类型49,开平标志:78,投保标志:84,委托价格:74.6,触发价格:0,订单数量:1,委托流号:656199,委托ID:469224,本地号:2018070500480445,系统号:00201807060000000024,更新人:,更新时间:,订单状态:51,成交价:0,成交数量:0,错误码:0,操作人号:
[19:43:29.648]4E5A3023262C2E583B112D5B682F5954684A5F5F3645211D2234353121574826
[19:44:57.747]收到成交状态更新:成交流号10,客户号:C1171,系统号:00201807060000000024,成交号:000000000012,成交模式:78,成交方式:83,成交价格:74.61,成交数量:1,成交时间:2018-07-05 19:44:51,成交费用:12,手续费币种:,T+1标志:78,手工手续费:78,删除标志:78,委托ID:469224,成交ID:10
[19:44:57.747]385B43535E585B5139632D506B5E5C50193F59563137561C5742364A21244D5A
[19:44:57.946]收到订单状态更新:订单类型49,开平标志:78,投保标志:84,委托价格:74.6,触发价格:0,订单数量:1,委托流号:656200,委托ID:469224,本地号:2018070500480445,系统号:00201807060000000024,更新人:,更新时间:,订单状态:57,成交价:74.61,成交数量:1,错误码:0,操作人号:
[19:44:57.946]39294621535B5B2A3B11585A6A5859501D3C5D5B45425218264A36475D543C53
[20:04:38.259]发送报单请求,客户号:C1171,商品代码:CL,合约代码:1808,委托类型:49,委托模式:51,有效日期:,风险类型:0,买卖方向:83,开平标志:78,投保标志:84,委托价格:74.37,触发价格:0,委托数量:1,最小成交量:1,保留字段1:0,保留字段2:0,保留字段3:,请求ID:13,返回值:0
[20:04:38.259]382E4321242C592B4E192C536C5B2C201F415A2D314B276A5043363627543C5A
[20:04:38.287]收到报单应答,委托流号:656201,委托号:469225,本地号:2018070500480446,客户交易账号:,下单人:,下单时间:2018-07-05 20:04:32,委托状态:1,请求ID:13
[20:04:38.287]3C59465E50582E2B38612D501C292C221E40595C4C4A52165734474A55203F21
[20:04:38.288]收到订单状态更新:订单类型49,开平标志:78,投保标志:84,委托价格:74.37,触发价格:0,订单数量:1,委托流号:656202,委托ID:469225,本地号:2018070500480446,系统号:00201807060000000025,更新人:,更新时间:,订单状态:51,成交价:0,成交数量:0,错误码:0,操作人号:
[20:04:38.288]495E3123252B2C503C1156276A5F5F5B16485A5D4545246F5247313057534A26
[20:04:38.474]收到成交状态更新:成交流号11,客户号:C1171,系统号:00201807060000000025,成交号:000000000013,成交模式:78,成交方式:83,成交价格:74.37,成交数量:1,成交时间:2018-07-05 20:04:32,成交费用:12,手续费币种:,T+1标志:78,手工手续费:78,删除标志:78,委托ID:469225,成交ID:11
[20:04:38.474]4A5E402324595B2942132A211E5E5C556841285A3631571D554B40315D503E50
[20:04:38.475]收到订单状态更新:订单类型49,开平标志:78,投保标志:84,委托价格:74.37,触发价格:0,订单数量:1,委托流号:656203,委托ID:469225,本地号:2018070500480446,系统号:00201807060000000025,更新人:,更新时间:,订单状态:57,成交价:74.37,成交数量:1,错误码:0,操作人号:
[20:04:38.475]495B4551502B575A3B642B5A162F572018415F2C30472318503046465D574C25
[20:22:57.533]发送报单请求,客户号:C1171,商品代码:CL,合约代码:1808,委托类型:49,委托模式:51,有效日期:,风险类型:0,买卖方向:66,开平标志:78,投保标志:84,委托价格:74.42,触发价格:0,委托数量:1,最小成交量:1,保留字段1:0,保留字段2:0,保留字段3:,请求ID:14,返回值:0
[20:22:57.533]3F583122552F59594D662A5A1B5C5A271A4B5F594444541F25454F4027514227
[20:22:57.546]收到报单应答,委托流号:656204,委托号:469226,本地号:2018070500480447,客户交易账号:,下单人:,下单时间:2018-07-05 20:22:51,委托状态:1,请求ID:14
[20:22:57.546]3C2E4151545D57584D662C226B2E56276D4A5F2C4C3155162731424B27534327
[20:22:57.547]收到订单状态更新:订单类型49,开平标志:78,投保标志:84,委托价格:74.42,触发价格:0,订单数量:1,委托流号:656205,委托ID:469226,本地号:2018070500480447,系统号:00201807060000000026,更新人:,更新时间:,订单状态:51,成交价:0,成交数量:0,错误码:0,操作人号:
[20:22:57.547]4C5F3026215F575A3C615C5616542E266B3F5D2C4C315C6D54454447245F4E50
[20:23:02.041]收到成交状态更新:成交流号12,客户号:C1171,系统号:00201807060000000026,成交号:000000000014,成交模式:78,成交方式:83,成交价格:74.42,成交数量:1,成交时间:2018-07-05 20:22:56,成交费用:12,手续费币种:,T+1标志:78,手工手续费:78,删除标志:78,委托ID:469226,成交ID:12
[20:23:02.041]3C294656225A5B5F49102F271E5D5953163C2D2C403120685636444657234D27
[20:23:02.239]收到订单状态更新:订单类型49,开平标志:78,投保标志:84,委托价格:74.42,触发价格:0,订单数量:1,委托流号:656206,委托ID:469226,本地号:2018070500480447,系统号:00201807060000000026,更新人:,更新时间:,订单状态:57,成交价:74.42,成交数量:1,错误码:0,操作人号:
[20:23:02.239]38573457222F5D593B652F51162F5F20174E5D5C47445D1F5437324124223B27
[20:24:31.028]发送报单请求,客户号:C1171,商品代码:CL,合约代码:1808,委托类型:49,委托模式:51,有效日期:,风险类型:0,买卖方向:83,开平标志:78,投保标志:84,委托价格:74.47,触发价格:0,委托数量:1,最小成交量:1,保留字段1:0,保留字段2:0,保留字段3:,请求ID:15,返回值:0
[20:24:31.028]395D345E262A562C48155D516A5C2B546F385F5A4D37506D5C364E365222495A
[20:24:31.045]收到报单应答,委托流号:656207,委托号:469227,本地号:2018070500480448,客户交易账号:,下单人:,下单时间:2018-07-05 20:24:25,委托状态:1,请求ID:15
[20:24:31.045]482E4550542F5F5E4F152F51685C2B216F4E5B2C46372668214A403152564B27
[20:24:31.046]收到订单状态更新:订单类型49,开平标志:78,投保标志:84,委托价格:74.47,触发价格:0,订单数量:1,委托流号:656208,委托ID:469227,本地号:2018070500480448,系统号:00201807060000000027,更新人:,更新时间:,订单状态:51,成交价:0,成交数量:0,错误码:0,操作人号:
[20:24:31.046]3E5C3352545D2A5A3C1259521C552D206F3C562F4C45206B503731455D523956
[20:24:31.246]收到成交状态更新:成交流号13,客户号:C1171,系统号:00201807060000000027,成交号:000000000015,成交模式:78,成交方式:83,成交价格:74.47,成交数量:1,成交时间:2018-07-05 20:24:25,成交费用:12,手续费币种:,T+1标志:78,手工手续费:78,删除标志:78,委托ID:469227,成交ID:13
[20:24:31.246]49294224235A2A2A4C622A561A5F5F55173D2C5E424421682040434553274A25
[20:24:31.247]收到订单状态更新:订单类型49,开平标志:78,投保标志:84,委托价格:74.47,触发价格:0,订单数量:1,委托流号:656209,委托ID:469227,本地号:2018070500480448,系统号:00201807060000000027,更新人:,更新时间:,订单状态:57,成交价:74.47,成交数量:1,错误码:0,操作人号:
[20:24:31.247]4D593721505C56503B125D5068295C226D405F284340241D5346334A5D5E4C22
[23:00:03.332]发送报单请求,客户号:C1171,商品代码:CL,合约代码:1808,委托类型:49,委托模式:51,有效日期:,风险类型:0,买卖方向:83,开平标志:78,投保标志:84,委托价格:73.42,触发价格:0,委托数量:1,最小成交量:1,保留字段1:0,保留字段2:0,保留字段3:,请求ID:21,返回值:0
[23:00:03.332]4B2A3626562A5B514A662B516D2858506D4128564745546D52474F4A24554F20
[23:00:03.344]收到报单应答,委托流号:656212,委托号:469228,本地号:2018070500480449,客户交易账号:,下单人:,下单时间:2018-07-05 22:59:56,委托状态:1,请求ID:21
[23:00:03.344]432B345323572C5E43142B546F5A2C201B4D2D5D47375C6F2745464B27574C52
[23:00:03.345]收到订单状态更新:订单类型49,开平标志:78,投保标志:84,委托价格:73.42,触发价格:0,订单数量:1,委托流号:656213,委托ID:469228,本地号:2018070500480449,系统号:00201807060000000028,更新人:,更新时间:,订单状态:51,成交价:0,成交数量:0,错误码:0,操作人号:
[23:00:03.345]4B2C462326595E5E4E17282116282A516D4C565D46432419254B32465C203C25
[23:00:03.835]发送撤单请求,订单ID:-1,请求ID:-1,返回值:215
[23:00:03.835]4D2D455E5E592D2B4F152F501E282B52683D5A563436531D5C34454526514A27
[23:00:15.833]发送报单请求,客户号:C1171,商品代码:CL,合约代码:1808,委托类型:49,委托模式:51,有效日期:,风险类型:0,买卖方向:83,开平标志:78,投保标志:84,委托价格:73.05,触发价格:0,委托数量:1,最小成交量:1,保留字段1:0,保留字段2:0,保留字段3:,请求ID:22,返回值:0
[23:00:15.833]3B5E3355555A295A4314585A6A2E2E57184157284347526D5441454A27274C52
[23:00:15.847]收到报单应答,委托流号:656214,委托号:469229,本地号:2018070500480450,客户交易账号:,下单人:,下单时间:2018-07-05 23:00:09,委托状态:1,请求ID:22
[23:00:15.847]4D594653525C5E2949655B5A685A2C276C495D2F4145246D5634353753254857
[23:00:15.848]收到订单状态更新:订单类型49,开平标志:78,投保标志:84,委托价格:73.05,触发价格:0,订单数量:1,委托流号:656215,委托ID:469229,本地号:2018070500480450,系统号:00201807060000000029,更新人:,更新时间:,订单状态:51,成交价:0,成交数量:0,错误码:0,操作人号:
[23:00:15.848]3E57402155582B5D4B6256216A5458266C405A5F30455C1C5346474357503F5A
[23:00:16.142]收到成交状态更新:成交流号16,客户号:C1171,系统号:00201807060000000029,成交号:000000000018,成交模式:78,成交方式:83,成交价格:73.06,成交数量:1,成交时间:2018-07-05 23:00:09,成交费用:12,手续费币种:,T+1标志:78,手工手续费:78,删除标志:78,委托ID:469229,成交ID:16
[23:00:16.142]3C2D3621505B5E293F185E206C2C5D5A174B5A5C3631271F57314F4B27504C52
[23:00:16.351]收到订单状态更新:订单类型49,开平标志:78,投保标志:84,委托价格:73.05,触发价格:0,订单数量:1,委托流号:656216,委托ID:469229,本地号:2018070500480450,系统号:00201807060000000029,更新人:,更新时间:,订单状态:57,成交价:73.06,成交数量:1,错误码:0,操作人号:
[23:00:16.351]422C4325512C5D2E49635F26162C5F5617485F574543276B2146334751533E54
[23:00:17.830]发送报单请求,客户号:C1171,商品代码:CL,合约代码:1808,委托类型:49,委托模式:51,有效日期:,风险类型:0,买卖方向:66,开平标志:78,投保标志:84,委托价格:73.16,触发价格:0,委托数量:1,最小成交量:1,保留字段1:0,保留字段2:0,保留字段3:,请求ID:23,返回值:0
[23:00:17.830]4F294C215656585E4B195C206A5A5E501E3B585C31435D1D544A424A57234E20
[23:00:17.849]收到报单应答,委托流号:656217,委托号:469230,本地号:2018070500480451,客户交易账号:,下单人:,下单时间:2018-07-05 23:00:11,委托状态:1,请求ID:23
[23:00:17.849]3F2D4054522F5D5D3B632A271D555D571A382A28433555172744443224253E22
[23:00:17.851]收到订单状态更新:订单类型49,开平标志:78,投保标志:84,委托价格:73.16,触发价格:0,订单数量:1,委托流号:656218,委托ID:469230,本地号:2018070500480451,系统号:00201807060000000030,更新人:,更新时间:,订单状态:51,成交价:0,成交数量:0,错误码:0,操作人号:
[23:00:17.851]495E3122262A5D5B48662F226C552A2117405A2B4241511D253141365D234A25
[23:00:19.231]收到成交状态更新:成交流号17,客户号:C1171,系统号:00201807060000000030,成交号:000000000019,成交模式:78,成交方式:83,成交价格:73.13,成交数量:1,成交时间:2018-07-05 23:00:12,成交费用:12,手续费币种:,T+1标志:78,手工手续费:78,删除标志:78,委托ID:469230,成交ID:17
[23:00:19.231]422A40215756295B43172A22185C2C50174F285B4647201B55344430505E4D26
[23:00:19.430]收到订单状态更新:订单类型49,开平标志:78,投保标志:84,委托价格:73.16,触发价格:0,订单数量:1,委托流号:656219,委托ID:469230,本地号:2018070500480451,系统号:00201807060000000030,更新人:,更新时间:,订单状态:57,成交价:73.13,成交数量:1,错误码:0,操作人号:
[23:00:19.430]4D563021212C5D2B3B165A566F5A5F561D3A5A5B3743276B2634314521224A22
[23:08:45.966]发送报单请求,客户号:C1171,商品代码:CL,合约代码:1808,委托类型:49,委托模式:51,有效日期:,风险类型:0,买卖方向:83,开平标志:78,投保标志:84,委托价格:72.99,触发价格:0,委托数量:1,最小成交量:1,保留字段1:0,保留字段2:0,保留字段3:,请求ID:24,返回值:0
[23:08:45.966]4A5A332323572E514C632D531B2958576A4A285D4735536A5634424127504D20
[23:08:45.982]收到报单应答,委托流号:656220,委托号:469231,本地号:2018070500480452,客户交易账号:,下单人:,下单时间:2018-07-05 23:08:39,委托状态:1,请求ID:24
[23:08:45.982]432B4C55212B2C5B4D662C566B5A2C226A3F5B574142211A2045403752523B50
[23:08:45.984]收到订单状态更新:订单类型49,开平标志:78,投保标志:84,委托价格:72.99,触发价格:0,订单数量:1,委托流号:656221,委托ID:469231,本地号:2018070500480452,系统号:00201807060000000031,更新人:,更新时间:,订单状态:51,成交价:0,成交数量:0,错误码:0,操作人号:
[23:08:45.984]4F5C365F5F2F565942185822195E5A22163F2A2A3037266C54424E3120234F25
[23:08:46.286]收到成交状态更新:成交流号18,客户号:C1171,系统号:00201807060000000031,成交号:000000000020,成交模式:78,成交方式:83,成交价格:73,成交数量:1,成交时间:2018-07-05 23:08:39,成交费用:12,手续费币种:,T+1标志:78,手工手续费:78,删除标志:78,委托ID:469231,成交ID:18
[23:08:46.286]4D5E4725215C5A5838622B251A582A261B38585E4D4B526B5541314A52573B5A
[23:08:46.479]收到订单状态更新:订单类型49,开平标志:78,投保标志:84,委托价格:72.99,触发价格:0,订单数量:1,委托流号:656222,委托ID:469231,本地号:2018070500480452,系统号:00201807060000000031,更新人:,更新时间:,订单状态:57,成交价:73,成交数量:1,错误码:0,操作人号:
[23:08:46.479]482A4622525B585C3E662857195E5754174B2D2B4445506D57344335545F3955
[23:09:16.967]发送报单请求,客户号:C1171,商品代码:CL,合约代码:1808,委托类型:49,委托模式:51,有效日期:,风险类型:0,买卖方向:66,开平标志:78,投保标志:84,委托价格:73.1,触发价格:0,委托数量:1,最小成交量:1,保留字段1:0,保留字段2:0,保留字段3:,请求ID:25,返回值:0
[23:09:16.967]482E4752575E2E2B3E145C506F5D56211E4A5C5644455C6C2536453250243B25
[23:09:16.986]收到报单应答,委托流号:656223,委托号:469232,本地号:2018070500480453,客户交易账号:,下单人:,下单时间:2018-07-05 23:09:10,委托状态:1,请求ID:25
[23:09:16.986]3B573323575B5D2D436259221B5D5F56164E2F57444652172134344557574D20
[23:09:16.987]收到订单状态更新:订单类型49,开平标志:78,投保标志:84,委托价格:73.1,触发价格:0,订单数量:1,委托流号:656224,委托ID:469232,本地号:2018070500480453,系统号:00201807060000000032,更新人:,更新时间:,订单状态:51,成交价:0,成交数量:0,错误码:0,操作人号:
[23:09:16.987]3E5E4C5F52595B5F4B655C576B2E2B20174F285E3641541C2141454021524B20
[23:09:17.182]收到成交状态更新:成交流号19,客户号:C1171,系统号:00201807060000000032,成交号:000000000021,成交模式:78,成交方式:83,成交价格:73.1,成交数量:1,成交时间:2018-07-05 23:09:10,成交费用:12,手续费币种:,T+1标志:78,手工手续费:78,删除标志:78,委托ID:469232,成交ID:19
[23:09:17.182]4B583751222F575F431059576C5A5B531E4F592A304120195340414627274C56
[23:09:17.184]收到订单状态更新:订单类型49,开平标志:78,投保标志:84,委托价格:73.1,触发价格:0,订单数量:1,委托流号:656225,委托ID:469232,本地号:2018070500480453,系统号:00201807060000000032,更新人:,更新时间:,订单状态:57,成交价:73.1,成交数量:1,错误码:0,操作人号:
[23:09:17.184]435C3650535B5F2B431728276B585D216D4A562D464024685D3034465022385B
[23:24:00.132]收到成交状态更新:成交流号20,客户号:C1171,系统号:00201807060000000028,成交号:000000000022,成交模式:78,成交方式:83,成交价格:73.46,成交数量:1,成交时间:2018-07-05 23:23:53,成交费用:12,手续费币种:,T+1标志:78,手工手续费:78,删除标志:78,委托ID:469228,成交ID:20
[23:24:00.132]3B2C45545E5E5B5A3E625A536B2957206F4A585A3743506F274A3436235F4256
[23:24:00.331]收到订单状态更新:订单类型49,开平标志:78,投保标志:84,委托价格:73.42,触发价格:0,订单数量:1,委托流号:656226,委托ID:469228,本地号:2018070500480449,系统号:00201807060000000028,更新人:,更新时间:,订单状态:57,成交价:73.46,成交数量:1,错误码:0,操作人号:
[23:24:00.331]3E59412624562C2E4E165D5118542A55684A28573344271C5033444A50573E22
[00:16:02.799]发送报单请求,客户号:C1171,商品代码:CL,合约代码:1808,委托类型:49,委托模式:51,有效日期:,风险类型:0,买卖方向:66,开平标志:78,投保标志:84,委托价格:73.16,触发价格:0,委托数量:1,最小成交量:1,保留字段1:0,保留字段2:0,保留字段3:,请求ID:28,返回值:0
[00:16:02.799]3958475652565F5D48635C27195B2D511B4E5A2B3145566C2236354557253B21
[00:16:02.816]收到报单应答,委托流号:656227,委托号:469233,本地号:2018070500480454,客户交易账号:,下单人:,下单时间:2018-07-06 00:15:55,委托状态:1,请求ID:28
[00:16:02.816]3E5C4125225F5F2A3C125F201B5E2E511B3C575D444B541F5741343124524B56
[00:16:02.817]收到订单状态更新:订单类型49,开平标志:78,投保标志:84,委托价格:73.16,触发价格:0,订单数量:1,委托流号:656228,委托ID:469233,本地号:2018070500480454,系统号:00201807060000000033,更新人:,更新时间:,订单状态:51,成交价:0,成交数量:0,错误码:0,操作人号:
[00:16:02.817]39573655222C2E5C4F142C2017552C50183C595640435C6B214545435D234856
[00:16:06.801]收到成交状态更新:成交流号21,客户号:C1171,系统号:00201807060000000033,成交号:000000000023,成交模式:78,成交方式:83,成交价格:73.15,成交数量:1,成交时间:2018-07-06 00:15:59,成交费用:12,手续费币种:,T+1标志:78,手工手续费:78,删除标志:78,委托ID:469233,成交ID:21
[00:16:06.801]382D3753225B2E5C38162D566F285E5B6F40285D4D36241A504B4F3253514D20
[00:16:06.997]收到订单状态更新:订单类型49,开平标志:78,投保标志:84,委托价格:73.16,触发价格:0,订单数量:1,委托流号:656229,委托ID:469233,本地号:2018070500480454,系统号:00201807060000000033,更新人:,更新时间:,订单状态:57,成交价:73.15,成交数量:1,错误码:0,操作人号:
[00:16:06.997]385F3750522B59583B19285A17545E271E4157594637536A5C443346235E3950
[02:08:43.548]发送报单请求,客户号:C1171,商品代码:CL,合约代码:1808,委托类型:49,委托模式:51,有效日期:,风险类型:0,买卖方向:83,开平标志:78,投保标志:84,委托价格:72.93,触发价格:0,委托数量:1,最小成交量:1,保留字段1:0,保留字段2:0,保留字段3:,请求ID:29,返回值:0
[02:08:43.548]3B57312252572D5E4B162B561C5859266C3B2A2D4D45521E2242434255513850
[02:08:43.567]收到报单应答,委托流号:656230,委托号:469234,本地号:2018070500480455,客户交易账号:,下单人:,下单时间:2018-07-06 02:08:36,委托状态:1,请求ID:29
[02:08:43.567]39294755255C565B42642C501B2E562018382D2C46305C1C5645414250224E22
[02:08:43.569]收到订单状态更新:订单类型49,开平标志:78,投保标志:84,委托价格:72.93,触发价格:0,订单数量:1,委托流号:656231,委托ID:469234,本地号:2018070500480455,系统号:00201807060000000034,更新人:,更新时间:,订单状态:51,成交价:0,成交数量:0,错误码:0,操作人号:
[02:08:43.569]3B5F425224595E2C4E172C516D5B58521A4E58574D40231A2642314150554B5A
[02:08:44.052]发送撤单请求,订单ID:-1,请求ID:-1,返回值:215
[02:08:44.052]4D2D455E5E592D2B4F152F501E282B52683D5A563436531D5C34454526514A27
[02:28:56.110]收到成交状态更新:成交流号22,客户号:C1171,系统号:00201807060000000034,成交号:000000000024,成交模式:78,成交方式:83,成交价格:72.94,成交数量:1,成交时间:2018-07-06 02:28:48,成交费用:12,手续费币种:,T+1标志:78,手工手续费:78,删除标志:78,委托ID:469234,成交ID:22
[02:28:56.110]3F2A3051242C592D4C622B22685D585B68495A2A4C42551F5144424021534F27
[02:28:56.404]收到订单状态更新:订单类型49,开平标志:78,投保标志:84,委托价格:72.93,触发价格:0,订单数量:1,委托流号:656232,委托ID:469234,本地号:2018070500480455,系统号:00201807060000000034,更新人:,更新时间:,订单状态:57,成交价:72.94,成交数量:1,错误码:0,操作人号:
[02:28:56.404]435B3654262C595E3E642D5B17285C5A194B2D574445271D5C44444656504A21
[02:29:12.948]发送报单请求,客户号:C1171,商品代码:CL,合约代码:1808,委托类型:49,委托模式:51,有效日期:,风险类型:0,买卖方向:66,开平标志:78,投保标志:84,委托价格:73.04,触发价格:0,委托数量:1,最小成交量:1,保留字段1:0,保留字段2:0,保留字段3:,请求ID:30,返回值:0
[02:29:12.948]4E58365350565A5943652A51185B5D226A495958344127685634474A20574225
[02:29:12.969]收到报单应答,委托流号:656233,委托号:469235,本地号:2018070500480456,客户交易账号:,下单人:,下单时间:2018-07-06 02:29:05,委托状态:1,请求ID:30
[02:29:12.969]4A564023572A5D594A145E54172F295116485A5C3446571D264147325123395A
[02:29:12.970]收到订单状态更新:订单类型49,开平标志:78,投保标志:84,委托价格:73.04,触发价格:0,订单数量:1,委托流号:656234,委托ID:469235,本地号:2018070500480456,系统号:00201807060000000035,更新人:,更新时间:,订单状态:51,成交价:0,成交数量:0,错误码:0,操作人号:
[02:29:12.970]392C335E522A595B3B172B571F2E57271E4D2D2D3342216F22454E355C223C22
[02:29:14.951]发送撤单请求,订单ID:469235,请求ID:31,返回值:0
[02:29:14.951]395F4757215D57594D645951182E2E2217415F2A423256685642473720273E51
[02:29:14.969]收到订单状态更新:订单类型49,开平标志:78,投保标志:84,委托价格:73.04,触发价格:0,订单数量:1,委托流号:656234,委托ID:469235,本地号:2018070500480456,系统号:00201807060000000035,更新人:,更新时间:2018-07-06 02:29:07,订单状态:52,成交价:0,成交数量:0,错误码:0,操作人号:
[02:29:14.969]3E2A365F225E2A594D6159271C285B571E4C5B2A3440511B5133344B55563B52
[02:29:14.971]收到订单状态更新:订单类型49,开平标志:78,投保标志:84,委托价格:73.04,触发价格:0,订单数量:1,委托流号:656235,委托ID:469235,本地号:2018070500480456,系统号:00201807060000000035,更新人:,更新时间:2018-07-06 02:29:07,订单状态:55,成交价:0,成交数量:0,错误码:0,操作人号:
[02:29:14.971]4A5D4155265D2D5E3F625C531E2B2A216B3C5F594C46551C2147463555224C5B
[02:29:14.998]发送报单请求,客户号:C1171,商品代码:CL,合约代码:1808,委托类型:49,委托模式:51,有效日期:,风险类型:0,买卖方向:66,开平标志:78,投保标志:84,委托价格:73.08,触发价格:0,委托数量:1,最小成交量:1,保留字段1:0,保留字段2:0,保留字段3:,请求ID:32,返回值:0
[02:29:14.998]492D425552282C2A4B1259501B2B5B506F3F2C2C3340201E5236434254504321
[02:29:15.009]收到报单应答,委托流号:656236,委托号:469236,本地号:2018070500480458,客户交易账号:,下单人:,下单时间:2018-07-06 02:29:07,委托状态:1,请求ID:32
[02:29:15.009]385B4553262C2C5F43132A226F5D2E566A4F5659304A57685347433154564F50
[02:29:15.011]收到订单状态更新:订单类型49,开平标志:78,投保标志:84,委托价格:73.08,触发价格:0,订单数量:1,委托流号:656237,委托ID:469236,本地号:2018070500480458,系统号:00201807060000000036,更新人:,更新时间:,订单状态:51,成交价:0,成交数量:0,错误码:0,操作人号:
[02:29:15.011]3F294022532C2A5E3B1657541C555B5A683F5B283740266C22423543565E4354
[02:29:15.216]收到成交状态更新:成交流号23,客户号:C1171,系统号:00201807060000000036,成交号:000000000025,成交模式:78,成交方式:83,成交价格:73.07,成交数量:1,成交时间:2018-07-06 02:29:07,成交费用:12,手续费币种:,T+1标志:78,手工手续费:78,删除标志:78,委托ID:469236,成交ID:23
[02:29:15.216]385A345322585A5D3B185C561B545D211C4C5E5C373626195637444024554D57
[02:29:15.217]收到订单状态更新:订单类型49,开平标志:78,投保标志:84,委托价格:73.08,触发价格:0,订单数量:1,委托流号:656238,委托ID:469236,本地号:2018070500480458,系统号:00201807060000000036,更新人:,更新时间:,订单状态:57,成交价:73.07,成交数量:1,错误码:0,操作人号:
[02:29:15.217]4C5A4456252B2E293F152C52162E5D52193C285C4131211B5C47414250513E27
[02:29:20.945]发送报单请求,客户号:C1171,商品代码:CL,合约代码:1808,委托类型:49,委托模式:51,有效日期:,风险类型:0,买卖方向:66,开平标志:78,投保标志:84,委托价格:73,触发价格:0,委托数量:1,最小成交量:1,保留字段1:0,保留字段2:0,保留字段3:,请求ID:33,返回值:0
[02:29:20.945]432E402321565D294815595B175B2E52174D592B3746271C264A324452274D20
[02:29:20.961]收到报单应答,委托流号:656239,委托号:469237,本地号:2018070500480459,客户交易账号:,下单人:,下单时间:2018-07-06 02:29:13,委托状态:1,请求ID:33
[02:29:20.961]4F5C375150282C2C4815572017595F551A412F2B4D4054165046324154204C55
[02:29:20.962]收到订单状态更新:订单类型49,开平标志:78,投保标志:84,委托价格:73,触发价格:0,订单数量:1,委托流号:656240,委托ID:469237,本地号:2018070500480459,系统号:00201807060000000037,更新人:,更新时间:,订单状态:51,成交价:0,成交数量:0,错误码:0,操作人号:
[02:29:20.962]3C5C425F265D59504B182F516B5C58576F4E2C283444551D50344E4321524325
[02:29:22.339]收到成交状态更新:成交流号24,客户号:C1171,系统号:00201807060000000037,成交号:000000000026,成交模式:78,成交方式:83,成交价格:73,成交数量:1,成交时间:2018-07-06 02:29:14,成交费用:12,手续费币种:,T+1标志:78,手工手续费:78,删除标志:78,委托ID:469237,成交ID:24
[02:29:22.339]492A3125575D565A49642F576B5B5A5A1B495B5D4C455C6B564B334B5C244B51
[02:29:22.535]收到订单状态更新:订单类型49,开平标志:78,投保标志:84,委托价格:73,触发价格:0,订单数量:1,委托流号:656241,委托ID:469237,本地号:2018070500480459,系统号:00201807060000000037,更新人:,更新时间:,订单状态:57,成交价:73,成交数量:1,错误码:0,操作人号:
[02:29:22.535]4A2D365551592C5E4F175622682C2C536A3D5E5E4332206C5734364320254D50
[02:29:25.944]发送报单请求,客户号:C1171,商品代码:CL,合约代码:1808,委托类型:49,委托模式:51,有效日期:,风险类型:0,买卖方向:83,开平标志:78,投保标志:84,委托价格:73.05,触发价格:0,委托数量:1,最小成交量:1,保留字段1:0,保留字段2:0,保留字段3:,请求ID:34,返回值:0
[02:29:25.944]392A4350242B5D5E39142C221D595E2519402D284432536A2734323023273856
[02:29:25.963]收到报单应答,委托流号:656242,委托号:469238,本地号:2018070500480460,客户交易账号:,下单人:,下单时间:2018-07-06 02:29:18,委托状态:1,请求ID:34
[02:29:25.963]4856315E212F5C5C38192C50195A5F5B1A4E2A5E464620165C4B4E4B51543F22
[02:29:25.964]收到订单状态更新:订单类型49,开平标志:78,投保标志:84,委托价格:73.05,触发价格:0,订单数量:1,委托流号:656243,委托ID:469238,本地号:2018070500480460,系统号:00201807060000000038,更新人:,更新时间:,订单状态:51,成交价:0,成交数量:0,错误码:0,操作人号:
[02:29:25.964]385E345F212B2E503F1057571B5D5E571C3D595C4445516D564B333254223950
[02:29:26.156]收到成交状态更新:成交流号25,客户号:C1171,系统号:00201807060000000038,成交号:000000000027,成交模式:78,成交方式:83,成交价格:73.05,成交数量:1,成交时间:2018-07-06 02:29:18,成交费用:12,手续费币种:,T+1标志:78,手工手续费:78,删除标志:78,委托ID:469238,成交ID:25
[02:29:26.156]3F5A4D5351592C5843655D5416595F571E4E282B3143266F54464E4052253851
[02:29:26.157]收到订单状态更新:订单类型49,开平标志:78,投保标志:84,委托价格:73.05,触发价格:0,订单数量:1,委托流号:656244,委托ID:469238,本地号:2018070500480460,系统号:00201807060000000038,更新人:,更新时间:,订单状态:57,成交价:73.05,成交数量:1,错误码:0,操作人号:
[02:29:26.157]4E2C432355592E2C3F182A531E5D2E226C40585E4241551D2531454252514D55
