[15:28:36.570]发送登陆请求,客户号:C1171,请求ID:1,返回值:0
[15:28:36.570]3929415F51585D2E43655A2016555E506C3A5D2D314453685340354351204F51
[15:28:36.603]登陆用户:C1171,服务器时间:2018-06-26 15:28:27,登陆身份:c
[15:28:36.603]4A5C46505E2D582D49652B5B6D2858566840285F363054195742424753514827
[16:10:08.437]发送登陆请求,客户号:C1171,请求ID:1,返回值:0
[16:10:08.437]3929415F51585D2E43655A2016555E506C3A5D2D314453685340354351204F51
[16:10:08.492]登陆用户:C1171,服务器时间:2018-06-26 16:09:58,登陆身份:c
[16:10:08.492]3F56425E212F5C2938642A50162C2A216B385659334556682236313621573821
[16:10:44.546]发送报单请求,客户号:C1171,商品代码:CL,合约代码:1808,委托类型:49,委托模式:51,有效日期:,风险类型:0,买卖方向:66,开平标志:78,投保标志:84,委托价格:68.37,触发价格:0,委托数量:1,最小成交量:1,保留字段1:0,保留字段2:0,保留字段3:,请求ID:7,返回值:0
[16:10:44.546]4D564257505E565839665F25165556536A3A58574244271B5342353523533B52
[16:10:44.556]发送报单请求,客户号:C1171,商品代码:CL,合约代码:1808,委托类型:49,委托模式:51,有效日期:,风险类型:0,买卖方向:83,开平标志:78,投保标志:84,委托价格:68.47,触发价格:0,委托数量:1,最小成交量:1,保留字段1:0,保留字段2:0,保留字段3:,请求ID:8,返回值:0
[16:10:44.556]495F3452252F5A514C125B226F595F2019415E5B4637506F534A3530235F4E57
[16:10:44.566]收到报单应答,委托流号:656180,委托号:469217,本地号:2018062600480439,客户交易账号:,下单人:,下单时间:2018-06-26 16:10:34,委托状态:1,请求ID:7
[16:10:44.566]3B5C3122552D5F2B3B152C251F2F59511C3D2F583032551F5143414A53244355
[16:10:44.567]收到订单状态更新:订单类型49,开平标志:78,投保标志:84,委托价格:68.37,触发价格:0,订单数量:1,委托流号:656181,委托ID:469217,本地号:2018062600480439,系统号:00201806270000000026,更新人:,更新时间:,订单状态:51,成交价:0,成交数量:0,错误码:0,操作人号:
[16:10:44.567]4C5C4122552A5E2A436458551B5D5A576F405F2C4D36201B554B333020224E53
[16:10:44.588]收到报单应答,委托流号:656182,委托号:469218,本地号:2018062600480440,客户交易账号:,下单人:,下单时间:2018-06-26 16:10:34,委托状态:1,请求ID:8
[16:10:44.588]3859345F215B5A5D3B132B50162B56256A3D2A2F4236501A254044415C554D26
[16:10:44.589]收到订单状态更新:订单类型49,开平标志:78,投保标志:84,委托价格:68.47,触发价格:0,订单数量:1,委托流号:656183,委托ID:469218,本地号:2018062600480440,系统号:00201806270000000027,更新人:,更新时间:,订单状态:51,成交价:0,成交数量:0,错误码:0,操作人号:
[16:10:44.589]495D3355532B5D5E381957551F2C5F521D41565B42435C1D5D30454052243B21
[16:16:33.758]收到成交状态更新:成交流号10,客户号:C1171,系统号:00201806270000000026,成交号:000000000012,成交模式:78,成交方式:83,成交价格:68.36,成交数量:1,成交时间:2018-06-26 16:16:23,成交费用:12,手续费币种:,T+1标志:78,手工手续费:78,删除标志:78,委托ID:469217,成交ID:10
[16:16:33.758]4E5E362222592D5E4D172D541C5E2C56184C2B2A333721192636313126544B54
[16:16:33.760]发送报单请求,客户号:C1171,商品代码:CL,合约代码:1808,委托类型:49,委托模式:51,有效日期:,风险类型:0,买卖方向:83,开平标志:78,投保标志:84,委托价格:68.41,触发价格:0,委托数量:1,最小成交量:1,保留字段1:0,保留字段2:0,保留字段3:,请求ID:9,返回值:0
[16:16:33.760]3E584355232A592E3F6457201955575B1A3B5E2B4540551E2143334A54544822
[16:16:33.760]发送报单请求,客户号:C1171,商品代码:CL,合约代码:1808,委托类型:49,委托模式:51,有效日期:,风险类型:0,买卖方向:66,开平标志:78,投保标志:84,委托价格:68.32,触发价格:0,委托数量:1,最小成交量:1,保留字段1:0,保留字段2:0,保留字段3:,请求ID:10,返回值:0
[16:16:33.760]3829415756572D2A3B182F546B555A516F49595D30445D1A5037473727254353
[16:16:33.761]发送撤单请求,订单ID:469218,请求ID:11,返回值:0
[16:16:33.761]3B5F405F5F575F5E49152A541B5B5C5B6C3D5D5631375C6B5137444251203F53
[16:16:33.774]收到报单应答,委托流号:656190,委托号:469221,本地号:2018062600480443,客户交易账号:,下单人:,下单时间:2018-06-26 16:16:24,委托状态:1,请求ID:9
[16:16:33.774]482E4723212A29583C632D501D5C29216D4A5D594631506A5343364B20254853
[16:16:33.774]收到订单状态更新:订单类型49,开平标志:78,投保标志:84,委托价格:68.37,触发价格:0,订单数量:1,委托流号:656191,委托ID:469217,本地号:2018062600480439,系统号:00201806270000000026,更新人:,更新时间:,订单状态:57,成交价:68.36,成交数量:1,错误码:0,操作人号:
[16:16:33.774]4A57415421565C5C4B185F5B6F5D5E576F4D2C2F4042511821374E465C5E4956
[16:16:33.786]收到报单应答,委托流号:656192,委托号:469222,本地号:2018062600480444,客户交易账号:,下单人:,下单时间:2018-06-26 16:16:24,委托状态:1,请求ID:10
[16:16:33.786]3E2C4D245E5B595C4A18285B6A2C57531E4E5F5D4C41556F5540443526223E56
[16:16:33.787]收到订单状态更新:订单类型49,开平标志:78,投保标志:84,委托价格:68.41,触发价格:0,订单数量:1,委托流号:656193,委托ID:469221,本地号:2018062600480443,系统号:00201806270000000030,更新人:,更新时间:,订单状态:51,成交价:0,成交数量:0,错误码:0,操作人号:
[16:16:33.787]48594C24262C2E2D43152C206F552921193F5856424254685346433126244854
[16:16:33.787]收到订单状态更新:订单类型49,开平标志:78,投保标志:84,委托价格:68.47,触发价格:0,订单数量:1,委托流号:656183,委托ID:469218,本地号:2018062600480440,系统号:00201806270000000027,更新人:,更新时间:2018-06-26 16:16:24,订单状态:52,成交价:0,成交数量:0,错误码:0,操作人号:
[16:16:33.787]482C425655562E5E381858261F5E2B501E4A2B2F4740561E56374E4457523C20
[16:16:33.827]收到订单状态更新:订单类型49,开平标志:78,投保标志:84,委托价格:68.32,触发价格:0,订单数量:1,委托流号:656194,委托ID:469222,本地号:2018062600480444,系统号:00201806270000000031,更新人:,更新时间:,订单状态:51,成交价:0,成交数量:0,错误码:0,操作人号:
[16:16:33.827]485C412124572E5B48165A50162858546C405D5C4331531C2533353020514856
[16:16:34.024]收到订单状态更新:订单类型49,开平标志:78,投保标志:84,委托价格:68.47,触发价格:0,订单数量:1,委托流号:656195,委托ID:469218,本地号:2018062600480440,系统号:00201806270000000027,更新人:,更新时间:2018-06-26 16:16:24,订单状态:55,成交价:0,成交数量:0,错误码:0,操作人号:
[16:16:34.024]3B2933245F575E293E6328551B2C59551C38562A3436561D5345443657223856
[16:19:24.401]收到成交状态更新:成交流号11,客户号:C1171,系统号:00201806270000000030,成交号:000000000013,成交模式:78,成交方式:83,成交价格:68.41,成交数量:1,成交时间:2018-06-26 16:19:14,成交费用:12,手续费币种:,T+1标志:78,手工手续费:78,删除标志:78,委托ID:469221,成交ID:11
[16:19:24.401]492B4355575A5E503C1859266D2E5C526D412D58433052165D42364A53574925
[16:19:24.401]发送撤单请求,订单ID:469222,请求ID:12,返回值:0
[16:19:24.401]392D4653562F5D2D4B132A5B1B2B5A501D3C5F5D4142201C2236333221534A51
[16:19:24.412]收到订单状态更新:订单类型49,开平标志:78,投保标志:84,委托价格:68.32,触发价格:0,订单数量:1,委托流号:656194,委托ID:469222,本地号:2018062600480444,系统号:00201806270000000031,更新人:,更新时间:2018-06-26 16:19:14,订单状态:52,成交价:0,成交数量:0,错误码:0,操作人号:
[16:19:24.412]485C4622572D2E5E42645F571C5558201C3B562A4D3121162636324A57204D22
[16:19:24.412]收到订单状态更新:订单类型49,开平标志:78,投保标志:84,委托价格:68.41,触发价格:0,订单数量:1,委托流号:656196,委托ID:469221,本地号:2018062600480443,系统号:00201806270000000030,更新人:,更新时间:,订单状态:57,成交价:68.41,成交数量:1,错误码:0,操作人号:
[16:19:24.412]48293454575B2C58421859521F5F5B516A49585F30365D1F5242364053504D27
[16:19:24.608]收到订单状态更新:订单类型49,开平标志:78,投保标志:84,委托价格:68.32,触发价格:0,订单数量:1,委托流号:656197,委托ID:469222,本地号:2018062600480444,系统号:00201806270000000031,更新人:,更新时间:2018-06-26 16:19:14,订单状态:55,成交价:0,成交数量:0,错误码:0,操作人号:
[16:19:24.608]3856365F575D2C503F192B57172C2C251748575A4145541B56374E3027563950
[16:19:24.670]发送报单请求,客户号:C1171,商品代码:CL,合约代码:1808,委托类型:49,委托模式:51,有效日期:,风险类型:0,买卖方向:66,开平标志:78,投保标志:84,委托价格:68.37,触发价格:0,委托数量:1,最小成交量:1,保留字段1:0,保留字段2:0,保留字段3:,请求ID:13,返回值:0
[16:19:24.670]3F5F4257572B295F3C6158201D282C27174A2B5D454B541C5C30314553533827
[16:19:24.671]发送报单请求,客户号:C1171,商品代码:CL,合约代码:1808,委托类型:49,委托模式:51,有效日期:,风险类型:0,买卖方向:83,开平标志:78,投保标志:84,委托价格:68.47,触发价格:0,委托数量:1,最小成交量:1,保留字段1:0,保留字段2:0,保留字段3:,请求ID:14,返回值:0
[16:19:24.671]4D293423552C2E5C4F665620192F2B5A1C4F2F5B374B546F50343443275F3927
[16:19:24.682]收到报单应答,委托流号:656198,委托号:469223,本地号:2018062600480447,客户交易账号:,下单人:,下单时间:2018-06-26 16:19:14,委托状态:1,请求ID:13
[16:19:24.682]3E5E4657212D2B5C4A625925175F5F571E3F28563632261C2242464023563F55
[16:19:24.683]收到订单状态更新:订单类型49,开平标志:78,投保标志:84,委托价格:68.37,触发价格:0,订单数量:1,委托流号:656199,委托ID:469223,本地号:2018062600480447,系统号:00201806270000000032,更新人:,更新时间:,订单状态:51,成交价:0,成交数量:0,错误码:0,操作人号:
[16:19:24.683]4A5F4D26565B5D5A3E175C216B5B2A5B1B3A5F594C315C195C43344655234F20
[16:19:24.694]收到报单应答,委托流号:656200,委托号:469224,本地号:2018062600480448,客户交易账号:,下单人:,下单时间:2018-06-26 16:19:14,委托状态:1,请求ID:14
[16:19:24.694]4A2E4D51255D5F5B39182C5A6C5856571A48575F3631241A27304E4357254226
[16:19:24.695]收到订单状态更新:订单类型49,开平标志:78,投保标志:84,委托价格:68.47,触发价格:0,订单数量:1,委托流号:656201,委托ID:469224,本地号:2018062600480448,系统号:00201806270000000033,更新人:,更新时间:,订单状态:51,成交价:0,成交数量:0,错误码:0,操作人号:
[16:19:24.695]4E584C5523572A2D4E145B501F5D2B526F3A5C2C4C355D68224B4F4326543925
[16:19:35.866]收到成交状态更新:成交流号12,客户号:C1171,系统号:00201806270000000033,成交号:000000000014,成交模式:78,成交方式:83,成交价格:68.48,成交数量:1,成交时间:2018-06-26 16:19:25,成交费用:12,手续费币种:,T+1标志:78,手工手续费:78,删除标志:78,委托ID:469224,成交ID:12
[16:19:35.866]392D302322282E5E43655D276C2C5B526C4A56573747261C52374F3751574C27
[16:19:35.867]发送报单请求,客户号:C1171,商品代码:CL,合约代码:1808,委托类型:49,委托模式:51,有效日期:,风险类型:0,买卖方向:66,开平标志:78,投保标志:84,委托价格:68.43,触发价格:0,委托数量:1,最小成交量:1,保留字段1:0,保留字段2:0,保留字段3:,请求ID:15,返回值:0
[16:19:35.867]3E5A4C2655595D2A4D142F506D2F5F201D4B572A4544511E5536323021253B5A
[16:19:35.867]发送报单请求,客户号:C1171,商品代码:CL,合约代码:1808,委托类型:49,委托模式:51,有效日期:,风险类型:0,买卖方向:83,开平标志:78,投保标志:84,委托价格:68.52,触发价格:0,委托数量:1,最小成交量:1,保留字段1:0,保留字段2:0,保留字段3:,请求ID:16,返回值:0
[16:19:35.867]3E2C4456525C2D2A4D662B541B542D5B183D2A5B3346271A2537323552513F22
[16:19:35.867]发送撤单请求,订单ID:469223,请求ID:17,返回值:0
[16:19:35.867]482E3456552A592A3866595A1F295A216B4A595F4430506B204A454753203853
[16:19:35.897]收到报单应答,委托流号:656202,委托号:469225,本地号:2018062600480449,客户交易账号:,下单人:,下单时间:2018-06-26 16:19:26,委托状态:1,请求ID:15
[16:19:35.897]385D4D51572F5C2E4C655F5B1D5D59546C38582D4144561B2731423155254850
[16:19:35.898]收到订单状态更新:订单类型49,开平标志:78,投保标志:84,委托价格:68.47,触发价格:0,订单数量:1,委托流号:656203,委托ID:469224,本地号:2018062600480448,系统号:00201806270000000033,更新人:,更新时间:,订单状态:57,成交价:68.48,成交数量:1,错误码:0,操作人号:
[16:19:35.898]49294D54515F59584E632820172C5B2516402A2F404056682145473553574827
[16:19:35.936]收到报单应答,委托流号:656204,委托号:469226,本地号:2018062600480450,客户交易账号:,下单人:,下单时间:2018-06-26 16:19:26,委托状态:1,请求ID:16
[16:19:35.936]3E56445F235C5A2C4E105F52685D2C566F482D5A423150162531344424223950
[16:19:35.937]收到订单状态更新:订单类型49,开平标志:78,投保标志:84,委托价格:68.43,触发价格:0,订单数量:1,委托流号:656205,委托ID:469225,本地号:2018062600480449,系统号:00201806270000000034,更新人:,更新时间:,订单状态:51,成交价:0,成交数量:0,错误码:0,操作人号:
[16:19:35.937]4F5B445E53585C2D4E66572618545C211B492A2B374451182537434A27573E21
[16:19:35.939]收到订单状态更新:订单类型49,开平标志:78,投保标志:84,委托价格:68.37,触发价格:0,订单数量:1,委托流号:656199,委托ID:469223,本地号:2018062600480447,系统号:00201806270000000032,更新人:,更新时间:2018-06-26 16:19:26,订单状态:52,成交价:0,成交数量:0,错误码:0,操作人号:
[16:19:35.939]425E4051555F2B2C4F165B261C5B2A531B3B5D2F4D31556B5534453127274B56
[16:19:35.949]收到订单状态更新:订单类型49,开平标志:78,投保标志:84,委托价格:68.52,触发价格:0,订单数量:1,委托流号:656206,委托ID:469226,本地号:2018062600480450,系统号:00201806270000000035,更新人:,更新时间:,订单状态:51,成交价:0,成交数量:0,错误码:0,操作人号:
[16:19:35.949]4A5A3126522C5E5B491556201A5A5E20184B2B564331566C2731453024573953
[16:19:36.138]收到订单状态更新:订单类型49,开平标志:78,投保标志:84,委托价格:68.37,触发价格:0,订单数量:1,委托流号:656207,委托ID:469223,本地号:2018062600480447,系统号:00201806270000000032,更新人:,更新时间:2018-06-26 16:19:26,订单状态:55,成交价:0,成交数量:0,错误码:0,操作人号:
[16:19:36.138]4F2B4322525D2E294815595B6F582A556F4F565730435C685346353553274A54
[16:19:37.184]发送撤单请求,订单ID:469225,请求ID:18,返回值:0
[16:19:37.184]4C5637255F2D582C3C165B22192E58256C4C5A5834355416254A334B51224252
[16:19:37.201]收到订单状态更新:订单类型49,开平标志:78,投保标志:84,委托价格:68.43,触发价格:0,订单数量:1,委托流号:656205,委托ID:469225,本地号:2018062600480449,系统号:00201806270000000034,更新人:,更新时间:2018-06-26 16:19:27,订单状态:52,成交价:0,成交数量:0,错误码:0,操作人号:
[16:19:37.201]3B2E465454565F5D4E195727192F5A201D4B5A5C453520685346434651504C27
[16:19:37.202]收到订单状态更新:订单类型49,开平标志:78,投保标志:84,委托价格:68.43,触发价格:0,订单数量:1,委托流号:656208,委托ID:469225,本地号:2018062600480449,系统号:00201806270000000034,更新人:,更新时间:2018-06-26 16:19:27,订单状态:55,成交价:0,成交数量:0,错误码:0,操作人号:
[16:19:37.202]4A5C4D54532A582C4A122A521A2B2C276B402F584742206A2645404157204A22
[16:19:37.900]发送报单请求,客户号:C1171,商品代码:CL,合约代码:1808,委托类型:49,委托模式:51,有效日期:,风险类型:0,买卖方向:66,开平标志:78,投保标志:84,委托价格:68.51,触发价格:0,委托数量:1,最小成交量:1,保留字段1:0,保留字段2:0,保留字段3:,请求ID:19,返回值:0
[16:19:37.900]4A5D4352555B5A5E43632A57682B58561D405B5646305C1C204B344252574B20
[16:19:37.913]收到报单应答,委托流号:656209,委托号:469227,本地号:2018062600480453,客户交易账号:,下单人:,下单时间:2018-06-26 16:19:28,委托状态:1,请求ID:19
[16:19:37.913]4A5F4421245E595B4C192F211F2E5B221D4A5D5F344755185142464355514B25
[16:19:37.914]收到订单状态更新:订单类型49,开平标志:78,投保标志:84,委托价格:68.51,触发价格:0,订单数量:1,委托流号:656210,委托ID:469227,本地号:2018062600480453,系统号:00201806270000000036,更新人:,更新时间:,订单状态:51,成交价:0,成交数量:0,错误码:0,操作人号:
[16:19:37.914]432E4050575C5B2B4C6656556B295E5B1D3F5C5D4536546A5336313021574A57
[16:19:40.034]收到成交状态更新:成交流号13,客户号:C1171,系统号:00201806270000000036,成交号:000000000015,成交模式:78,成交方式:83,成交价格:68.5,成交数量:1,成交时间:2018-06-26 16:19:30,成交费用:12,手续费币种:,T+1标志:78,手工手续费:78,删除标志:78,委托ID:469227,成交ID:13
[16:19:40.034]4C5D4C57515C5D5838655A526F585D276C4F582D4D41206B22434741275E4C57
[16:19:40.228]收到订单状态更新:订单类型49,开平标志:78,投保标志:84,委托价格:68.51,触发价格:0,订单数量:1,委托流号:656211,委托ID:469227,本地号:2018062600480453,系统号:00201806270000000036,更新人:,更新时间:,订单状态:57,成交价:68.5,成交数量:1,错误码:0,操作人号:
[16:19:40.228]3B2B3052212B5A5038645652682C5B5A174C585F4C42531B564035445D5E4A54
[16:22:05.206]收到成交状态更新:成交流号14,客户号:C1171,系统号:00201806270000000035,成交号:000000000016,成交模式:78,成交方式:83,成交价格:68.53,成交数量:1,成交时间:2018-06-26 16:21:55,成交费用:12,手续费币种:,T+1标志:78,手工手续费:78,删除标志:78,委托ID:469226,成交ID:14
[16:22:05.206]492D4D2523282E5E381257506C2829221D3F2C2A4040511C224A47435D544855
[16:22:05.206]发送报单请求,客户号:C1171,商品代码:CL,合约代码:1808,委托类型:49,委托模式:51,有效日期:,风险类型:0,买卖方向:66,开平标志:78,投保标志:84,委托价格:68.49,触发价格:0,委托数量:1,最小成交量:1,保留字段1:0,保留字段2:0,保留字段3:,请求ID:20,返回值:0
[16:22:05.206]4D5E4752575B5D294A175C221F5529531F3C58584730271D2736313251273E21
[16:22:05.225]收到报单应答,委托流号:656212,委托号:469228,本地号:2018062600480454,客户交易账号:,下单人:,下单时间:2018-06-26 16:21:55,委托状态:1,请求ID:20
[16:22:05.225]39573023232B2A5C4A162D2717555B256A4E285F4446576F5D364641535F3957
[16:22:05.226]收到订单状态更新:订单类型49,开平标志:78,投保标志:84,委托价格:68.52,触发价格:0,订单数量:1,委托流号:656213,委托ID:469226,本地号:2018062600480450,系统号:00201806270000000035,更新人:,更新时间:,订单状态:57,成交价:68.53,成交数量:1,错误码:0,操作人号:
[16:22:05.226]3C5F4D2455582D2942122B201F5D2E5A1B3B562A304457682536444553204C5A
[16:22:05.419]收到订单状态更新:订单类型49,开平标志:78,投保标志:84,委托价格:68.49,触发价格:0,订单数量:1,委托流号:656214,委托ID:469228,本地号:2018062600480454,系统号:00201806270000000037,更新人:,更新时间:,订单状态:51,成交价:0,成交数量:0,错误码:0,操作人号:
[16:22:05.419]392A3023515B2E2D39195B551A595C571D4D5A5B3146206B2240474452204C27
[16:22:07.168]发送撤单请求,订单ID:469228,请求ID:21,返回值:0
[16:22:07.168]49574052522D572D38652F266C5D29256F4D5B28414320192131463523224B27
[16:22:07.187]收到订单状态更新:订单类型49,开平标志:78,投保标志:84,委托价格:68.49,触发价格:0,订单数量:1,委托流号:656214,委托ID:469228,本地号:2018062600480454,系统号:00201806270000000037,更新人:,更新时间:2018-06-26 16:21:57,订单状态:52,成交价:0,成交数量:0,错误码:0,操作人号:
[16:22:07.187]385E37575E582C2E39172A2718545652184B575A364B216850414E3020204F55
[16:22:07.188]收到订单状态更新:订单类型49,开平标志:78,投保标志:84,委托价格:68.49,触发价格:0,订单数量:1,委托流号:656215,委托ID:469228,本地号:2018062600480454,系统号:00201806270000000037,更新人:,更新时间:2018-06-26 16:21:57,订单状态:55,成交价:0,成交数量:0,错误码:0,操作人号:
[16:22:07.188]392B345E535A2D514A145E206A545D561648282D4031561F2243464B235F4951
[16:22:07.188]发送报单请求,客户号:C1171,商品代码:CL,合约代码:1808,委托类型:49,委托模式:51,有效日期:,风险类型:0,买卖方向:66,开平标志:78,投保标志:84,委托价格:68.55,触发价格:0,委托数量:1,最小成交量:1,保留字段1:0,保留字段2:0,保留字段3:,请求ID:22,返回值:0
[16:22:07.188]4B573753535E585F3F185A541A545F221A4B2B2B3642531B544041325D224F57
[16:22:07.207]收到报单应答,委托流号:656216,委托号:469229,本地号:2018062600480456,客户交易账号:,下单人:,下单时间:2018-06-26 16:21:57,委托状态:1,请求ID:22
[16:22:07.207]432B405E22592A2C3B112F57175B56526A3D5A5B464A531A21454F3554534A55
[16:22:07.210]收到订单状态更新:订单类型49,开平标志:78,投保标志:84,委托价格:68.55,触发价格:0,订单数量:1,委托流号:656217,委托ID:469229,本地号:2018062600480456,系统号:00201806270000000038,更新人:,更新时间:,订单状态:51,成交价:0,成交数量:0,错误码:0,操作人号:
[16:22:07.210]48594026552A292E3C185B256D555B5B683B595B37445C6D204333425C564F5B
[16:22:07.804]收到成交状态更新:成交流号15,客户号:C1171,系统号:00201806270000000038,成交号:000000000017,成交模式:78,成交方式:83,成交价格:68.53,成交数量:1,成交时间:2018-06-26 16:21:57,成交费用:12,手续费币种:,T+1标志:78,手工手续费:78,删除标志:78,委托ID:469229,成交ID:15
[16:22:07.804]4B5646575E2F5D5143115C201F5E57531F4C5C5A4C30541E263132415C574E20
[16:22:07.999]收到订单状态更新:订单类型49,开平标志:78,投保标志:84,委托价格:68.55,触发价格:0,订单数量:1,委托流号:656218,委托ID:469229,本地号:2018062600480456,系统号:00201806270000000038,更新人:,更新时间:,订单状态:57,成交价:68.53,成交数量:1,错误码:0,操作人号:
[16:22:07.999]435D3321252A572942172C546B292C20683F595C45305C1B2141354724244C54
[22:35:02.474]收到订单信息更新[请求数据:客户号C1171,商品:CL,合约:1808,订单类型49,委托方式83,委托模式51,有效日期:,风险报单:0,买卖方向:83,开平标志:79,投保标志:0,委托价格:68.23,触发价格:0,订单数量:1,最小成交量:1,保留字段1:0,保留字段2:0,保留字段3:NYMEX,委托流号:656225,委托ID:469232,本地号:2018062600480459,系统号:,更新人:,更新时间:,订单状态:49,成交价:0,成交数量:0,错误码:0,操作人号:
[22:35:02.474]425D3151502C5A2E4D655B27682B5C541E4857284D4250182230424357224F25
[22:35:02.477]收到订单状态更新:订单类型49,开平标志:78,投保标志:0,委托价格:68.23,触发价格:0,订单数量:1,委托流号:656226,委托ID:469232,本地号:2018062600480459,系统号:00201806270000000041,更新人:,更新时间:,订单状态:51,成交价:0,成交数量:0,错误码:0,操作人号:
[22:35:02.477]3E5C412626585A5B3F625B251C545A5119402D2A4342526D53364E3551573850
[22:35:02.667]收到成交状态更新:成交流号18,客户号:C1171,系统号:00201806270000000041,成交号:000000000020,成交模式:78,成交方式:83,成交价格:68.27,成交数量:1,成交时间:2018-06-26 22:34:50,成交费用:12,手续费币种:,T+1标志:78,手工手续费:78,删除标志:78,委托ID:469232,成交ID:18
[22:35:02.667]4F59305053572B2D4B615A52185C5A201C3B592F344A521F5645313753533E52
[22:35:02.669]收到订单状态更新:订单类型49,开平标志:78,投保标志:0,委托价格:68.23,触发价格:0,订单数量:1,委托流号:656227,委托ID:469232,本地号:2018062600480459,系统号:00201806270000000041,更新人:,更新时间:,订单状态:57,成交价:68.27,成交数量:1,错误码:0,操作人号:
[22:35:02.669]495A435F5F575A2E49612F511A582E5A6840592A474A21682543354426543954
[22:57:39.897]收到订单信息更新[请求数据:客户号C1171,商品:CL,合约:1808,订单类型49,委托方式83,委托模式51,有效日期:,风险报单:0,买卖方向:66,开平标志:67,投保标志:0,委托价格:68.41,触发价格:0,订单数量:1,最小成交量:1,保留字段1:0,保留字段2:0,保留字段3:NYMEX,委托流号:656228,委托ID:469233,本地号:2018062600480460,系统号:,更新人:,更新时间:,订单状态:49,成交价:0,成交数量:0,错误码:0,操作人号:
[22:57:39.897]42294D26242C595A4A1059516C5457251B4F5A5B4432211C514B41355D564F5A
[22:57:39.898]收到订单状态更新:订单类型49,开平标志:78,投保标志:0,委托价格:68.41,触发价格:0,订单数量:1,委托流号:656229,委托ID:469233,本地号:2018062600480460,系统号:00201806270000000042,更新人:,更新时间:,订单状态:51,成交价:0,成交数量:0,错误码:0,操作人号:
[22:57:39.898]43573126242C2C5F4E635B25682F5E25184E58594337206B2740453621574E50
