[09:49:52.837]发送登陆请求,客户号:89501009,请求ID:1,返回值:0
[09:49:52.837]4D2C3457235F2D2E4A102A54185B56256D402C2D4640236B224132305D554D5B
[09:49:52.925]登陆用户:89501009,服务器时间:2018-06-29 09:45:53,登陆身份:c
[09:49:52.925]4E5C4052555E5D504B1057541B545C561B4E5759454B206C504A473124233C25
[09:51:20.029]发送登陆请求,客户号:C1171,请求ID:1,返回值:0
[09:51:20.029]3929415F51585D2E43655A2016555E506C3A5D2D314453685340354351204F51
[09:51:20.068]登陆用户:C1171,服务器时间:2018-06-29 09:51:11,登陆身份:c
[09:51:20.068]382D305E215B5C2C39192B506B5856201B38595B4035241F574041325055425B
[10:36:49.225]发送报单请求,客户号:C1171,商品代码:CL,合约代码:1808,委托类型:49,委托模式:51,有效日期:,风险类型:0,买卖方向:83,开平标志:78,投保标志:84,委托价格:73.21,触发价格:0,委托数量:1,最小成交量:1,保留字段1:0,保留字段2:0,保留字段3:,请求ID:9,返回值:0
[10:36:49.225]4E2B465455572E2E4C665622682E2A211B485F5B404B211B5633473556564925
[10:36:49.241]收到报单应答,委托流号:656148,委托号:469207,本地号:2018062900480424,客户交易账号:,下单人:,下单时间:2018-06-29 10:36:40,委托状态:1,请求ID:9
[10:36:49.241]3B294450225E5A2B4D185E551F282C52174F5C284C4351165C33464154233956
[10:36:49.242]收到订单状态更新:订单类型49,开平标志:78,投保标志:84,委托价格:73.21,触发价格:0,订单数量:1,委托流号:656149,委托ID:469207,本地号:2018062900480424,系统号:00201806300000000015,更新人:,更新时间:,订单状态:51,成交价:0,成交数量:0,错误码:0,操作人号:
[10:36:49.242]3C5E3326565A5D2A4E17562518295726684E2C2C404B561C5C4A3432545E3F51
[10:36:50.197]收到成交状态更新:成交流号2,客户号:C1171,系统号:00201806300000000015,成交号:000000000004,成交模式:78,成交方式:83,成交价格:73.22,成交数量:1,成交时间:2018-06-29 10:36:40,成交费用:12,手续费币种:,T+1标志:78,手工手续费:78,删除标志:78,委托ID:469207,成交ID:2
[10:36:50.197]392A4C53522A595C3F122B506C2F5D531A3A5E56464B241D254B4E3121274354
[10:36:50.391]收到订单状态更新:订单类型49,开平标志:78,投保标志:84,委托价格:73.21,触发价格:0,订单数量:1,委托流号:656150,委托ID:469207,本地号:2018062900480424,系统号:00201806300000000015,更新人:,更新时间:,订单状态:57,成交价:73.22,成交数量:1,错误码:0,操作人号:
[10:36:50.391]435E472652585E294C135D526F2C5A526B3C2F2D3642241B5730434B57273F50
[10:36:56.485]发送报单请求,客户号:C1171,商品代码:CL,合约代码:1808,委托类型:49,委托模式:51,有效日期:,风险类型:0,买卖方向:66,开平标志:78,投保标志:84,委托价格:73.19,触发价格:0,委托数量:1,最小成交量:1,保留字段1:0,保留字段2:0,保留字段3:,请求ID:10,返回值:0
[10:36:56.485]39294D545E2D2A5C42125B556F555E2118495C5D3742246D2645414520234856
[10:36:56.504]收到报单应答,委托流号:656151,委托号:469208,本地号:2018062900480425,客户交易账号:,下单人:,下单时间:2018-06-29 10:36:47,委托状态:1,请求ID:10
[10:36:56.504]4A5946545F282C5B42135C556A552D2268492D2C4D45231750414F4450523851
[10:36:56.504]收到订单状态更新:订单类型49,开平标志:78,投保标志:84,委托价格:73.19,触发价格:0,订单数量:1,委托流号:656152,委托ID:469208,本地号:2018062900480425,系统号:00201806300000000016,更新人:,更新时间:,订单状态:51,成交价:0,成交数量:0,错误码:0,操作人号:
[10:36:56.504]48564D21212B5D2D48632F5A6C2C5D5B1D41595E4C4A5D185042314120503F21
[10:36:57.528]发送撤单请求,订单ID:469208,请求ID:11,返回值:0
[10:36:57.528]39583055265E5D5C48115C216B54295B1C4D5F5B4640571F5034353250274C25
[10:36:57.544]收到订单状态更新:订单类型49,开平标志:78,投保标志:84,委托价格:73.19,触发价格:0,订单数量:1,委托流号:656152,委托ID:469208,本地号:2018062900480425,系统号:00201806300000000016,更新人:,更新时间:2018-06-29 10:36:48,订单状态:52,成交价:0,成交数量:0,错误码:0,操作人号:
[10:36:57.544]435E36515F285F5E3B662B266D5D2D566A4E5B5F47425D1F544734475D233C5B
[10:36:57.545]收到订单状态更新:订单类型49,开平标志:78,投保标志:84,委托价格:73.19,触发价格:0,订单数量:1,委托流号:656153,委托ID:469208,本地号:2018062900480425,系统号:00201806300000000016,更新人:,更新时间:2018-06-29 10:36:48,订单状态:55,成交价:0,成交数量:0,错误码:0,操作人号:
[10:36:57.545]3B5745525F5E2D2A4A195D5B1F5D58206C385E5B373521175542463121533854
[10:36:57.545]发送报单请求,客户号:C1171,商品代码:CL,合约代码:1808,委托类型:49,委托模式:51,有效日期:,风险类型:0,买卖方向:66,开平标志:78,投保标志:84,委托价格:73.22,触发价格:0,委托数量:1,最小成交量:1,保留字段1:0,保留字段2:0,保留字段3:,请求ID:12,返回值:0
[10:36:57.545]3E5C4021542A2B5C3E135A226F592C5B183B2D5646325D175730463752553E27
[10:36:57.565]收到报单应答,委托流号:656154,委托号:469209,本地号:2018062900480427,客户交易账号:,下单人:,下单时间:2018-06-29 10:36:48,委托状态:1,请求ID:12
[10:36:57.565]3B293351525C2A5D4F195F5718555A21193A2B2A3043271C5045414250204C56
[10:36:57.566]收到订单状态更新:订单类型49,开平标志:78,投保标志:84,委托价格:73.22,触发价格:0,订单数量:1,委托流号:656155,委托ID:469209,本地号:2018062900480427,系统号:00201806300000000017,更新人:,更新时间:,订单状态:51,成交价:0,成交数量:0,错误码:0,操作人号:
[10:36:57.566]435E3653512C5D5143645A5A6F2F2A5A1E3A282C4647261A2131444350244954
[10:37:05.744]发送撤单请求,订单ID:469209,请求ID:13,返回值:0
[10:37:05.744]395631565F572B5E4D662856195C5B521D3A2C5D4C46526856344F3627253C20
[10:37:05.755]收到订单状态更新:订单类型49,开平标志:78,投保标志:84,委托价格:73.22,触发价格:0,订单数量:1,委托流号:656155,委托ID:469209,本地号:2018062900480427,系统号:00201806300000000017,更新人:,更新时间:2018-06-29 10:36:56,订单状态:52,成交价:0,成交数量:0,错误码:0,操作人号:
[10:37:05.755]435A47235E2C2C5148102C5B6B295F271F4B2D5F4646236F27474447205E3852
[10:37:05.757]收到订单状态更新:订单类型49,开平标志:78,投保标志:84,委托价格:73.22,触发价格:0,订单数量:1,委托流号:656156,委托ID:469209,本地号:2018062900480427,系统号:00201806300000000017,更新人:,更新时间:2018-06-29 10:36:56,订单状态:55,成交价:0,成交数量:0,错误码:0,操作人号:
[10:37:05.757]3B5D4624505E575F3F1556551B295C5A183F5C2D3636546C2643343652273F50
[10:37:05.757]发送报单请求,客户号:C1171,商品代码:CL,合约代码:1808,委托类型:49,委托模式:51,有效日期:,风险类型:0,买卖方向:66,开平标志:78,投保标志:84,委托价格:73.24,触发价格:0,委托数量:1,最小成交量:1,保留字段1:0,保留字段2:0,保留字段3:,请求ID:14,返回值:0
[10:37:05.757]4E2A445551562A5B3C132B52162C2D201E3F585F4631541E51414036205E3952
[10:37:05.776]收到报单应答,委托流号:656157,委托号:469210,本地号:2018062900480429,客户交易账号:,下单人:,下单时间:2018-06-29 10:36:56,委托状态:1,请求ID:14
[10:37:05.776]4F5D335F5E5F2B2A4B185D5019545F256C3F282C3443516B5546424B52543B21
[10:37:05.777]收到订单状态更新:订单类型49,开平标志:78,投保标志:84,委托价格:73.24,触发价格:0,订单数量:1,委托流号:656158,委托ID:469210,本地号:2018062900480429,系统号:00201806300000000018,更新人:,更新时间:,订单状态:51,成交价:0,成交数量:0,错误码:0,操作人号:
[10:37:05.777]3F2D415351582C504C142F536A2856526A4C2A5D3045531C2042343552254F55
[10:37:05.969]收到成交状态更新:成交流号3,客户号:C1171,系统号:00201806300000000018,成交号:000000000005,成交模式:78,成交方式:83,成交价格:73.24,成交数量:1,成交时间:2018-06-29 10:36:56,成交费用:12,手续费币种:,T+1标志:78,手工手续费:78,删除标志:78,委托ID:469210,成交ID:3
[10:37:05.969]3B29402421585A5D4F185A27682F5D556B4E5C2B334A261B21304E3727243F55
[10:37:05.970]收到订单状态更新:订单类型49,开平标志:78,投保标志:84,委托价格:73.24,触发价格:0,订单数量:1,委托流号:656159,委托ID:469210,本地号:2018062900480429,系统号:00201806300000000018,更新人:,更新时间:,订单状态:57,成交价:73.24,成交数量:1,错误码:0,操作人号:
[10:37:05.970]432C4250255C2C593F19565168545B21174A5A2A4442271A57454E3526274854
[10:37:07.268]发送报单请求,客户号:C1171,商品代码:CL,合约代码:1808,委托类型:49,委托模式:51,有效日期:,风险类型:0,买卖方向:83,开平标志:78,投保标志:84,委托价格:73.21,触发价格:0,委托数量:1,最小成交量:1,保留字段1:0,保留字段2:0,保留字段3:,请求ID:15,返回值:0
[10:37:07.268]425E4351572B582B4963575B1B55572216385B5F36365D1C254A424023234252
[10:37:07.287]收到报单应答,委托流号:656160,委托号:469211,本地号:2018062900480430,客户交易账号:,下单人:,下单时间:2018-06-29 10:36:58,委托状态:1,请求ID:15
[10:37:07.287]485A3322532A5D583E192F5A1E2F595B6B4C2B5C464A501C2540453550203C22
[10:37:07.289]收到订单状态更新:订单类型49,开平标志:78,投保标志:84,委托价格:73.21,触发价格:0,订单数量:1,委托流号:656161,委托ID:469211,本地号:2018062900480430,系统号:00201806300000000019,更新人:,更新时间:,订单状态:51,成交价:0,成交数量:0,错误码:0,操作人号:
[10:37:07.289]422B4622252A5F503B625C216B5E2C556F4928584D4152185141363654564325
[10:37:07.482]收到成交状态更新:成交流号4,客户号:C1171,系统号:00201806300000000019,成交号:000000000006,成交模式:78,成交方式:83,成交价格:73.22,成交数量:1,成交时间:2018-06-29 10:36:57,成交费用:12,手续费币种:,T+1标志:78,手工手续费:78,删除标志:78,委托ID:469211,成交ID:4
[10:37:07.482]4B593722552A2A5B4A6456226B5D2A216F3C5F5836415D195641344453503850
[10:37:07.484]收到订单状态更新:订单类型49,开平标志:78,投保标志:84,委托价格:73.21,触发价格:0,订单数量:1,委托流号:656162,委托ID:469211,本地号:2018062900480430,系统号:00201806300000000019,更新人:,更新时间:,订单状态:57,成交价:73.22,成交数量:1,错误码:0,操作人号:
[10:37:07.484]3F29315457285A5F4A132C201A5429206D49582C42455019574B434251513E56
[10:37:08.770]发送报单请求,客户号:C1171,商品代码:CL,合约代码:1808,委托类型:49,委托模式:51,有效日期:,风险类型:0,买卖方向:66,开平标志:78,投保标志:84,委托价格:73.23,触发价格:0,委托数量:1,最小成交量:1,保留字段1:0,保留字段2:0,保留字段3:,请求ID:16,返回值:0
[10:37:08.770]4F574D245F5B2A594D155B261D292921163C2B2F4542566D53334F3051254F53
[10:37:08.789]收到报单应答,委托流号:656163,委托号:469212,本地号:2018062900480431,客户交易账号:,下单人:,下单时间:2018-06-29 10:36:59,委托状态:1,请求ID:16
[10:37:08.789]4B2D4456245C585039115B506D545F516F4857573036561D574145475D20495B
[10:37:08.790]收到订单状态更新:订单类型49,开平标志:78,投保标志:84,委托价格:73.23,触发价格:0,订单数量:1,委托流号:656164,委托ID:469212,本地号:2018062900480431,系统号:00201806300000000020,更新人:,更新时间:,订单状态:51,成交价:0,成交数量:0,错误码:0,操作人号:
[10:37:08.790]392E4553225B2C5A4E632C5A1C5D5B576F4E2A2B3643266F2137364656554852
[10:37:23.316]收到成交状态更新:成交流号5,客户号:C1171,系统号:00201806300000000020,成交号:000000000007,成交模式:78,成交方式:83,成交价格:73.22,成交数量:1,成交时间:2018-06-29 10:37:13,成交费用:12,手续费币种:,T+1标志:78,手工手续费:78,删除标志:78,委托ID:469212,成交ID:5
[10:37:23.316]3C2B3022555858514F112A536A5C5921164E595A414A5D1D5546474651513857
[10:37:23.513]收到订单状态更新:订单类型49,开平标志:78,投保标志:84,委托价格:73.23,触发价格:0,订单数量:1,委托流号:656165,委托ID:469212,本地号:2018062900480431,系统号:00201806300000000020,更新人:,更新时间:,订单状态:57,成交价:73.22,成交数量:1,错误码:0,操作人号:
[10:37:23.513]4C5A4D54555F2C294E122F5B19542C221B4F2C2D304B51682540453551553C25
[13:26:01.374]发送登陆请求,客户号:C1171,请求ID:1,返回值:0
[13:26:01.374]3929415F51585D2E43655A2016555E506C3A5D2D314453685340354351204F51
[13:26:01.402]登陆用户:C1171,服务器时间:2018-06-29 13:25:51,登陆身份:c
[13:26:01.402]4B573356522B5C5F4F19582718285A541D4E5F2C4042266D51454F4557203B5B
[13:30:48.669]发送报单请求,客户号:C1171,商品代码:CL,合约代码:1808,委托类型:49,委托模式:51,有效日期:,风险类型:0,买卖方向:83,开平标志:78,投保标志:84,委托价格:73.24,触发价格:0,委托数量:1,最小成交量:1,保留字段1:0,保留字段2:0,保留字段3:,请求ID:5,返回值:0
[13:30:48.669]4E594257242D5F2C49135C5019555C271F4D5A5E364621685744354150533827
[13:30:48.689]收到报单应答,委托流号:656185,委托号:469219,本地号:2018062900480439,客户交易账号:,下单人:,下单时间:2018-06-29 13:30:38,委托状态:1,请求ID:5
[13:30:48.689]3C5E43265E5E5E51391357521C545D256F4F2F2F343051682630423152243952
[13:30:48.691]收到订单状态更新:订单类型49,开平标志:78,投保标志:84,委托价格:73.24,触发价格:0,订单数量:1,委托流号:656186,委托ID:469219,本地号:2018062900480439,系统号:00201806300000000027,更新人:,更新时间:,订单状态:51,成交价:0,成交数量:0,错误码:0,操作人号:
[13:30:48.691]422B475F565A29514A635F506D295B511A4C282B40415C1953344740565F4825
[13:49:59.835]收到成交状态更新:成交流号12,客户号:C1171,系统号:00201806300000000027,成交号:000000000014,成交模式:78,成交方式:83,成交价格:73.25,成交数量:1,成交时间:2018-06-29 13:49:49,成交费用:12,手续费币种:,T+1标志:78,手工手续费:78,删除标志:78,委托ID:469219,成交ID:12
[13:49:59.835]3C583653255C5E293C195A2117282C5A6B3A592D4144526D2142343021534956
[13:50:00.024]收到订单状态更新:订单类型49,开平标志:78,投保标志:84,委托价格:73.24,触发价格:0,订单数量:1,委托流号:656187,委托ID:469219,本地号:2018062900480439,系统号:00201806300000000027,更新人:,更新时间:,订单状态:57,成交价:73.25,成交数量:1,错误码:0,操作人号:
[13:50:00.024]4A5B4451525B2D5C39145F51165A5756193A5C5F3345241756424F3020204F25
