[21:25:35.769]发送登陆请求,客户号:C1171,请求ID:1,返回值:0
[21:25:35.769]3929415F51585D2E43655A2016555E506C3A5D2D314453685340354351204F51
[21:25:35.805]登陆用户:C1171,服务器时间:2018-07-06 21:25:28,登陆身份:c
[21:25:35.805]4D2C37265E5F56294F615C501E2E58511C4D5D574035546F2745444B56503B53
[21:25:58.964]发送报单请求,客户号:C1171,商品代码:CL,合约代码:1808,委托类型:49,委托模式:51,有效日期:,风险类型:0,买卖方向:83,开平标志:78,投保标志:84,委托价格:73.73,触发价格:0,委托数量:1,最小成交量:1,保留字段1:0,保留字段2:0,保留字段3:,请求ID:11,返回值:0
[21:25:58.964]395B3650262B5E5E4A662D5168295A57183B2B5B343655195645463055523B21
[21:25:58.985]收到报单应答,委托流号:656216,委托号:469230,本地号:2018070600480456,客户交易账号:,下单人:,下单时间:2018-07-06 21:25:51,委托状态:1,请求ID:11
[21:25:58.985]3E5A3424242D2E5B4A642D52195B5B226C382A564343501957434546515F4C27
[21:25:58.987]收到订单状态更新:订单类型49,开平标志:78,投保标志:84,委托价格:73.73,触发价格:0,订单数量:1,委托流号:656217,委托ID:469230,本地号:2018070600480456,系统号:00201807070000000030,更新人:,更新时间:,订单状态:51,成交价:0,成交数量:0,错误码:0,操作人号:
[21:25:58.987]392E4D565E5C57593C10575A685A5F561E4E5D2C4345236C5030364223553C22
[22:03:58.909]发送报单请求,客户号:C1171,商品代码:CL,合约代码:1808,委托类型:49,委托模式:51,有效日期:,风险类型:0,买卖方向:83,开平标志:78,投保标志:84,委托价格:72.56,触发价格:0,委托数量:1,最小成交量:1,保留字段1:0,保留字段2:0,保留字段3:,请求ID:12,返回值:0
[22:03:58.909]4B5D462457562A5B3F105F22185C2E526B4C592D37402468273645465C224E55
[22:03:58.924]收到报单应答,委托流号:656221,委托号:469232,本地号:2018070600480458,客户交易账号:,下单人:,下单时间:2018-07-06 22:03:51,委托状态:1,请求ID:12
[22:03:58.924]422A4C53265D2D2A3F122A551B2B5951163D5C5E4744526C2041473226544E51
[22:03:58.926]收到订单状态更新:订单类型49,开平标志:78,投保标志:84,委托价格:72.56,触发价格:0,订单数量:1,委托流号:656222,委托ID:469232,本地号:2018070600480458,系统号:00201807070000000032,更新人:,更新时间:,订单状态:51,成交价:0,成交数量:0,错误码:0,操作人号:
[22:03:58.926]4D5D4223235C562E3C622B221B595E271F3B2B2843455D1A50463243545F4922
[22:04:00.412]发送撤单请求,订单ID:469232,请求ID:13,返回值:0
[22:04:00.412]3F5D3454542C29514A665E511A5C2E251B3D2B5B3343501E5537454721234E52
[22:04:00.425]收到订单状态更新:订单类型49,开平标志:78,投保标志:84,委托价格:72.56,触发价格:0,订单数量:1,委托流号:656222,委托ID:469232,本地号:2018070600480458,系统号:00201807070000000032,更新人:,更新时间:2018-07-06 22:03:53,订单状态:52,成交价:0,成交数量:0,错误码:0,操作人号:
[22:04:00.425]382E3125575B2D5948192A256B2B2B221E4D5959364B526C2043443226564B55
[22:04:00.426]收到订单状态更新:订单类型49,开平标志:78,投保标志:84,委托价格:72.56,触发价格:0,订单数量:1,委托流号:656223,委托ID:469232,本地号:2018070600480458,系统号:00201807070000000032,更新人:,更新时间:2018-07-06 22:03:53,订单状态:55,成交价:0,成交数量:0,错误码:0,操作人号:
[22:04:00.426]4E58432350572E2C4E1357571B2F5920684C59283443511957404F435C544226
[22:04:00.426]发送报单请求,客户号:C1171,商品代码:CL,合约代码:1808,委托类型:49,委托模式:51,有效日期:,风险类型:0,买卖方向:83,开平标志:78,投保标志:84,委托价格:72.54,触发价格:0,委托数量:1,最小成交量:1,保留字段1:0,保留字段2:0,保留字段3:,请求ID:14,返回值:0
[22:04:00.426]3C29442522592B5A4F192B55185D2E536D3F56284437236B5531404A50243E57
[22:04:00.446]收到报单应答,委托流号:656224,委托号:469233,本地号:2018070600480460,客户交易账号:,下单人:,下单时间:2018-07-06 22:03:53,委托状态:1,请求ID:14
[22:04:00.446]3F5843515F595E2C39125B5A6A5B2E2717382D2B433726165540433653244E55
[22:04:00.447]收到订单状态更新:订单类型49,开平标志:78,投保标志:84,委托价格:72.54,触发价格:0,订单数量:1,委托流号:656225,委托ID:469233,本地号:2018070600480460,系统号:00201807070000000033,更新人:,更新时间:,订单状态:51,成交价:0,成交数量:0,错误码:0,操作人号:
[22:04:00.447]3C2D3126225A565D3E152B566B2B5D26193A5B5F454026172633324B21254B53
[22:04:00.643]收到成交状态更新:成交流号12,客户号:C1171,系统号:00201807070000000033,成交号:000000000014,成交模式:78,成交方式:83,成交价格:72.54,成交数量:1,成交时间:2018-07-06 22:03:52,成交费用:12,手续费币种:,T+1标志:78,手工手续费:78,删除标志:78,委托ID:469233,成交ID:12
[22:04:00.643]4B563351502F5A5C3F142A226B5A2E22184D5B584146576C2734363657543F53
[22:04:00.644]收到订单状态更新:订单类型49,开平标志:78,投保标志:84,委托价格:72.54,触发价格:0,订单数量:1,委托流号:656226,委托ID:469233,本地号:2018070600480460,系统号:00201807070000000033,更新人:,更新时间:,订单状态:57,成交价:72.54,成交数量:1,错误码:0,操作人号:
[22:04:00.644]4A5E3650535B5E5149665C501F5E29561A4D2C2F36355D1C5D4B403654534B51
[22:04:37.909]发送报单请求,客户号:C1171,商品代码:CL,合约代码:1808,委托类型:49,委托模式:51,有效日期:,风险类型:0,买卖方向:66,开平标志:78,投保标志:84,委托价格:72.51,触发价格:0,委托数量:1,最小成交量:1,保留字段1:0,保留字段2:0,保留字段3:,请求ID:15,返回值:0
[22:04:37.909]395D405456595E504F152C201C2958211F48575B314A576D5D31474453544F51
[22:04:37.930]收到报单应答,委托流号:656227,委托号:469234,本地号:2018070600480461,客户交易账号:,下单人:,下单时间:2018-07-06 22:04:30,委托状态:1,请求ID:15
[22:04:37.930]38294050252A575F4B105F556D2B5C551B3A5A57454A236D5445424553503C5A
[22:04:37.932]收到订单状态更新:订单类型49,开平标志:78,投保标志:84,委托价格:72.51,触发价格:0,订单数量:1,委托流号:656228,委托ID:469234,本地号:2018070600480461,系统号:00201807070000000034,更新人:,更新时间:,订单状态:51,成交价:0,成交数量:0,错误码:0,操作人号:
[22:04:37.932]4F5A45235F565E2A43632D221C592B54684C2B593744521A5D30403624504857
[22:04:38.978]收到成交状态更新:成交流号13,客户号:C1171,系统号:00201807070000000034,成交号:000000000015,成交模式:78,成交方式:83,成交价格:72.49,成交数量:1,成交时间:2018-07-06 22:04:30,成交费用:12,手续费币种:,T+1标志:78,手工手续费:78,删除标志:78,委托ID:469234,成交ID:13
[22:04:38.978]4A564353545E2D2B4D6557516A5B5E20183B582A3136571850364637265E4221
[22:04:39.175]收到订单状态更新:订单类型49,开平标志:78,投保标志:84,委托价格:72.51,触发价格:0,订单数量:1,委托流号:656229,委托ID:469234,本地号:2018070600480461,系统号:00201807070000000034,更新人:,更新时间:,订单状态:57,成交价:72.49,成交数量:1,错误码:0,操作人号:
[22:04:39.175]492A415F212A5E514A632D561C5A5B226F485A5A3331261B2534444B23524A21
[22:07:06.135]发送报单请求,客户号:C1171,商品代码:CL,合约代码:1808,委托类型:49,委托模式:51,有效日期:,风险类型:0,买卖方向:66,开平标志:78,投保标志:84,委托价格:72.79,触发价格:0,委托数量:1,最小成交量:1,保留字段1:0,保留字段2:0,保留字段3:,请求ID:16,返回值:0
[22:07:06.135]4E2B3023225B5C58481456511B585A5A6F49285E4645531A22344044575E3953
[22:07:06.154]收到报单应答,委托流号:656230,委托号:469235,本地号:2018070600480462,客户交易账号:,下单人:,下单时间:2018-07-06 22:06:58,委托状态:1,请求ID:16
[22:07:06.154]382A4D52265C2D503C125C201A545C5B1B3B2B2D314154185636353751513C26
[22:07:06.156]收到订单状态更新:订单类型49,开平标志:78,投保标志:84,委托价格:72.79,触发价格:0,订单数量:1,委托流号:656231,委托ID:469235,本地号:2018070600480462,系统号:00201807070000000035,更新人:,更新时间:,订单状态:51,成交价:0,成交数量:0,错误码:0,操作人号:
[22:07:06.156]4C563024552C2A2A4F135B501A552A501D495B5F36375D1C563034435D234E22
[22:07:07.605]收到成交状态更新:成交流号14,客户号:C1171,系统号:00201807070000000035,成交号:000000000016,成交模式:78,成交方式:83,成交价格:72.78,成交数量:1,成交时间:2018-07-06 22:06:59,成交费用:12,手续费币种:,T+1标志:78,手工手续费:78,删除标志:78,委托ID:469235,成交ID:14
[22:07:07.605]492A4421522B5B5E3C192F251F5E2B551A4E5D574037216D22414F425C224F26
[22:07:07.797]收到订单状态更新:订单类型49,开平标志:78,投保标志:84,委托价格:72.79,触发价格:0,订单数量:1,委托流号:656232,委托ID:469235,本地号:2018070600480462,系统号:00201807070000000035,更新人:,更新时间:,订单状态:57,成交价:72.78,成交数量:1,错误码:0,操作人号:
[22:07:07.797]4C2C415150585D5C421259561B5D2C51683F2A593332236F2243433721524E56
[22:08:02.677]发送报单请求,客户号:C1171,商品代码:CL,合约代码:1808,委托类型:49,委托模式:51,有效日期:,风险类型:0,买卖方向:83,开平标志:78,投保标志:84,委托价格:72.84,触发价格:0,委托数量:1,最小成交量:1,保留字段1:0,保留字段2:0,保留字段3:,请求ID:17,返回值:0
[22:08:02.677]4A5C412126285D594B182D55172F57206A495A5E464A5D6F52473232515E4851
[22:08:02.700]收到报单应答,委托流号:656233,委托号:469236,本地号:2018070600480463,客户交易账号:,下单人:,下单时间:2018-07-06 22:07:55,委托状态:1,请求ID:17
[22:08:02.700]4E2D362626562C2949125A5A1B5D5956684E5759473257685536444B56573E27
[22:08:02.701]收到订单状态更新:订单类型49,开平标志:78,投保标志:84,委托价格:72.84,触发价格:0,订单数量:1,委托流号:656234,委托ID:469236,本地号:2018070600480463,系统号:00201807070000000036,更新人:,更新时间:,订单状态:51,成交价:0,成交数量:0,错误码:0,操作人号:
[22:08:02.701]4A574D2225592A584A615922192B5A22174E5B56474757175345354424243B50
[22:08:03.344]收到成交状态更新:成交流号15,客户号:C1171,系统号:00201807070000000036,成交号:000000000017,成交模式:78,成交方式:83,成交价格:72.85,成交数量:1,成交时间:2018-07-06 22:07:55,成交费用:12,手续费币种:,T+1标志:78,手工手续费:78,删除标志:78,委托ID:469236,成交ID:15
[22:08:03.344]43294522242D5E513C66572616285C27184B2D5937455317553743355C5E3853
[22:08:03.542]收到订单状态更新:订单类型49,开平标志:78,投保标志:84,委托价格:72.84,触发价格:0,订单数量:1,委托流号:656235,委托ID:469236,本地号:2018070600480463,系统号:00201807070000000036,更新人:,更新时间:,订单状态:57,成交价:72.85,成交数量:1,错误码:0,操作人号:
[22:08:03.542]4A2D45265E592B5A3911595A6D5D5E201F4C2A5D4543531A2642444152564252
[22:12:43.801]发送报单请求,客户号:C1171,商品代码:CL,合约代码:1808,委托类型:49,委托模式:51,有效日期:,风险类型:0,买卖方向:66,开平标志:78,投保标志:84,委托价格:73.23,触发价格:0,委托数量:1,最小成交量:1,保留字段1:0,保留字段2:0,保留字段3:,请求ID:18,返回值:0
[22:12:43.801]432A4C232356595039632D5768585F216C382C5E443557172633443120574822
[22:12:43.817]收到报单应答,委托流号:656236,委托号:469237,本地号:2018070600480464,客户交易账号:,下单人:,下单时间:2018-07-06 22:12:36,委托状态:1,请求ID:18
[22:12:43.817]49594522512F5F504D125A261E55595B163C2A5E3443501A2242314726554E5A
[22:12:43.818]收到订单状态更新:订单类型49,开平标志:78,投保标志:84,委托价格:73.23,触发价格:0,订单数量:1,委托流号:656237,委托ID:469237,本地号:2018070600480464,系统号:00201807070000000037,更新人:,更新时间:,订单状态:51,成交价:0,成交数量:0,错误码:0,操作人号:
[22:12:43.818]4A2D44245E592C514A18285068292A271B4C2C284146501C56374F315D27435A
[22:12:51.250]收到成交状态更新:成交流号16,客户号:C1171,系统号:00201807070000000037,成交号:000000000018,成交模式:78,成交方式:83,成交价格:73.22,成交数量:1,成交时间:2018-07-06 22:12:43,成交费用:12,手续费币种:,T+1标志:78,手工手续费:78,删除标志:78,委托ID:469237,成交ID:16
[22:12:51.250]39294223232B5B5B4D642C5B6A5F5E5A1F3D5D574D44541F52314E4120544325
[22:12:51.443]收到订单状态更新:订单类型49,开平标志:78,投保标志:84,委托价格:73.23,触发价格:0,订单数量:1,委托流号:656238,委托ID:469237,本地号:2018070600480464,系统号:00201807070000000037,更新人:,更新时间:,订单状态:57,成交价:73.22,成交数量:1,错误码:0,操作人号:
[22:12:51.443]382E465E555A2A2D4E145B5B1D2F5A51164058574C4556685240434357554826
[22:14:33.811]发送报单请求,客户号:C1171,商品代码:CL,合约代码:1808,委托类型:49,委托模式:51,有效日期:,风险类型:0,买卖方向:83,开平标志:78,投保标志:84,委托价格:73.28,触发价格:0,委托数量:1,最小成交量:1,保留字段1:0,保留字段2:0,保留字段3:,请求ID:19,返回值:0
[22:14:33.811]435B4356535B5D2D4F612B551A5959526A3F5B563635556F5546453121573E22
[22:14:33.829]收到报单应答,委托流号:656239,委托号:469238,本地号:2018070600480465,客户交易账号:,下单人:,下单时间:2018-07-06 22:14:26,委托状态:1,请求ID:19
[22:14:33.829]4A2B4351245D585C3C105E516C5856201E4D2C2B453227195C344E35565F3C57
[22:14:33.830]收到订单状态更新:订单类型49,开平标志:78,投保标志:84,委托价格:73.28,触发价格:0,订单数量:1,委托流号:656240,委托ID:469238,本地号:2018070600480465,系统号:00201807070000000038,更新人:,更新时间:,订单状态:51,成交价:0,成交数量:0,错误码:0,操作人号:
[22:14:33.830]495D3625235B5B5C3E665C56175F5F57193C595633325C1C56454543575E3C50
[22:14:35.015]收到成交状态更新:成交流号17,客户号:C1171,系统号:00201807070000000038,成交号:000000000019,成交模式:78,成交方式:83,成交价格:73.3,成交数量:1,成交时间:2018-07-06 22:14:26,成交费用:12,手续费币种:,T+1标志:78,手工手续费:78,删除标志:78,委托ID:469238,成交ID:17
[22:14:35.015]38593756265C5D5C49112C516A5B5A5B1D4B582A3144561C274B423552563C53
[22:14:35.212]收到订单状态更新:订单类型49,开平标志:78,投保标志:84,委托价格:73.28,触发价格:0,订单数量:1,委托流号:656241,委托ID:469238,本地号:2018070600480465,系统号:00201807070000000038,更新人:,更新时间:,订单状态:57,成交价:73.3,成交数量:1,错误码:0,操作人号:
[22:14:35.212]4A5E4C255E59585C4B66595B1F5F2E541D415F5D3442506854454E4451534C5B
[22:54:09.095]发送报单请求,客户号:C1171,商品代码:CL,合约代码:1808,委托类型:49,委托模式:51,有效日期:,风险类型:0,买卖方向:83,开平标志:78,投保标志:84,委托价格:73.35,触发价格:0,委托数量:1,最小成交量:1,保留字段1:0,保留字段2:0,保留字段3:,请求ID:20,返回值:0
[22:54:09.095]3F2D3750545A57294B1959226B542C206C4A585E4D45271F5D33444051573B52
[22:54:09.111]收到报单应答,委托流号:656242,委托号:469239,本地号:2018070600480466,客户交易账号:,下单人:,下单时间:2018-07-06 22:54:01,委托状态:1,请求ID:20
[22:54:09.111]4F563421505C2E2C3F1757261A5857266A4B2F2A3045521852334F3250503927
[22:54:09.112]收到订单状态更新:订单类型49,开平标志:78,投保标志:84,委托价格:73.35,触发价格:0,订单数量:1,委托流号:656243,委托ID:469239,本地号:2018070600480466,系统号:00201807070000000039,更新人:,更新时间:,订单状态:51,成交价:0,成交数量:0,错误码:0,操作人号:
[22:54:09.112]425D45555F5C5A2C4B122B5A195D5D531F4956563031516C5046433157233B55
[22:54:10.065]收到成交状态更新:成交流号18,客户号:C1171,系统号:00201807070000000039,成交号:000000000020,成交模式:78,成交方式:83,成交价格:73.36,成交数量:1,成交时间:2018-07-06 22:54:01,成交费用:12,手续费币种:,T+1标志:78,手工手续费:78,删除标志:78,委托ID:469239,成交ID:18
[22:54:10.065]49563054262C5A5D49105A576C2B5E556B3A565C404A521C55474732545E3C20
[22:54:10.254]收到订单状态更新:订单类型49,开平标志:78,投保标志:84,委托价格:73.35,触发价格:0,订单数量:1,委托流号:656244,委托ID:469239,本地号:2018070600480466,系统号:00201807070000000039,更新人:,更新时间:,订单状态:57,成交价:73.36,成交数量:1,错误码:0,操作人号:
[22:54:10.254]4F2B4750545C5E2D381958566F2B5D21163B2D5F3336526B563141365753385B
[22:57:36.096]发送报单请求,客户号:C1171,商品代码:CL,合约代码:1808,委托类型:49,委托模式:51,有效日期:,风险类型:0,买卖方向:66,开平标志:78,投保标志:84,委托价格:73.46,触发价格:0,委托数量:1,最小成交量:1,保留字段1:0,保留字段2:0,保留字段3:,请求ID:21,返回值:0
[22:57:36.096]3F2B4D55212D5F5D49135A516859595A1C3F2C2D4C3553165330424457554D55
[22:57:36.109]收到报单应答,委托流号:656245,委托号:469240,本地号:2018070600480467,客户交易账号:,下单人:,下单时间:2018-07-06 22:57:28,委托状态:1,请求ID:21
[22:57:36.109]4C574752265E595F4B65285B6A5A2D501D3D5E5C4132556C5442314026243F56
[22:57:36.110]收到订单状态更新:订单类型49,开平标志:78,投保标志:84,委托价格:73.46,触发价格:0,订单数量:1,委托流号:656246,委托ID:469240,本地号:2018070600480467,系统号:00201807070000000040,更新人:,更新时间:,订单状态:51,成交价:0,成交数量:0,错误码:0,操作人号:
[22:57:36.110]3C5D375E5228592E4A642F5B1E545C571D4F2A573431556D5636323255554854
[22:57:36.310]收到成交状态更新:成交流号19,客户号:C1171,系统号:00201807070000000040,成交号:000000000021,成交模式:78,成交方式:83,成交价格:73.46,成交数量:1,成交时间:2018-07-06 22:57:27,成交费用:12,手续费币种:,T+1标志:78,手工手续费:78,删除标志:78,委托ID:469240,成交ID:19
[22:57:36.310]4E5C4D55222F5C2943122C2519285F571B4C2C5F4447556F544343355C543B27
[22:57:36.312]收到订单状态更新:订单类型49,开平标志:78,投保标志:84,委托价格:73.46,触发价格:0,订单数量:1,委托流号:656247,委托ID:469240,本地号:2018070600480467,系统号:00201807070000000040,更新人:,更新时间:,订单状态:57,成交价:73.46,成交数量:1,错误码:0,操作人号:
[22:57:36.312]4B574D575E2D2D5F4D645B211D2E57201C4F592F4040521B5545444A20254F56
[23:36:35.488]收到成交状态更新:成交流号20,客户号:C1171,系统号:00201807070000000030,成交号:000000000022,成交模式:78,成交方式:83,成交价格:73.85,成交数量:1,成交时间:2018-07-06 23:36:26,成交费用:12,手续费币种:,T+1标志:78,手工手续费:78,删除标志:78,委托ID:469230,成交ID:20
[23:36:35.488]4A2C34542328592949622D556B292B526D482D284345551F5D45354A54203F26
[23:36:35.682]收到订单状态更新:订单类型49,开平标志:78,投保标志:84,委托价格:73.73,触发价格:0,订单数量:1,委托流号:656248,委托ID:469230,本地号:2018070600480456,系统号:00201807070000000030,更新人:,更新时间:,订单状态:57,成交价:73.85,成交数量:1,错误码:0,操作人号:
[23:36:35.682]4D58415F5E562A58421028551B5B5E516F3C565A414B54162036404726203C21
[23:40:02.158]发送报单请求,客户号:C1171,商品代码:CL,合约代码:1808,委托类型:49,委托模式:51,有效日期:,风险类型:0,买卖方向:66,开平标志:78,投保标志:84,委托价格:73.8,触发价格:0,委托数量:1,最小成交量:1,保留字段1:0,保留字段2:0,保留字段3:,请求ID:22,返回值:0
[23:40:02.158]435A4155565E2E5A38115C26685858221F3B57583647526A5730424656544D55
[23:40:02.176]收到报单应答,委托流号:656249,委托号:469241,本地号:2018070600480468,客户交易账号:,下单人:,下单时间:2018-07-06 23:39:54,委托状态:1,请求ID:22
[23:40:02.176]485C3753525C2E294C125B561C5F58531A3B5F2842442017204547445D254F27
[23:40:02.178]收到订单状态更新:订单类型49,开平标志:78,投保标志:84,委托价格:73.8,触发价格:0,订单数量:1,委托流号:656250,委托ID:469241,本地号:2018070600480468,系统号:00201807070000000041,更新人:,更新时间:,订单状态:51,成交价:0,成交数量:0,错误码:0,操作人号:
[23:40:02.178]42564722542B565C43155B27185A295B1A3D2D5D43305D175746474357554D25
[23:40:03.646]发送撤单请求,订单ID:469241,请求ID:23,返回值:0
[23:40:03.646]3E5C4C5F235858503C6157541D5A2D531D3A2F5E4446201E2644354B5D564A57
[23:40:03.657]收到订单状态更新:订单类型49,开平标志:78,投保标志:84,委托价格:73.8,触发价格:0,订单数量:1,委托流号:656250,委托ID:469241,本地号:2018070600480468,系统号:00201807070000000041,更新人:,更新时间:2018-07-06 23:39:56,订单状态:52,成交价:0,成交数量:0,错误码:0,操作人号:
[23:40:03.657]382D3424252857514F105653192F2C566F4E2F2A4035556F2543333550533B26
[23:40:03.658]收到订单状态更新:订单类型49,开平标志:78,投保标志:84,委托价格:73.8,触发价格:0,订单数量:1,委托流号:656251,委托ID:469241,本地号:2018070600480468,系统号:00201807070000000041,更新人:,更新时间:2018-07-06 23:39:56,订单状态:55,成交价:0,成交数量:0,错误码:0,操作人号:
[23:40:03.658]485F36512459562E43192F201C5E2C261C4A5C2C34435D6A2645413626554351
[23:40:03.671]发送报单请求,客户号:C1171,商品代码:CL,合约代码:1808,委托类型:49,委托模式:51,有效日期:,风险类型:0,买卖方向:66,开平标志:78,投保标志:84,委托价格:73.82,触发价格:0,委托数量:1,最小成交量:1,保留字段1:0,保留字段2:0,保留字段3:,请求ID:24,返回值:0
[23:40:03.671]435740265E5B582C4A195C2618282E2117495F2A4D40231A524B433724574855
[23:40:03.688]收到报单应答,委托流号:656252,委托号:469242,本地号:2018070600480470,客户交易账号:,下单人:,下单时间:2018-07-06 23:39:56,委托状态:1,请求ID:24
[23:40:03.688]3F2D445E23585D2E3E102A561B585F221F4C2A5C4C4B5D6C2637423552514D52
[23:40:03.689]收到订单状态更新:订单类型49,开平标志:78,投保标志:84,委托价格:73.82,触发价格:0,订单数量:1,委托流号:656253,委托ID:469242,本地号:2018070600480470,系统号:00201807070000000042,更新人:,更新时间:,订单状态:51,成交价:0,成交数量:0,错误码:0,操作人号:
[23:40:03.689]385C4754512A5A5A48665F5616585C531638595C4D40551B5040333227504B5B
[23:40:03.888]收到成交状态更新:成交流号21,客户号:C1171,系统号:00201807070000000042,成交号:000000000023,成交模式:78,成交方式:83,成交价格:73.82,成交数量:1,成交时间:2018-07-06 23:39:55,成交费用:12,手续费币种:,T+1标志:78,手工手续费:78,删除标志:78,委托ID:469242,成交ID:21
[23:40:03.888]4A5734262558565949105E20165556566F412C2B414A276B5C374E4A50223C25
[23:40:03.889]收到订单状态更新:订单类型49,开平标志:78,投保标志:84,委托价格:73.82,触发价格:0,订单数量:1,委托流号:656254,委托ID:469242,本地号:2018070600480470,系统号:00201807070000000042,更新人:,更新时间:,订单状态:57,成交价:73.82,成交数量:1,错误码:0,操作人号:
[23:40:03.889]3C2B3321252856514F155B50182C58546C3B575C4145541B5737414A5C524925
[23:41:01.156]发送报单请求,客户号:C1171,商品代码:CL,合约代码:1808,委托类型:49,委托模式:51,有效日期:,风险类型:0,买卖方向:83,开平标志:78,投保标志:84,委托价格:73.85,触发价格:0,委托数量:1,最小成交量:1,保留字段1:0,保留字段2:0,保留字段3:,请求ID:25,返回值:0
[23:41:01.156]3E5B4650235A2E5E49635E256D2B56546F4E2B5D4344546C5034444552544851
[23:41:01.174]收到报单应答,委托流号:656255,委托号:469243,本地号:2018070600480471,客户交易账号:,下单人:,下单时间:2018-07-06 23:40:53,委托状态:1,请求ID:25
[23:41:01.174]3F5A432455572D513F642A206A542A226F3C2F594135206C5430334053244820
[23:41:01.176]收到订单状态更新:订单类型49,开平标志:78,投保标志:84,委托价格:73.85,触发价格:0,订单数量:1,委托流号:656256,委托ID:469243,本地号:2018070600480471,系统号:00201807070000000043,更新人:,更新时间:,订单状态:51,成交价:0,成交数量:0,错误码:0,操作人号:
[23:41:01.176]435D362455282E2C38185F541B5957201A382A284241241E54344345535F4D56
[23:41:01.373]收到成交状态更新:成交流号22,客户号:C1171,系统号:00201807070000000043,成交号:000000000024,成交模式:78,成交方式:83,成交价格:73.86,成交数量:1,成交时间:2018-07-06 23:40:52,成交费用:12,手续费币种:,T+1标志:78,手工手续费:78,删除标志:78,委托ID:469243,成交ID:22
[23:41:01.373]492E3653535A582C4C632D551F5E5751164E5C5C4737261A21404E4155563C55
[23:41:01.374]收到订单状态更新:订单类型49,开平标志:78,投保标志:84,委托价格:73.85,触发价格:0,订单数量:1,委托流号:656257,委托ID:469243,本地号:2018070600480471,系统号:00201807070000000043,更新人:,更新时间:,订单状态:57,成交价:73.86,成交数量:1,错误码:0,操作人号:
[23:41:01.374]425F4323255C5F5F4D182C5A175A2B5118412B2B4D3155162737334221573B50
[02:29:40.086]发送报单请求,客户号:C1171,商品代码:CL,合约代码:1808,委托类型:49,委托模式:51,有效日期:,风险类型:0,买卖方向:66,开平标志:78,投保标志:84,委托价格:73.8,触发价格:0,委托数量:1,最小成交量:1,保留字段1:0,保留字段2:0,保留字段3:,请求ID:28,返回值:0
[02:29:40.086]3F5A345E5F2D2D594A162A501E2829271F4B2B2B42355C1D5046344424554E25
[02:29:40.107]收到报单应答,委托流号:656258,委托号:469244,本地号:2018070600480472,客户交易账号:,下单人:,下单时间:2018-07-07 02:29:31,委托状态:1,请求ID:28
[02:29:40.107]392B412456565B2B486428566A5F5F551E495B28463253185330473051504B5B
[02:29:40.124]收到订单状态更新:订单类型49,开平标志:78,投保标志:84,委托价格:73.8,触发价格:0,订单数量:1,委托流号:656259,委托ID:469244,本地号:2018070600480472,系统号:00201807070000000044,更新人:,更新时间:,订单状态:51,成交价:0,成交数量:0,错误码:0,操作人号:
[02:29:40.124]3E5D4050255C5F5849152A571E282D511D3C285A453051192544423224253C53
[02:29:42.594]发送撤单请求,订单ID:469244,请求ID:29,返回值:0
[02:29:42.594]3C58475756285D5C4A655D51175E2E26683F5E5C4644511E5C41363724573954
[02:29:42.608]收到订单状态更新:订单类型49,开平标志:78,投保标志:84,委托价格:73.8,触发价格:0,订单数量:1,委托流号:656259,委托ID:469244,本地号:2018070600480472,系统号:00201807070000000044,更新人:,更新时间:2018-07-07 02:29:34,订单状态:52,成交价:0,成交数量:0,错误码:0,操作人号:
[02:29:42.608]425D3622565E5A5B4F652C56175D5C57174E5B5C4747246B54474543565E3E5B
[02:29:42.609]收到订单状态更新:订单类型49,开平标志:78,投保标志:84,委托价格:73.8,触发价格:0,订单数量:1,委托流号:656260,委托ID:469244,本地号:2018070600480472,系统号:00201807070000000044,更新人:,更新时间:2018-07-07 02:29:34,订单状态:55,成交价:0,成交数量:0,错误码:0,操作人号:
[02:29:42.609]492E3754252C2A5D3C662D566C5B5E226F3A5A5B4632521C5C4743355C5E4C22
[02:29:42.609]发送报单请求,客户号:C1171,商品代码:CL,合约代码:1808,委托类型:49,委托模式:51,有效日期:,风险类型:0,买卖方向:66,开平标志:78,投保标志:84,委托价格:73.82,触发价格:0,委托数量:1,最小成交量:1,保留字段1:0,保留字段2:0,保留字段3:,请求ID:30,返回值:0
[02:29:42.609]422C4D24532F5F5A3B635D226D55295517485A2A4542236B5D4431325D204854
[02:29:42.637]收到报单应答,委托流号:656261,委托号:469245,本地号:2018070600480474,客户交易账号:,下单人:,下单时间:2018-07-07 02:29:34,委托状态:1,请求ID:30
[02:29:42.637]4F2C4253225B2D593B665D27685D2A501648565B314B241C5D313435535E3C25
[02:29:42.638]收到订单状态更新:订单类型49,开平标志:78,投保标志:84,委托价格:73.82,触发价格:0,订单数量:1,委托流号:656262,委托ID:469245,本地号:2018070600480474,系统号:00201807070000000045,更新人:,更新时间:,订单状态:51,成交价:0,成交数量:0,错误码:0,操作人号:
[02:29:42.638]3B58435E222F2D5E4A622F256C595F521B4E565C4C3524682245444023544F20
[02:29:42.827]收到成交状态更新:成交流号23,客户号:C1171,系统号:00201807070000000045,成交号:000000000025,成交模式:78,成交方式:83,成交价格:73.82,成交数量:1,成交时间:2018-07-07 02:29:33,成交费用:12,手续费币种:,T+1标志:78,手工手续费:78,删除标志:78,委托ID:469245,成交ID:23
[02:29:42.827]4F5B4C50575A2A2D4D625E27192C5A21184F5A5F4C43206D54423441235F3E51
[02:29:42.828]收到订单状态更新:订单类型49,开平标志:78,投保标志:84,委托价格:73.82,触发价格:0,订单数量:1,委托流号:656263,委托ID:469245,本地号:2018070600480474,系统号:00201807070000000045,更新人:,更新时间:,订单状态:57,成交价:73.82,成交数量:1,错误码:0,操作人号:
[02:29:42.828]4C573050522C2B2E38145E5216285D261838595A364B231D224A354126574D56
[02:34:22.151]发送报单请求,客户号:C1171,商品代码:CL,合约代码:1808,委托类型:49,委托模式:51,有效日期:,风险类型:0,买卖方向:83,开平标志:78,投保标志:84,委托价格:73.85,触发价格:0,委托数量:1,最小成交量:1,保留字段1:0,保留字段2:0,保留字段3:,请求ID:31,返回值:0
[02:34:22.151]425D4525552A2C293F61285A185B58571C4D2D574C31551825314F4626204826
[02:34:22.164]收到报单应答,委托流号:656264,委托号:469246,本地号:2018070600480475,客户交易账号:,下单人:,下单时间:2018-07-07 02:34:13,委托状态:1,请求ID:31
[02:34:22.164]4D5B30565558295F4E1358516F5D5A206C412C5B4540526B2236474A21523B20
[02:34:22.166]收到订单状态更新:订单类型49,开平标志:78,投保标志:84,委托价格:73.85,触发价格:0,订单数量:1,委托流号:656265,委托ID:469246,本地号:2018070600480475,系统号:00201807070000000046,更新人:,更新时间:,订单状态:51,成交价:0,成交数量:0,错误码:0,操作人号:
[02:34:22.166]4F2A40545E5B585B436356276A5B2D276B41585C3335246A2643414555244854
[02:34:25.143]收到成交状态更新:成交流号24,客户号:C1171,系统号:00201807070000000046,成交号:000000000026,成交模式:78,成交方式:83,成交价格:73.86,成交数量:1,成交时间:2018-07-07 02:34:15,成交费用:12,手续费币种:,T+1标志:78,手工手续费:78,删除标志:78,委托ID:469246,成交ID:24
[02:34:25.143]3F2E42255F2C5C2C4A635D566B5F5B541A382B593332561E504A444127554855
[02:34:25.338]收到订单状态更新:订单类型49,开平标志:78,投保标志:84,委托价格:73.85,触发价格:0,订单数量:1,委托流号:656266,委托ID:469246,本地号:2018070600480475,系统号:00201807070000000046,更新人:,更新时间:,订单状态:57,成交价:73.86,成交数量:1,错误码:0,操作人号:
[02:34:25.338]4C5C4D50572B5D5E4A192F571C5A2A5768405D5630455C6B2245423150534F50
